#
# A fatal error has been detected by the Java Runtime Environment:
#
#  EXCEPTION_ACCESS_VIOLATION (0xc0000005) at pc=0x00007ff83bc8d869, pid=12264, tid=6076
#
# JRE version: Java(TM) SE Runtime Environment (15.0.2+7) (build 15.0.2+7-27)
# Java VM: Java HotSpot(TM) 64-Bit Server VM (15.0.2+7-27, mixed mode, sharing, tiered, compressed oops, g1 gc, windows-amd64)
# Problematic frame:
# V  [jvm.dll+0x33d869]
#
# No core dump will be written. Minidumps are not enabled by default on client versions of Windows
#
# If you would like to submit a bug report, please visit:
#   https://bugreport.java.com/bugreport/crash.jsp
#

---------------  S U M M A R Y ------------

Command Line: --add-opens=java.base/java.util=ALL-UNNAMED --add-opens=java.base/java.lang=ALL-UNNAMED --add-opens=java.base/java.lang.invoke=ALL-UNNAMED --add-opens=java.prefs/java.util.prefs=ALL-UNNAMED -Xmx2048m -Dfile.encoding=UTF-8 -Duser.country=IN -Duser.language=en -Duser.variant org.gradle.launcher.daemon.bootstrap.GradleDaemon 6.7.1

Host: Intel(R) Core(TM) i3-6006U CPU @ 2.00GHz, 4 cores, 11G,  Windows 10 , 64 bit Build 19041 (10.0.19041.1023)
Time: Tue Jul 27 17:51:00 2021 India Standard Time elapsed time: 14.902318 seconds (0d 0h 0m 14s)

---------------  T H R E A D  ---------------

Current thread (0x000001cf72420560):  JavaThread "Stdin handler" [_thread_in_vm, id=6076, stack(0x000000c9bf800000,0x000000c9bf900000)]

Stack: [0x000000c9bf800000,0x000000c9bf900000],  sp=0x000000c9bf8fe120,  free space=1016k
Native frames: (J=compiled Java code, j=interpreted, Vv=VM code, C=native code)
V  [jvm.dll+0x33d869]
V  [jvm.dll+0x33ec72]
V  [jvm.dll+0x522af8]
V  [jvm.dll+0x520a3e]
V  [jvm.dll+0x522460]
V  [jvm.dll+0x34d540]
V  [jvm.dll+0x34cb7f]
C  0x000001cf59c3d2d8

Java frames: (J=compiled Java code, j=interpreted, Vv=VM code)
j  java.io.PipedOutputStream.close()V+11 java.base@15.0.2
j  org.gradle.launcher.daemon.server.exec.ForwardClientInput$1.onEndOfInput()V+14
j  org.gradle.launcher.daemon.server.DefaultDaemonConnection$StdinQueue.doHandleCommand(Lorg/gradle/launcher/daemon/server/api/StdinHandler;Lorg/gradle/launcher/daemon/protocol/InputMessage;)Z+8
j  org.gradle.launcher.daemon.server.DefaultDaemonConnection$StdinQueue.doHandleCommand(Ljava/lang/Object;Lorg/gradle/launcher/daemon/protocol/Message;)Z+9
j  org.gradle.launcher.daemon.server.DefaultDaemonConnection$CommandQueue$1.run()V+132
j  org.gradle.internal.concurrent.ExecutorPolicy$CatchAndRecordFailures.onExecute(Ljava/lang/Runnable;)V+1
j  org.gradle.internal.concurrent.ManagedExecutorImpl$1.run()V+25
j  java.util.concurrent.ThreadPoolExecutor.runWorker(Ljava/util/concurrent/ThreadPoolExecutor$Worker;)V+92 java.base@15.0.2
j  java.util.concurrent.ThreadPoolExecutor$Worker.run()V+5 java.base@15.0.2
j  org.gradle.internal.concurrent.ThreadFactoryImpl$ManagedThreadRunnable.run()V+7
j  java.lang.Thread.run()V+11 java.base@15.0.2
v  ~StubRoutines::call_stub

siginfo: EXCEPTION_ACCESS_VIOLATION (0xc0000005), reading address 0x000001d1373486c0


Register to memory mapping:

RIP=0x00007ff83bc8d869 jvm.dll
RAX=0x00000000389bfe6f is an unknown value
RBX=0x000001cf72549340 points into unknown readable memory: 0x000001cf7137fce0 | e0 fc 37 71 cf 01 00 00
RCX=0x000001cf72549340 points into unknown readable memory: 0x000001cf7137fce0 | e0 fc 37 71 cf 01 00 00
RDX=0x00000000389bfe6f is an unknown value
RSP=0x000000c9bf8fe120 is pointing into the stack for thread: 0x000001cf72420560
RBP=0x000001cf72549340 points into unknown readable memory: 0x000001cf7137fce0 | e0 fc 37 71 cf 01 00 00
RSI=0x0 is NULL
RDI=0x0000000000000001 is an unknown value
R8 =0x000000007137fcdf is an unknown value
R9 =0x0000000000000001 is an unknown value
R10=0x000001cf714577b0 points into unknown readable memory: 0x6572000c1302ffff | ff ff 02 13 0c 00 72 65
R11=0x0 is NULL
R12=0x0 is NULL
R13=0x0000000800c86508 is a pointer to class: 
java.io.PipedInputStream {0x0000000800c86510}
R14=0x000001cf714577b0 points into unknown readable memory: 0x6572000c1302ffff | ff ff 02 13 0c 00 72 65
R15=0x0000000800405c28 is pointing into metadata


Registers:
RAX=0x00000000389bfe6f, RBX=0x000001cf72549340, RCX=0x000001cf72549340, RDX=0x00000000389bfe6f
RSP=0x000000c9bf8fe120, RBP=0x000001cf72549340, RSI=0x0000000000000000, RDI=0x0000000000000001
R8 =0x000000007137fcdf, R9 =0x0000000000000001, R10=0x000001cf714577b0, R11=0x0000000000000000
R12=0x0000000000000000, R13=0x0000000800c86508, R14=0x000001cf714577b0, R15=0x0000000800405c28
RIP=0x00007ff83bc8d869, EFLAGS=0x0000000000010207

Top of Stack: (sp=0x000000c9bf8fe120)
0x000000c9bf8fe120:   0000000000000000 00007ff83bc8ec72
0x000000c9bf8fe130:   000001cf701b6cb8 0000000000000000
0x000000c9bf8fe140:   00000000801c27a8 000001cf701b3b68
0x000000c9bf8fe150:   000001cf714577b0 0000000800c86508
0x000000c9bf8fe160:   0000000800405c28 00007ff83be72af8
0x000000c9bf8fe170:   0000000000000000 000000c9bf8fe270
0x000000c9bf8fe180:   000001cf72420560 000000c9bf8fe470
0x000000c9bf8fe190:   0000000800000000 0000000800405c28
0x000000c9bf8fe1a0:   0000000000000000 000000c9bf8fe4d0
0x000000c9bf8fe1b0:   000001cf72420560 000000c9bf8fe2d0
0x000000c9bf8fe1c0:   0000000000000000 00007ff83be72dab
0x000000c9bf8fe1d0:   0000000000000000 000000c9bf8fe200
0x000000c9bf8fe1e0:   00007ff83c1c0868 000001cf72420560
0x000000c9bf8fe1f0:   000001cf72420560 000000c9bf8fe1f8
0x000000c9bf8fe200:   000001cf70548938 000001cf72420560
0x000000c9bf8fe210:   000001cf72249ef0 0000000000000000 

Instructions: (pc=0x00007ff83bc8d869)
0x00007ff83bc8d769:   b0 00 00 00 8b b4 24 a0 00 00 00 44 8b bc 24 a8
0x00007ff83bc8d779:   00 00 00 48 8b fd 48 8b ad 78 01 00 00 41 ff c4
0x00007ff83bc8d789:   bb 00 02 00 00 48 85 ed 0f 85 4a fe ff ff 4c 8b
0x00007ff83bc8d799:   ac 24 b8 00 00 00 48 8b 5c 24 30 48 83 3d 04 64
0x00007ff83bc8d7a9:   74 00 00 4c 8b 74 24 60 4c 8b 64 24 70 48 8b ac
0x00007ff83bc8d7b9:   24 80 00 00 00 74 11 45 8b c7 48 8d 0d c6 77 55
0x00007ff83bc8d7c9:   00 8b d6 e8 5f 6d ff ff 48 83 3b 00 4c 8b 7c 24
0x00007ff83bc8d7d9:   58 48 8b 74 24 78 74 15 48 8b 54 24 38 49 8b cd
0x00007ff83bc8d7e9:   e8 12 b1 d5 ff 48 8b cb e8 7a b0 d5 ff 48 8b 44
0x00007ff83bc8d7f9:   24 40 49 89 5d 10 48 8b 9c 24 88 00 00 00 49 89
0x00007ff83bc8d809:   45 18 48 8b 44 24 48 49 89 45 20 4c 8b 6c 24 68
0x00007ff83bc8d819:   48 81 c4 90 00 00 00 5f c3 cc cc cc cc cc cc cc
0x00007ff83bc8d829:   cc cc cc cc cc cc cc 40 53 80 3d c7 62 74 00 00
0x00007ff83bc8d839:   4c 8b d2 48 8b d9 74 06 5b e9 69 d3 ff ff 44 8b
0x00007ff83bc8d849:   01 45 33 db 41 83 e8 01 78 5a 0f 1f 40 00 66 0f
0x00007ff83bc8d859:   1f 84 00 00 00 00 00 43 8d 14 18 d1 fa 48 63 c2
0x00007ff83bc8d869:   48 8b 4c c3 08 48 8b 41 08 0f b7 48 2a 48 8b 40
0x00007ff83bc8d879:   08 4c 8b 4c c8 48 4d 3b ca 73 07 b8 ff ff ff ff
0x00007ff83bc8d889:   eb 0a 33 c0 4d 3b ca 0f 95 c0 74 1f 85 c0 8d 4a
0x00007ff83bc8d899:   ff 44 0f 49 c1 8d 4a 01 41 0f 49 cb 44 8b d9 41
0x00007ff83bc8d8a9:   3b c8 7e b3 b8 ff ff ff ff 5b c3 8b c2 5b c3 cc
0x00007ff83bc8d8b9:   cc cc cc cc cc cc cc 4c 8b dc 53 57 48 81 ec e8
0x00007ff83bc8d8c9:   00 00 00 48 8b 05 45 25 6f 00 48 33 c4 48 89 84
0x00007ff83bc8d8d9:   24 d0 00 00 00 49 89 73 20 33 ff 4d 89 73 e8 48
0x00007ff83bc8d8e9:   8b f2 4c 8b f1 48 85 c9 75 04 8b df eb 5e 48 89
0x00007ff83bc8d8f9:   ac 24 10 01 00 00 48 8b aa 98 02 00 00 48 8b 5d
0x00007ff83bc8d909:   18 48 83 fb f7 76 18 4c 8d 05 e9 97 50 00 ba 08
0x00007ff83bc8d919:   00 00 00 48 8b cd e8 6c b0 d5 ff 48 8b 5d 18 48
0x00007ff83bc8d929:   8d 43 08 48 3b 45 20 76 14 45 33 c0 48 8b cd 41
0x00007ff83bc8d939:   8d 50 08 e8 9f ac d5 ff 48 8b d8 eb 04 48 89 45
0x00007ff83bc8d949:   18 48 8b ac 24 10 01 00 00 4c 89 33 48 8b 0d b4
0x00007ff83bc8d959:   7d 78 00 48 8d 44 24 58 48 89 84 24 a8 00 00 00 


Stack slot to memory mapping:
stack at sp + 0 slots: 0x0 is NULL
stack at sp + 1 slots: 0x00007ff83bc8ec72 jvm.dll
stack at sp + 2 slots: 0x000001cf701b6cb8 is pointing into metadata
stack at sp + 3 slots: 0x0 is NULL
stack at sp + 4 slots: 0x00000000801c27a8 is an oop: java.lang.Class 
{0x00000000801c27a8} - klass: 'java/lang/Class'
stack at sp + 5 slots: {method} {0x000001cf701b3b70} 'dispatch' '(Lorg/gradle/internal/dispatch/MethodInvocation;Lorg/gradle/internal/dispatch/Dispatch;)V' in 'org/gradle/internal/event/AbstractBroadcastDispatch'
stack at sp + 6 slots: 0x000001cf714577b0 points into unknown readable memory: 0x6572000c1302ffff | ff ff 02 13 0c 00 72 65
stack at sp + 7 slots: 0x0000000800c86508 is a pointer to class: 
java.io.PipedInputStream {0x0000000800c86510}


---------------  P R O C E S S  ---------------

Threads class SMR info:
_java_thread_list=0x000001cf7241f8b0, length=22, elements={
0x000001cf519df510, 0x000001cf6fcf9db0, 0x000001cf6fcfcca0, 0x000001cf6fd10a40,
0x000001cf6fd13310, 0x000001cf6fd14ce0, 0x000001cf6fd159d0, 0x000001cf6fd198d0,
0x000001cf6fd232f0, 0x000001cf7074a8c0, 0x000001cf7074ba10, 0x000001cf71ed7740,
0x000001cf7262b730, 0x000001cf719b1200, 0x000001cf713f0f20, 0x000001cf70b3f610,
0x000001cf71177460, 0x000001cf72628db0, 0x000001cf72420090, 0x000001cf72420560,
0x000001cf7224bb30, 0x000001cf70f2ff10
}

Java Threads: ( => current thread )
  0x000001cf519df510 JavaThread "main" [_thread_blocked, id=1532, stack(0x000000c9bd900000,0x000000c9bda00000)]
  0x000001cf6fcf9db0 JavaThread "Reference Handler" daemon [_thread_blocked, id=10152, stack(0x000000c9be000000,0x000000c9be100000)]
  0x000001cf6fcfcca0 JavaThread "Finalizer" daemon [_thread_blocked, id=2468, stack(0x000000c9be100000,0x000000c9be200000)]
  0x000001cf6fd10a40 JavaThread "Signal Dispatcher" daemon [_thread_blocked, id=2552, stack(0x000000c9be200000,0x000000c9be300000)]
  0x000001cf6fd13310 JavaThread "Attach Listener" daemon [_thread_blocked, id=2828, stack(0x000000c9be300000,0x000000c9be400000)]
  0x000001cf6fd14ce0 JavaThread "Service Thread" daemon [_thread_blocked, id=3956, stack(0x000000c9be400000,0x000000c9be500000)]
  0x000001cf6fd159d0 JavaThread "C2 CompilerThread0" daemon [_thread_blocked, id=4488, stack(0x000000c9be500000,0x000000c9be600000)]
  0x000001cf6fd198d0 JavaThread "C1 CompilerThread0" daemon [_thread_blocked, id=5244, stack(0x000000c9be600000,0x000000c9be700000)]
  0x000001cf6fd232f0 JavaThread "Sweeper thread" daemon [_thread_blocked, id=7368, stack(0x000000c9be700000,0x000000c9be800000)]
  0x000001cf7074a8c0 JavaThread "Common-Cleaner" daemon [_thread_blocked, id=6820, stack(0x000000c9be800000,0x000000c9be900000)]
  0x000001cf7074ba10 JavaThread "Notification Thread" daemon [_thread_blocked, id=5764, stack(0x000000c9be900000,0x000000c9bea00000)]
  0x000001cf71ed7740 JavaThread "Daemon health stats" [_thread_blocked, id=11768, stack(0x000000c9bef00000,0x000000c9bf000000)]
  0x000001cf7262b730 JavaThread "Incoming local TCP Connector on port 60123" [_thread_in_native, id=7452, stack(0x000000c9bf100000,0x000000c9bf200000)]
  0x000001cf719b1200 JavaThread "Daemon periodic checks" [_thread_blocked, id=12260, stack(0x000000c9bf200000,0x000000c9bf300000)]
  0x000001cf713f0f20 JavaThread "Daemon" [_thread_blocked, id=11432, stack(0x000000c9bf300000,0x000000c9bf400000)]
  0x000001cf70b3f610 JavaThread "Handler for socket connection from /127.0.0.1:60123 to /127.0.0.1:60124" [_thread_in_native, id=5656, stack(0x000000c9bf400000,0x000000c9bf500000)]
  0x000001cf71177460 JavaThread "Cancel handler" [_thread_blocked, id=12204, stack(0x000000c9bf500000,0x000000c9bf600000)]
  0x000001cf72628db0 JavaThread "Daemon worker" [_thread_blocked, id=9784, stack(0x000000c9bf600000,0x000000c9bf700000)]
  0x000001cf72420090 JavaThread "Asynchronous log dispatcher for DefaultDaemonConnection: socket connection from /127.0.0.1:60123 to /127.0.0.1:60124" [_thread_blocked, id=7664, stack(0x000000c9bf700000,0x000000c9bf800000)]
=>0x000001cf72420560 JavaThread "Stdin handler" [_thread_in_vm, id=6076, stack(0x000000c9bf800000,0x000000c9bf900000)]
  0x000001cf7224bb30 JavaThread "Thread-8" [_thread_blocked, id=2824, stack(0x000000c9bf900000,0x000000c9bfa00000)]
  0x000001cf70f2ff10 JavaThread "C2 CompilerThread1" daemon [_thread_blocked, id=2804, stack(0x000000c9bfa00000,0x000000c9bfb00000)]

Other Threads:
  0x000001cf6fcf35f0 VMThread "VM Thread" [stack: 0x000000c9bdf00000,0x000000c9be000000] [id=2268] _threads_hazard_ptr=0x000001cf7241f8b0
  0x000001cf70783a70 WatcherThread [stack: 0x000000c9bea00000,0x000000c9beb00000] [id=11392]
  0x000001cf51a1e960 GCTaskThread "GC Thread#0" [stack: 0x000000c9bda00000,0x000000c9bdb00000] [id=11536]
  0x000001cf70aa09e0 GCTaskThread "GC Thread#1" [stack: 0x000000c9beb00000,0x000000c9bec00000] [id=12076]
  0x000001cf70aa1370 GCTaskThread "GC Thread#2" [stack: 0x000000c9bec00000,0x000000c9bed00000] [id=5460]
  0x000001cf70aa0d10 GCTaskThread "GC Thread#3" [stack: 0x000000c9bed00000,0x000000c9bee00000] [id=11524]
  0x000001cf51a30b50 ConcurrentGCThread "G1 Main Marker" [stack: 0x000000c9bdb00000,0x000000c9bdc00000] [id=9648]
  0x000001cf51a34cc0 ConcurrentGCThread "G1 Conc#0" [stack: 0x000000c9bdc00000,0x000000c9bdd00000] [id=6152]
  0x000001cf51ab72d0 ConcurrentGCThread "G1 Refine#0" [stack: 0x000000c9bdd00000,0x000000c9bde00000] [id=7796]
  0x000001cf51ab7b20 ConcurrentGCThread "G1 Young RemSet Sampling" [stack: 0x000000c9bde00000,0x000000c9bdf00000] [id=11388]

Threads with active compile tasks:

VM state: synchronizing (normal execution)

VM Mutex/Monitor currently owned by a thread:  ([mutex/lock_event])
[0x000001cf519da920] Threads_lock - owner thread: 0x000001cf6fcf35f0

Heap address: 0x0000000080000000, size: 2048 MB, Compressed Oops mode: 32-bit
CDS archive(s) mapped at: [0x0000000800000000-0x0000000800b50000-0x0000000800b50000), size 11862016, SharedBaseAddress: 0x0000000800000000, ArchiveRelocationMode: 0.
Compressed class space mapped at: 0x0000000800b50000-0x0000000840b50000, size: 1073741824
Narrow klass base: 0x0000000800000000, Narrow klass shift: 3, Narrow klass range: 0x100000000

GC Precious Log:
 CPUs: 4 total, 4 available
 Memory: 12179M
 Large Page Support: Disabled
 NUMA Support: Disabled
 Compressed Oops: Enabled (32-bit)
 Heap Region Size: 1M
 Heap Min Capacity: 8M
 Heap Initial Capacity: 192M
 Heap Max Capacity: 2G
 Pre-touch: Disabled
 Parallel Workers: 4
 Concurrent Workers: 1
 Concurrent Refinement Workers: 4
 Periodic GC: Disabled

Heap:
 garbage-first heap   total 196608K, used 40367K [0x0000000080000000, 0x0000000100000000)
  region size 1024K, 32 young (32768K), 3 survivors (3072K)
 Metaspace       used 9987K, capacity 10235K, committed 10496K, reserved 1058816K
  class space    used 1358K, capacity 1428K, committed 1536K, reserved 1048576K

Heap Regions: E=young(eden), S=young(survivor), O=old, HS=humongous(starts), HC=humongous(continues), CS=collection set, F=free, OA=open archive, CA=closed archive, TAMS=top-at-mark-start (previous, next)
|   0|0x0000000080000000, 0x0000000080100000, 0x0000000080100000|100%| O|  |TAMS 0x0000000080000000, 0x0000000080000000| Untracked 
|   1|0x0000000080100000, 0x0000000080200000, 0x0000000080200000|100%| O|  |TAMS 0x0000000080100000, 0x0000000080100000| Untracked 
|   2|0x0000000080200000, 0x000000008026bc00, 0x0000000080300000| 42%| O|  |TAMS 0x0000000080200000, 0x0000000080200000| Untracked 
|   3|0x0000000080300000, 0x0000000080400000, 0x0000000080400000|100%|HS|  |TAMS 0x0000000080300000, 0x0000000080300000| Complete 
|   4|0x0000000080400000, 0x0000000080500000, 0x0000000080500000|100%|HC|  |TAMS 0x0000000080400000, 0x0000000080400000| Complete 
|   5|0x0000000080500000, 0x0000000080600000, 0x0000000080600000|100%|HC|  |TAMS 0x0000000080500000, 0x0000000080500000| Complete 
|   6|0x0000000080600000, 0x0000000080700000, 0x0000000080700000|100%| O|  |TAMS 0x0000000080600000, 0x0000000080600000| Untracked 
|   7|0x0000000080700000, 0x0000000080800000, 0x0000000080800000|100%| O|  |TAMS 0x0000000080700000, 0x0000000080700000| Untracked 
|   8|0x0000000080800000, 0x0000000080900000, 0x0000000080900000|100%| O|  |TAMS 0x0000000080800000, 0x0000000080800000| Untracked 
|   9|0x0000000080900000, 0x0000000080900000, 0x0000000080a00000|  0%| F|  |TAMS 0x0000000080900000, 0x0000000080900000| Untracked 
|  10|0x0000000080a00000, 0x0000000080a00000, 0x0000000080b00000|  0%| F|  |TAMS 0x0000000080a00000, 0x0000000080a00000| Untracked 
|  11|0x0000000080b00000, 0x0000000080b00000, 0x0000000080c00000|  0%| F|  |TAMS 0x0000000080b00000, 0x0000000080b00000| Untracked 
|  12|0x0000000080c00000, 0x0000000080c00000, 0x0000000080d00000|  0%| F|  |TAMS 0x0000000080c00000, 0x0000000080c00000| Untracked 
|  13|0x0000000080d00000, 0x0000000080d00000, 0x0000000080e00000|  0%| F|  |TAMS 0x0000000080d00000, 0x0000000080d00000| Untracked 
|  14|0x0000000080e00000, 0x0000000080e00000, 0x0000000080f00000|  0%| F|  |TAMS 0x0000000080e00000, 0x0000000080e00000| Untracked 
|  15|0x0000000080f00000, 0x0000000080f00000, 0x0000000081000000|  0%| F|  |TAMS 0x0000000080f00000, 0x0000000080f00000| Untracked 
|  16|0x0000000081000000, 0x0000000081000000, 0x0000000081100000|  0%| F|  |TAMS 0x0000000081000000, 0x0000000081000000| Untracked 
|  17|0x0000000081100000, 0x0000000081100000, 0x0000000081200000|  0%| F|  |TAMS 0x0000000081100000, 0x0000000081100000| Untracked 
|  18|0x0000000081200000, 0x0000000081200000, 0x0000000081300000|  0%| F|  |TAMS 0x0000000081200000, 0x0000000081200000| Untracked 
|  19|0x0000000081300000, 0x0000000081300000, 0x0000000081400000|  0%| F|  |TAMS 0x0000000081300000, 0x0000000081300000| Untracked 
|  20|0x0000000081400000, 0x0000000081400000, 0x0000000081500000|  0%| F|  |TAMS 0x0000000081400000, 0x0000000081400000| Untracked 
|  21|0x0000000081500000, 0x0000000081500000, 0x0000000081600000|  0%| F|  |TAMS 0x0000000081500000, 0x0000000081500000| Untracked 
|  22|0x0000000081600000, 0x0000000081600000, 0x0000000081700000|  0%| F|  |TAMS 0x0000000081600000, 0x0000000081600000| Untracked 
|  23|0x0000000081700000, 0x0000000081700000, 0x0000000081800000|  0%| F|  |TAMS 0x0000000081700000, 0x0000000081700000| Untracked 
|  24|0x0000000081800000, 0x0000000081800000, 0x0000000081900000|  0%| F|  |TAMS 0x0000000081800000, 0x0000000081800000| Untracked 
|  25|0x0000000081900000, 0x0000000081900000, 0x0000000081a00000|  0%| F|  |TAMS 0x0000000081900000, 0x0000000081900000| Untracked 
|  26|0x0000000081a00000, 0x0000000081a00000, 0x0000000081b00000|  0%| F|  |TAMS 0x0000000081a00000, 0x0000000081a00000| Untracked 
|  27|0x0000000081b00000, 0x0000000081b00000, 0x0000000081c00000|  0%| F|  |TAMS 0x0000000081b00000, 0x0000000081b00000| Untracked 
|  28|0x0000000081c00000, 0x0000000081c00000, 0x0000000081d00000|  0%| F|  |TAMS 0x0000000081c00000, 0x0000000081c00000| Untracked 
|  29|0x0000000081d00000, 0x0000000081d00000, 0x0000000081e00000|  0%| F|  |TAMS 0x0000000081d00000, 0x0000000081d00000| Untracked 
|  30|0x0000000081e00000, 0x0000000081e00000, 0x0000000081f00000|  0%| F|  |TAMS 0x0000000081e00000, 0x0000000081e00000| Untracked 
|  31|0x0000000081f00000, 0x0000000081f00000, 0x0000000082000000|  0%| F|  |TAMS 0x0000000081f00000, 0x0000000081f00000| Untracked 
|  32|0x0000000082000000, 0x0000000082000000, 0x0000000082100000|  0%| F|  |TAMS 0x0000000082000000, 0x0000000082000000| Untracked 
|  33|0x0000000082100000, 0x0000000082100000, 0x0000000082200000|  0%| F|  |TAMS 0x0000000082100000, 0x0000000082100000| Untracked 
|  34|0x0000000082200000, 0x0000000082200000, 0x0000000082300000|  0%| F|  |TAMS 0x0000000082200000, 0x0000000082200000| Untracked 
|  35|0x0000000082300000, 0x0000000082300000, 0x0000000082400000|  0%| F|  |TAMS 0x0000000082300000, 0x0000000082300000| Untracked 
|  36|0x0000000082400000, 0x0000000082400000, 0x0000000082500000|  0%| F|  |TAMS 0x0000000082400000, 0x0000000082400000| Untracked 
|  37|0x0000000082500000, 0x0000000082500000, 0x0000000082600000|  0%| F|  |TAMS 0x0000000082500000, 0x0000000082500000| Untracked 
|  38|0x0000000082600000, 0x0000000082600000, 0x0000000082700000|  0%| F|  |TAMS 0x0000000082600000, 0x0000000082600000| Untracked 
|  39|0x0000000082700000, 0x0000000082700000, 0x0000000082800000|  0%| F|  |TAMS 0x0000000082700000, 0x0000000082700000| Untracked 
|  40|0x0000000082800000, 0x0000000082800000, 0x0000000082900000|  0%| F|  |TAMS 0x0000000082800000, 0x0000000082800000| Untracked 
|  41|0x0000000082900000, 0x0000000082900000, 0x0000000082a00000|  0%| F|  |TAMS 0x0000000082900000, 0x0000000082900000| Untracked 
|  42|0x0000000082a00000, 0x0000000082a00000, 0x0000000082b00000|  0%| F|  |TAMS 0x0000000082a00000, 0x0000000082a00000| Untracked 
|  43|0x0000000082b00000, 0x0000000082b00000, 0x0000000082c00000|  0%| F|  |TAMS 0x0000000082b00000, 0x0000000082b00000| Untracked 
|  44|0x0000000082c00000, 0x0000000082c00000, 0x0000000082d00000|  0%| F|  |TAMS 0x0000000082c00000, 0x0000000082c00000| Untracked 
|  45|0x0000000082d00000, 0x0000000082d00000, 0x0000000082e00000|  0%| F|  |TAMS 0x0000000082d00000, 0x0000000082d00000| Untracked 
|  46|0x0000000082e00000, 0x0000000082e00000, 0x0000000082f00000|  0%| F|  |TAMS 0x0000000082e00000, 0x0000000082e00000| Untracked 
|  47|0x0000000082f00000, 0x0000000082f00000, 0x0000000083000000|  0%| F|  |TAMS 0x0000000082f00000, 0x0000000082f00000| Untracked 
|  48|0x0000000083000000, 0x0000000083000000, 0x0000000083100000|  0%| F|  |TAMS 0x0000000083000000, 0x0000000083000000| Untracked 
|  49|0x0000000083100000, 0x0000000083100000, 0x0000000083200000|  0%| F|  |TAMS 0x0000000083100000, 0x0000000083100000| Untracked 
|  50|0x0000000083200000, 0x0000000083200000, 0x0000000083300000|  0%| F|  |TAMS 0x0000000083200000, 0x0000000083200000| Untracked 
|  51|0x0000000083300000, 0x0000000083300000, 0x0000000083400000|  0%| F|  |TAMS 0x0000000083300000, 0x0000000083300000| Untracked 
|  52|0x0000000083400000, 0x0000000083400000, 0x0000000083500000|  0%| F|  |TAMS 0x0000000083400000, 0x0000000083400000| Untracked 
|  53|0x0000000083500000, 0x0000000083500000, 0x0000000083600000|  0%| F|  |TAMS 0x0000000083500000, 0x0000000083500000| Untracked 
|  54|0x0000000083600000, 0x0000000083600000, 0x0000000083700000|  0%| F|  |TAMS 0x0000000083600000, 0x0000000083600000| Untracked 
|  55|0x0000000083700000, 0x0000000083700000, 0x0000000083800000|  0%| F|  |TAMS 0x0000000083700000, 0x0000000083700000| Untracked 
|  56|0x0000000083800000, 0x0000000083800000, 0x0000000083900000|  0%| F|  |TAMS 0x0000000083800000, 0x0000000083800000| Untracked 
|  57|0x0000000083900000, 0x0000000083900000, 0x0000000083a00000|  0%| F|  |TAMS 0x0000000083900000, 0x0000000083900000| Untracked 
|  58|0x0000000083a00000, 0x0000000083a00000, 0x0000000083b00000|  0%| F|  |TAMS 0x0000000083a00000, 0x0000000083a00000| Untracked 
|  59|0x0000000083b00000, 0x0000000083b00000, 0x0000000083c00000|  0%| F|  |TAMS 0x0000000083b00000, 0x0000000083b00000| Untracked 
|  60|0x0000000083c00000, 0x0000000083c00000, 0x0000000083d00000|  0%| F|  |TAMS 0x0000000083c00000, 0x0000000083c00000| Untracked 
|  61|0x0000000083d00000, 0x0000000083d00000, 0x0000000083e00000|  0%| F|  |TAMS 0x0000000083d00000, 0x0000000083d00000| Untracked 
|  62|0x0000000083e00000, 0x0000000083e00000, 0x0000000083f00000|  0%| F|  |TAMS 0x0000000083e00000, 0x0000000083e00000| Untracked 
|  63|0x0000000083f00000, 0x0000000083f00000, 0x0000000084000000|  0%| F|  |TAMS 0x0000000083f00000, 0x0000000083f00000| Untracked 
|  64|0x0000000084000000, 0x0000000084000000, 0x0000000084100000|  0%| F|  |TAMS 0x0000000084000000, 0x0000000084000000| Untracked 
|  65|0x0000000084100000, 0x0000000084100000, 0x0000000084200000|  0%| F|  |TAMS 0x0000000084100000, 0x0000000084100000| Untracked 
|  66|0x0000000084200000, 0x0000000084200000, 0x0000000084300000|  0%| F|  |TAMS 0x0000000084200000, 0x0000000084200000| Untracked 
|  67|0x0000000084300000, 0x0000000084300000, 0x0000000084400000|  0%| F|  |TAMS 0x0000000084300000, 0x0000000084300000| Untracked 
|  68|0x0000000084400000, 0x0000000084400000, 0x0000000084500000|  0%| F|  |TAMS 0x0000000084400000, 0x0000000084400000| Untracked 
|  69|0x0000000084500000, 0x0000000084500000, 0x0000000084600000|  0%| F|  |TAMS 0x0000000084500000, 0x0000000084500000| Untracked 
|  70|0x0000000084600000, 0x0000000084600000, 0x0000000084700000|  0%| F|  |TAMS 0x0000000084600000, 0x0000000084600000| Untracked 
|  71|0x0000000084700000, 0x0000000084700000, 0x0000000084800000|  0%| F|  |TAMS 0x0000000084700000, 0x0000000084700000| Untracked 
|  72|0x0000000084800000, 0x0000000084800000, 0x0000000084900000|  0%| F|  |TAMS 0x0000000084800000, 0x0000000084800000| Untracked 
|  73|0x0000000084900000, 0x0000000084900000, 0x0000000084a00000|  0%| F|  |TAMS 0x0000000084900000, 0x0000000084900000| Untracked 
|  74|0x0000000084a00000, 0x0000000084a00000, 0x0000000084b00000|  0%| F|  |TAMS 0x0000000084a00000, 0x0000000084a00000| Untracked 
|  75|0x0000000084b00000, 0x0000000084b00000, 0x0000000084c00000|  0%| F|  |TAMS 0x0000000084b00000, 0x0000000084b00000| Untracked 
|  76|0x0000000084c00000, 0x0000000084c00000, 0x0000000084d00000|  0%| F|  |TAMS 0x0000000084c00000, 0x0000000084c00000| Untracked 
|  77|0x0000000084d00000, 0x0000000084d00000, 0x0000000084e00000|  0%| F|  |TAMS 0x0000000084d00000, 0x0000000084d00000| Untracked 
|  78|0x0000000084e00000, 0x0000000084e00000, 0x0000000084f00000|  0%| F|  |TAMS 0x0000000084e00000, 0x0000000084e00000| Untracked 
|  79|0x0000000084f00000, 0x0000000084f00000, 0x0000000085000000|  0%| F|  |TAMS 0x0000000084f00000, 0x0000000084f00000| Untracked 
|  80|0x0000000085000000, 0x0000000085000000, 0x0000000085100000|  0%| F|  |TAMS 0x0000000085000000, 0x0000000085000000| Untracked 
|  81|0x0000000085100000, 0x0000000085100000, 0x0000000085200000|  0%| F|  |TAMS 0x0000000085100000, 0x0000000085100000| Untracked 
|  82|0x0000000085200000, 0x0000000085200000, 0x0000000085300000|  0%| F|  |TAMS 0x0000000085200000, 0x0000000085200000| Untracked 
|  83|0x0000000085300000, 0x0000000085300000, 0x0000000085400000|  0%| F|  |TAMS 0x0000000085300000, 0x0000000085300000| Untracked 
|  84|0x0000000085400000, 0x0000000085400000, 0x0000000085500000|  0%| F|  |TAMS 0x0000000085400000, 0x0000000085400000| Untracked 
|  85|0x0000000085500000, 0x0000000085500000, 0x0000000085600000|  0%| F|  |TAMS 0x0000000085500000, 0x0000000085500000| Untracked 
|  86|0x0000000085600000, 0x0000000085600000, 0x0000000085700000|  0%| F|  |TAMS 0x0000000085600000, 0x0000000085600000| Untracked 
|  87|0x0000000085700000, 0x0000000085700000, 0x0000000085800000|  0%| F|  |TAMS 0x0000000085700000, 0x0000000085700000| Untracked 
|  88|0x0000000085800000, 0x0000000085800000, 0x0000000085900000|  0%| F|  |TAMS 0x0000000085800000, 0x0000000085800000| Untracked 
|  89|0x0000000085900000, 0x0000000085900000, 0x0000000085a00000|  0%| F|  |TAMS 0x0000000085900000, 0x0000000085900000| Untracked 
|  90|0x0000000085a00000, 0x0000000085a00000, 0x0000000085b00000|  0%| F|  |TAMS 0x0000000085a00000, 0x0000000085a00000| Untracked 
|  91|0x0000000085b00000, 0x0000000085b00000, 0x0000000085c00000|  0%| F|  |TAMS 0x0000000085b00000, 0x0000000085b00000| Untracked 
|  92|0x0000000085c00000, 0x0000000085c00000, 0x0000000085d00000|  0%| F|  |TAMS 0x0000000085c00000, 0x0000000085c00000| Untracked 
|  93|0x0000000085d00000, 0x0000000085d00000, 0x0000000085e00000|  0%| F|  |TAMS 0x0000000085d00000, 0x0000000085d00000| Untracked 
|  94|0x0000000085e00000, 0x0000000085e00000, 0x0000000085f00000|  0%| F|  |TAMS 0x0000000085e00000, 0x0000000085e00000| Untracked 
|  95|0x0000000085f00000, 0x0000000085f00000, 0x0000000086000000|  0%| F|  |TAMS 0x0000000085f00000, 0x0000000085f00000| Untracked 
|  96|0x0000000086000000, 0x0000000086000000, 0x0000000086100000|  0%| F|  |TAMS 0x0000000086000000, 0x0000000086000000| Untracked 
|  97|0x0000000086100000, 0x0000000086100000, 0x0000000086200000|  0%| F|  |TAMS 0x0000000086100000, 0x0000000086100000| Untracked 
|  98|0x0000000086200000, 0x0000000086200000, 0x0000000086300000|  0%| F|  |TAMS 0x0000000086200000, 0x0000000086200000| Untracked 
|  99|0x0000000086300000, 0x0000000086300000, 0x0000000086400000|  0%| F|  |TAMS 0x0000000086300000, 0x0000000086300000| Untracked 
| 100|0x0000000086400000, 0x0000000086400000, 0x0000000086500000|  0%| F|  |TAMS 0x0000000086400000, 0x0000000086400000| Untracked 
| 101|0x0000000086500000, 0x0000000086500000, 0x0000000086600000|  0%| F|  |TAMS 0x0000000086500000, 0x0000000086500000| Untracked 
| 102|0x0000000086600000, 0x0000000086600000, 0x0000000086700000|  0%| F|  |TAMS 0x0000000086600000, 0x0000000086600000| Untracked 
| 103|0x0000000086700000, 0x0000000086700000, 0x0000000086800000|  0%| F|  |TAMS 0x0000000086700000, 0x0000000086700000| Untracked 
| 104|0x0000000086800000, 0x0000000086800000, 0x0000000086900000|  0%| F|  |TAMS 0x0000000086800000, 0x0000000086800000| Untracked 
| 105|0x0000000086900000, 0x0000000086900000, 0x0000000086a00000|  0%| F|  |TAMS 0x0000000086900000, 0x0000000086900000| Untracked 
| 106|0x0000000086a00000, 0x0000000086a00000, 0x0000000086b00000|  0%| F|  |TAMS 0x0000000086a00000, 0x0000000086a00000| Untracked 
| 107|0x0000000086b00000, 0x0000000086b00000, 0x0000000086c00000|  0%| F|  |TAMS 0x0000000086b00000, 0x0000000086b00000| Untracked 
| 108|0x0000000086c00000, 0x0000000086c00000, 0x0000000086d00000|  0%| F|  |TAMS 0x0000000086c00000, 0x0000000086c00000| Untracked 
| 109|0x0000000086d00000, 0x0000000086d00000, 0x0000000086e00000|  0%| F|  |TAMS 0x0000000086d00000, 0x0000000086d00000| Untracked 
| 110|0x0000000086e00000, 0x0000000086e00000, 0x0000000086f00000|  0%| F|  |TAMS 0x0000000086e00000, 0x0000000086e00000| Untracked 
| 111|0x0000000086f00000, 0x0000000086f00000, 0x0000000087000000|  0%| F|  |TAMS 0x0000000086f00000, 0x0000000086f00000| Untracked 
| 112|0x0000000087000000, 0x0000000087000000, 0x0000000087100000|  0%| F|  |TAMS 0x0000000087000000, 0x0000000087000000| Untracked 
| 113|0x0000000087100000, 0x0000000087100000, 0x0000000087200000|  0%| F|  |TAMS 0x0000000087100000, 0x0000000087100000| Untracked 
| 114|0x0000000087200000, 0x0000000087200000, 0x0000000087300000|  0%| F|  |TAMS 0x0000000087200000, 0x0000000087200000| Untracked 
| 115|0x0000000087300000, 0x0000000087300000, 0x0000000087400000|  0%| F|  |TAMS 0x0000000087300000, 0x0000000087300000| Untracked 
| 116|0x0000000087400000, 0x0000000087400000, 0x0000000087500000|  0%| F|  |TAMS 0x0000000087400000, 0x0000000087400000| Untracked 
| 117|0x0000000087500000, 0x0000000087500000, 0x0000000087600000|  0%| F|  |TAMS 0x0000000087500000, 0x0000000087500000| Untracked 
| 118|0x0000000087600000, 0x0000000087600000, 0x0000000087700000|  0%| F|  |TAMS 0x0000000087600000, 0x0000000087600000| Untracked 
| 119|0x0000000087700000, 0x0000000087700000, 0x0000000087800000|  0%| F|  |TAMS 0x0000000087700000, 0x0000000087700000| Untracked 
| 120|0x0000000087800000, 0x0000000087800000, 0x0000000087900000|  0%| F|  |TAMS 0x0000000087800000, 0x0000000087800000| Untracked 
| 121|0x0000000087900000, 0x0000000087900000, 0x0000000087a00000|  0%| F|  |TAMS 0x0000000087900000, 0x0000000087900000| Untracked 
| 122|0x0000000087a00000, 0x0000000087a00000, 0x0000000087b00000|  0%| F|  |TAMS 0x0000000087a00000, 0x0000000087a00000| Untracked 
| 123|0x0000000087b00000, 0x0000000087b00000, 0x0000000087c00000|  0%| F|  |TAMS 0x0000000087b00000, 0x0000000087b00000| Untracked 
| 124|0x0000000087c00000, 0x0000000087c00000, 0x0000000087d00000|  0%| F|  |TAMS 0x0000000087c00000, 0x0000000087c00000| Untracked 
| 125|0x0000000087d00000, 0x0000000087d00000, 0x0000000087e00000|  0%| F|  |TAMS 0x0000000087d00000, 0x0000000087d00000| Untracked 
| 126|0x0000000087e00000, 0x0000000087e00000, 0x0000000087f00000|  0%| F|  |TAMS 0x0000000087e00000, 0x0000000087e00000| Untracked 
| 127|0x0000000087f00000, 0x0000000087f00000, 0x0000000088000000|  0%| F|  |TAMS 0x0000000087f00000, 0x0000000087f00000| Untracked 
| 128|0x0000000088000000, 0x0000000088000000, 0x0000000088100000|  0%| F|  |TAMS 0x0000000088000000, 0x0000000088000000| Untracked 
| 129|0x0000000088100000, 0x0000000088100000, 0x0000000088200000|  0%| F|  |TAMS 0x0000000088100000, 0x0000000088100000| Untracked 
| 130|0x0000000088200000, 0x0000000088200000, 0x0000000088300000|  0%| F|  |TAMS 0x0000000088200000, 0x0000000088200000| Untracked 
| 131|0x0000000088300000, 0x0000000088300000, 0x0000000088400000|  0%| F|  |TAMS 0x0000000088300000, 0x0000000088300000| Untracked 
| 132|0x0000000088400000, 0x0000000088400000, 0x0000000088500000|  0%| F|  |TAMS 0x0000000088400000, 0x0000000088400000| Untracked 
| 133|0x0000000088500000, 0x0000000088500000, 0x0000000088600000|  0%| F|  |TAMS 0x0000000088500000, 0x0000000088500000| Untracked 
| 134|0x0000000088600000, 0x0000000088600000, 0x0000000088700000|  0%| F|  |TAMS 0x0000000088600000, 0x0000000088600000| Untracked 
| 135|0x0000000088700000, 0x0000000088700000, 0x0000000088800000|  0%| F|  |TAMS 0x0000000088700000, 0x0000000088700000| Untracked 
| 136|0x0000000088800000, 0x0000000088800000, 0x0000000088900000|  0%| F|  |TAMS 0x0000000088800000, 0x0000000088800000| Untracked 
| 137|0x0000000088900000, 0x0000000088900000, 0x0000000088a00000|  0%| F|  |TAMS 0x0000000088900000, 0x0000000088900000| Untracked 
| 138|0x0000000088a00000, 0x0000000088a00000, 0x0000000088b00000|  0%| F|  |TAMS 0x0000000088a00000, 0x0000000088a00000| Untracked 
| 139|0x0000000088b00000, 0x0000000088b00000, 0x0000000088c00000|  0%| F|  |TAMS 0x0000000088b00000, 0x0000000088b00000| Untracked 
| 140|0x0000000088c00000, 0x0000000088c00000, 0x0000000088d00000|  0%| F|  |TAMS 0x0000000088c00000, 0x0000000088c00000| Untracked 
| 141|0x0000000088d00000, 0x0000000088d00000, 0x0000000088e00000|  0%| F|  |TAMS 0x0000000088d00000, 0x0000000088d00000| Untracked 
| 142|0x0000000088e00000, 0x0000000088e00000, 0x0000000088f00000|  0%| F|  |TAMS 0x0000000088e00000, 0x0000000088e00000| Untracked 
| 143|0x0000000088f00000, 0x0000000088f00000, 0x0000000089000000|  0%| F|  |TAMS 0x0000000088f00000, 0x0000000088f00000| Untracked 
| 144|0x0000000089000000, 0x0000000089000000, 0x0000000089100000|  0%| F|  |TAMS 0x0000000089000000, 0x0000000089000000| Untracked 
| 145|0x0000000089100000, 0x0000000089100000, 0x0000000089200000|  0%| F|  |TAMS 0x0000000089100000, 0x0000000089100000| Untracked 
| 146|0x0000000089200000, 0x0000000089200000, 0x0000000089300000|  0%| F|  |TAMS 0x0000000089200000, 0x0000000089200000| Untracked 
| 147|0x0000000089300000, 0x0000000089300000, 0x0000000089400000|  0%| F|  |TAMS 0x0000000089300000, 0x0000000089300000| Untracked 
| 148|0x0000000089400000, 0x0000000089400000, 0x0000000089500000|  0%| F|  |TAMS 0x0000000089400000, 0x0000000089400000| Untracked 
| 149|0x0000000089500000, 0x0000000089500000, 0x0000000089600000|  0%| F|  |TAMS 0x0000000089500000, 0x0000000089500000| Untracked 
| 150|0x0000000089600000, 0x0000000089600000, 0x0000000089700000|  0%| F|  |TAMS 0x0000000089600000, 0x0000000089600000| Untracked 
| 151|0x0000000089700000, 0x0000000089700000, 0x0000000089800000|  0%| F|  |TAMS 0x0000000089700000, 0x0000000089700000| Untracked 
| 152|0x0000000089800000, 0x0000000089800000, 0x0000000089900000|  0%| F|  |TAMS 0x0000000089800000, 0x0000000089800000| Untracked 
| 153|0x0000000089900000, 0x0000000089900000, 0x0000000089a00000|  0%| F|  |TAMS 0x0000000089900000, 0x0000000089900000| Untracked 
| 154|0x0000000089a00000, 0x0000000089a00000, 0x0000000089b00000|  0%| F|  |TAMS 0x0000000089a00000, 0x0000000089a00000| Untracked 
| 155|0x0000000089b00000, 0x0000000089b00000, 0x0000000089c00000|  0%| F|  |TAMS 0x0000000089b00000, 0x0000000089b00000| Untracked 
| 156|0x0000000089c00000, 0x0000000089c00000, 0x0000000089d00000|  0%| F|  |TAMS 0x0000000089c00000, 0x0000000089c00000| Untracked 
| 157|0x0000000089d00000, 0x0000000089d00000, 0x0000000089e00000|  0%| F|  |TAMS 0x0000000089d00000, 0x0000000089d00000| Untracked 
| 158|0x0000000089e00000, 0x0000000089e00000, 0x0000000089f00000|  0%| F|  |TAMS 0x0000000089e00000, 0x0000000089e00000| Untracked 
| 159|0x0000000089f00000, 0x0000000089f00000, 0x000000008a000000|  0%| F|  |TAMS 0x0000000089f00000, 0x0000000089f00000| Untracked 
| 160|0x000000008a000000, 0x000000008a100000, 0x000000008a100000|100%| E|  |TAMS 0x000000008a000000, 0x000000008a000000| Complete 
| 161|0x000000008a100000, 0x000000008a200000, 0x000000008a200000|100%| E|CS|TAMS 0x000000008a100000, 0x000000008a100000| Complete 
| 162|0x000000008a200000, 0x000000008a300000, 0x000000008a300000|100%| E|CS|TAMS 0x000000008a200000, 0x000000008a200000| Complete 
| 163|0x000000008a300000, 0x000000008a400000, 0x000000008a400000|100%| E|CS|TAMS 0x000000008a300000, 0x000000008a300000| Complete 
| 164|0x000000008a400000, 0x000000008a500000, 0x000000008a500000|100%| E|CS|TAMS 0x000000008a400000, 0x000000008a400000| Complete 
| 165|0x000000008a500000, 0x000000008a600000, 0x000000008a600000|100%| S|CS|TAMS 0x000000008a500000, 0x000000008a500000| Complete 
| 166|0x000000008a600000, 0x000000008a700000, 0x000000008a700000|100%| S|CS|TAMS 0x000000008a600000, 0x000000008a600000| Complete 
| 167|0x000000008a700000, 0x000000008a800000, 0x000000008a800000|100%| S|CS|TAMS 0x000000008a700000, 0x000000008a700000| Complete 
| 168|0x000000008a800000, 0x000000008a900000, 0x000000008a900000|100%| E|CS|TAMS 0x000000008a800000, 0x000000008a800000| Complete 
| 169|0x000000008a900000, 0x000000008aa00000, 0x000000008aa00000|100%| E|CS|TAMS 0x000000008a900000, 0x000000008a900000| Complete 
| 170|0x000000008aa00000, 0x000000008ab00000, 0x000000008ab00000|100%| E|CS|TAMS 0x000000008aa00000, 0x000000008aa00000| Complete 
| 171|0x000000008ab00000, 0x000000008ac00000, 0x000000008ac00000|100%| E|CS|TAMS 0x000000008ab00000, 0x000000008ab00000| Complete 
| 172|0x000000008ac00000, 0x000000008ad00000, 0x000000008ad00000|100%| E|CS|TAMS 0x000000008ac00000, 0x000000008ac00000| Complete 
| 173|0x000000008ad00000, 0x000000008ae00000, 0x000000008ae00000|100%| E|CS|TAMS 0x000000008ad00000, 0x000000008ad00000| Complete 
| 174|0x000000008ae00000, 0x000000008af00000, 0x000000008af00000|100%| E|CS|TAMS 0x000000008ae00000, 0x000000008ae00000| Complete 
| 175|0x000000008af00000, 0x000000008b000000, 0x000000008b000000|100%| E|CS|TAMS 0x000000008af00000, 0x000000008af00000| Complete 
| 176|0x000000008b000000, 0x000000008b100000, 0x000000008b100000|100%| E|CS|TAMS 0x000000008b000000, 0x000000008b000000| Complete 
| 177|0x000000008b100000, 0x000000008b200000, 0x000000008b200000|100%| E|CS|TAMS 0x000000008b100000, 0x000000008b100000| Complete 
| 178|0x000000008b200000, 0x000000008b300000, 0x000000008b300000|100%| E|CS|TAMS 0x000000008b200000, 0x000000008b200000| Complete 
| 179|0x000000008b300000, 0x000000008b400000, 0x000000008b400000|100%| E|CS|TAMS 0x000000008b300000, 0x000000008b300000| Complete 
| 180|0x000000008b400000, 0x000000008b500000, 0x000000008b500000|100%| E|CS|TAMS 0x000000008b400000, 0x000000008b400000| Complete 
| 181|0x000000008b500000, 0x000000008b600000, 0x000000008b600000|100%| E|CS|TAMS 0x000000008b500000, 0x000000008b500000| Complete 
| 182|0x000000008b600000, 0x000000008b700000, 0x000000008b700000|100%| E|CS|TAMS 0x000000008b600000, 0x000000008b600000| Complete 
| 183|0x000000008b700000, 0x000000008b800000, 0x000000008b800000|100%| E|CS|TAMS 0x000000008b700000, 0x000000008b700000| Complete 
| 184|0x000000008b800000, 0x000000008b900000, 0x000000008b900000|100%| E|CS|TAMS 0x000000008b800000, 0x000000008b800000| Complete 
| 185|0x000000008b900000, 0x000000008ba00000, 0x000000008ba00000|100%| E|CS|TAMS 0x000000008b900000, 0x000000008b900000| Complete 
| 186|0x000000008ba00000, 0x000000008bb00000, 0x000000008bb00000|100%| E|CS|TAMS 0x000000008ba00000, 0x000000008ba00000| Complete 
| 187|0x000000008bb00000, 0x000000008bc00000, 0x000000008bc00000|100%| E|CS|TAMS 0x000000008bb00000, 0x000000008bb00000| Complete 
| 188|0x000000008bc00000, 0x000000008bd00000, 0x000000008bd00000|100%| E|CS|TAMS 0x000000008bc00000, 0x000000008bc00000| Complete 
| 189|0x000000008bd00000, 0x000000008be00000, 0x000000008be00000|100%| E|CS|TAMS 0x000000008bd00000, 0x000000008bd00000| Complete 
| 190|0x000000008be00000, 0x000000008bf00000, 0x000000008bf00000|100%| E|CS|TAMS 0x000000008be00000, 0x000000008be00000| Complete 
| 191|0x000000008bf00000, 0x000000008c000000, 0x000000008c000000|100%| E|CS|TAMS 0x000000008bf00000, 0x000000008bf00000| Complete 

Card table byte_map: [0x000001cf69020000,0x000001cf69420000] _byte_map_base: 0x000001cf68c20000

Marking Bits (Prev, Next): (CMBitMap*) 0x000001cf51a200f0, (CMBitMap*) 0x000001cf51a20130
 Prev Bits: [0x000001cf69820000, 0x000001cf6b820000)
 Next Bits: [0x000001cf6b820000, 0x000001cf6d820000)

Polling page: 0x000001cf4f870000

Metaspace:

Usage:
  Non-class:      8.60 MB capacity,     8.43 MB ( 98%) used,   162.18 KB (  2%) free+waste,    15.88 KB ( <1%) overhead. 
      Class:      1.39 MB capacity,     1.33 MB ( 95%) used,    61.48 KB (  4%) free+waste,     8.00 KB ( <1%) overhead. 
       Both:     10.00 MB capacity,     9.75 MB ( 98%) used,   223.66 KB (  2%) free+waste,    23.88 KB ( <1%) overhead. 

Virtual space:
  Non-class space:       10.00 MB reserved,       8.75 MB ( 88%) committed 
      Class space:        1.00 GB reserved,       1.50 MB ( <1%) committed 
             Both:        1.01 GB reserved,      10.25 MB ( <1%) committed 

Chunk freelists:
   Non-Class:  25.00 KB
       Class:  12.00 KB
        Both:  37.00 KB

MaxMetaspaceSize: 17179869184.00 GB
CompressedClassSpaceSize: 1.00 GB

CodeHeap 'non-profiled nmethods': size=120000Kb used=871Kb max_used=871Kb free=119128Kb
 bounds [0x000001cf616f0000, 0x000001cf61960000, 0x000001cf68c20000]
CodeHeap 'profiled nmethods': size=120000Kb used=3546Kb max_used=3546Kb free=116453Kb
 bounds [0x000001cf5a1c0000, 0x000001cf5a540000, 0x000001cf616f0000]
CodeHeap 'non-nmethods': size=5760Kb used=1193Kb max_used=1221Kb free=4566Kb
 bounds [0x000001cf59c20000, 0x000001cf59e90000, 0x000001cf5a1c0000]
 total_blobs=2272 nmethods=1813 adapters=372
 compilation: enabled
              stopped_count=0, restarted_count=0
 full_count=0

Compilation events (20 events):
Event: 14.858 Thread 0x000001cf6fd198d0 1751       3       sun.invoke.util.VerifyType::isNullConversion (157 bytes)
Event: 14.860 Thread 0x000001cf6fd198d0 nmethod 1751 0x000001cf5a51cf10 code [0x000001cf5a51d200, 0x000001cf5a51e6e8]
Event: 14.860 Thread 0x000001cf6fd198d0 1753       3       java.lang.invoke.InvokerBytecodeGenerator::emitLoadInsn (21 bytes)
Event: 14.861 Thread 0x000001cf6fd198d0 nmethod 1753 0x000001cf5a51eb90 code [0x000001cf5a51ed40, 0x000001cf5a51ef98]
Event: 14.861 Thread 0x000001cf6fd198d0 1754       3       java.lang.invoke.InvokerBytecodeGenerator::loadInsnOpcode (87 bytes)
Event: 14.862 Thread 0x000001cf6fd198d0 nmethod 1754 0x000001cf5a51f110 code [0x000001cf5a51f360, 0x000001cf5a51fcb8]
Event: 14.862 Thread 0x000001cf6fd198d0 1752       3       java.lang.invoke.InvokerBytecodeGenerator::emitPushArgument (129 bytes)
Event: 14.863 Thread 0x000001cf6fd198d0 nmethod 1752 0x000001cf5a520010 code [0x000001cf5a520320, 0x000001cf5a5212d8]
Event: 14.864 Thread 0x000001cf6fd198d0 1757       3       java.lang.invoke.LambdaForm$BasicType::basicTypeSlots (8 bytes)
Event: 14.864 Thread 0x000001cf6fd198d0 nmethod 1757 0x000001cf5a521810 code [0x000001cf5a5219a0, 0x000001cf5a521b18]
Event: 14.864 Thread 0x000001cf6fd198d0 1758       3       sun.invoke.util.Wrapper::stackSlots (9 bytes)
Event: 14.864 Thread 0x000001cf6fd198d0 nmethod 1758 0x000001cf5a521c10 code [0x000001cf5a521da0, 0x000001cf5a521e98]
Event: 14.865 Thread 0x000001cf6fd198d0 1760       3       jdk.internal.org.objectweb.asm.SymbolTable::addTypeInternal (85 bytes)
Event: 14.865 Thread 0x000001cf6fd198d0 nmethod 1760 0x000001cf5a521f10 code [0x000001cf5a522100, 0x000001cf5a522738]
Event: 14.868 Thread 0x000001cf6fd198d0 1764       3       jdk.internal.org.objectweb.asm.Frame::accept (264 bytes)
Event: 14.870 Thread 0x000001cf6fd198d0 nmethod 1764 0x000001cf5a522910 code [0x000001cf5a522b40, 0x000001cf5a523458]
Event: 14.870 Thread 0x000001cf6fd198d0 1765       3       jdk.internal.org.objectweb.asm.MethodWriter::visitFrameStart (55 bytes)
Event: 14.870 Thread 0x000001cf70f2ff10 1739       4       java.util.HashMap::get (19 bytes)
Event: 14.870 Thread 0x000001cf6fd198d0 nmethod 1765 0x000001cf5a523810 code [0x000001cf5a5239c0, 0x000001cf5a523cd8]
Event: 14.871 Thread 0x000001cf6fd198d0 1767       3       jdk.internal.org.objectweb.asm.Frame::setLocal (65 bytes)

GC Heap History (6 events):
Event: 6.318 GC heap before
{Heap before GC invocations=0 (full 0):
 garbage-first heap   total 196608K, used 18432K [0x0000000080000000, 0x0000000100000000)
  region size 1024K, 13 young (13312K), 0 survivors (0K)
 Metaspace       used 1699K, capacity 5209K, committed 5376K, reserved 1056768K
  class space    used 166K, capacity 499K, committed 512K, reserved 1048576K
}
Event: 6.336 GC heap after
{Heap after GC invocations=1 (full 0):
 garbage-first heap   total 196608K, used 8011K [0x0000000080000000, 0x0000000100000000)
  region size 1024K, 2 young (2048K), 2 survivors (2048K)
 Metaspace       used 1699K, capacity 5209K, committed 5376K, reserved 1056768K
  class space    used 166K, capacity 499K, committed 512K, reserved 1048576K
}
Event: 7.160 GC heap before
{Heap before GC invocations=1 (full 0):
 garbage-first heap   total 196608K, used 19275K [0x0000000080000000, 0x0000000100000000)
  region size 1024K, 13 young (13312K), 2 survivors (2048K)
 Metaspace       used 3950K, capacity 6485K, committed 6656K, reserved 1056768K
  class space    used 489K, capacity 731K, committed 768K, reserved 1048576K
}
Event: 7.169 GC heap after
{Heap after GC invocations=2 (full 0):
 garbage-first heap   total 196608K, used 9092K [0x0000000080000000, 0x0000000100000000)
  region size 1024K, 1 young (1024K), 1 survivors (1024K)
 Metaspace       used 3950K, capacity 6485K, committed 6656K, reserved 1056768K
  class space    used 489K, capacity 731K, committed 768K, reserved 1048576K
}
Event: 12.948 GC heap before
{Heap before GC invocations=2 (full 0):
 garbage-first heap   total 196608K, used 31620K [0x0000000080000000, 0x0000000100000000)
  region size 1024K, 24 young (24576K), 1 survivors (1024K)
 Metaspace       used 4099K, capacity 6549K, committed 6656K, reserved 1056768K
  class space    used 493K, capacity 731K, committed 768K, reserved 1048576K
}
Event: 12.952 GC heap after
{Heap after GC invocations=3 (full 0):
 garbage-first heap   total 196608K, used 11695K [0x0000000080000000, 0x0000000100000000)
  region size 1024K, 3 young (3072K), 3 survivors (3072K)
 Metaspace       used 4099K, capacity 6549K, committed 6656K, reserved 1056768K
  class space    used 493K, capacity 731K, committed 768K, reserved 1048576K
}

Deoptimization events (20 events):
Event: 14.634 Thread 0x000001cf7262b730 Uncommon trap: trap_request=0xffffffc6 fr.pc=0x000001cf61754b2c relative=0x000000000000008c
Event: 14.634 Thread 0x000001cf7262b730 Uncommon trap: reason=bimorphic_or_optimized_type_check action=maybe_recompile pc=0x000001cf61754b2c method=java.util.AbstractList$Itr.hasNext()Z @ 8 c2
Event: 14.634 Thread 0x000001cf7262b730 DEOPT PACKING pc=0x000001cf61754b2c sp=0x000000c9bf1fe580
Event: 14.634 Thread 0x000001cf7262b730 DEOPT UNPACKING pc=0x000001cf59c6e42f sp=0x000000c9bf1fe518 mode 2
Event: 14.634 Thread 0x000001cf7262b730 Uncommon trap: trap_request=0xffffffc6 fr.pc=0x000001cf6175b9ec relative=0x000000000000014c
Event: 14.634 Thread 0x000001cf7262b730 Uncommon trap: reason=bimorphic_or_optimized_type_check action=maybe_recompile pc=0x000001cf6175b9ec method=java.util.AbstractList$Itr.next()Ljava/lang/Object; @ 14 c2
Event: 14.634 Thread 0x000001cf7262b730 DEOPT PACKING pc=0x000001cf6175b9ec sp=0x000000c9bf1fe570
Event: 14.634 Thread 0x000001cf7262b730 DEOPT UNPACKING pc=0x000001cf59c6e42f sp=0x000000c9bf1fe508 mode 2
Event: 14.705 Thread 0x000001cf70b3f610 Uncommon trap: trap_request=0xffffff45 fr.pc=0x000001cf6178d650 relative=0x0000000000001230
Event: 14.705 Thread 0x000001cf70b3f610 Uncommon trap: reason=unstable_if action=reinterpret pc=0x000001cf6178d650 method=java.util.concurrent.ConcurrentHashMap.putVal(Ljava/lang/Object;Ljava/lang/Object;Z)Ljava/lang/Object; @ 231 c2
Event: 14.705 Thread 0x000001cf70b3f610 DEOPT PACKING pc=0x000001cf6178d650 sp=0x000000c9bf4fe770
Event: 14.705 Thread 0x000001cf70b3f610 DEOPT UNPACKING pc=0x000001cf59c6e42f sp=0x000000c9bf4fe6e0 mode 2
Event: 14.802 Thread 0x000001cf72628db0 Uncommon trap: trap_request=0xffffffc6 fr.pc=0x000001cf61792228 relative=0x0000000000001028
Event: 14.802 Thread 0x000001cf72628db0 Uncommon trap: reason=bimorphic_or_optimized_type_check action=maybe_recompile pc=0x000001cf61792228 method=java.util.HashMap.putVal(ILjava/lang/Object;Ljava/lang/Object;ZZ)Ljava/lang/Object; @ 253 c2
Event: 14.802 Thread 0x000001cf72628db0 DEOPT PACKING pc=0x000001cf61792228 sp=0x000000c9bf6fec10
Event: 14.802 Thread 0x000001cf72628db0 DEOPT UNPACKING pc=0x000001cf59c6e42f sp=0x000000c9bf6febb0 mode 2
Event: 14.802 Thread 0x000001cf72628db0 Uncommon trap: trap_request=0xffffffc6 fr.pc=0x000001cf61792228 relative=0x0000000000001028
Event: 14.802 Thread 0x000001cf72628db0 Uncommon trap: reason=bimorphic_or_optimized_type_check action=maybe_recompile pc=0x000001cf61792228 method=java.util.HashMap.putVal(ILjava/lang/Object;Ljava/lang/Object;ZZ)Ljava/lang/Object; @ 253 c2
Event: 14.802 Thread 0x000001cf72628db0 DEOPT PACKING pc=0x000001cf61792228 sp=0x000000c9bf6fed00
Event: 14.803 Thread 0x000001cf72628db0 DEOPT UNPACKING pc=0x000001cf59c6e42f sp=0x000000c9bf6feca0 mode 2

Classes unloaded (0 events):
No events

Classes redefined (0 events):
No events

Internal exceptions (20 events):
Event: 14.090 Thread 0x000001cf519df510 Exception <a 'java/lang/NoSuchMethodError'{0x000000008ae71140}: 'java.lang.Object java.lang.invoke.Invokers$Holder.invokeExact_MT(java.lang.Object, java.lang.Object, java.lang.Object, java.lang.Object)'> (0x000000008ae71140) 
thrown [./open/src/hotspot/share/interpreter/linkResolver.cpp, line 782]
Event: 14.111 Thread 0x000001cf519df510 Exception <a 'java/lang/NoSuchMethodError'{0x000000008aef7b60}: 'void java.lang.invoke.DirectMethodHandle$Holder.invokeStatic(java.lang.Object, java.lang.Object)'> (0x000000008aef7b60) 
thrown [./open/src/hotspot/share/interpreter/linkResolver.cpp, line 782]
Event: 14.111 Thread 0x000001cf519df510 Exception <a 'java/lang/NoSuchMethodError'{0x000000008aefb568}: 'void java.lang.invoke.DirectMethodHandle$Holder.invokeStaticInit(java.lang.Object, java.lang.Object)'> (0x000000008aefb568) 
thrown [./open/src/hotspot/share/interpreter/linkResolver.cpp, line 782]
Event: 14.123 Thread 0x000001cf519df510 Exception <a 'java/lang/NoSuchMethodError'{0x000000008ad289c0}: 'java.lang.Object java.lang.invoke.DirectMethodHandle$Holder.invokeStaticInit(java.lang.Object, int, int, int, int)'> (0x000000008ad289c0) 
thrown [./open/src/hotspot/share/interpreter/linkResolver.cpp, line 782]
Event: 14.224 Thread 0x000001cf519df510 Exception <a 'java/lang/NoSuchMethodError'{0x000000008ad64500}: 'java.lang.Object java.lang.invoke.DirectMethodHandle$Holder.invokeStaticInit(java.lang.Object, java.lang.Object, int, int, int, int)'> (0x000000008ad64500) 
thrown [./open/src/hotspot/share/interpreter/linkResolver.cpp, line 782]
Event: 14.550 Thread 0x000001cf519df510 Exception <a 'java/lang/NoSuchMethodError'{0x000000008ab02038}: 'void java.lang.invoke.DirectMethodHandle$Holder.invokeStatic(java.lang.Object, java.lang.Object, java.lang.Object)'> (0x000000008ab02038) 
thrown [./open/src/hotspot/share/interpreter/linkResolver.cpp, line 782]
Event: 14.609 Thread 0x000001cf519df510 Exception <a 'java/io/IOException'{0x000000008ab93d70}> (0x000000008ab93d70) 
thrown [./open/src/hotspot/share/prims/jni.cpp, line 578]
Event: 14.706 Thread 0x000001cf70b3f610 Exception <a 'java/lang/NoSuchMethodError'{0x000000008aaae388}: static Lorg/gradle/tooling/internal/provider/SubscribableBuildAction;.<clinit>()V> (0x000000008aaae388) 
thrown [./open/src/hotspot/share/prims/jni.cpp, line 1204]
Event: 14.708 Thread 0x000001cf70b3f610 Exception <a 'java/lang/NoSuchMethodError'{0x000000008aab65e0}: static Lorg/gradle/tooling/internal/provider/BuildModelAction;.<clinit>()V> (0x000000008aab65e0) 
thrown [./open/src/hotspot/share/prims/jni.cpp, line 1204]
Event: 14.711 Thread 0x000001cf70b3f610 Exception <a 'java/lang/NoSuchMethodError'{0x000000008aac5f30}: static Lorg/gradle/internal/build/event/BuildEventSubscriptions;.<clinit>()V> (0x000000008aac5f30) 
thrown [./open/src/hotspot/share/prims/jni.cpp, line 1204]
Event: 14.725 Thread 0x000001cf70b3f610 Exception <a 'java/lang/NoSuchMethodError'{0x000000008aaf70b8}: static Ljava/lang/Object;.<clinit>()V> (0x000000008aaf70b8) 
thrown [./open/src/hotspot/share/prims/jni.cpp, line 1204]
Event: 14.729 Thread 0x000001cf70b3f610 Exception <a 'java/lang/NoSuchMethodError'{0x000000008a912440}: static Lorg/gradle/api/internal/StartParameterInternal;.<clinit>()V> (0x000000008a912440) 
thrown [./open/src/hotspot/share/prims/jni.cpp, line 1204]
Event: 14.739 Thread 0x000001cf70b3f610 Exception <a 'java/lang/NoSuchMethodError'{0x000000008a94b828}: static Lorg/gradle/internal/logging/DefaultLoggingConfiguration;.<clinit>()V> (0x000000008a94b828) 
thrown [./open/src/hotspot/share/prims/jni.cpp, line 1204]
Event: 14.742 Thread 0x000001cf70b3f610 Exception <a 'java/lang/NoSuchMethodError'{0x000000008a958b20}: static Ljava/lang/Object;.<clinit>()V> (0x000000008a958b20) 
thrown [./open/src/hotspot/share/prims/jni.cpp, line 1204]
Event: 14.748 Thread 0x000001cf70b3f610 Exception <a 'java/lang/NoSuchMethodError'{0x000000008a97d0b8}: static Lorg/gradle/internal/DefaultTaskExecutionRequest;.<clinit>()V> (0x000000008a97d0b8) 
thrown [./open/src/hotspot/share/prims/jni.cpp, line 1204]
Event: 14.853 Thread 0x000001cf72628db0 Exception <a 'java/lang/NoSuchMethodError'{0x000000008a358818}: 'void java.lang.invoke.DirectMethodHandle$Holder.invokeVirtual(java.lang.Object, java.lang.Object, java.lang.Object, java.lang.Object)'> (0x000000008a358818) 
thrown [./open/src/hotspot/share/interpreter/linkResolver.cpp, line 782]
Event: 14.855 Thread 0x000001cf72628db0 Exception <a 'java/lang/NoSuchMethodError'{0x000000008a362c78}: 'void java.lang.invoke.DirectMethodHandle$Holder.invokeSpecial(java.lang.Object, java.lang.Object, java.lang.Object, java.lang.Object, java.lang.Object)'> (0x000000008a362c78) 
thrown [./open/src/hotspot/share/interpreter/linkResolver.cpp, line 782]
Event: 14.856 Thread 0x000001cf72628db0 Exception <a 'java/lang/NoSuchMethodError'{0x000000008a36a700}: 'java.lang.Object java.lang.invoke.Invokers$Holder.invoker(java.lang.Object, java.lang.Object, java.lang.Object, java.lang.Object)'> (0x000000008a36a700) 
thrown [./open/src/hotspot/share/interpreter/linkResolver.cpp, line 782]
Event: 14.865 Thread 0x000001cf72628db0 Exception <a 'java/lang/NoSuchMethodError'{0x000000008a3a05f0}: 'long java.lang.invoke.DirectMethodHandle$Holder.invokeInterface(java.lang.Object, java.lang.Object)'> (0x000000008a3a05f0) 
thrown [./open/src/hotspot/share/interpreter/linkResolver.cpp, line 782]
Event: 14.868 Thread 0x000001cf72628db0 Exception <a 'java/lang/NoSuchMethodError'{0x000000008a3be708}: 'void java.lang.invoke.DelegatingMethodHandle$Holder.reinvoke_L(java.lang.Object, java.lang.Object, java.lang.Object, java.lang.Object, java.lang.Object, java.lang.Object, java.lang.Object)'> (0x000000008a3be708) 
thrown [./open/src/hotspot/share/interpreter/linkResolver.cpp, line 782]

Events (20 events):
Event: 14.808 Thread 0x000001cf72420090 Thread added: 0x000001cf72420090
Event: 14.809 loading class jdk/internal/math/FormattedFloatingDecimal$Form
Event: 14.809 loading class jdk/internal/math/FormattedFloatingDecimal$Form done
Event: 14.809 loading class jdk/internal/math/FormattedFloatingDecimal
Event: 14.810 loading class jdk/internal/math/FormattedFloatingDecimal done
Event: 14.810 loading class jdk/internal/math/FormattedFloatingDecimal$1
Event: 14.810 loading class jdk/internal/math/FormattedFloatingDecimal$1 done
Event: 14.810 loading class jdk/internal/math/FDBigInteger
Event: 14.810 loading class jdk/internal/math/FDBigInteger done
Event: 14.811 loading class jdk/internal/math/FormattedFloatingDecimal$2
Event: 14.811 loading class jdk/internal/math/FormattedFloatingDecimal$2 done
Event: 14.812 loading class java/io/PipedOutputStream
Event: 14.812 loading class java/io/PipedOutputStream done
Event: 14.812 loading class java/io/PipedInputStream
Event: 14.812 loading class java/io/PipedInputStream done
Event: 14.813 Thread 0x000001cf72420560 Thread added: 0x000001cf72420560
Event: 14.821 Thread 0x000001cf7224bb30 Thread added: 0x000001cf7224bb30
Event: 14.864 loading class java/util/function/LongSupplier
Event: 14.864 loading class java/util/function/LongSupplier done
Event: 14.870 Thread 0x000001cf70f2ff10 Thread added: 0x000001cf70f2ff10


Dynamic libraries:
0x00007ff77dae0000 - 0x00007ff77daef000 	F:\Newfolder\Java\jdk-15.0.2\bin\java.exe
0x00007ff894070000 - 0x00007ff894265000 	C:\Windows\SYSTEM32\ntdll.dll
0x00007ff892d50000 - 0x00007ff892e0d000 	C:\Windows\System32\KERNEL32.DLL
0x00007ff891a90000 - 0x00007ff891d58000 	C:\Windows\System32\KERNELBASE.dll
0x00007ff891f00000 - 0x00007ff892000000 	C:\Windows\System32\ucrtbase.dll
0x00007ff871970000 - 0x00007ff871989000 	F:\Newfolder\Java\jdk-15.0.2\bin\VCRUNTIME140.dll
0x00007ff86d000000 - 0x00007ff86d018000 	F:\Newfolder\Java\jdk-15.0.2\bin\jli.dll
0x00007ff892c30000 - 0x00007ff892cdc000 	C:\Windows\System32\ADVAPI32.dll
0x00007ff893170000 - 0x00007ff89320e000 	C:\Windows\System32\msvcrt.dll
0x00007ff893c00000 - 0x00007ff893c9b000 	C:\Windows\System32\sechost.dll
0x00007ff893780000 - 0x00007ff8938ab000 	C:\Windows\System32\RPCRT4.dll
0x00007ff893dd0000 - 0x00007ff893f70000 	C:\Windows\System32\USER32.dll
0x00007ff875c50000 - 0x00007ff875eea000 	C:\Windows\WinSxS\amd64_microsoft.windows.common-controls_6595b64144ccf1df_6.0.19041.1052_none_60b8f8fd71f5e8cb\COMCTL32.dll
0x00007ff891850000 - 0x00007ff891872000 	C:\Windows\System32\win32u.dll
0x00007ff893210000 - 0x00007ff89323a000 	C:\Windows\System32\GDI32.dll
0x00007ff891df0000 - 0x00007ff891efb000 	C:\Windows\System32\gdi32full.dll
0x00007ff8917b0000 - 0x00007ff89184d000 	C:\Windows\System32\msvcp_win.dll
0x00007ff88bd80000 - 0x00007ff88bd8a000 	C:\Windows\SYSTEM32\VERSION.dll
0x00007ff892980000 - 0x00007ff8929b0000 	C:\Windows\System32\IMM32.DLL
0x00007ff88c590000 - 0x00007ff88c59c000 	F:\Newfolder\Java\jdk-15.0.2\bin\vcruntime140_1.dll
0x00007ff845b20000 - 0x00007ff845bb1000 	F:\Newfolder\Java\jdk-15.0.2\bin\msvcp140.dll
0x00007ff83b950000 - 0x00007ff83c4ae000 	F:\Newfolder\Java\jdk-15.0.2\bin\server\jvm.dll
0x00007ff894020000 - 0x00007ff894028000 	C:\Windows\System32\PSAPI.DLL
0x00007ff875c20000 - 0x00007ff875c47000 	C:\Windows\SYSTEM32\WINMM.dll
0x00007ff88f010000 - 0x00007ff88f019000 	C:\Windows\SYSTEM32\WSOCK32.dll
0x00007ff892ce0000 - 0x00007ff892d4b000 	C:\Windows\System32\WS2_32.dll
0x00007ff88f700000 - 0x00007ff88f712000 	C:\Windows\SYSTEM32\kernel.appcore.dll
0x00007ff87ebb0000 - 0x00007ff87ebba000 	F:\Newfolder\Java\jdk-15.0.2\bin\jimage.dll
0x00007ff881c10000 - 0x00007ff881df4000 	C:\Windows\SYSTEM32\DBGHELP.DLL
0x00007ff8862b0000 - 0x00007ff8862dc000 	C:\Windows\SYSTEM32\dbgcore.DLL
0x00007ff892000000 - 0x00007ff892083000 	C:\Windows\System32\bcryptPrimitives.dll
0x00007ff865240000 - 0x00007ff865265000 	F:\Newfolder\Java\jdk-15.0.2\bin\java.dll
0x00007ff892180000 - 0x00007ff8928bf000 	C:\Windows\System32\SHELL32.dll
0x00007ff88f900000 - 0x00007ff890090000 	C:\Windows\SYSTEM32\windows.storage.dll
0x00007ff892e10000 - 0x00007ff893165000 	C:\Windows\System32\combase.dll
0x00007ff891150000 - 0x00007ff89117c000 	C:\Windows\SYSTEM32\Wldp.dll
0x00007ff893f70000 - 0x00007ff89401e000 	C:\Windows\System32\SHCORE.dll
0x00007ff8938b0000 - 0x00007ff893905000 	C:\Windows\System32\shlwapi.dll
0x00007ff8916f0000 - 0x00007ff89170f000 	C:\Windows\SYSTEM32\profapi.dll
0x00007ff85bf00000 - 0x00007ff85bf19000 	F:\Newfolder\Java\jdk-15.0.2\bin\net.dll
0x00007ff888810000 - 0x00007ff88891b000 	C:\Windows\SYSTEM32\WINHTTP.dll
0x00007ff890ec0000 - 0x00007ff890f2a000 	C:\Windows\system32\mswsock.dll
0x00007ff85bea0000 - 0x00007ff85beb2000 	F:\Newfolder\Java\jdk-15.0.2\bin\nio.dll
0x00007ff857470000 - 0x00007ff857488000 	F:\Newfolder\Java\jdk-15.0.2\bin\zip.dll
0x00007ff873ef0000 - 0x00007ff873f00000 	F:\Newfolder\Java\jdk-15.0.2\bin\verify.dll
0x00007ff872a70000 - 0x00007ff872a97000 	C:\Users\HP\.gradle\native\fdc75f09e3144964f2cf3f50f0aa648679c211496f362492102eb8c894070792\windows-amd64\native-platform.dll
0x00007ff852400000 - 0x00007ff852596000 	C:\Users\HP\.gradle\native\12488b8bf47d2d4c9fbf2f6322a914ad602e24e48041cd04a747c6da556b65c4\windows-amd64\native-platform-file-events.dll
0x00007ff8715c0000 - 0x00007ff8715c9000 	F:\Newfolder\Java\jdk-15.0.2\bin\management.dll
0x00007ff871510000 - 0x00007ff87151b000 	F:\Newfolder\Java\jdk-15.0.2\bin\management_ext.dll
0x00007ff891090000 - 0x00007ff8910a8000 	C:\Windows\SYSTEM32\CRYPTSP.dll
0x00007ff890860000 - 0x00007ff890894000 	C:\Windows\system32\rsaenh.dll
0x00007ff891d60000 - 0x00007ff891d87000 	C:\Windows\System32\bcrypt.dll
0x00007ff891670000 - 0x00007ff89169e000 	C:\Windows\SYSTEM32\USERENV.dll
0x00007ff8910b0000 - 0x00007ff8910bc000 	C:\Windows\SYSTEM32\CRYPTBASE.dll
0x00007ff890bb0000 - 0x00007ff890beb000 	C:\Windows\SYSTEM32\IPHLPAPI.DLL
0x00007ff8920e0000 - 0x00007ff8920e8000 	C:\Windows\System32\NSI.dll
0x00007ff88b0a0000 - 0x00007ff88b0b7000 	C:\Windows\SYSTEM32\dhcpcsvc6.DLL
0x00007ff88adc0000 - 0x00007ff88addd000 	C:\Windows\SYSTEM32\dhcpcsvc.DLL
0x00007ff890bf0000 - 0x00007ff890cbc000 	C:\Windows\SYSTEM32\DNSAPI.dll
0x00007ff88b180000 - 0x00007ff88b18b000 	C:\Windows\SYSTEM32\WINNSI.DLL

dbghelp: loaded successfully - version: 4.0.5 - missing functions: none
symbol engine: initialized successfully - sym options: 0x614 - pdb path: .;F:\Newfolder\Java\jdk-15.0.2\bin;C:\Windows\SYSTEM32;C:\Windows\WinSxS\amd64_microsoft.windows.common-controls_6595b64144ccf1df_6.0.19041.1052_none_60b8f8fd71f5e8cb;F:\Newfolder\Java\jdk-15.0.2\bin\server;C:\Users\HP\.gradle\native\fdc75f09e3144964f2cf3f50f0aa648679c211496f362492102eb8c894070792\windows-amd64;C:\Users\HP\.gradle\native\12488b8bf47d2d4c9fbf2f6322a914ad602e24e48041cd04a747c6da556b65c4\windows-amd64

VM Arguments:
jvm_args: --add-opens=java.base/java.util=ALL-UNNAMED --add-opens=java.base/java.lang=ALL-UNNAMED --add-opens=java.base/java.lang.invoke=ALL-UNNAMED --add-opens=java.prefs/java.util.prefs=ALL-UNNAMED -Xmx2048m -Dfile.encoding=UTF-8 -Duser.country=IN -Duser.language=en -Duser.variant 
java_command: org.gradle.launcher.daemon.bootstrap.GradleDaemon 6.7.1
java_class_path (initial): C:\Users\HP\.gradle\wrapper\dists\gradle-6.7.1-bin\bwlcbys1h7rz3272sye1xwiv6\gradle-6.7.1\lib\gradle-launcher-6.7.1.jar
Launcher Type: SUN_STANDARD

[Global flags]
     intx CICompilerCount                          = 3                                         {product} {ergonomic}
     uint ConcGCThreads                            = 1                                         {product} {ergonomic}
     uint G1ConcRefinementThreads                  = 4                                         {product} {ergonomic}
   size_t G1HeapRegionSize                         = 1048576                                   {product} {ergonomic}
    uintx GCDrainStackTargetSize                   = 64                                        {product} {ergonomic}
   size_t InitialHeapSize                          = 201326592                                 {product} {ergonomic}
   size_t MarkStackSize                            = 4194304                                   {product} {ergonomic}
   size_t MaxHeapSize                              = 2147483648                                {product} {command line}
   size_t MaxNewSize                               = 1287651328                                {product} {ergonomic}
   size_t MinHeapDeltaBytes                        = 1048576                                   {product} {ergonomic}
   size_t MinHeapSize                              = 8388608                                   {product} {ergonomic}
    uintx NonNMethodCodeHeapSize                   = 5832780                                {pd product} {ergonomic}
    uintx NonProfiledCodeHeapSize                  = 122912730                              {pd product} {ergonomic}
    uintx ProfiledCodeHeapSize                     = 122912730                              {pd product} {ergonomic}
    uintx ReservedCodeCacheSize                    = 251658240                              {pd product} {ergonomic}
     bool SegmentedCodeCache                       = true                                      {product} {ergonomic}
   size_t SoftMaxHeapSize                          = 2147483648                             {manageable} {ergonomic}
     bool UseCompressedClassPointers               = true                                 {lp64_product} {ergonomic}
     bool UseCompressedOops                        = true                                 {lp64_product} {ergonomic}
     bool UseG1GC                                  = true                                      {product} {ergonomic}
     bool UseLargePagesIndividualAllocation        = false                                  {pd product} {ergonomic}

Logging:
Log output configuration:
 #0: stdout all=warning uptime,level,tags
 #1: stderr all=off uptime,level,tags

Environment Variables:
JAVA_HOME=F:\Newfolder\Java\jdk-15.0.2
PATH=C:\Program Files (x86)\Common Files\Oracle\Java\javapath;C:\Program Files (x86)\mingw-w64\i686-8.1.0-posix-dwarf-rt_v6-rev0\mingw32\bin;F:\New folder\Java\jdk-16.0.1\bin;C:\Users\HP\AppData\Local\Microsoft\WindowsApps;;F:\Apps\IntelliJ IDEA Community Edition 2021.1\bin;;F:\Apps\Microsoft VS Code\bin;F:\Apps\PyCharm Community Edition 2020.1.1\bin;
USERNAME=HP
OS=Windows_NT
PROCESSOR_IDENTIFIER=Intel64 Family 6 Model 78 Stepping 3, GenuineIntel



---------------  S Y S T E M  ---------------

OS:
 Windows 10 , 64 bit Build 19041 (10.0.19041.1023)
OS uptime: 0 days 1:56 hours

CPU: total 4 (initial active 4) (2 cores per cpu, 2 threads per core) family 6 model 78 stepping 3 microcode 0xcc, cmov, cx8, fxsr, mmx, sse, sse2, sse3, ssse3, sse4.1, sse4.2, popcnt, vzeroupper, avx, avx2, aes, clmul, erms, 3dnowpref, lzcnt, ht, tsc, tscinvbit, bmi1, bmi2, adx, fma, clflush, clflushopt

Memory: 4k page, system-wide physical 12179M (7216M free)
TotalPageFile size 16147M (AvailPageFile size 11243M)
current process WorkingSet (physical memory assigned to process): 113M, peak: 113M
current process commit charge ("private bytes"): 310M, peak: 310M

vm_info: Java HotSpot(TM) 64-Bit Server VM (15.0.2+7-27) for windows-amd64 JRE (15.0.2+7-27), built on Dec  7 2020 20:07:01 by "mach5one" with unknown MS VC++:1925

END.
