#
# A fatal error has been detected by the Java Runtime Environment:
#
#  EXCEPTION_ACCESS_VIOLATION (0xc0000005) at pc=0x00007ff8f5d4a1eb, pid=10988, tid=1528
#
# JRE version: Java(TM) SE Runtime Environment (15.0.2+7) (build 15.0.2+7-27)
# Java VM: Java HotSpot(TM) 64-Bit Server VM (15.0.2+7-27, mixed mode, sharing, tiered, compressed oops, g1 gc, windows-amd64)
# Problematic frame:
# V  [jvm.dll+0x27a1eb]
#
# No core dump will be written. Minidumps are not enabled by default on client versions of Windows
#
# If you would like to submit a bug report, please visit:
#   https://bugreport.java.com/bugreport/crash.jsp
#

---------------  S U M M A R Y ------------

Command Line: --add-opens=java.base/java.util=ALL-UNNAMED --add-opens=java.base/java.lang=ALL-UNNAMED --add-opens=java.base/java.lang.invoke=ALL-UNNAMED --add-opens=java.prefs/java.util.prefs=ALL-UNNAMED -Xmx2048m -Dfile.encoding=UTF-8 -Duser.country=IN -Duser.language=en -Duser.variant org.gradle.launcher.daemon.bootstrap.GradleDaemon 6.7.1

Host: Intel(R) Core(TM) i3-6006U CPU @ 2.00GHz, 4 cores, 11G,  Windows 10 , 64 bit Build 19041 (10.0.19041.1023)
Time: Tue Jul 27 15:25:58 2021 India Standard Time elapsed time: 49.192380 seconds (0d 0h 0m 49s)

---------------  T H R E A D  ---------------

Current thread (0x0000028a23a6ea70):  JavaThread "C2 CompilerThread1" daemon [_thread_in_native, id=1528, stack(0x000000dd98b00000,0x000000dd98c00000)]


Current CompileTask:
C2:  49192 11286   !   4       java.io.ObjectOutputStream::writeObject0 (620 bytes)

Stack: [0x000000dd98b00000,0x000000dd98c00000],  sp=0x000000dd98bfab80,  free space=1002k
Native frames: (J=compiled Java code, j=interpreted, Vv=VM code, C=native code)
V  [jvm.dll+0x27a1eb]
V  [jvm.dll+0x540794]
V  [jvm.dll+0x1f3124]
V  [jvm.dll+0x1ecaf1]
V  [jvm.dll+0x1e9867]
V  [jvm.dll+0x178567]
V  [jvm.dll+0x1f9225]
V  [jvm.dll+0x1f72cc]
V  [jvm.dll+0x74495d]
V  [jvm.dll+0x73d75a]
V  [jvm.dll+0x629c56]
C  [ucrtbase.dll+0x21bb2]
C  [KERNEL32.DLL+0x17034]
C  [ntdll.dll+0x52651]


siginfo: EXCEPTION_ACCESS_VIOLATION (0xc0000005), writing address 0x0000028a20bf9f6c


Register to memory mapping:

RIP=0x00007ff8f5d4a1eb jvm.dll
RAX=0x0000000000000002 is an unknown value
RBX=0x0000028a22bf9f60 points into unknown readable memory: 0x0000028a2076e208 | 08 e2 76 20 8a 02 00 00
RCX=0x0000028a22bcd050 points into unknown readable memory: 0x0000000000000000 | 00 00 00 00 00 00 00 00
RDX=0x0000028a22bf9fb0 points into unknown readable memory: 0x0000028a2076e8a8 | a8 e8 76 20 8a 02 00 00
RSP=0x000000dd98bfab80 is pointing into the stack for thread: 0x0000028a23a6ea70
RBP=0x0000028a22bcd050 points into unknown readable memory: 0x0000000000000000 | 00 00 00 00 00 00 00 00
RSI=0x000000dd98bfb140 is pointing into the stack for thread: 0x0000028a23a6ea70
RDI=0x0000000000000001 is an unknown value
R8 =0x0000028a22bf9fb0 points into unknown readable memory: 0x0000028a2076e8a8 | a8 e8 76 20 8a 02 00 00
R9 =0x0000028a22bfa550 points into unknown readable memory: 0x0000028a7fdefe90 | 90 fe de 7f 8a 02 00 00
R10=0x0000000000000018 is an unknown value
R11=0x0000028a20bf9f60 is an unknown value
R12=0x0000028a22bf9fb0 points into unknown readable memory: 0x0000028a2076e8a8 | a8 e8 76 20 8a 02 00 00
R13=0x0 is NULL
R14=0x0000028a1d37bc80 points into unknown readable memory: 0xffffffff00000001 | 01 00 00 00 ff ff ff ff
R15=0x0000028a2076e8a8 points into unknown readable memory: 0x00007ff8f62c8460 | 60 84 2c f6 f8 7f 00 00


Registers:
RAX=0x0000000000000002, RBX=0x0000028a22bf9f60, RCX=0x0000028a22bcd050, RDX=0x0000028a22bf9fb0
RSP=0x000000dd98bfab80, RBP=0x0000028a22bcd050, RSI=0x000000dd98bfb140, RDI=0x0000000000000001
R8 =0x0000028a22bf9fb0, R9 =0x0000028a22bfa550, R10=0x0000000000000018, R11=0x0000028a20bf9f60
R12=0x0000028a22bf9fb0, R13=0x0000000000000000, R14=0x0000028a1d37bc80, R15=0x0000028a2076e8a8
RIP=0x00007ff8f5d4a1eb, EFLAGS=0x0000000000010202

Top of Stack: (sp=0x000000dd98bfab80)
0x000000dd98bfab80:   0000028a22bcd050 0000028a23d09690
0x000000dd98bfab90:   000000dd98bfb140 0000028a1d37bc80
0x000000dd98bfaba0:   0000028a1d37bc80 0000028a1eb13f50
0x000000dd98bfabb0:   0000028a1ece7840 0000000000139e78
0x000000dd98bfabc0:   0000028a1ecf4c40 0000028a1ecf4c40
0x000000dd98bfabd0:   0000000000000200 0000028a1ddc04e0
0x000000dd98bfabe0:   0000000000000200 0000028a1eb13f50
0x000000dd98bfabf0:   000000001d43618e 0000000000000000
0x000000dd98bfac00:   0000028a1eb13f50 0000028a7c7707b0
0x000000dd98bfac10:   0000000000000000 0000000000000000
0x000000dd98bfac20:   0000000000000000 000000dd98bfad40
0x000000dd98bfac30:   000000dd98bfb140 00007ff8f6010794
0x000000dd98bfac40:   000000dd98bfb140 000000dd000011fa
0x000000dd98bfac50:   0000028a22bcd050 00000000000008fd
0x000000dd98bfac60:   000000dd98bfacd0 0000000000020020
0x000000dd98bfac70:   0000028a1eb13f50 00007ff800002000 

Instructions: (pc=0x00007ff8f5d4a1eb)
0x00007ff8f5d4a0eb:   8b 4b 20 48 85 c9 75 06 48 8b 4b 18 eb 43 48 83
0x00007ff8f5d4a0fb:   79 20 00 74 2a e8 eb f9 ff ff 4c 8b 43 20 48 8b
0x00007ff8f5d4a10b:   53 18 49 8b 48 18 8b 42 08 39 41 08 73 07 48 89
0x00007ff8f5d4a11b:   4b 18 48 8b d1 49 8b 48 20 48 89 4b 20 eb 04 48
0x00007ff8f5d4a12b:   8b 53 18 48 8b 49 18 8b 42 08 39 41 08 48 0f 43
0x00007ff8f5d4a13b:   ca 8b 41 08 41 3b 44 24 08 73 05 41 89 44 24 08
0x00007ff8f5d4a14b:   ff c7 41 3b 7f 18 0f 82 4b ff ff ff 41 8b 44 24
0x00007ff8f5d4a15b:   08 4d 8b c4 48 8d 0c 80 48 03 c9 48 8b 44 cd 38
0x00007ff8f5d4a16b:   49 89 44 24 38 4c 89 64 cd 38 49 8b 44 24 28 49
0x00007ff8f5d4a17b:   8b 54 24 18 4d 8b 5c 24 10 48 8b 48 18 8b 41 08
0x00007ff8f5d4a18b:   39 42 08 73 52 4d 8b 48 28 45 8b 50 0c 49 8b 41
0x00007ff8f5d4a19b:   28 8b 50 0c 41 8b 41 0c 41 03 d2 03 c0 3b d0 72
0x00007ff8f5d4a1ab:   12 4d 89 41 20 49 8b 40 28 48 8b 48 28 49 89 48
0x00007ff8f5d4a1bb:   28 eb 0f 45 89 51 0c 49 8b 40 28 49 89 40 20 4c
0x00007ff8f5d4a1cb:   8b c0 49 8b 40 28 49 8b 54 24 18 48 8b 48 18 8b
0x00007ff8f5d4a1db:   41 08 39 42 08 72 ae 49 89 50 18 41 8b 44 24 0c
0x00007ff8f5d4a1eb:   41 01 43 0c 41 8b 44 24 0c 03 c0 41 39 43 0c 73
0x00007ff8f5d4a1fb:   0b 49 8b c0 4d 8b 43 28 49 89 43 28 4c 3b c5 74
0x00007ff8f5d4a20b:   11 0f 1f 40 00 4d 89 58 20 4d 8b 40 28 4c 3b c5
0x00007ff8f5d4a21b:   75 f3 49 8b 44 24 10 48 8b 58 38 48 85 db 74 71
0x00007ff8f5d4a22b:   0f 1f 44 00 00 48 8b 4b 20 48 85 c9 75 06 48 8b
0x00007ff8f5d4a23b:   4b 18 eb 43 48 83 79 20 00 74 2a e8 a5 f8 ff ff
0x00007ff8f5d4a24b:   4c 8b 43 20 48 8b 53 18 49 8b 48 18 8b 42 08 39
0x00007ff8f5d4a25b:   41 08 73 07 48 89 4b 18 48 8b d1 49 8b 48 20 48
0x00007ff8f5d4a26b:   89 4b 20 eb 04 48 8b 53 18 48 8b 49 18 8b 42 08
0x00007ff8f5d4a27b:   39 41 08 48 0f 43 ca 8b 43 08 39 41 08 72 05 49
0x00007ff8f5d4a28b:   8b 4c 24 10 48 89 4b 30 48 8b 5b 38 48 85 db 75
0x00007ff8f5d4a29b:   94 80 be b0 09 00 00 00 0f 85 32 01 00 00 41 8b
0x00007ff8f5d4a2ab:   47 2c 24 3f 3c 20 0f 85 24 01 00 00 bd 01 00 00
0x00007ff8f5d4a2bb:   00 41 39 6f 18 0f 86 0d 01 00 00 66 66 0f 1f 84
0x00007ff8f5d4a2cb:   00 00 00 00 00 49 8b 47 08 8b cd 48 8b 1c c8 48
0x00007ff8f5d4a2db:   85 db 75 24 4c 8d 0d 92 59 60 00 ba 2c 03 00 00 


Stack slot to memory mapping:
stack at sp + 0 slots: 0x0000028a22bcd050 points into unknown readable memory: 0x0000000000000000 | 00 00 00 00 00 00 00 00
stack at sp + 1 slots: 0x0000028a23d09690 points into unknown readable memory: 0x0000000000000000 | 00 00 00 00 00 00 00 00
stack at sp + 2 slots: 0x000000dd98bfb140 is pointing into the stack for thread: 0x0000028a23a6ea70
stack at sp + 3 slots: 0x0000028a1d37bc80 points into unknown readable memory: 0xffffffff00000001 | 01 00 00 00 ff ff ff ff
stack at sp + 4 slots: 0x0000028a1d37bc80 points into unknown readable memory: 0xffffffff00000001 | 01 00 00 00 ff ff ff ff
stack at sp + 5 slots: 0x0000028a1eb13f50 points into unknown readable memory: 0x00007ff800000006 | 06 00 00 00 f8 7f 00 00
stack at sp + 6 slots: 0x0000028a1ece7840 points into unknown readable memory: 0x0000028a22bcd040 | 40 d0 bc 22 8a 02 00 00
stack at sp + 7 slots: 0x0000000000139e78 is an unknown value


---------------  P R O C E S S  ---------------

Threads class SMR info:
_java_thread_list=0x0000028a1f167680, length=127, elements={
0x0000028a7c77edf0, 0x0000028a7f936f60, 0x0000028a7f937a40, 0x0000028a7f94c860,
0x0000028a7f94f530, 0x0000028a7f952f10, 0x0000028a7f95bcc0, 0x0000028a7f97fc80,
0x0000028a7f98ba80, 0x0000028a7fbb6700, 0x0000028a7fbeed90, 0x0000028a1ce9d290,
0x0000028a1d9b2010, 0x0000028a1ce9a4a0, 0x0000028a1cb7a040, 0x0000028a1d0dde00,
0x0000028a1da70040, 0x0000028a1cb7d860, 0x0000028a1d5c9c00, 0x0000028a1d5c9260,
0x0000028a1d5c83f0, 0x0000028a1d5c88c0, 0x0000028a1d5ca0d0, 0x0000028a1d5c7a50,
0x0000028a1f2c24a0, 0x0000028a1f2c5e60, 0x0000028a1f2c1160, 0x0000028a1f2c1630,
0x0000028a1f2c1b00, 0x0000028a1f2c6800, 0x0000028a1f2c37e0, 0x0000028a1f2c6cd0,
0x0000028a1f2c0c90, 0x0000028a1f2c3cb0, 0x0000028a1f2c71a0, 0x0000028a1f2bf950,
0x0000028a1f2c4ff0, 0x0000028a1f2c4180, 0x0000028a1f2c4b20, 0x0000028a1f2c54c0,
0x0000028a1f2c5990, 0x0000028a1f2bfe20, 0x0000028a1f2c02f0, 0x0000028a1f2c07c0,
0x0000028a1c9ff210, 0x0000028a1c9ff6e0, 0x0000028a1ca043e0, 0x0000028a1ca03f10,
0x0000028a1ca04d80, 0x0000028a1ca013c0, 0x0000028a1ca00080, 0x0000028a1c9ffbb0,
0x0000028a1ca03a40, 0x0000028a1ca01890, 0x0000028a1ca00550, 0x0000028a1ca01d60,
0x0000028a1c9fe3a0, 0x0000028a1ca05720, 0x0000028a1ca048b0, 0x0000028a1ca02230,
0x0000028a1ca00a20, 0x0000028a1ca02700, 0x0000028a1ca02bd0, 0x0000028a1ca03570,
0x0000028a1c9fded0, 0x0000028a1ca00ef0, 0x0000028a1ca030a0, 0x0000028a1ca05250,
0x0000028a1c9fe870, 0x0000028a1c9fed40, 0x0000028a1ffee4b0, 0x0000028a1ffec7d0,
0x0000028a1ffe9c80, 0x0000028a1ffeb960, 0x0000028a1ffeafc0, 0x0000028a1ffebe30,
0x0000028a1ffe8940, 0x0000028a1ffec300, 0x0000028a1ffef7f0, 0x0000028a1ffea150,
0x0000028a1ffea620, 0x0000028a1ffecca0, 0x0000028a1ffe92e0, 0x0000028a1ffeaaf0,
0x0000028a1ffeb490, 0x0000028a1ffeee50, 0x0000028a1ffe97b0, 0x0000028a1ffed640,
0x0000028a1ffe8e10, 0x0000028a1ffed170, 0x0000028a1ffedb10, 0x0000028a1ffedfe0,
0x0000028a1ffee980, 0x0000028a1ffef320, 0x0000028a1ffe7fa0, 0x0000028a1ffe8470,
0x0000028a1cb598e0, 0x0000028a1cb54240, 0x0000028a1cb59db0, 0x0000028a1cb55f20,
0x0000028a1cb563f0, 0x0000028a1cb533d0, 0x0000028a1cb538a0, 0x0000028a1cb58f40,
0x0000028a1cb52f00, 0x0000028a1cb54be0, 0x0000028a1cb54710, 0x0000028a1cb56d90,
0x0000028a1cb568c0, 0x0000028a1cb57730, 0x0000028a1cb580d0, 0x0000028a1cb550b0,
0x0000028a1cb55580, 0x0000028a1cb57c00, 0x0000028a1cb53d70, 0x0000028a1cb55a50,
0x0000028a1cb585a0, 0x0000028a1cb57260, 0x0000028a1cb58a70, 0x0000028a1cb59410,
0x0000028a1cb5a280, 0x0000028a1cb5a750, 0x0000028a1d33f4d0, 0x0000028a23a6ea70,
0x0000028a1bccb900, 0x0000028a1bcd1470, 0x0000028a1bcd0130
}

Java Threads: ( => current thread )
  0x0000028a7c77edf0 JavaThread "main" [_thread_in_Java, id=11044, stack(0x000000dd8ea00000,0x000000dd8eb00000)]
  0x0000028a7f936f60 JavaThread "Reference Handler" daemon [_thread_blocked, id=10344, stack(0x000000dd8f100000,0x000000dd8f200000)]
  0x0000028a7f937a40 JavaThread "Finalizer" daemon [_thread_blocked, id=10348, stack(0x000000dd8f200000,0x000000dd8f300000)]
  0x0000028a7f94c860 JavaThread "Signal Dispatcher" daemon [_thread_blocked, id=5080, stack(0x000000dd8f300000,0x000000dd8f400000)]
  0x0000028a7f94f530 JavaThread "Attach Listener" daemon [_thread_blocked, id=2396, stack(0x000000dd8f400000,0x000000dd8f500000)]
  0x0000028a7f952f10 JavaThread "Service Thread" daemon [_thread_blocked, id=9480, stack(0x000000dd8f500000,0x000000dd8f600000)]
  0x0000028a7f95bcc0 JavaThread "C2 CompilerThread0" daemon [_thread_blocked, id=9504, stack(0x000000dd8f600000,0x000000dd8f700000)]
  0x0000028a7f97fc80 JavaThread "C1 CompilerThread0" daemon [_thread_blocked, id=9256, stack(0x000000dd8f700000,0x000000dd8f800000)]
  0x0000028a7f98ba80 JavaThread "Sweeper thread" daemon [_thread_blocked, id=9500, stack(0x000000dd8f800000,0x000000dd8f900000)]
  0x0000028a7fbb6700 JavaThread "Common-Cleaner" daemon [_thread_blocked, id=9476, stack(0x000000dd8f900000,0x000000dd8fa00000)]
  0x0000028a7fbeed90 JavaThread "Notification Thread" daemon [_thread_blocked, id=2252, stack(0x000000dd8fa00000,0x000000dd8fb00000)]
  0x0000028a1ce9d290 JavaThread "Daemon health stats" [_thread_blocked, id=8884, stack(0x000000dd90000000,0x000000dd90100000)]
  0x0000028a1d9b2010 JavaThread "Incoming local TCP Connector on port 58507" [_thread_in_native, id=8480, stack(0x000000dd90200000,0x000000dd90300000)]
  0x0000028a1ce9a4a0 JavaThread "Daemon periodic checks" [_thread_blocked, id=4344, stack(0x000000dd90300000,0x000000dd90400000)]
  0x0000028a1cb7a040 JavaThread "Daemon" [_thread_blocked, id=8944, stack(0x000000dd90400000,0x000000dd90500000)]
  0x0000028a1d0dde00 JavaThread "Handler for socket connection from /127.0.0.1:58507 to /127.0.0.1:58508" [_thread_in_native, id=5936, stack(0x000000dd90500000,0x000000dd90600000)]
  0x0000028a1da70040 JavaThread "Cancel handler" [_thread_blocked, id=9024, stack(0x000000dd90600000,0x000000dd90700000)]
  0x0000028a1cb7d860 JavaThread "Daemon worker" [_thread_blocked, id=2816, stack(0x000000dd90700000,0x000000dd90800000)]
  0x0000028a1d5c9c00 JavaThread "Cache worker for file hash cache (C:\Users\HP\.gradle\caches\6.7.1\fileHashes)" [_thread_blocked, id=10608, stack(0x000000dd90b00000,0x000000dd90c00000)]
  0x0000028a1d5c9260 JavaThread "File lock request listener" [_thread_in_native, id=10616, stack(0x000000dd90c00000,0x000000dd90d00000)]
  0x0000028a1d5c83f0 JavaThread "Cache worker for journal cache (C:\Users\HP\.gradle\caches\journal-1)" [_thread_blocked, id=10576, stack(0x000000dd90d00000,0x000000dd90e00000)]
  0x0000028a1d5c88c0 JavaThread "Cache worker for execution history cache (C:\Users\HP\.gradle\caches\6.7.1\executionHistory)" [_thread_blocked, id=10588, stack(0x000000dd91300000,0x000000dd91400000)]
  0x0000028a1d5ca0d0 JavaThread "jar transforms" [_thread_blocked, id=10592, stack(0x000000dd91400000,0x000000dd91500000)]
  0x0000028a1d5c7a50 JavaThread "Cache worker for file content cache (C:\Users\HP\.gradle\caches\6.7.1\fileContent)" [_thread_blocked, id=10596, stack(0x000000dd91500000,0x000000dd91600000)]
  0x0000028a1f2c24a0 JavaThread "jar transforms Thread 2" [_thread_blocked, id=11100, stack(0x000000dd91b00000,0x000000dd91c00000)]
  0x0000028a1f2c5e60 JavaThread "jar transforms Thread 3" [_thread_blocked, id=11116, stack(0x000000dd91c00000,0x000000dd91d00000)]
  0x0000028a1f2c1160 JavaThread "jar transforms Thread 4" [_thread_blocked, id=11104, stack(0x000000dd91d00000,0x000000dd91e00000)]
  0x0000028a1f2c1630 JavaThread "jar transforms Thread 5" [_thread_blocked, id=10488, stack(0x000000dd91e00000,0x000000dd91f00000)]
  0x0000028a1f2c1b00 JavaThread "jar transforms Thread 6" [_thread_blocked, id=10612, stack(0x000000dd91f00000,0x000000dd92000000)]
  0x0000028a1f2c6800 JavaThread "jar transforms Thread 7" [_thread_blocked, id=10440, stack(0x000000dd92000000,0x000000dd92100000)]
  0x0000028a1f2c37e0 JavaThread "jar transforms Thread 8" [_thread_blocked, id=10460, stack(0x000000dd92100000,0x000000dd92200000)]
  0x0000028a1f2c6cd0 JavaThread "jar transforms Thread 9" [_thread_blocked, id=10436, stack(0x000000dd92200000,0x000000dd92300000)]
  0x0000028a1f2c0c90 JavaThread "jar transforms Thread 10" [_thread_blocked, id=10444, stack(0x000000dd92300000,0x000000dd92400000)]
  0x0000028a1f2c3cb0 JavaThread "jar transforms Thread 11" [_thread_blocked, id=10452, stack(0x000000dd92400000,0x000000dd92500000)]
  0x0000028a1f2c71a0 JavaThread "jar transforms Thread 12" [_thread_blocked, id=10464, stack(0x000000dd92500000,0x000000dd92600000)]
  0x0000028a1f2bf950 JavaThread "jar transforms Thread 13" [_thread_blocked, id=10468, stack(0x000000dd91a00000,0x000000dd91b00000)]
  0x0000028a1f2c4ff0 JavaThread "jar transforms Thread 14" [_thread_blocked, id=10472, stack(0x000000dd92600000,0x000000dd92700000)]
  0x0000028a1f2c4180 JavaThread "jar transforms Thread 15" [_thread_blocked, id=10476, stack(0x000000dd92700000,0x000000dd92800000)]
  0x0000028a1f2c4b20 JavaThread "jar transforms Thread 16" [_thread_blocked, id=10456, stack(0x000000dd92800000,0x000000dd92900000)]
  0x0000028a1f2c54c0 JavaThread "jar transforms Thread 17" [_thread_blocked, id=9392, stack(0x000000dd92900000,0x000000dd92a00000)]
  0x0000028a1f2c5990 JavaThread "jar transforms Thread 18" [_thread_blocked, id=9408, stack(0x000000dd92a00000,0x000000dd92b00000)]
  0x0000028a1f2bfe20 JavaThread "jar transforms Thread 19" [_thread_blocked, id=9076, stack(0x000000dd92b00000,0x000000dd92c00000)]
  0x0000028a1f2c02f0 JavaThread "jar transforms Thread 20" [_thread_blocked, id=9396, stack(0x000000dd92c00000,0x000000dd92d00000)]
  0x0000028a1f2c07c0 JavaThread "jar transforms Thread 21" [_thread_blocked, id=9404, stack(0x000000dd92d00000,0x000000dd92e00000)]
  0x0000028a1c9ff210 JavaThread "jar transforms Thread 22" [_thread_blocked, id=10116, stack(0x000000dd92e00000,0x000000dd92f00000)]
  0x0000028a1c9ff6e0 JavaThread "jar transforms Thread 23" [_thread_blocked, id=9284, stack(0x000000dd92f00000,0x000000dd93000000)]
  0x0000028a1ca043e0 JavaThread "jar transforms Thread 24" [_thread_blocked, id=8420, stack(0x000000dd93000000,0x000000dd93100000)]
  0x0000028a1ca03f10 JavaThread "jar transforms Thread 25" [_thread_blocked, id=5660, stack(0x000000dd93100000,0x000000dd93200000)]
  0x0000028a1ca04d80 JavaThread "jar transforms Thread 26" [_thread_blocked, id=10480, stack(0x000000dd93200000,0x000000dd93300000)]
  0x0000028a1ca013c0 JavaThread "jar transforms Thread 27" [_thread_blocked, id=10496, stack(0x000000dd93300000,0x000000dd93400000)]
  0x0000028a1ca00080 JavaThread "jar transforms Thread 28" [_thread_blocked, id=10448, stack(0x000000dd93400000,0x000000dd93500000)]
  0x0000028a1c9ffbb0 JavaThread "jar transforms Thread 29" [_thread_blocked, id=10524, stack(0x000000dd93500000,0x000000dd93600000)]
  0x0000028a1ca03a40 JavaThread "jar transforms Thread 30" [_thread_blocked, id=9412, stack(0x000000dd93600000,0x000000dd93700000)]
  0x0000028a1ca01890 JavaThread "jar transforms Thread 31" [_thread_blocked, id=9416, stack(0x000000dd93700000,0x000000dd93800000)]
  0x0000028a1ca00550 JavaThread "jar transforms Thread 32" [_thread_blocked, id=9444, stack(0x000000dd93800000,0x000000dd93900000)]
  0x0000028a1ca01d60 JavaThread "jar transforms Thread 33" [_thread_blocked, id=9448, stack(0x000000dd93900000,0x000000dd93a00000)]
  0x0000028a1c9fe3a0 JavaThread "jar transforms Thread 34" [_thread_blocked, id=9452, stack(0x000000dd93a00000,0x000000dd93b00000)]
  0x0000028a1ca05720 JavaThread "jar transforms Thread 35" [_thread_blocked, id=9472, stack(0x000000dd93b00000,0x000000dd93c00000)]
  0x0000028a1ca048b0 JavaThread "jar transforms Thread 36" [_thread_blocked, id=9456, stack(0x000000dd93c00000,0x000000dd93d00000)]
  0x0000028a1ca02230 JavaThread "jar transforms Thread 37" [_thread_blocked, id=10728, stack(0x000000dd93d00000,0x000000dd93e00000)]
  0x0000028a1ca00a20 JavaThread "jar transforms Thread 38" [_thread_blocked, id=9604, stack(0x000000dd93e00000,0x000000dd93f00000)]
  0x0000028a1ca02700 JavaThread "jar transforms Thread 39" [_thread_blocked, id=10836, stack(0x000000dd93f00000,0x000000dd94000000)]
  0x0000028a1ca02bd0 JavaThread "jar transforms Thread 40" [_thread_blocked, id=9620, stack(0x000000dd94000000,0x000000dd94100000)]
  0x0000028a1ca03570 JavaThread "jar transforms Thread 41" [_thread_blocked, id=9400, stack(0x000000dd94100000,0x000000dd94200000)]
  0x0000028a1c9fded0 JavaThread "jar transforms Thread 42" [_thread_blocked, id=6244, stack(0x000000dd94200000,0x000000dd94300000)]
  0x0000028a1ca00ef0 JavaThread "jar transforms Thread 43" [_thread_blocked, id=10484, stack(0x000000dd94300000,0x000000dd94400000)]
  0x0000028a1ca030a0 JavaThread "jar transforms Thread 44" [_thread_blocked, id=11064, stack(0x000000dd94400000,0x000000dd94500000)]
  0x0000028a1ca05250 JavaThread "jar transforms Thread 45" [_thread_blocked, id=3276, stack(0x000000dd94500000,0x000000dd94600000)]
  0x0000028a1c9fe870 JavaThread "jar transforms Thread 46" [_thread_blocked, id=6788, stack(0x000000dd94600000,0x000000dd94700000)]
  0x0000028a1c9fed40 JavaThread "jar transforms Thread 47" [_thread_blocked, id=1320, stack(0x000000dd94700000,0x000000dd94800000)]
  0x0000028a1ffee4b0 JavaThread "jar transforms Thread 48" [_thread_blocked, id=1892, stack(0x000000dd94800000,0x000000dd94900000)]
  0x0000028a1ffec7d0 JavaThread "jar transforms Thread 49" [_thread_blocked, id=6476, stack(0x000000dd94900000,0x000000dd94a00000)]
  0x0000028a1ffe9c80 JavaThread "jar transforms Thread 50" [_thread_blocked, id=3552, stack(0x000000dd94a00000,0x000000dd94b00000)]
  0x0000028a1ffeb960 JavaThread "jar transforms Thread 51" [_thread_blocked, id=948, stack(0x000000dd94b00000,0x000000dd94c00000)]
  0x0000028a1ffeafc0 JavaThread "jar transforms Thread 52" [_thread_blocked, id=6732, stack(0x000000dd94c00000,0x000000dd94d00000)]
  0x0000028a1ffebe30 JavaThread "jar transforms Thread 53" [_thread_blocked, id=1400, stack(0x000000dd94d00000,0x000000dd94e00000)]
  0x0000028a1ffe8940 JavaThread "jar transforms Thread 54" [_thread_blocked, id=4496, stack(0x000000dd94e00000,0x000000dd94f00000)]
  0x0000028a1ffec300 JavaThread "jar transforms Thread 55" [_thread_blocked, id=5576, stack(0x000000dd94f00000,0x000000dd95000000)]
  0x0000028a1ffef7f0 JavaThread "jar transforms Thread 56" [_thread_blocked, id=7824, stack(0x000000dd95000000,0x000000dd95100000)]
  0x0000028a1ffea150 JavaThread "jar transforms Thread 57" [_thread_blocked, id=4524, stack(0x000000dd95100000,0x000000dd95200000)]
  0x0000028a1ffea620 JavaThread "jar transforms Thread 58" [_thread_blocked, id=2736, stack(0x000000dd95200000,0x000000dd95300000)]
  0x0000028a1ffecca0 JavaThread "jar transforms Thread 59" [_thread_blocked, id=8800, stack(0x000000dd95300000,0x000000dd95400000)]
  0x0000028a1ffe92e0 JavaThread "jar transforms Thread 60" [_thread_blocked, id=7320, stack(0x000000dd95400000,0x000000dd95500000)]
  0x0000028a1ffeaaf0 JavaThread "jar transforms Thread 61" [_thread_blocked, id=5484, stack(0x000000dd95500000,0x000000dd95600000)]
  0x0000028a1ffeb490 JavaThread "jar transforms Thread 62" [_thread_blocked, id=2232, stack(0x000000dd95600000,0x000000dd95700000)]
  0x0000028a1ffeee50 JavaThread "jar transforms Thread 63" [_thread_blocked, id=9984, stack(0x000000dd95700000,0x000000dd95800000)]
  0x0000028a1ffe97b0 JavaThread "jar transforms Thread 64" [_thread_blocked, id=1488, stack(0x000000dd95800000,0x000000dd95900000)]
  0x0000028a1ffed640 JavaThread "jar transforms Thread 65" [_thread_blocked, id=6704, stack(0x000000dd95900000,0x000000dd95a00000)]
  0x0000028a1ffe8e10 JavaThread "jar transforms Thread 66" [_thread_blocked, id=7080, stack(0x000000dd95a00000,0x000000dd95b00000)]
  0x0000028a1ffed170 JavaThread "jar transforms Thread 67" [_thread_blocked, id=6528, stack(0x000000dd95b00000,0x000000dd95c00000)]
  0x0000028a1ffedb10 JavaThread "jar transforms Thread 68" [_thread_blocked, id=9848, stack(0x000000dd95c00000,0x000000dd95d00000)]
  0x0000028a1ffedfe0 JavaThread "jar transforms Thread 69" [_thread_blocked, id=10928, stack(0x000000dd95d00000,0x000000dd95e00000)]
  0x0000028a1ffee980 JavaThread "jar transforms Thread 70" [_thread_blocked, id=10964, stack(0x000000dd95e00000,0x000000dd95f00000)]
  0x0000028a1ffef320 JavaThread "jar transforms Thread 71" [_thread_blocked, id=10936, stack(0x000000dd95f00000,0x000000dd96000000)]
  0x0000028a1ffe7fa0 JavaThread "jar transforms Thread 72" [_thread_blocked, id=10564, stack(0x000000dd96000000,0x000000dd96100000)]
  0x0000028a1ffe8470 JavaThread "jar transforms Thread 73" [_thread_blocked, id=10388, stack(0x000000dd96100000,0x000000dd96200000)]
  0x0000028a1cb598e0 JavaThread "jar transforms Thread 74" [_thread_blocked, id=10932, stack(0x000000dd96200000,0x000000dd96300000)]
  0x0000028a1cb54240 JavaThread "jar transforms Thread 75" [_thread_blocked, id=7188, stack(0x000000dd96300000,0x000000dd96400000)]
  0x0000028a1cb59db0 JavaThread "jar transforms Thread 76" [_thread_blocked, id=9384, stack(0x000000dd96400000,0x000000dd96500000)]
  0x0000028a1cb55f20 JavaThread "jar transforms Thread 77" [_thread_blocked, id=11216, stack(0x000000dd96500000,0x000000dd96600000)]
  0x0000028a1cb563f0 JavaThread "jar transforms Thread 78" [_thread_blocked, id=11220, stack(0x000000dd96600000,0x000000dd96700000)]
  0x0000028a1cb533d0 JavaThread "jar transforms Thread 79" [_thread_blocked, id=10212, stack(0x000000dd96700000,0x000000dd96800000)]
  0x0000028a1cb538a0 JavaThread "jar transforms Thread 80" [_thread_blocked, id=9244, stack(0x000000dd96800000,0x000000dd96900000)]
  0x0000028a1cb58f40 JavaThread "jar transforms Thread 81" [_thread_blocked, id=9228, stack(0x000000dd96900000,0x000000dd96a00000)]
  0x0000028a1cb52f00 JavaThread "jar transforms Thread 82" [_thread_blocked, id=6020, stack(0x000000dd96a00000,0x000000dd96b00000)]
  0x0000028a1cb54be0 JavaThread "jar transforms Thread 83" [_thread_blocked, id=9240, stack(0x000000dd96b00000,0x000000dd96c00000)]
  0x0000028a1cb54710 JavaThread "jar transforms Thread 84" [_thread_blocked, id=9248, stack(0x000000dd96c00000,0x000000dd96d00000)]
  0x0000028a1cb56d90 JavaThread "jar transforms Thread 85" [_thread_blocked, id=5932, stack(0x000000dd96d00000,0x000000dd96e00000)]
  0x0000028a1cb568c0 JavaThread "jar transforms Thread 86" [_thread_blocked, id=6484, stack(0x000000dd96e00000,0x000000dd96f00000)]
  0x0000028a1cb57730 JavaThread "jar transforms Thread 87" [_thread_blocked, id=4460, stack(0x000000dd96f00000,0x000000dd97000000)]
  0x0000028a1cb580d0 JavaThread "jar transforms Thread 88" [_thread_blocked, id=9036, stack(0x000000dd97000000,0x000000dd97100000)]
  0x0000028a1cb550b0 JavaThread "jar transforms Thread 89" [_thread_blocked, id=9820, stack(0x000000dd97100000,0x000000dd97200000)]
  0x0000028a1cb55580 JavaThread "jar transforms Thread 90" [_thread_blocked, id=8688, stack(0x000000dd97200000,0x000000dd97300000)]
  0x0000028a1cb57c00 JavaThread "jar transforms Thread 91" [_thread_blocked, id=7952, stack(0x000000dd97300000,0x000000dd97400000)]
  0x0000028a1cb53d70 JavaThread "jar transforms Thread 92" [_thread_blocked, id=5916, stack(0x000000dd97400000,0x000000dd97500000)]
  0x0000028a1cb55a50 JavaThread "jar transforms Thread 93" [_thread_blocked, id=8108, stack(0x000000dd97500000,0x000000dd97600000)]
  0x0000028a1cb585a0 JavaThread "jar transforms Thread 94" [_thread_blocked, id=5708, stack(0x000000dd97600000,0x000000dd97700000)]
  0x0000028a1cb57260 JavaThread "jar transforms Thread 95" [_thread_blocked, id=9940, stack(0x000000dd97700000,0x000000dd97800000)]
  0x0000028a1cb58a70 JavaThread "jar transforms Thread 96" [_thread_blocked, id=10384, stack(0x000000dd97800000,0x000000dd97900000)]
  0x0000028a1cb59410 JavaThread "jar transforms Thread 97" [_thread_blocked, id=7916, stack(0x000000dd97900000,0x000000dd97a00000)]
  0x0000028a1cb5a280 JavaThread "jar transforms Thread 98" [_thread_blocked, id=10544, stack(0x000000dd97a00000,0x000000dd97b00000)]
  0x0000028a1cb5a750 JavaThread "jar transforms Thread 99" [_thread_blocked, id=10548, stack(0x000000dd97b00000,0x000000dd97c00000)]
  0x0000028a1d33f4d0 JavaThread "Memory manager" [_thread_blocked, id=7608, stack(0x000000dd97d00000,0x000000dd97e00000)]
=>0x0000028a23a6ea70 JavaThread "C2 CompilerThread1" daemon [_thread_in_native, id=1528, stack(0x000000dd98b00000,0x000000dd98c00000)]
  0x0000028a1bccb900 JavaThread "ForkJoinPool.commonPool-worker-3" daemon [_thread_blocked, id=2812, stack(0x000000dd98d00000,0x000000dd98e00000)]
  0x0000028a1bcd1470 JavaThread "ForkJoinPool.commonPool-worker-5" daemon [_thread_blocked, id=8424, stack(0x000000dd98e00000,0x000000dd98f00000)]
  0x0000028a1bcd0130 JavaThread "ForkJoinPool.commonPool-worker-7" daemon [_thread_blocked, id=6676, stack(0x000000dd98f00000,0x000000dd99000000)]

Other Threads:
  0x0000028a7f9327b0 VMThread "VM Thread" [stack: 0x000000dd8f000000,0x000000dd8f100000] [id=6636]
  0x0000028a7fbef260 WatcherThread [stack: 0x000000dd8fb00000,0x000000dd8fc00000] [id=8500]
  0x0000028a7c7be690 GCTaskThread "GC Thread#0" [stack: 0x000000dd8eb00000,0x000000dd8ec00000] [id=11248]
  0x0000028a1c0ec320 GCTaskThread "GC Thread#1" [stack: 0x000000dd8fc00000,0x000000dd8fd00000] [id=9340]
  0x0000028a1c0ec650 GCTaskThread "GC Thread#2" [stack: 0x000000dd8fd00000,0x000000dd8fe00000] [id=10264]
  0x0000028a1c0ec980 GCTaskThread "GC Thread#3" [stack: 0x000000dd8fe00000,0x000000dd8ff00000] [id=11112]
  0x0000028a7c7d1020 ConcurrentGCThread "G1 Main Marker" [stack: 0x000000dd8ec00000,0x000000dd8ed00000] [id=11252]
  0x0000028a7c7d1ba0 ConcurrentGCThread "G1 Conc#0" [stack: 0x000000dd8ed00000,0x000000dd8ee00000] [id=9352]
  0x0000028a7f7b24b0 ConcurrentGCThread "G1 Refine#0" [stack: 0x000000dd8ee00000,0x000000dd8ef00000] [id=9356]
  0x0000028a1f6f09e0 ConcurrentGCThread "G1 Refine#1" [stack: 0x000000dd98300000,0x000000dd98400000] [id=6428]
  0x0000028a1f6eeb80 ConcurrentGCThread "G1 Refine#2" [stack: 0x000000dd98900000,0x000000dd98a00000] [id=6152]
  0x0000028a1f6ed3e0 ConcurrentGCThread "G1 Refine#3" [stack: 0x000000dd98a00000,0x000000dd98b00000] [id=10684]
  0x0000028a7c858130 ConcurrentGCThread "G1 Young RemSet Sampling" [stack: 0x000000dd8ef00000,0x000000dd8f000000] [id=9508]

Threads with active compile tasks:
C2 CompilerThread1    49452 11286   !   4       java.io.ObjectOutputStream::writeObject0 (620 bytes)

VM state: not at safepoint (normal execution)

VM Mutex/Monitor currently owned by a thread: None

Heap address: 0x0000000080000000, size: 2048 MB, Compressed Oops mode: 32-bit
CDS archive(s) mapped at: [0x0000000800000000-0x0000000800b50000-0x0000000800b50000), size 11862016, SharedBaseAddress: 0x0000000800000000, ArchiveRelocationMode: 0.
Compressed class space mapped at: 0x0000000800b50000-0x0000000840b50000, size: 1073741824
Narrow klass base: 0x0000000800000000, Narrow klass shift: 3, Narrow klass range: 0x100000000

GC Precious Log:
 CPUs: 4 total, 4 available
 Memory: 12179M
 Large Page Support: Disabled
 NUMA Support: Disabled
 Compressed Oops: Enabled (32-bit)
 Heap Region Size: 1M
 Heap Min Capacity: 8M
 Heap Initial Capacity: 192M
 Heap Max Capacity: 2G
 Pre-touch: Disabled
 Parallel Workers: 4
 Concurrent Workers: 1
 Concurrent Refinement Workers: 4
 Periodic GC: Disabled

Heap:
 garbage-first heap   total 199680K, used 123396K [0x0000000080000000, 0x0000000100000000)
  region size 1024K, 15 young (15360K), 3 survivors (3072K)
 Metaspace       used 80418K, capacity 81614K, committed 81712K, reserved 1120256K
  class space    used 10265K, capacity 10578K, committed 10624K, reserved 1048576K

Heap Regions: E=young(eden), S=young(survivor), O=old, HS=humongous(starts), HC=humongous(continues), CS=collection set, F=free, OA=open archive, CA=closed archive, TAMS=top-at-mark-start (previous, next)
|   0|0x0000000080000000, 0x0000000080100000, 0x0000000080100000|100%| O|  |TAMS 0x0000000080100000, 0x0000000080000000| Untracked 
|   1|0x0000000080100000, 0x0000000080200000, 0x0000000080200000|100%| O|  |TAMS 0x0000000080200000, 0x0000000080100000| Untracked 
|   2|0x0000000080200000, 0x0000000080300000, 0x0000000080300000|100%| O|  |TAMS 0x0000000080300000, 0x0000000080200000| Untracked 
|   3|0x0000000080300000, 0x0000000080400000, 0x0000000080400000|100%|HS|  |TAMS 0x0000000080400000, 0x0000000080300000| Complete 
|   4|0x0000000080400000, 0x0000000080500000, 0x0000000080500000|100%|HC|  |TAMS 0x0000000080500000, 0x0000000080400000| Complete 
|   5|0x0000000080500000, 0x0000000080600000, 0x0000000080600000|100%|HC|  |TAMS 0x0000000080600000, 0x0000000080500000| Complete 
|   6|0x0000000080600000, 0x0000000080700000, 0x0000000080700000|100%| O|  |TAMS 0x0000000080700000, 0x0000000080600000| Untracked 
|   7|0x0000000080700000, 0x0000000080800000, 0x0000000080800000|100%| O|  |TAMS 0x0000000080800000, 0x0000000080700000| Untracked 
|   8|0x0000000080800000, 0x0000000080900000, 0x0000000080900000|100%| O|  |TAMS 0x0000000080900000, 0x0000000080800000| Untracked 
|   9|0x0000000080900000, 0x0000000080a00000, 0x0000000080a00000|100%| O|  |TAMS 0x0000000080900000, 0x0000000080900000| Untracked 
|  10|0x0000000080a00000, 0x0000000080b00000, 0x0000000080b00000|100%|HS|  |TAMS 0x0000000080b00000, 0x0000000080a00000| Complete 
|  11|0x0000000080b00000, 0x0000000080c00000, 0x0000000080c00000|100%| O|  |TAMS 0x0000000080c00000, 0x0000000080b00000| Untracked 
|  12|0x0000000080c00000, 0x0000000080d00000, 0x0000000080d00000|100%| O|  |TAMS 0x0000000080d00000, 0x0000000080c00000| Untracked 
|  13|0x0000000080d00000, 0x0000000080e00000, 0x0000000080e00000|100%| O|  |TAMS 0x0000000080e00000, 0x0000000080d00000| Untracked 
|  14|0x0000000080e00000, 0x0000000080f00000, 0x0000000080f00000|100%| O|  |TAMS 0x0000000080f00000, 0x0000000080e00000| Untracked 
|  15|0x0000000080f00000, 0x0000000081000000, 0x0000000081000000|100%| O|  |TAMS 0x0000000081000000, 0x0000000080f00000| Untracked 
|  16|0x0000000081000000, 0x0000000081100000, 0x0000000081100000|100%| O|  |TAMS 0x0000000081100000, 0x0000000081000000| Untracked 
|  17|0x0000000081100000, 0x0000000081200000, 0x0000000081200000|100%| O|  |TAMS 0x0000000081200000, 0x0000000081100000| Untracked 
|  18|0x0000000081200000, 0x0000000081300000, 0x0000000081300000|100%| O|  |TAMS 0x0000000081300000, 0x0000000081200000| Untracked 
|  19|0x0000000081300000, 0x0000000081400000, 0x0000000081400000|100%| O|  |TAMS 0x0000000081400000, 0x0000000081300000| Untracked 
|  20|0x0000000081400000, 0x0000000081500000, 0x0000000081500000|100%| O|  |TAMS 0x0000000081500000, 0x0000000081400000| Untracked 
|  21|0x0000000081500000, 0x0000000081600000, 0x0000000081600000|100%| O|  |TAMS 0x0000000081600000, 0x0000000081500000| Untracked 
|  22|0x0000000081600000, 0x0000000081700000, 0x0000000081700000|100%| O|  |TAMS 0x0000000081700000, 0x0000000081600000| Untracked 
|  23|0x0000000081700000, 0x0000000081800000, 0x0000000081800000|100%| O|  |TAMS 0x0000000081700000, 0x0000000081700000| Untracked 
|  24|0x0000000081800000, 0x0000000081900000, 0x0000000081900000|100%| O|  |TAMS 0x0000000081900000, 0x0000000081800000| Untracked 
|  25|0x0000000081900000, 0x0000000081a00000, 0x0000000081a00000|100%| O|  |TAMS 0x0000000081a00000, 0x0000000081900000| Untracked 
|  26|0x0000000081a00000, 0x0000000081b00000, 0x0000000081b00000|100%|HS|  |TAMS 0x0000000081b00000, 0x0000000081a00000| Complete 
|  27|0x0000000081b00000, 0x0000000081c00000, 0x0000000081c00000|100%|HC|  |TAMS 0x0000000081c00000, 0x0000000081b00000| Complete 
|  28|0x0000000081c00000, 0x0000000081d00000, 0x0000000081d00000|100%| O|  |TAMS 0x0000000081d00000, 0x0000000081c00000| Untracked 
|  29|0x0000000081d00000, 0x0000000081e00000, 0x0000000081e00000|100%| O|  |TAMS 0x0000000081e00000, 0x0000000081d00000| Untracked 
|  30|0x0000000081e00000, 0x0000000081f00000, 0x0000000081f00000|100%| O|  |TAMS 0x0000000081f00000, 0x0000000081e00000| Untracked 
|  31|0x0000000081f00000, 0x0000000082000000, 0x0000000082000000|100%| O|  |TAMS 0x0000000082000000, 0x0000000081f00000| Untracked 
|  32|0x0000000082000000, 0x0000000082100000, 0x0000000082100000|100%| O|  |TAMS 0x0000000082100000, 0x0000000082000000| Untracked 
|  33|0x0000000082100000, 0x0000000082200000, 0x0000000082200000|100%| O|  |TAMS 0x0000000082200000, 0x0000000082100000| Untracked 
|  34|0x0000000082200000, 0x0000000082300000, 0x0000000082300000|100%| O|  |TAMS 0x0000000082300000, 0x0000000082200000| Untracked 
|  35|0x0000000082300000, 0x0000000082400000, 0x0000000082400000|100%| O|  |TAMS 0x0000000082400000, 0x0000000082300000| Untracked 
|  36|0x0000000082400000, 0x0000000082500000, 0x0000000082500000|100%| O|  |TAMS 0x0000000082500000, 0x0000000082400000| Untracked 
|  37|0x0000000082500000, 0x0000000082600000, 0x0000000082600000|100%| O|  |TAMS 0x0000000082600000, 0x0000000082500000| Untracked 
|  38|0x0000000082600000, 0x0000000082700000, 0x0000000082700000|100%| O|  |TAMS 0x0000000082700000, 0x0000000082600000| Untracked 
|  39|0x0000000082700000, 0x0000000082800000, 0x0000000082800000|100%| O|  |TAMS 0x0000000082800000, 0x0000000082700000| Untracked 
|  40|0x0000000082800000, 0x0000000082900000, 0x0000000082900000|100%| O|  |TAMS 0x0000000082900000, 0x0000000082800000| Untracked 
|  41|0x0000000082900000, 0x0000000082a00000, 0x0000000082a00000|100%| O|  |TAMS 0x0000000082a00000, 0x0000000082900000| Untracked 
|  42|0x0000000082a00000, 0x0000000082b00000, 0x0000000082b00000|100%| O|  |TAMS 0x0000000082b00000, 0x0000000082a00000| Untracked 
|  43|0x0000000082b00000, 0x0000000082c00000, 0x0000000082c00000|100%| O|  |TAMS 0x0000000082c00000, 0x0000000082b00000| Untracked 
|  44|0x0000000082c00000, 0x0000000082d00000, 0x0000000082d00000|100%| O|  |TAMS 0x0000000082d00000, 0x0000000082c00000| Untracked 
|  45|0x0000000082d00000, 0x0000000082e00000, 0x0000000082e00000|100%| O|  |TAMS 0x0000000082e00000, 0x0000000082d00000| Untracked 
|  46|0x0000000082e00000, 0x0000000082f00000, 0x0000000082f00000|100%| O|  |TAMS 0x0000000082e00000, 0x0000000082e00000| Untracked 
|  47|0x0000000082f00000, 0x0000000083000000, 0x0000000083000000|100%| O|  |TAMS 0x0000000083000000, 0x0000000082f00000| Untracked 
|  48|0x0000000083000000, 0x0000000083100000, 0x0000000083100000|100%| O|  |TAMS 0x0000000083100000, 0x0000000083000000| Untracked 
|  49|0x0000000083100000, 0x0000000083200000, 0x0000000083200000|100%| O|  |TAMS 0x0000000083200000, 0x0000000083100000| Untracked 
|  50|0x0000000083200000, 0x0000000083300000, 0x0000000083300000|100%| O|  |TAMS 0x0000000083300000, 0x0000000083200000| Untracked 
|  51|0x0000000083300000, 0x0000000083400000, 0x0000000083400000|100%| O|  |TAMS 0x0000000083400000, 0x0000000083300000| Untracked 
|  52|0x0000000083400000, 0x0000000083500000, 0x0000000083500000|100%| O|  |TAMS 0x0000000083500000, 0x0000000083400000| Untracked 
|  53|0x0000000083500000, 0x0000000083600000, 0x0000000083600000|100%| O|  |TAMS 0x0000000083600000, 0x0000000083500000| Untracked 
|  54|0x0000000083600000, 0x0000000083700000, 0x0000000083700000|100%| O|  |TAMS 0x0000000083700000, 0x0000000083600000| Untracked 
|  55|0x0000000083700000, 0x0000000083800000, 0x0000000083800000|100%| O|  |TAMS 0x0000000083800000, 0x0000000083700000| Untracked 
|  56|0x0000000083800000, 0x0000000083900000, 0x0000000083900000|100%| O|  |TAMS 0x0000000083900000, 0x0000000083800000| Untracked 
|  57|0x0000000083900000, 0x0000000083948800, 0x0000000083a00000| 28%| O|  |TAMS 0x0000000083900000, 0x0000000083900000| Untracked 
|  58|0x0000000083a00000, 0x0000000083b00000, 0x0000000083b00000|100%| O|  |TAMS 0x0000000083b00000, 0x0000000083a00000| Untracked 
|  59|0x0000000083b00000, 0x0000000083c00000, 0x0000000083c00000|100%|HS|  |TAMS 0x0000000083b00000, 0x0000000083b00000| Complete 
|  60|0x0000000083c00000, 0x0000000083d00000, 0x0000000083d00000|100%| O|  |TAMS 0x0000000083d00000, 0x0000000083c00000| Untracked 
|  61|0x0000000083d00000, 0x0000000083e00000, 0x0000000083e00000|100%|HS|  |TAMS 0x0000000083d00000, 0x0000000083d00000| Complete 
|  62|0x0000000083e00000, 0x0000000083f00000, 0x0000000083f00000|100%|HC|  |TAMS 0x0000000083e00000, 0x0000000083e00000| Complete 
|  63|0x0000000083f00000, 0x0000000083f00000, 0x0000000084000000|  0%| F|  |TAMS 0x0000000083f00000, 0x0000000083f00000| Untracked 
|  64|0x0000000084000000, 0x0000000084100000, 0x0000000084100000|100%|HS|  |TAMS 0x0000000084100000, 0x0000000084000000| Complete 
|  65|0x0000000084100000, 0x0000000084200000, 0x0000000084200000|100%|HC|  |TAMS 0x0000000084200000, 0x0000000084100000| Complete 
|  66|0x0000000084200000, 0x0000000084200000, 0x0000000084300000|  0%| F|  |TAMS 0x0000000084200000, 0x0000000084200000| Untracked 
|  67|0x0000000084300000, 0x0000000084400000, 0x0000000084400000|100%|HS|  |TAMS 0x0000000084300000, 0x0000000084300000| Complete 
|  68|0x0000000084400000, 0x0000000084500000, 0x0000000084500000|100%|HC|  |TAMS 0x0000000084400000, 0x0000000084400000| Complete 
|  69|0x0000000084500000, 0x0000000084600000, 0x0000000084600000|100%| O|  |TAMS 0x0000000084600000, 0x0000000084500000| Untracked 
|  70|0x0000000084600000, 0x0000000084700000, 0x0000000084700000|100%| O|  |TAMS 0x0000000084700000, 0x0000000084600000| Untracked 
|  71|0x0000000084700000, 0x0000000084800000, 0x0000000084800000|100%| O|  |TAMS 0x0000000084800000, 0x0000000084700000| Untracked 
|  72|0x0000000084800000, 0x0000000084900000, 0x0000000084900000|100%| O|  |TAMS 0x0000000084900000, 0x0000000084800000| Untracked 
|  73|0x0000000084900000, 0x0000000084a00000, 0x0000000084a00000|100%| O|  |TAMS 0x0000000084a00000, 0x0000000084900000| Untracked 
|  74|0x0000000084a00000, 0x0000000084a00000, 0x0000000084b00000|  0%| F|  |TAMS 0x0000000084a00000, 0x0000000084a00000| Untracked 
|  75|0x0000000084b00000, 0x0000000084c00000, 0x0000000084c00000|100%| O|  |TAMS 0x0000000084c00000, 0x0000000084b00000| Untracked 
|  76|0x0000000084c00000, 0x0000000084d00000, 0x0000000084d00000|100%| O|  |TAMS 0x0000000084d00000, 0x0000000084c00000| Untracked 
|  77|0x0000000084d00000, 0x0000000084e00000, 0x0000000084e00000|100%| O|  |TAMS 0x0000000084e00000, 0x0000000084d00000| Untracked 
|  78|0x0000000084e00000, 0x0000000084f00000, 0x0000000084f00000|100%| O|  |TAMS 0x0000000084f00000, 0x0000000084e00000| Untracked 
|  79|0x0000000084f00000, 0x0000000084f00000, 0x0000000085000000|  0%| F|  |TAMS 0x0000000084f00000, 0x0000000084f00000| Untracked 
|  80|0x0000000085000000, 0x0000000085100000, 0x0000000085100000|100%| O|  |TAMS 0x0000000085100000, 0x0000000085000000| Untracked 
|  81|0x0000000085100000, 0x0000000085200000, 0x0000000085200000|100%| O|  |TAMS 0x0000000085200000, 0x0000000085100000| Untracked 
|  82|0x0000000085200000, 0x0000000085300000, 0x0000000085300000|100%| O|  |TAMS 0x0000000085300000, 0x0000000085200000| Untracked 
|  83|0x0000000085300000, 0x0000000085400000, 0x0000000085400000|100%| O|  |TAMS 0x0000000085400000, 0x0000000085300000| Untracked 
|  84|0x0000000085400000, 0x0000000085500000, 0x0000000085500000|100%| O|  |TAMS 0x0000000085500000, 0x0000000085400000| Untracked 
|  85|0x0000000085500000, 0x0000000085600000, 0x0000000085600000|100%| O|  |TAMS 0x0000000085600000, 0x0000000085500000| Untracked 
|  86|0x0000000085600000, 0x0000000085700000, 0x0000000085700000|100%| O|  |TAMS 0x000000008564bc00, 0x0000000085600000| Untracked 
|  87|0x0000000085700000, 0x0000000085800000, 0x0000000085800000|100%|HS|  |TAMS 0x0000000085700000, 0x0000000085700000| Complete 
|  88|0x0000000085800000, 0x0000000085900000, 0x0000000085900000|100%|HC|  |TAMS 0x0000000085800000, 0x0000000085800000| Complete 
|  89|0x0000000085900000, 0x0000000085a00000, 0x0000000085a00000|100%|HS|  |TAMS 0x0000000085a00000, 0x0000000085900000| Complete 
|  90|0x0000000085a00000, 0x0000000085b00000, 0x0000000085b00000|100%|HC|  |TAMS 0x0000000085b00000, 0x0000000085a00000| Complete 
|  91|0x0000000085b00000, 0x0000000085c00000, 0x0000000085c00000|100%|HS|  |TAMS 0x0000000085c00000, 0x0000000085b00000| Complete 
|  92|0x0000000085c00000, 0x0000000085d00000, 0x0000000085d00000|100%|HC|  |TAMS 0x0000000085d00000, 0x0000000085c00000| Complete 
|  93|0x0000000085d00000, 0x0000000085e00000, 0x0000000085e00000|100%|HS|  |TAMS 0x0000000085e00000, 0x0000000085d00000| Complete 
|  94|0x0000000085e00000, 0x0000000085f00000, 0x0000000085f00000|100%|HC|  |TAMS 0x0000000085f00000, 0x0000000085e00000| Complete 
|  95|0x0000000085f00000, 0x0000000086000000, 0x0000000086000000|100%|HS|  |TAMS 0x0000000085f00000, 0x0000000085f00000| Complete 
|  96|0x0000000086000000, 0x0000000086100000, 0x0000000086100000|100%|HC|  |TAMS 0x0000000086000000, 0x0000000086000000| Complete 
|  97|0x0000000086100000, 0x0000000086200000, 0x0000000086200000|100%|HS|  |TAMS 0x0000000086100000, 0x0000000086100000| Complete 
|  98|0x0000000086200000, 0x0000000086300000, 0x0000000086300000|100%|HC|  |TAMS 0x0000000086200000, 0x0000000086200000| Complete 
|  99|0x0000000086300000, 0x0000000086400000, 0x0000000086400000|100%|HS|  |TAMS 0x0000000086300000, 0x0000000086300000| Complete 
| 100|0x0000000086400000, 0x0000000086500000, 0x0000000086500000|100%|HC|  |TAMS 0x0000000086400000, 0x0000000086400000| Complete 
| 101|0x0000000086500000, 0x0000000086600000, 0x0000000086600000|100%|HS|  |TAMS 0x0000000086500000, 0x0000000086500000| Complete 
| 102|0x0000000086600000, 0x0000000086700000, 0x0000000086700000|100%|HC|  |TAMS 0x0000000086600000, 0x0000000086600000| Complete 
| 103|0x0000000086700000, 0x0000000086800000, 0x0000000086800000|100%|HS|  |TAMS 0x0000000086700000, 0x0000000086700000| Complete 
| 104|0x0000000086800000, 0x0000000086900000, 0x0000000086900000|100%|HC|  |TAMS 0x0000000086800000, 0x0000000086800000| Complete 
| 105|0x0000000086900000, 0x0000000086a00000, 0x0000000086a00000|100%|HS|  |TAMS 0x0000000086900000, 0x0000000086900000| Complete 
| 106|0x0000000086a00000, 0x0000000086b00000, 0x0000000086b00000|100%|HC|  |TAMS 0x0000000086a00000, 0x0000000086a00000| Complete 
| 107|0x0000000086b00000, 0x0000000086c00000, 0x0000000086c00000|100%|HS|  |TAMS 0x0000000086b00000, 0x0000000086b00000| Complete 
| 108|0x0000000086c00000, 0x0000000086d00000, 0x0000000086d00000|100%|HC|  |TAMS 0x0000000086c00000, 0x0000000086c00000| Complete 
| 109|0x0000000086d00000, 0x0000000086e00000, 0x0000000086e00000|100%|HS|  |TAMS 0x0000000086d00000, 0x0000000086d00000| Complete 
| 110|0x0000000086e00000, 0x0000000086f00000, 0x0000000086f00000|100%|HC|  |TAMS 0x0000000086e00000, 0x0000000086e00000| Complete 
| 111|0x0000000086f00000, 0x0000000087000000, 0x0000000087000000|100%|HS|  |TAMS 0x0000000086f00000, 0x0000000086f00000| Complete 
| 112|0x0000000087000000, 0x0000000087100000, 0x0000000087100000|100%|HC|  |TAMS 0x0000000087000000, 0x0000000087000000| Complete 
| 113|0x0000000087100000, 0x0000000087100000, 0x0000000087200000|  0%| F|  |TAMS 0x0000000087100000, 0x0000000087100000| Untracked 
| 114|0x0000000087200000, 0x0000000087200000, 0x0000000087300000|  0%| F|  |TAMS 0x0000000087200000, 0x0000000087200000| Untracked 
| 115|0x0000000087300000, 0x0000000087300000, 0x0000000087400000|  0%| F|  |TAMS 0x0000000087300000, 0x0000000087300000| Untracked 
| 116|0x0000000087400000, 0x0000000087400000, 0x0000000087500000|  0%| F|  |TAMS 0x0000000087400000, 0x0000000087400000| Untracked 
| 117|0x0000000087500000, 0x0000000087500000, 0x0000000087600000|  0%| F|  |TAMS 0x0000000087500000, 0x0000000087500000| Untracked 
| 118|0x0000000087600000, 0x0000000087600000, 0x0000000087700000|  0%| F|  |TAMS 0x0000000087600000, 0x0000000087600000| Untracked 
| 119|0x0000000087700000, 0x0000000087700000, 0x0000000087800000|  0%| F|  |TAMS 0x0000000087700000, 0x0000000087700000| Untracked 
| 120|0x0000000087800000, 0x0000000087800000, 0x0000000087900000|  0%| F|  |TAMS 0x0000000087800000, 0x0000000087800000| Untracked 
| 121|0x0000000087900000, 0x0000000087900000, 0x0000000087a00000|  0%| F|  |TAMS 0x0000000087900000, 0x0000000087900000| Untracked 
| 122|0x0000000087a00000, 0x0000000087a00000, 0x0000000087b00000|  0%| F|  |TAMS 0x0000000087a00000, 0x0000000087a00000| Untracked 
| 123|0x0000000087b00000, 0x0000000087b00000, 0x0000000087c00000|  0%| F|  |TAMS 0x0000000087b00000, 0x0000000087b00000| Untracked 
| 124|0x0000000087c00000, 0x0000000087c00000, 0x0000000087d00000|  0%| F|  |TAMS 0x0000000087c00000, 0x0000000087c00000| Untracked 
| 125|0x0000000087d00000, 0x0000000087d00000, 0x0000000087e00000|  0%| F|  |TAMS 0x0000000087d00000, 0x0000000087d00000| Untracked 
| 126|0x0000000087e00000, 0x0000000087e00000, 0x0000000087f00000|  0%| F|  |TAMS 0x0000000087e00000, 0x0000000087e00000| Untracked 
| 127|0x0000000087f00000, 0x0000000087f00000, 0x0000000088000000|  0%| F|  |TAMS 0x0000000087f00000, 0x0000000087f00000| Untracked 
| 128|0x0000000088000000, 0x0000000088000000, 0x0000000088100000|  0%| F|  |TAMS 0x0000000088000000, 0x0000000088000000| Untracked 
| 129|0x0000000088100000, 0x0000000088100000, 0x0000000088200000|  0%| F|  |TAMS 0x0000000088100000, 0x0000000088100000| Untracked 
| 130|0x0000000088200000, 0x0000000088200000, 0x0000000088300000|  0%| F|  |TAMS 0x0000000088200000, 0x0000000088200000| Untracked 
| 131|0x0000000088300000, 0x0000000088300000, 0x0000000088400000|  0%| F|  |TAMS 0x0000000088300000, 0x0000000088300000| Untracked 
| 132|0x0000000088400000, 0x0000000088400000, 0x0000000088500000|  0%| F|  |TAMS 0x0000000088400000, 0x0000000088400000| Untracked 
| 133|0x0000000088500000, 0x0000000088500000, 0x0000000088600000|  0%| F|  |TAMS 0x0000000088500000, 0x0000000088500000| Untracked 
| 134|0x0000000088600000, 0x0000000088600000, 0x0000000088700000|  0%| F|  |TAMS 0x0000000088600000, 0x0000000088600000| Untracked 
| 135|0x0000000088700000, 0x0000000088700000, 0x0000000088800000|  0%| F|  |TAMS 0x0000000088700000, 0x0000000088700000| Untracked 
| 136|0x0000000088800000, 0x0000000088800000, 0x0000000088900000|  0%| F|  |TAMS 0x0000000088800000, 0x0000000088800000| Untracked 
| 137|0x0000000088900000, 0x0000000088900000, 0x0000000088a00000|  0%| F|  |TAMS 0x0000000088900000, 0x0000000088900000| Untracked 
| 138|0x0000000088a00000, 0x0000000088a00000, 0x0000000088b00000|  0%| F|  |TAMS 0x0000000088a00000, 0x0000000088a00000| Untracked 
| 139|0x0000000088b00000, 0x0000000088b00000, 0x0000000088c00000|  0%| F|  |TAMS 0x0000000088b00000, 0x0000000088b00000| Untracked 
| 140|0x0000000088c00000, 0x0000000088c00000, 0x0000000088d00000|  0%| F|  |TAMS 0x0000000088c00000, 0x0000000088c00000| Untracked 
| 141|0x0000000088d00000, 0x0000000088d00000, 0x0000000088e00000|  0%| F|  |TAMS 0x0000000088d00000, 0x0000000088d00000| Untracked 
| 142|0x0000000088e00000, 0x0000000088e00000, 0x0000000088f00000|  0%| F|  |TAMS 0x0000000088e00000, 0x0000000088e00000| Untracked 
| 143|0x0000000088f00000, 0x0000000088f00000, 0x0000000089000000|  0%| F|  |TAMS 0x0000000088f00000, 0x0000000088f00000| Untracked 
| 144|0x0000000089000000, 0x0000000089038958, 0x0000000089100000| 22%| S|CS|TAMS 0x0000000089000000, 0x0000000089000000| Complete 
| 145|0x0000000089100000, 0x0000000089200000, 0x0000000089200000|100%| S|CS|TAMS 0x0000000089100000, 0x0000000089100000| Complete 
| 146|0x0000000089200000, 0x0000000089300000, 0x0000000089300000|100%| S|CS|TAMS 0x0000000089200000, 0x0000000089200000| Complete 
| 147|0x0000000089300000, 0x0000000089300000, 0x0000000089400000|  0%| F|  |TAMS 0x0000000089300000, 0x0000000089300000| Untracked 
| 148|0x0000000089400000, 0x0000000089400000, 0x0000000089500000|  0%| F|  |TAMS 0x0000000089400000, 0x0000000089400000| Untracked 
| 149|0x0000000089500000, 0x0000000089500000, 0x0000000089600000|  0%| F|  |TAMS 0x0000000089500000, 0x0000000089500000| Untracked 
| 150|0x0000000089600000, 0x0000000089600000, 0x0000000089700000|  0%| F|  |TAMS 0x0000000089600000, 0x0000000089600000| Untracked 
| 151|0x0000000089700000, 0x0000000089700000, 0x0000000089800000|  0%| F|  |TAMS 0x0000000089700000, 0x0000000089700000| Untracked 
| 152|0x0000000089800000, 0x0000000089800000, 0x0000000089900000|  0%| F|  |TAMS 0x0000000089800000, 0x0000000089800000| Untracked 
| 153|0x0000000089900000, 0x0000000089900000, 0x0000000089a00000|  0%| F|  |TAMS 0x0000000089900000, 0x0000000089900000| Untracked 
| 154|0x0000000089a00000, 0x0000000089a00000, 0x0000000089b00000|  0%| F|  |TAMS 0x0000000089a00000, 0x0000000089a00000| Untracked 
| 155|0x0000000089b00000, 0x0000000089b00000, 0x0000000089c00000|  0%| F|  |TAMS 0x0000000089b00000, 0x0000000089b00000| Untracked 
| 156|0x0000000089c00000, 0x0000000089c00000, 0x0000000089d00000|  0%| F|  |TAMS 0x0000000089c00000, 0x0000000089c00000| Untracked 
| 157|0x0000000089d00000, 0x0000000089d00000, 0x0000000089e00000|  0%| F|  |TAMS 0x0000000089d00000, 0x0000000089d00000| Untracked 
| 158|0x0000000089e00000, 0x0000000089e00000, 0x0000000089f00000|  0%| F|  |TAMS 0x0000000089e00000, 0x0000000089e00000| Untracked 
| 159|0x0000000089f00000, 0x0000000089f00000, 0x000000008a000000|  0%| F|  |TAMS 0x0000000089f00000, 0x0000000089f00000| Untracked 
| 160|0x000000008a000000, 0x000000008a000000, 0x000000008a100000|  0%| F|  |TAMS 0x000000008a000000, 0x000000008a000000| Untracked 
| 161|0x000000008a100000, 0x000000008a100000, 0x000000008a200000|  0%| F|  |TAMS 0x000000008a100000, 0x000000008a100000| Untracked 
| 162|0x000000008a200000, 0x000000008a200000, 0x000000008a300000|  0%| F|  |TAMS 0x000000008a200000, 0x000000008a200000| Untracked 
| 163|0x000000008a300000, 0x000000008a300000, 0x000000008a400000|  0%| F|  |TAMS 0x000000008a300000, 0x000000008a300000| Untracked 
| 164|0x000000008a400000, 0x000000008a400000, 0x000000008a500000|  0%| F|  |TAMS 0x000000008a400000, 0x000000008a400000| Untracked 
| 165|0x000000008a500000, 0x000000008a500000, 0x000000008a600000|  0%| F|  |TAMS 0x000000008a500000, 0x000000008a500000| Untracked 
| 166|0x000000008a600000, 0x000000008a600000, 0x000000008a700000|  0%| F|  |TAMS 0x000000008a600000, 0x000000008a600000| Untracked 
| 167|0x000000008a700000, 0x000000008a700000, 0x000000008a800000|  0%| F|  |TAMS 0x000000008a700000, 0x000000008a700000| Untracked 
| 168|0x000000008a800000, 0x000000008a800000, 0x000000008a900000|  0%| F|  |TAMS 0x000000008a800000, 0x000000008a800000| Untracked 
| 169|0x000000008a900000, 0x000000008a900000, 0x000000008aa00000|  0%| F|  |TAMS 0x000000008a900000, 0x000000008a900000| Untracked 
| 170|0x000000008aa00000, 0x000000008aa00000, 0x000000008ab00000|  0%| F|  |TAMS 0x000000008aa00000, 0x000000008aa00000| Untracked 
| 171|0x000000008ab00000, 0x000000008ab00000, 0x000000008ac00000|  0%| F|  |TAMS 0x000000008ab00000, 0x000000008ab00000| Untracked 
| 172|0x000000008ac00000, 0x000000008ac00000, 0x000000008ad00000|  0%| F|  |TAMS 0x000000008ac00000, 0x000000008ac00000| Untracked 
| 173|0x000000008ad00000, 0x000000008ad00000, 0x000000008ae00000|  0%| F|  |TAMS 0x000000008ad00000, 0x000000008ad00000| Untracked 
| 174|0x000000008ae00000, 0x000000008ae00000, 0x000000008af00000|  0%| F|  |TAMS 0x000000008ae00000, 0x000000008ae00000| Untracked 
| 175|0x000000008af00000, 0x000000008af00000, 0x000000008b000000|  0%| F|  |TAMS 0x000000008af00000, 0x000000008af00000| Untracked 
| 176|0x000000008b000000, 0x000000008b000000, 0x000000008b100000|  0%| F|  |TAMS 0x000000008b000000, 0x000000008b000000| Untracked 
| 177|0x000000008b100000, 0x000000008b100000, 0x000000008b200000|  0%| F|  |TAMS 0x000000008b100000, 0x000000008b100000| Untracked 
| 178|0x000000008b200000, 0x000000008b200000, 0x000000008b300000|  0%| F|  |TAMS 0x000000008b200000, 0x000000008b200000| Untracked 
| 179|0x000000008b300000, 0x000000008b300000, 0x000000008b400000|  0%| F|  |TAMS 0x000000008b300000, 0x000000008b300000| Untracked 
| 180|0x000000008b400000, 0x000000008b400000, 0x000000008b500000|  0%| F|  |TAMS 0x000000008b400000, 0x000000008b400000| Untracked 
| 181|0x000000008b500000, 0x000000008b500000, 0x000000008b600000|  0%| F|  |TAMS 0x000000008b500000, 0x000000008b500000| Untracked 
| 182|0x000000008b600000, 0x000000008b600000, 0x000000008b700000|  0%| F|  |TAMS 0x000000008b600000, 0x000000008b600000| Untracked 
| 183|0x000000008b700000, 0x000000008b800000, 0x000000008b800000|100%| E|  |TAMS 0x000000008b700000, 0x000000008b700000| Complete 
| 184|0x000000008b800000, 0x000000008b900000, 0x000000008b900000|100%| E|CS|TAMS 0x000000008b800000, 0x000000008b800000| Complete 
| 185|0x000000008b900000, 0x000000008ba00000, 0x000000008ba00000|100%| E|CS|TAMS 0x000000008b900000, 0x000000008b900000| Complete 
| 186|0x000000008ba00000, 0x000000008bb00000, 0x000000008bb00000|100%| E|CS|TAMS 0x000000008ba00000, 0x000000008ba00000| Complete 
| 187|0x000000008bb00000, 0x000000008bc00000, 0x000000008bc00000|100%| E|CS|TAMS 0x000000008bb00000, 0x000000008bb00000| Complete 
| 188|0x000000008bc00000, 0x000000008bd00000, 0x000000008bd00000|100%| E|CS|TAMS 0x000000008bc00000, 0x000000008bc00000| Complete 
| 189|0x000000008bd00000, 0x000000008be00000, 0x000000008be00000|100%| E|  |TAMS 0x000000008bd00000, 0x000000008bd00000| Complete 
| 190|0x000000008be00000, 0x000000008bf00000, 0x000000008bf00000|100%| E|CS|TAMS 0x000000008be00000, 0x000000008be00000| Complete 
| 191|0x000000008bf00000, 0x000000008c000000, 0x000000008c000000|100%| E|CS|TAMS 0x000000008bf00000, 0x000000008bf00000| Complete 
| 192|0x000000008c000000, 0x000000008c100000, 0x000000008c100000|100%| E|CS|TAMS 0x000000008c000000, 0x000000008c000000| Complete 
| 193|0x000000008c100000, 0x000000008c200000, 0x000000008c200000|100%| E|CS|TAMS 0x000000008c100000, 0x000000008c100000| Complete 
| 194|0x000000008c200000, 0x000000008c300000, 0x000000008c300000|100%| E|CS|TAMS 0x000000008c200000, 0x000000008c200000| Complete 

Card table byte_map: [0x0000028a7cc60000,0x0000028a7d060000] _byte_map_base: 0x0000028a7c860000

Marking Bits (Prev, Next): (CMBitMap*) 0x0000028a7c7bfe20, (CMBitMap*) 0x0000028a7c7bfe60
 Prev Bits: [0x0000028a7d460000, 0x0000028a7f460000)
 Next Bits: [0x0000028a17160000, 0x0000028a19160000)

Polling page: 0x0000028a7a6d0000

Metaspace:

Usage:
  Non-class:     69.37 MB capacity,    68.51 MB ( 99%) used,   765.59 KB (  1%) free+waste,   117.12 KB ( <1%) overhead. 
      Class:     10.33 MB capacity,    10.02 MB ( 97%) used,   266.52 KB (  3%) free+waste,    46.31 KB ( <1%) overhead. 
       Both:     79.70 MB capacity,    78.53 MB ( 99%) used,     1.01 MB (  1%) free+waste,   163.44 KB ( <1%) overhead. 

Virtual space:
  Non-class space:       70.00 MB reserved,      69.42 MB (>99%) committed 
      Class space:        1.00 GB reserved,      10.38 MB (  1%) committed 
             Both:        1.07 GB reserved,      79.80 MB (  7%) committed 

Chunk freelists:
   Non-Class:  52.00 KB
       Class:  14.00 KB
        Both:  66.00 KB

MaxMetaspaceSize: 17179869184.00 GB
CompressedClassSpaceSize: 1.00 GB

CodeHeap 'non-profiled nmethods': size=120000Kb used=6187Kb max_used=6187Kb free=113812Kb
 bounds [0x0000028a0fc30000, 0x0000028a10240000, 0x0000028a17160000]
CodeHeap 'profiled nmethods': size=120000Kb used=17909Kb max_used=18984Kb free=102090Kb
 bounds [0x0000028a08700000, 0x0000028a09990000, 0x0000028a0fc30000]
CodeHeap 'non-nmethods': size=5760Kb used=2405Kb max_used=2474Kb free=3354Kb
 bounds [0x0000028a08160000, 0x0000028a083f0000, 0x0000028a08700000]
 total_blobs=10527 nmethods=9628 adapters=810
 compilation: enabled
              stopped_count=0, restarted_count=0
 full_count=0

Compilation events (20 events):
Event: 49.118 Thread 0x0000028a7f97fc80 11321       3       java.util.concurrent.ConcurrentLinkedQueue$Node::casItem (10 bytes)
Event: 49.120 Thread 0x0000028a7f97fc80 nmethod 11321 0x0000028a08f89690 code [0x0000028a08f89920, 0x0000028a08f8a4b8]
Event: 49.128 Thread 0x0000028a7f97fc80 11322       3       java.lang.invoke.VarHandleReferences$FieldInstanceReadWrite::setRelease (35 bytes)
Event: 49.129 Thread 0x0000028a7f97fc80 nmethod 11322 0x0000028a0938ba10 code [0x0000028a0938bc40, 0x0000028a0938c4f8]
Event: 49.129 Thread 0x0000028a7f97fc80 11324       3       java.util.concurrent.ConcurrentLinkedQueue$Itr::hasNext (13 bytes)
Event: 49.130 Thread 0x0000028a7f97fc80 nmethod 11324 0x0000028a08ef7d10 code [0x0000028a08ef7ea0, 0x0000028a08ef7ff8]
Event: 49.130 Thread 0x0000028a7f97fc80 11325       2       java.util.concurrent.ConcurrentLinkedQueue::updateHead (26 bytes)
Event: 49.131 Thread 0x0000028a7f97fc80 nmethod 11325 0x0000028a095a7810 code [0x0000028a095a7a80, 0x0000028a095a8358]
Event: 49.132 Thread 0x0000028a7f97fc80 11326       1       java.util.concurrent.ConcurrentLinkedQueue::lambda$clear$2 (2 bytes)
Event: 49.132 Thread 0x0000028a7f97fc80 nmethod 11326 0x0000028a1022dc90 code [0x0000028a1022de20, 0x0000028a1022deb8]
Event: 49.133 Thread 0x0000028a7f97fc80 11327  s!   3       org.gradle.internal.service.DefaultServiceRegistry$ManagedObjectServiceProvider::stop (59 bytes)
Event: 49.134 Thread 0x0000028a7f97fc80 nmethod 11327 0x0000028a08fe3290 code [0x0000028a08fe3500, 0x0000028a08fe4118]
Event: 49.134 Thread 0x0000028a7f97fc80 11328       3       java.util.concurrent.ConcurrentLinkedQueue::clear (11 bytes)
Event: 49.134 Thread 0x0000028a7f97fc80 nmethod 11328 0x0000028a09038790 code [0x0000028a09038940, 0x0000028a09038c08]
Event: 49.135 Thread 0x0000028a7f97fc80 11329       3       java.util.concurrent.ConcurrentLinkedQueue$Itr::next (96 bytes)
Event: 49.136 Thread 0x0000028a7f97fc80 nmethod 11329 0x0000028a094a1210 code [0x0000028a094a1400, 0x0000028a094a1af8]
Event: 49.136 Thread 0x0000028a7f97fc80 11330       3       java.util.concurrent.ConcurrentLinkedQueue::bulkRemove (157 bytes)
Event: 49.139 Thread 0x0000028a7f97fc80 nmethod 11330 0x0000028a09580e10 code [0x0000028a095810e0, 0x0000028a095822c8]
Event: 49.139 Thread 0x0000028a7f97fc80 11331       3       java.util.concurrent.ConcurrentLinkedQueue$$Lambda$804/0x000000080155e110::test (5 bytes)
Event: 49.140 Thread 0x0000028a7f97fc80 nmethod 11331 0x0000028a0938b690 code [0x0000028a0938b820, 0x0000028a0938b978]

GC Heap History (20 events):
Event: 34.480 GC heap before
{Heap before GC invocations=27 (full 0):
 garbage-first heap   total 106496K, used 84881K [0x0000000080000000, 0x0000000100000000)
  region size 1024K, 33 young (33792K), 4 survivors (4096K)
 Metaspace       used 66693K, capacity 67769K, committed 68016K, reserved 1107968K
  class space    used 8840K, capacity 9138K, committed 9216K, reserved 1048576K
}
Event: 34.494 GC heap after
{Heap after GC invocations=28 (full 0):
 garbage-first heap   total 106496K, used 58699K [0x0000000080000000, 0x0000000100000000)
  region size 1024K, 5 young (5120K), 5 survivors (5120K)
 Metaspace       used 66693K, capacity 67769K, committed 68016K, reserved 1107968K
  class space    used 8840K, capacity 9138K, committed 9216K, reserved 1048576K
}
Event: 35.430 GC heap before
{Heap before GC invocations=29 (full 0):
 garbage-first heap   total 111616K, used 85323K [0x0000000080000000, 0x0000000100000000)
  region size 1024K, 32 young (32768K), 5 survivors (5120K)
 Metaspace       used 66983K, capacity 68026K, committed 68272K, reserved 1107968K
  class space    used 8841K, capacity 9138K, committed 9216K, reserved 1048576K
}
Event: 35.454 GC heap after
{Heap after GC invocations=30 (full 0):
 garbage-first heap   total 134144K, used 60753K [0x0000000080000000, 0x0000000100000000)
  region size 1024K, 3 young (3072K), 3 survivors (3072K)
 Metaspace       used 66983K, capacity 68026K, committed 68272K, reserved 1107968K
  class space    used 8841K, capacity 9138K, committed 9216K, reserved 1048576K
}
Event: 36.309 GC heap before
{Heap before GC invocations=30 (full 0):
 garbage-first heap   total 134144K, used 92497K [0x0000000080000000, 0x0000000100000000)
  region size 1024K, 35 young (35840K), 3 survivors (3072K)
 Metaspace       used 67549K, capacity 68647K, committed 68912K, reserved 1110016K
  class space    used 8914K, capacity 9238K, committed 9344K, reserved 1048576K
}
Event: 36.316 GC heap after
{Heap after GC invocations=31 (full 0):
 garbage-first heap   total 134144K, used 62110K [0x0000000080000000, 0x0000000100000000)
  region size 1024K, 4 young (4096K), 4 survivors (4096K)
 Metaspace       used 67549K, capacity 68647K, committed 68912K, reserved 1110016K
  class space    used 8914K, capacity 9238K, committed 9344K, reserved 1048576K
}
Event: 37.334 GC heap before
{Heap before GC invocations=32 (full 0):
 garbage-first heap   total 134144K, used 103070K [0x0000000080000000, 0x0000000100000000)
  region size 1024K, 44 young (45056K), 4 survivors (4096K)
 Metaspace       used 68619K, capacity 69768K, committed 69936K, reserved 1110016K
  class space    used 9015K, capacity 9334K, committed 9344K, reserved 1048576K
}
Event: 37.364 GC heap after
{Heap after GC invocations=33 (full 0):
 garbage-first heap   total 134144K, used 80785K [0x0000000080000000, 0x0000000100000000)
  region size 1024K, 7 young (7168K), 7 survivors (7168K)
 Metaspace       used 68619K, capacity 69768K, committed 69936K, reserved 1110016K
  class space    used 9015K, capacity 9334K, committed 9344K, reserved 1048576K
}
Event: 38.543 GC heap before
{Heap before GC invocations=34 (full 0):
 garbage-first heap   total 165888K, used 119697K [0x0000000080000000, 0x0000000100000000)
  region size 1024K, 31 young (31744K), 7 survivors (7168K)
 Metaspace       used 69800K, capacity 71013K, committed 71088K, reserved 1112064K
  class space    used 9136K, capacity 9451K, committed 9472K, reserved 1048576K
}
Event: 38.560 GC heap after
{Heap after GC invocations=35 (full 0):
 garbage-first heap   total 165888K, used 82743K [0x0000000080000000, 0x0000000100000000)
  region size 1024K, 3 young (3072K), 3 survivors (3072K)
 Metaspace       used 69800K, capacity 71013K, committed 71088K, reserved 1112064K
  class space    used 9136K, capacity 9451K, committed 9472K, reserved 1048576K
}
Event: 40.001 GC heap before
{Heap before GC invocations=35 (full 0):
 garbage-first heap   total 165888K, used 124727K [0x0000000080000000, 0x0000000100000000)
  region size 1024K, 45 young (46080K), 3 survivors (3072K)
 Metaspace       used 71101K, capacity 72338K, committed 72496K, reserved 1112064K
  class space    used 9282K, capacity 9587K, committed 9600K, reserved 1048576K
}
Event: 40.011 GC heap after
{Heap after GC invocations=36 (full 0):
 garbage-first heap   total 165888K, used 84658K [0x0000000080000000, 0x0000000100000000)
  region size 1024K, 5 young (5120K), 5 survivors (5120K)
 Metaspace       used 71101K, capacity 72338K, committed 72496K, reserved 1112064K
  class space    used 9282K, capacity 9587K, committed 9600K, reserved 1048576K
}
Event: 42.651 GC heap before
{Heap before GC invocations=37 (full 0):
 garbage-first heap   total 165888K, used 122546K [0x0000000080000000, 0x0000000100000000)
  region size 1024K, 48 young (49152K), 5 survivors (5120K)
 Metaspace       used 74144K, capacity 75307K, committed 75440K, reserved 1114112K
  class space    used 9655K, capacity 9978K, committed 9984K, reserved 1048576K
}
Event: 42.669 GC heap after
{Heap after GC invocations=38 (full 0):
 garbage-first heap   total 165888K, used 82906K [0x0000000080000000, 0x0000000100000000)
  region size 1024K, 6 young (6144K), 6 survivors (6144K)
 Metaspace       used 74144K, capacity 75307K, committed 75440K, reserved 1114112K
  class space    used 9655K, capacity 9978K, committed 9984K, reserved 1048576K
}
Event: 42.693 GC heap before
{Heap before GC invocations=38 (full 0):
 garbage-first heap   total 165888K, used 84954K [0x0000000080000000, 0x0000000100000000)
  region size 1024K, 8 young (8192K), 6 survivors (6144K)
 Metaspace       used 74152K, capacity 75307K, committed 75440K, reserved 1114112K
  class space    used 9657K, capacity 9978K, committed 9984K, reserved 1048576K
}
Event: 42.720 GC heap after
{Heap after GC invocations=39 (full 0):
 garbage-first heap   total 199680K, used 76079K [0x0000000080000000, 0x0000000100000000)
  region size 1024K, 1 young (1024K), 1 survivors (1024K)
 Metaspace       used 74152K, capacity 75307K, committed 75440K, reserved 1114112K
  class space    used 9657K, capacity 9978K, committed 9984K, reserved 1048576K
}
Event: 46.375 GC heap before
{Heap before GC invocations=39 (full 0):
 garbage-first heap   total 199680K, used 151855K [0x0000000080000000, 0x0000000100000000)
  region size 1024K, 76 young (77824K), 1 survivors (1024K)
 Metaspace       used 75268K, capacity 76462K, committed 76592K, reserved 1116160K
  class space    used 9754K, capacity 10107K, committed 10112K, reserved 1048576K
}
Event: 46.387 GC heap after
{Heap after GC invocations=40 (full 0):
 garbage-first heap   total 199680K, used 80854K [0x0000000080000000, 0x0000000100000000)
  region size 1024K, 6 young (6144K), 6 survivors (6144K)
 Metaspace       used 75268K, capacity 76462K, committed 76592K, reserved 1116160K
  class space    used 9754K, capacity 10107K, committed 10112K, reserved 1048576K
}
Event: 48.389 GC heap before
{Heap before GC invocations=40 (full 0):
 garbage-first heap   total 199680K, used 142294K [0x0000000080000000, 0x0000000100000000)
  region size 1024K, 54 young (55296K), 6 survivors (6144K)
 Metaspace       used 77495K, capacity 78710K, committed 79024K, reserved 1118208K
  class space    used 10036K, capacity 10380K, committed 10496K, reserved 1048576K
}
Event: 48.400 GC heap after
{Heap after GC invocations=41 (full 0):
 garbage-first heap   total 199680K, used 89604K [0x0000000080000000, 0x0000000100000000)
  region size 1024K, 3 young (3072K), 3 survivors (3072K)
 Metaspace       used 77495K, capacity 78710K, committed 79024K, reserved 1118208K
  class space    used 10036K, capacity 10380K, committed 10496K, reserved 1048576K
}

Deoptimization events (20 events):
Event: 49.128 Thread 0x0000028a1cb7d860 Uncommon trap: trap_request=0xffffffde fr.pc=0x0000028a1009d164 relative=0x0000000000000c84
Event: 49.128 Thread 0x0000028a1cb7d860 Uncommon trap: reason=class_check action=maybe_recompile pc=0x0000028a1009d164 method=java.util.HashMap.removeNode(ILjava/lang/Object;Ljava/lang/Object;ZZ)Ljava/util/HashMap$Node; @ 68 c2
Event: 49.128 Thread 0x0000028a1cb7d860 DEOPT PACKING pc=0x0000028a1009d164 sp=0x000000dd907fc7e0
Event: 49.128 Thread 0x0000028a1cb7d860 DEOPT UNPACKING pc=0x0000028a081ae42f sp=0x000000dd907fc778 mode 2
Event: 49.140 Thread 0x0000028a1f2c3310 Uncommon trap: trap_request=0xffffffde fr.pc=0x0000028a0fe645b4 relative=0x0000000000000194
Event: 49.140 Thread 0x0000028a1f2c3310 Uncommon trap: reason=class_check action=maybe_recompile pc=0x0000028a0fe645b4 method=java.util.concurrent.locks.ReentrantLock$Sync.lock()V @ 1 c2
Event: 49.140 Thread 0x0000028a1f2c3310 DEOPT PACKING pc=0x0000028a0fe645b4 sp=0x000000dd916fec10
Event: 49.140 Thread 0x0000028a1f2c3310 DEOPT UNPACKING pc=0x0000028a081ae42f sp=0x000000dd916feb70 mode 2
Event: 49.141 Thread 0x0000028a1cb7d860 Uncommon trap: trap_request=0xffffffde fr.pc=0x0000028a1009d164 relative=0x0000000000000c84
Event: 49.141 Thread 0x0000028a1cb7d860 Uncommon trap: reason=class_check action=maybe_recompile pc=0x0000028a1009d164 method=java.util.HashMap.removeNode(ILjava/lang/Object;Ljava/lang/Object;ZZ)Ljava/util/HashMap$Node; @ 68 c2
Event: 49.141 Thread 0x0000028a1cb7d860 DEOPT PACKING pc=0x0000028a1009d164 sp=0x000000dd907fc0a0
Event: 49.141 Thread 0x0000028a1cb7d860 DEOPT UNPACKING pc=0x0000028a081ae42f sp=0x000000dd907fc038 mode 2
Event: 49.141 Thread 0x0000028a1d33f000 Uncommon trap: trap_request=0xffffffde fr.pc=0x0000028a0fe645b4 relative=0x0000000000000194
Event: 49.141 Thread 0x0000028a1d33f000 Uncommon trap: reason=class_check action=maybe_recompile pc=0x0000028a0fe645b4 method=java.util.concurrent.locks.ReentrantLock$Sync.lock()V @ 1 c2
Event: 49.141 Thread 0x0000028a1d33f000 DEOPT PACKING pc=0x0000028a0fe645b4 sp=0x000000dd982fed50
Event: 49.141 Thread 0x0000028a1d33f000 DEOPT UNPACKING pc=0x0000028a081ae42f sp=0x000000dd982fecb0 mode 2
Event: 49.158 Thread 0x0000028a1cb7d860 Uncommon trap: trap_request=0xffffffde fr.pc=0x0000028a1009d164 relative=0x0000000000000c84
Event: 49.158 Thread 0x0000028a1cb7d860 Uncommon trap: reason=class_check action=maybe_recompile pc=0x0000028a1009d164 method=java.util.HashMap.removeNode(ILjava/lang/Object;Ljava/lang/Object;ZZ)Ljava/util/HashMap$Node; @ 68 c2
Event: 49.158 Thread 0x0000028a1cb7d860 DEOPT PACKING pc=0x0000028a1009d164 sp=0x000000dd907fc0a0
Event: 49.158 Thread 0x0000028a1cb7d860 DEOPT UNPACKING pc=0x0000028a081ae42f sp=0x000000dd907fc038 mode 2

Classes unloaded (0 events):
No events

Classes redefined (0 events):
No events

Internal exceptions (20 events):
Event: 46.240 Thread 0x0000028a1d340340 Exception <a 'sun/nio/fs/WindowsException'{0x00000000887c0a58}> (0x00000000887c0a58) 
thrown [./open/src/hotspot/share/prims/jni.cpp, line 578]
Event: 46.240 Thread 0x0000028a1d340340 Exception <a 'sun/nio/fs/WindowsException'{0x00000000887c0e90}> (0x00000000887c0e90) 
thrown [./open/src/hotspot/share/prims/jni.cpp, line 578]
Event: 46.242 Thread 0x0000028a1d340340 Implicit null exception at 0x0000028a0fea4c60 to 0x0000028a0fea4dd8
Event: 46.243 Thread 0x0000028a1d340340 Implicit null exception at 0x0000028a0ff43cc4 to 0x0000028a0ff43e1c
Event: 47.089 Thread 0x0000028a1cb7d860 Exception <a 'sun/nio/fs/WindowsException'{0x000000008ad811d0}> (0x000000008ad811d0) 
thrown [./open/src/hotspot/share/prims/jni.cpp, line 578]
Event: 47.089 Thread 0x0000028a1cb7d860 Exception <a 'sun/nio/fs/WindowsException'{0x000000008ad82bc8}> (0x000000008ad82bc8) 
thrown [./open/src/hotspot/share/prims/jni.cpp, line 578]
Event: 47.091 Thread 0x0000028a1cb7d860 Exception <a 'sun/nio/fs/WindowsException'{0x000000008ad8e410}> (0x000000008ad8e410) 
thrown [./open/src/hotspot/share/prims/jni.cpp, line 578]
Event: 47.091 Thread 0x0000028a1cb7d860 Exception <a 'sun/nio/fs/WindowsException'{0x000000008ad8fb38}> (0x000000008ad8fb38) 
thrown [./open/src/hotspot/share/prims/jni.cpp, line 578]
Event: 47.091 Thread 0x0000028a1cb7d860 Exception <a 'sun/nio/fs/WindowsException'{0x000000008ad92710}> (0x000000008ad92710) 
thrown [./open/src/hotspot/share/prims/jni.cpp, line 578]
Event: 47.091 Thread 0x0000028a1cb7d860 Exception <a 'sun/nio/fs/WindowsException'{0x000000008ad93e48}> (0x000000008ad93e48) 
thrown [./open/src/hotspot/share/prims/jni.cpp, line 578]
Event: 47.128 Thread 0x0000028a1cb7d860 Exception <a 'sun/nio/fs/WindowsException'{0x000000008ab5fb30}> (0x000000008ab5fb30) 
thrown [./open/src/hotspot/share/prims/jni.cpp, line 578]
Event: 47.128 Thread 0x0000028a1cb7d860 Exception <a 'sun/nio/fs/WindowsException'{0x000000008ab60f98}> (0x000000008ab60f98) 
thrown [./open/src/hotspot/share/prims/jni.cpp, line 578]
Event: 47.611 Thread 0x0000028a1d33b170 Exception <a 'sun/nio/fs/WindowsException'{0x000000008a5e4600}> (0x000000008a5e4600) 
thrown [./open/src/hotspot/share/prims/jni.cpp, line 578]
Event: 47.656 Thread 0x0000028a1d33b170 Implicit null exception at 0x0000028a0fda1ea8 to 0x0000028a0fda50a4
Event: 47.872 Thread 0x0000028a1d33b170 Exception <a 'java/lang/NoSuchMethodError'{0x000000008a0048a8}: 'java.lang.Object java.lang.invoke.Invokers$Holder.linkToTargetMethod(java.lang.Object, java.lang.Object, java.lang.Object, java.lang.Object, int, java.lang.Object, java.lang.Object)'> (0x000000008a0048a8) 
thrown [./open/src/hotspot/share/interpreter/linkResolver.cpp, line 782]
Event: 48.036 Thread 0x0000028a1d33b170 Exception <a 'java/lang/NoSuchMethodError'{0x0000000089c32028}: 'java.lang.Object java.lang.invoke.DirectMethodHandle$Holder.newInvokeSpecial(java.lang.Object, java.lang.Object, java.lang.Object, java.lang.Object, java.lang.Object, java.lang.Object, java.lang.Object, int)'> (0x0000000089c32028) 
thrown [./open/src/hotspot/share/interpreter/linkResolver.cpp, line 782]
Event: 48.036 Thread 0x0000028a1d33b170 Exception <a 'java/lang/NoSuchMethodError'{0x0000000089c37480}: 'java.lang.Object java.lang.invoke.DirectMethodHandle$Holder.invokeSpecial(java.lang.Object, java.lang.Object, java.lang.Object, java.lang.Object, java.lang.Object, java.lang.Object, java.lang.Object, java.lang.Object, int)'> (0x0000000089c37480) 
thrown [./open/src/hotspot/share/interpreter/linkResolver.cpp, line 782]
Event: 48.036 Thread 0x0000028a1d33b170 Exception <a 'java/lang/NoSuchMethodError'{0x0000000089c3c380}: 'java.lang.Object java.lang.invoke.Invokers$Holder.linkToTargetMethod(java.lang.Object, java.lang.Object, java.lang.Object, java.lang.Object, java.lang.Object, java.lang.Object, int, java.lang.Object)'> (0x0000000089c3c380) 
thrown [./open/src/hotspot/share/interpreter/linkResolver.cpp, line 782]
Event: 48.287 Thread 0x0000028a1d33b170 Exception <a 'java/lang/NoSuchMethodError'{0x00000000894d7eb8}: 'java.lang.Object java.lang.invoke.Invokers$Holder.invoke_MT(java.lang.Object, java.lang.Object, java.lang.Object)'> (0x00000000894d7eb8) 
thrown [./open/src/hotspot/share/interpreter/linkResolver.cpp, line 782]
Event: 49.100 Thread 0x0000028a1cb7d860 Implicit null exception at 0x0000028a1012808f to 0x0000028a101280dc

Events (20 events):
Event: 48.650 Executing VM operation: G1Concurrent done
Event: 48.650 Executing VM operation: HandshakeAllThreads
Event: 48.659 Executing VM operation: HandshakeAllThreads done
Event: 48.807 Executing VM operation: G1Concurrent
Event: 48.807 Executing VM operation: G1Concurrent done
Event: 48.937 Thread 0x0000028a1d33a300 Thread exited: 0x0000028a1d33a300
Event: 48.938 Thread 0x0000028a1d33fe70 Thread exited: 0x0000028a1d33fe70
Event: 48.939 Thread 0x0000028a1d33eb30 Thread exited: 0x0000028a1d33eb30
Event: 48.946 Thread 0x0000028a1d33bb10 Thread exited: 0x0000028a1d33bb10
Event: 48.946 Thread 0x0000028a1d33bfe0 Thread exited: 0x0000028a1d33bfe0
Event: 48.956 Loaded shared library F:\Newfolder\Java\jdk-15.0.2\bin\java.dll
Event: 48.959 Thread 0x0000028a1bcccc40 Thread added: 0x0000028a1bcccc40
Event: 49.000 Thread 0x0000028a1d33e190 Thread exited: 0x0000028a1d33e190
Event: 49.029 Executing VM operation: HandshakeAllThreads
Event: 49.036 Executing VM operation: HandshakeAllThreads done
Event: 49.060 Thread 0x0000028a1d33d320 Thread exited: 0x0000028a1d33d320
Event: 49.060 Thread 0x0000028a1d33ce50 Thread exited: 0x0000028a1d33ce50
Event: 49.120 Thread 0x0000028a1d5caf40 Thread exited: 0x0000028a1d5caf40
Event: 49.140 Thread 0x0000028a1f2c3310 Thread exited: 0x0000028a1f2c3310
Event: 49.142 Thread 0x0000028a1d33f000 Thread exited: 0x0000028a1d33f000


Dynamic libraries:
0x00007ff742040000 - 0x00007ff74204f000 	F:\Newfolder\Java\jdk-15.0.2\bin\java.exe
0x00007ff945810000 - 0x00007ff945a05000 	C:\Windows\SYSTEM32\ntdll.dll
0x00007ff945350000 - 0x00007ff94540d000 	C:\Windows\System32\KERNEL32.DLL
0x00007ff943550000 - 0x00007ff943818000 	C:\Windows\System32\KERNELBASE.dll
0x00007ff943000000 - 0x00007ff943100000 	C:\Windows\System32\ucrtbase.dll
0x00007ff90c2f0000 - 0x00007ff90c309000 	F:\Newfolder\Java\jdk-15.0.2\bin\VCRUNTIME140.dll
0x00007ff90c040000 - 0x00007ff90c058000 	F:\Newfolder\Java\jdk-15.0.2\bin\jli.dll
0x00007ff9451a0000 - 0x00007ff94524c000 	C:\Windows\System32\ADVAPI32.dll
0x00007ff945250000 - 0x00007ff9452ee000 	C:\Windows\System32\msvcrt.dll
0x00007ff944700000 - 0x00007ff94479b000 	C:\Windows\System32\sechost.dll
0x00007ff944b60000 - 0x00007ff944c8b000 	C:\Windows\System32\RPCRT4.dll
0x00007ff943c10000 - 0x00007ff943db0000 	C:\Windows\System32\USER32.dll
0x00007ff9433c0000 - 0x00007ff9433e2000 	C:\Windows\System32\win32u.dll
0x00007ff943880000 - 0x00007ff9438aa000 	C:\Windows\System32\GDI32.dll
0x00007ff9298b0000 - 0x00007ff929b4a000 	C:\Windows\WinSxS\amd64_microsoft.windows.common-controls_6595b64144ccf1df_6.0.19041.1052_none_60b8f8fd71f5e8cb\COMCTL32.dll
0x00007ff943100000 - 0x00007ff94320b000 	C:\Windows\System32\gdi32full.dll
0x00007ff943210000 - 0x00007ff9432ad000 	C:\Windows\System32\msvcp_win.dll
0x00007ff93ce30000 - 0x00007ff93ce3a000 	C:\Windows\SYSTEM32\VERSION.dll
0x00007ff9446d0000 - 0x00007ff944700000 	C:\Windows\System32\IMM32.DLL
0x00007ff92f210000 - 0x00007ff92f21c000 	F:\Newfolder\Java\jdk-15.0.2\bin\vcruntime140_1.dll
0x00007ff8f6630000 - 0x00007ff8f66c1000 	F:\Newfolder\Java\jdk-15.0.2\bin\msvcp140.dll
0x00007ff8f5ad0000 - 0x00007ff8f662e000 	F:\Newfolder\Java\jdk-15.0.2\bin\server\jvm.dll
0x00007ff9438b0000 - 0x00007ff9438b8000 	C:\Windows\System32\PSAPI.DLL
0x00007ff93d830000 - 0x00007ff93d839000 	C:\Windows\SYSTEM32\WSOCK32.dll
0x00007ff929660000 - 0x00007ff929687000 	C:\Windows\SYSTEM32\WINMM.dll
0x00007ff944580000 - 0x00007ff9445eb000 	C:\Windows\System32\WS2_32.dll
0x00007ff940ea0000 - 0x00007ff940eb2000 	C:\Windows\SYSTEM32\kernel.appcore.dll
0x00007ff917860000 - 0x00007ff91786a000 	F:\Newfolder\Java\jdk-15.0.2\bin\jimage.dll
0x00007ff9332c0000 - 0x00007ff9334a4000 	C:\Windows\SYSTEM32\DBGHELP.DLL
0x00007ff933af0000 - 0x00007ff933b1c000 	C:\Windows\SYSTEM32\dbgcore.DLL
0x00007ff9432b0000 - 0x00007ff943333000 	C:\Windows\System32\bcryptPrimitives.dll
0x00007ff90c010000 - 0x00007ff90c035000 	F:\Newfolder\Java\jdk-15.0.2\bin\java.dll
0x00007ff943db0000 - 0x00007ff9444ef000 	C:\Windows\System32\SHELL32.dll
0x00007ff9410a0000 - 0x00007ff941830000 	C:\Windows\SYSTEM32\windows.storage.dll
0x00007ff945410000 - 0x00007ff945765000 	C:\Windows\System32\combase.dll
0x00007ff9428f0000 - 0x00007ff94291c000 	C:\Windows\SYSTEM32\Wldp.dll
0x00007ff944a50000 - 0x00007ff944afe000 	C:\Windows\System32\SHCORE.dll
0x00007ff945770000 - 0x00007ff9457c5000 	C:\Windows\System32\shlwapi.dll
0x00007ff942e90000 - 0x00007ff942eaf000 	C:\Windows\SYSTEM32\profapi.dll
0x00007ff90bff0000 - 0x00007ff90c009000 	F:\Newfolder\Java\jdk-15.0.2\bin\net.dll
0x00007ff93bf80000 - 0x00007ff93c08b000 	C:\Windows\SYSTEM32\WINHTTP.dll
0x00007ff942660000 - 0x00007ff9426ca000 	C:\Windows\system32\mswsock.dll
0x00007ff90b630000 - 0x00007ff90b642000 	F:\Newfolder\Java\jdk-15.0.2\bin\nio.dll
0x00007ff90b610000 - 0x00007ff90b628000 	F:\Newfolder\Java\jdk-15.0.2\bin\zip.dll
0x00007ff917790000 - 0x00007ff9177a0000 	F:\Newfolder\Java\jdk-15.0.2\bin\verify.dll
0x00007ff91d020000 - 0x00007ff91d047000 	C:\Users\HP\.gradle\native\fdc75f09e3144964f2cf3f50f0aa648679c211496f362492102eb8c894070792\windows-amd64\native-platform.dll
0x00007ff8f66d0000 - 0x00007ff8f6866000 	C:\Users\HP\.gradle\native\12488b8bf47d2d4c9fbf2f6322a914ad602e24e48041cd04a747c6da556b65c4\windows-amd64\native-platform-file-events.dll
0x00007ff9171b0000 - 0x00007ff9171b9000 	F:\Newfolder\Java\jdk-15.0.2\bin\management.dll
0x00007ff916060000 - 0x00007ff91606b000 	F:\Newfolder\Java\jdk-15.0.2\bin\management_ext.dll
0x00007ff942830000 - 0x00007ff942848000 	C:\Windows\SYSTEM32\CRYPTSP.dll
0x00007ff942000000 - 0x00007ff942034000 	C:\Windows\system32\rsaenh.dll
0x00007ff943390000 - 0x00007ff9433b7000 	C:\Windows\System32\bcrypt.dll
0x00007ff942e50000 - 0x00007ff942e7e000 	C:\Windows\SYSTEM32\USERENV.dll
0x00007ff942850000 - 0x00007ff94285c000 	C:\Windows\SYSTEM32\CRYPTBASE.dll
0x00007ff942350000 - 0x00007ff94238b000 	C:\Windows\SYSTEM32\IPHLPAPI.DLL
0x00007ff943c00000 - 0x00007ff943c08000 	C:\Windows\System32\NSI.dll
0x00007ff93bb20000 - 0x00007ff93bb37000 	C:\Windows\SYSTEM32\dhcpcsvc6.DLL
0x00007ff93bb00000 - 0x00007ff93bb1d000 	C:\Windows\SYSTEM32\dhcpcsvc.DLL
0x00007ff942390000 - 0x00007ff94245c000 	C:\Windows\SYSTEM32\DNSAPI.dll
0x00007ff93ce20000 - 0x00007ff93ce2b000 	C:\Windows\SYSTEM32\WINNSI.DLL
0x00007ff934700000 - 0x00007ff93470d000 	F:\Newfolder\Java\jdk-15.0.2\bin\sunmscapi.dll
0x00007ff9433f0000 - 0x00007ff94354f000 	C:\Windows\System32\CRYPT32.dll
0x00007ff942960000 - 0x00007ff942987000 	C:\Windows\SYSTEM32\ncrypt.dll
0x00007ff942920000 - 0x00007ff94295b000 	C:\Windows\SYSTEM32\NTASN1.dll

dbghelp: loaded successfully - version: 4.0.5 - missing functions: none
symbol engine: initialized successfully - sym options: 0x614 - pdb path: .;F:\Newfolder\Java\jdk-15.0.2\bin;C:\Windows\SYSTEM32;C:\Windows\WinSxS\amd64_microsoft.windows.common-controls_6595b64144ccf1df_6.0.19041.1052_none_60b8f8fd71f5e8cb;F:\Newfolder\Java\jdk-15.0.2\bin\server;C:\Users\HP\.gradle\native\fdc75f09e3144964f2cf3f50f0aa648679c211496f362492102eb8c894070792\windows-amd64;C:\Users\HP\.gradle\native\12488b8bf47d2d4c9fbf2f6322a914ad602e24e48041cd04a747c6da556b65c4\windows-amd64

VM Arguments:
jvm_args: --add-opens=java.base/java.util=ALL-UNNAMED --add-opens=java.base/java.lang=ALL-UNNAMED --add-opens=java.base/java.lang.invoke=ALL-UNNAMED --add-opens=java.prefs/java.util.prefs=ALL-UNNAMED -Xmx2048m -Dfile.encoding=UTF-8 -Duser.country=IN -Duser.language=en -Duser.variant 
java_command: org.gradle.launcher.daemon.bootstrap.GradleDaemon 6.7.1
java_class_path (initial): C:\Users\HP\.gradle\wrapper\dists\gradle-6.7.1-bin\bwlcbys1h7rz3272sye1xwiv6\gradle-6.7.1\lib\gradle-launcher-6.7.1.jar
Launcher Type: SUN_STANDARD

[Global flags]
     intx CICompilerCount                          = 3                                         {product} {ergonomic}
     uint ConcGCThreads                            = 1                                         {product} {ergonomic}
     uint G1ConcRefinementThreads                  = 4                                         {product} {ergonomic}
   size_t G1HeapRegionSize                         = 1048576                                   {product} {ergonomic}
    uintx GCDrainStackTargetSize                   = 64                                        {product} {ergonomic}
   size_t InitialHeapSize                          = 201326592                                 {product} {ergonomic}
   size_t MarkStackSize                            = 4194304                                   {product} {ergonomic}
   size_t MaxHeapSize                              = 2147483648                                {product} {command line}
   size_t MaxNewSize                               = 1287651328                                {product} {ergonomic}
   size_t MinHeapDeltaBytes                        = 1048576                                   {product} {ergonomic}
   size_t MinHeapSize                              = 8388608                                   {product} {ergonomic}
    uintx NonNMethodCodeHeapSize                   = 5832780                                {pd product} {ergonomic}
    uintx NonProfiledCodeHeapSize                  = 122912730                              {pd product} {ergonomic}
    uintx ProfiledCodeHeapSize                     = 122912730                              {pd product} {ergonomic}
    uintx ReservedCodeCacheSize                    = 251658240                              {pd product} {ergonomic}
     bool SegmentedCodeCache                       = true                                      {product} {ergonomic}
   size_t SoftMaxHeapSize                          = 2147483648                             {manageable} {ergonomic}
     bool UseCompressedClassPointers               = true                                 {lp64_product} {ergonomic}
     bool UseCompressedOops                        = true                                 {lp64_product} {ergonomic}
     bool UseG1GC                                  = true                                      {product} {ergonomic}
     bool UseLargePagesIndividualAllocation        = false                                  {pd product} {ergonomic}

Logging:
Log output configuration:
 #0: stdout all=warning uptime,level,tags
 #1: stderr all=off uptime,level,tags

Environment Variables:
JAVA_HOME=F:\Newfolder\Java\jdk-15.0.2
PATH=C:\Program Files (x86)\Common Files\Oracle\Java\javapath;C:\Program Files (x86)\mingw-w64\i686-8.1.0-posix-dwarf-rt_v6-rev0\mingw32\bin;F:\New folder\Java\jdk-16.0.1\bin;C:\Users\HP\AppData\Local\Microsoft\WindowsApps;;F:\Apps\IntelliJ IDEA Community Edition 2021.1\bin;;F:\Apps\Microsoft VS Code\bin;F:\Apps\PyCharm Community Edition 2020.1.1\bin;
USERNAME=HP
OS=Windows_NT
PROCESSOR_IDENTIFIER=Intel64 Family 6 Model 78 Stepping 3, GenuineIntel



---------------  S Y S T E M  ---------------

OS:
 Windows 10 , 64 bit Build 19041 (10.0.19041.1023)
OS uptime: 0 days 0:19 hours

CPU: total 4 (initial active 4) (2 cores per cpu, 2 threads per core) family 6 model 78 stepping 3 microcode 0xcc, cmov, cx8, fxsr, mmx, sse, sse2, sse3, ssse3, sse4.1, sse4.2, popcnt, vzeroupper, avx, avx2, aes, clmul, erms, 3dnowpref, lzcnt, ht, tsc, tscinvbit, bmi1, bmi2, adx, fma, clflush, clflushopt

Memory: 4k page, system-wide physical 12179M (6573M free)
TotalPageFile size 16147M (AvailPageFile size 10706M)
current process WorkingSet (physical memory assigned to process): 432M, peak: 433M
current process commit charge ("private bytes"): 470M, peak: 471M

vm_info: Java HotSpot(TM) 64-Bit Server VM (15.0.2+7-27) for windows-amd64 JRE (15.0.2+7-27), built on Dec  7 2020 20:07:01 by "mach5one" with unknown MS VC++:1925

END.
