#
# A fatal error has been detected by the Java Runtime Environment:
#
#  EXCEPTION_ACCESS_VIOLATION (0xc0000005) at pc=0x00007ffa2527af30, pid=10040, tid=5700
#
# JRE version: Java(TM) SE Runtime Environment (15.0.2+7) (build 15.0.2+7-27)
# Java VM: Java HotSpot(TM) 64-Bit Server VM (15.0.2+7-27, mixed mode, sharing, tiered, compressed oops, g1 gc, windows-amd64)
# Problematic frame:
# V  [jvm.dll+0x67af30]
#
# No core dump will be written. Minidumps are not enabled by default on client versions of Windows
#
# If you would like to submit a bug report, please visit:
#   https://bugreport.java.com/bugreport/crash.jsp
#

---------------  S U M M A R Y ------------

Command Line: --add-opens=java.base/java.util=ALL-UNNAMED --add-opens=java.base/java.lang=ALL-UNNAMED --add-opens=java.base/java.lang.invoke=ALL-UNNAMED --add-opens=java.prefs/java.util.prefs=ALL-UNNAMED -Xmx2048m -Dfile.encoding=UTF-8 -Duser.country=IN -Duser.language=en -Duser.variant org.gradle.launcher.daemon.bootstrap.GradleDaemon 6.7.1

Host: Intel(R) Core(TM) i3-6006U CPU @ 2.00GHz, 4 cores, 11G,  Windows 10 , 64 bit Build 19041 (10.0.19041.1023)
Time: Thu Jul  1 21:31:30 2021 India Standard Time elapsed time: 51.653463 seconds (0d 0h 0m 51s)

---------------  T H R E A D  ---------------

Current thread (0x00000256b43acc50):  JavaThread "C2 CompilerThread1" daemon [_thread_in_native, id=5700, stack(0x000000776ac00000,0x000000776ad00000)]


Current CompileTask:
C2:  51653 6235       4       org.objectweb.asm.Frame::getAbstractTypeFromDescriptor (415 bytes)

Stack: [0x000000776ac00000,0x000000776ad00000],  sp=0x000000776acfb808,  free space=1006k
Native frames: (J=compiled Java code, j=interpreted, Vv=VM code, C=native code)
V  [jvm.dll+0x67af30]
V  [jvm.dll+0x67b1e0]
V  [jvm.dll+0x67833e]
V  [jvm.dll+0x18e2b0]
V  [jvm.dll+0x1ea822]
V  [jvm.dll+0x1e996e]
V  [jvm.dll+0x178567]
V  [jvm.dll+0x1f9225]
V  [jvm.dll+0x1f72cc]
V  [jvm.dll+0x74495d]
V  [jvm.dll+0x73d75a]
V  [jvm.dll+0x629c56]
C  [ucrtbase.dll+0x21bb2]
C  [KERNEL32.DLL+0x17034]
C  [ntdll.dll+0x52651]


siginfo: EXCEPTION_ACCESS_VIOLATION (0xc0000005), reading address 0x0000025590329970


Register to memory mapping:

RIP=0x00007ffa2527af30 jvm.dll
RAX=
[error occurred during error reporting (printing register info), id 0xc0000005, EXCEPTION_ACCESS_VIOLATION (0xc0000005) at pc=0x00007ffa24ea8322]

Registers:
RAX=0x00000000fffffffb, RBX=0x0000000000000256, RCX=0x00000256b74e70d0, RDX=0x0000000000000003
RSP=0x000000776acfb808, RBP=0x000000776acfb940, RSI=0x0000000000000000, RDI=0x0000000000000003
R8 =0x00007da36e12d040, R9 =0xffffffffb6390a28, R10=0x0000000000000000, R11=0x00000256b74e70d0
R12=0x00000256b93a0dd8, R13=0x0000000000000002, R14=0x0000000000000000, R15=0x0000000000000001
RIP=0x00007ffa2527af30, EFLAGS=0x0000000000010286

Top of Stack: (sp=0x000000776acfb808)
0x000000776acfb808:   00007ffa2527b1e0 00000256b74e70d0
0x000000776acfb818:   000000776acfc0a0 0000000000000001
0x000000776acfb828:   00000256b6bc58b8 0000000000000003
0x000000776acfb838:   00007ffa2527833e 00000256b74e70d0
0x000000776acfb848:   0000000000000000 00000256b736c648
0x000000776acfb858:   00000256b764d930 00000256b7bf9698
0x000000776acfb868:   0000025600000001 00000256000002d4
0x000000776acfb878:   000000776acfb901 0000007700000001
0x000000776acfb888:   000000776acfbb40 0000000000000001
0x000000776acfb898:   00007ffa24f332a5 0000007700000002
0x000000776acfb8a8:   00000256b62aa020 00000256b736c648
0x000000776acfb8b8:   000002a600000002 0000025600000004
0x000000776acfb8c8:   0000000000000000 0000025600000002
0x000000776acfb8d8:   00000256b6c807e0 0000001800000000
0x000000776acfb8e8:   00000256b6c80800 00000256b6c7ed30
0x000000776acfb8f8:   0000000000010b18 000002c700000000 

Instructions: (pc=0x00007ffa2527af30)
0x00007ffa2527ae30:   25 00 48 89 45 80 48 8d 05 5b f1 25 00 48 89 45
0x00007ffa2527ae40:   88 48 8d 05 58 f1 25 00 48 89 45 90 48 8d 05 55
0x00007ffa2527ae50:   f1 25 00 48 89 45 98 48 8d 05 52 f1 25 00 48 89
0x00007ffa2527ae60:   45 a0 48 8d 05 4f f1 25 00 48 89 45 a8 48 8d 05
0x00007ffa2527ae70:   4c f1 25 00 48 89 45 b0 48 8d 05 49 f1 25 00 48
0x00007ffa2527ae80:   89 45 b8 48 8d 05 46 f1 25 00 48 89 45 c0 48 8d
0x00007ffa2527ae90:   05 43 f1 25 00 48 89 45 c8 48 8d 05 40 f1 25 00
0x00007ffa2527aea0:   48 89 45 d0 48 8d 05 3d f1 25 00 48 89 45 d8 48
0x00007ffa2527aeb0:   8d 05 3a f1 25 00 48 89 45 e0 48 8d 05 37 f1 25
0x00007ffa2527aec0:   00 48 89 45 e8 48 8d 05 34 f1 25 00 48 89 45 f0
0x00007ffa2527aed0:   48 8d 05 31 f1 25 00 48 89 45 f8 48 83 f9 1f 77
0x00007ffa2527aee0:   09 48 63 c1 48 8b 04 c4 eb 07 48 8d 05 1f f1 25
0x00007ffa2527aef0:   00 48 8b 4d 00 48 33 cc e8 e3 dc 15 00 48 81 c4
0x00007ffa2527af00:   10 01 00 00 5d c3 cc cc cc cc cc cc cc cc cc cc
0x00007ffa2527af10:   48 89 5c 24 08 4c 63 49 58 45 33 d2 48 63 59 5c
0x00007ffa2527af20:   4c 8b d9 4c 3b cb 7f 50 0f 1f 84 00 00 00 00 00
0x00007ffa2527af30:   47 8b 04 8b 41 8b c0 d1 e8 49 ff c1 25 55 55 55
0x00007ffa2527af40:   55 44 2b c0 41 8b d0 41 81 e0 33 33 33 33 c1 ea
0x00007ffa2527af50:   02 81 e2 33 33 33 33 41 03 d0 8b ca c1 e9 04 03
0x00007ffa2527af60:   ca 81 e1 0f 0f 0f 0f 69 c9 01 01 01 01 c1 e9 18
0x00007ffa2527af70:   44 03 d1 4c 3b cb 7e b8 48 8b 5c 24 08 41 8b c2
0x00007ffa2527af80:   c3 cc cc cc cc cc cc cc cc cc cc cc cc cc cc cc
0x00007ffa2527af90:   4c 63 41 58 44 3b 41 5c 7f 2b 4e 8d 0c 81 66 90
0x00007ffa2527afa0:   41 8b 11 4d 8d 49 04 8b c2 41 ff c0 25 55 55 55
0x00007ffa2527afb0:   d5 03 c0 23 d0 8b c2 d1 f8 0b c2 41 89 41 fc 44
0x00007ffa2527afc0:   3b 41 5c 7e db c3 cc cc cc cc cc cc cc cc cc cc
0x00007ffa2527afd0:   40 53 4c 63 c2 48 8b d9 41 83 f8 01 0f 84 8d 00
0x00007ffa2527afe0:   00 00 4c 63 5b 58 48 8d 0d 33 a9 39 00 49 8b c0
0x00007ffa2527aff0:   48 89 7c 24 10 48 c1 f8 02 8b 3c 81 44 3b 5b 5c
0x00007ffa2527b000:   7f 68 4e 8d 14 9b 66 66 0f 1f 84 00 00 00 00 00
0x00007ffa2527b010:   45 8b 0a 41 8b c1 23 c7 41 83 f8 01 7e 0f 41 8d
0x00007ffa2527b020:   50 ff 03 c0 41 23 c1 48 83 ea 01 75 f5 8b c8 d1 


Stack slot to memory mapping:
stack at sp + 0 slots: 0x00007ffa2527b1e0 jvm.dll
stack at sp + 1 slots: 0x00000256b74e70d0 points into unknown readable memory: 0x00000256b6e3a920 | 20 a9 e3 b6 56 02 00 00
stack at sp + 2 slots: 0x000000776acfc0a0 is pointing into the stack for thread: 0x00000256b43acc50
stack at sp + 3 slots: 0x0000000000000001 is an unknown value
stack at sp + 4 slots: 0x00000256b6bc58b8 points into unknown readable memory: 0x00007ffa2544c8f0 | f0 c8 44 25 fa 7f 00 00
stack at sp + 5 slots: 0x0000000000000003 is an unknown value
stack at sp + 6 slots: 0x00007ffa2527833e jvm.dll
stack at sp + 7 slots: 0x00000256b74e70d0 points into unknown readable memory: 0x00000256b6e3a920 | 20 a9 e3 b6 56 02 00 00


---------------  P R O C E S S  ---------------

Threads class SMR info:
_java_thread_list=0x00000256b5e62a00, length=136, elements={
0x000002569361f210, 0x00000256b38a5ba0, 0x00000256b38a6680, 0x00000256b38bba40,
0x00000256b38c0420, 0x00000256b38c1df0, 0x00000256b38caba0, 0x00000256b38cfab0,
0x00000256b38e38a0, 0x00000256b4311e10, 0x00000256b436c8c0, 0x00000256b4a66b90,
0x00000256b5702e70, 0x00000256b5ccfa70, 0x00000256b5c28ec0, 0x00000256b4cb63d0,
0x00000256b5b47180, 0x00000256b5b47650, 0x00000256b573a270, 0x00000256b573a740,
0x00000256b5b21700, 0x00000256b5b203c0, 0x00000256b5b20d60, 0x00000256b5b1fa20,
0x00000256b5b21230, 0x00000256b5b1f080, 0x00000256b5b220a0, 0x00000256b5b20890,
0x00000256b5b1f550, 0x00000256b5b1fef0, 0x00000256b5b21bd0, 0x00000256b5b22570,
0x00000256b5b22a40, 0x00000256b8ea6cc0, 0x00000256b8ea4b10, 0x00000256b8ea8e70,
0x00000256b8ea54b0, 0x00000256b8ea4170, 0x00000256b8ea3ca0, 0x00000256b8ea3300,
0x00000256b8ea4fe0, 0x00000256b8ea6320, 0x00000256b8ea4640, 0x00000256b8ea5980,
0x00000256b8ea37d0, 0x00000256b8ea8000, 0x00000256b8ea84d0, 0x00000256b8ea7190,
0x00000256b8ea89a0, 0x00000256b8ea5e50, 0x00000256b8eaab50, 0x00000256b8ea9340,
0x00000256b8ea9ce0, 0x00000256b8eaa1b0, 0x00000256b4905fe0, 0x00000256b4906980,
0x00000256b4909000, 0x00000256b490b1b0, 0x00000256b4904300, 0x00000256b4909e70,
0x00000256b4908660, 0x00000256b49094d0, 0x00000256b490b680, 0x00000256b49064b0,
0x00000256b4904ca0, 0x00000256b490bb50, 0x00000256b490a340, 0x00000256b49099a0,
0x00000256b4908190, 0x00000256b490a810, 0x00000256b4908b30, 0x00000256b490ace0,
0x00000256b4907320, 0x00000256b49047d0, 0x00000256b4905170, 0x00000256b4905640,
0x00000256b4905b10, 0x00000256b4906e50, 0x00000256b49077f0, 0x00000256b4907cc0,
0x00000256b9292f20, 0x00000256b92920b0, 0x00000256b9290d70, 0x00000256b92933f0,
0x00000256b9292a50, 0x00000256b92938c0, 0x00000256b9292580, 0x00000256b9293d90,
0x00000256b9291240, 0x00000256b9294260, 0x00000256b9294730, 0x00000256b92950d0,
0x00000256b9291710, 0x00000256b9294c00, 0x00000256b92955a0, 0x00000256b9295f40,
0x00000256b9295a70, 0x00000256b9296410, 0x00000256b9291be0, 0x00000256b92968e0,
0x00000256b9296db0, 0x00000256b928f560, 0x00000256b928fa30, 0x00000256b928ff00,
0x00000256b92903d0, 0x00000256b92908a0, 0x00000256b5bd1ba0, 0x00000256b5bd46f0,
0x00000256b5bd2a10, 0x00000256b5bd2ee0, 0x00000256b5bd0d30, 0x00000256b5bd3880,
0x00000256b5bd3d50, 0x00000256b5bd2070, 0x00000256b5bd5560, 0x00000256b5bd7710,
0x00000256b5bd6d70, 0x00000256b5bd4bc0, 0x00000256b5bd7be0, 0x00000256b5bd7240,
0x00000256b5bd5090, 0x00000256b5bd4220, 0x00000256b5bd5a30, 0x00000256b5bd2540,
0x00000256b5bd0860, 0x00000256b5bd16d0, 0x00000256b5bd5f00, 0x00000256b5bd63d0,
0x00000256b5bd80b0, 0x00000256b5bd68a0, 0x00000256b5bd33b0, 0x00000256b5bd1200,
0x00000256b5c9f3b0, 0x00000256b5ca4f20, 0x00000256b5ca28a0, 0x00000256b43acc50
}

Java Threads: ( => current thread )
  0x000002569361f210 JavaThread "main" [_thread_blocked, id=3980, stack(0x0000007761900000,0x0000007761a00000)]
  0x00000256b38a5ba0 JavaThread "Reference Handler" daemon [_thread_blocked, id=1880, stack(0x0000007762000000,0x0000007762100000)]
  0x00000256b38a6680 JavaThread "Finalizer" daemon [_thread_blocked, id=5016, stack(0x0000007762100000,0x0000007762200000)]
  0x00000256b38bba40 JavaThread "Signal Dispatcher" daemon [_thread_blocked, id=1224, stack(0x0000007762200000,0x0000007762300000)]
  0x00000256b38c0420 JavaThread "Attach Listener" daemon [_thread_blocked, id=9328, stack(0x0000007762300000,0x0000007762400000)]
  0x00000256b38c1df0 JavaThread "Service Thread" daemon [_thread_blocked, id=9608, stack(0x0000007762400000,0x0000007762500000)]
  0x00000256b38caba0 JavaThread "C2 CompilerThread0" daemon [_thread_in_native, id=9460, stack(0x0000007762500000,0x0000007762600000)]
  0x00000256b38cfab0 JavaThread "C1 CompilerThread0" daemon [_thread_blocked, id=6804, stack(0x0000007762600000,0x0000007762700000)]
  0x00000256b38e38a0 JavaThread "Sweeper thread" daemon [_thread_blocked, id=8428, stack(0x0000007762700000,0x0000007762800000)]
  0x00000256b4311e10 JavaThread "Common-Cleaner" daemon [_thread_blocked, id=10032, stack(0x0000007762800000,0x0000007762900000)]
  0x00000256b436c8c0 JavaThread "Notification Thread" daemon [_thread_blocked, id=9176, stack(0x0000007762900000,0x0000007762a00000)]
  0x00000256b4a66b90 JavaThread "Daemon health stats" [_thread_blocked, id=8944, stack(0x0000007762e00000,0x0000007762f00000)]
  0x00000256b5702e70 JavaThread "Incoming local TCP Connector on port 51856" [_thread_in_native, id=6064, stack(0x0000007763100000,0x0000007763200000)]
  0x00000256b5ccfa70 JavaThread "Daemon periodic checks" [_thread_blocked, id=4780, stack(0x0000007763200000,0x0000007763300000)]
  0x00000256b5c28ec0 JavaThread "Daemon" [_thread_blocked, id=2596, stack(0x0000007763300000,0x0000007763400000)]
  0x00000256b4cb63d0 JavaThread "Handler for socket connection from /127.0.0.1:51856 to /127.0.0.1:51857" [_thread_in_native, id=11004, stack(0x0000007763400000,0x0000007763500000)]
  0x00000256b5b47180 JavaThread "Cancel handler" [_thread_blocked, id=9736, stack(0x0000007763500000,0x0000007763600000)]
  0x00000256b5b47650 JavaThread "Daemon worker" [_thread_in_vm, id=2464, stack(0x0000007763600000,0x0000007763700000)]
  0x00000256b573a270 JavaThread "Asynchronous log dispatcher for DefaultDaemonConnection: socket connection from /127.0.0.1:51856 to /127.0.0.1:51857" [_thread_blocked, id=1724, stack(0x0000007763700000,0x0000007763800000)]
  0x00000256b573a740 JavaThread "Stdin handler" [_thread_blocked, id=7180, stack(0x0000007763800000,0x0000007763900000)]
  0x00000256b5b21700 JavaThread "Thread-8" [_thread_blocked, id=1832, stack(0x0000007763900000,0x0000007763a00000)]
  0x00000256b5b203c0 JavaThread "Cache worker for file hash cache (C:\Users\HP\.gradle\caches\6.7.1\fileHashes)" [_thread_blocked, id=3088, stack(0x0000007763a00000,0x0000007763b00000)]
  0x00000256b5b20d60 JavaThread "File lock request listener" [_thread_in_native, id=2992, stack(0x0000007763b00000,0x0000007763c00000)]
  0x00000256b5b1fa20 JavaThread "Cache worker for journal cache (C:\Users\HP\.gradle\caches\journal-1)" [_thread_blocked, id=5596, stack(0x0000007763c00000,0x0000007763d00000)]
  0x00000256b5b21230 JavaThread "Cache worker for file hash cache (D:\AKSHAY\Documents\AndroidStudioProjects\App\.gradle\6.7.1\fileHashes)" [_thread_blocked, id=8548, stack(0x0000007763e00000,0x0000007763f00000)]
  0x00000256b5b1f080 JavaThread "jar transforms" [_thread_blocked, id=3548, stack(0x0000007763d00000,0x0000007763e00000)]
  0x00000256b5b220a0 JavaThread "jar transforms Thread 2" [_thread_blocked, id=4084, stack(0x0000007763f00000,0x0000007764000000)]
  0x00000256b5b20890 JavaThread "jar transforms Thread 3" [_thread_blocked, id=5668, stack(0x0000007764000000,0x0000007764100000)]
  0x00000256b5b1f550 JavaThread "jar transforms Thread 4" [_thread_blocked, id=3576, stack(0x0000007764100000,0x0000007764200000)]
  0x00000256b5b1fef0 JavaThread "jar transforms Thread 5" [_thread_blocked, id=1352, stack(0x0000007764300000,0x0000007764400000)]
  0x00000256b5b21bd0 JavaThread "jar transforms Thread 6" [_thread_blocked, id=3492, stack(0x0000007764400000,0x0000007764500000)]
  0x00000256b5b22570 JavaThread "jar transforms Thread 7" [_thread_blocked, id=2136, stack(0x0000007764500000,0x0000007764600000)]
  0x00000256b5b22a40 JavaThread "jar transforms Thread 8" [_thread_blocked, id=11204, stack(0x0000007764600000,0x0000007764700000)]
  0x00000256b8ea6cc0 JavaThread "jar transforms Thread 9" [_thread_blocked, id=1164, stack(0x0000007764700000,0x0000007764800000)]
  0x00000256b8ea4b10 JavaThread "jar transforms Thread 10" [_thread_blocked, id=10324, stack(0x0000007764800000,0x0000007764900000)]
  0x00000256b8ea8e70 JavaThread "jar transforms Thread 11" [_thread_blocked, id=9840, stack(0x0000007764900000,0x0000007764a00000)]
  0x00000256b8ea54b0 JavaThread "jar transforms Thread 12" [_thread_blocked, id=3364, stack(0x0000007764a00000,0x0000007764b00000)]
  0x00000256b8ea4170 JavaThread "jar transforms Thread 13" [_thread_blocked, id=10172, stack(0x0000007764b00000,0x0000007764c00000)]
  0x00000256b8ea3ca0 JavaThread "jar transforms Thread 14" [_thread_blocked, id=1812, stack(0x0000007764c00000,0x0000007764d00000)]
  0x00000256b8ea3300 JavaThread "jar transforms Thread 15" [_thread_blocked, id=1708, stack(0x0000007764d00000,0x0000007764e00000)]
  0x00000256b8ea4fe0 JavaThread "jar transforms Thread 16" [_thread_blocked, id=8924, stack(0x0000007764e00000,0x0000007764f00000)]
  0x00000256b8ea6320 JavaThread "jar transforms Thread 17" [_thread_blocked, id=7392, stack(0x0000007764f00000,0x0000007765000000)]
  0x00000256b8ea4640 JavaThread "jar transforms Thread 18" [_thread_blocked, id=5936, stack(0x0000007765000000,0x0000007765100000)]
  0x00000256b8ea5980 JavaThread "jar transforms Thread 19" [_thread_blocked, id=1260, stack(0x0000007764200000,0x0000007764300000)]
  0x00000256b8ea37d0 JavaThread "jar transforms Thread 20" [_thread_blocked, id=4680, stack(0x0000007765100000,0x0000007765200000)]
  0x00000256b8ea8000 JavaThread "jar transforms Thread 21" [_thread_blocked, id=9512, stack(0x0000007765200000,0x0000007765300000)]
  0x00000256b8ea84d0 JavaThread "Cache worker for checksums cache (D:\AKSHAY\Documents\AndroidStudioProjects\App\.gradle\checksums)" [_thread_blocked, id=10944, stack(0x0000007765300000,0x0000007765400000)]
  0x00000256b8ea7190 JavaThread "Cache worker for cache directory md-supplier (C:\Users\HP\.gradle\caches\6.7.1\md-supplier)" [_thread_blocked, id=10596, stack(0x0000007765400000,0x0000007765500000)]
  0x00000256b8ea89a0 JavaThread "Cache worker for cache directory md-rule (C:\Users\HP\.gradle\caches\6.7.1\md-rule)" [_thread_blocked, id=620, stack(0x0000007765500000,0x0000007765600000)]
  0x00000256b8ea5e50 JavaThread "Cache worker for execution history cache (C:\Users\HP\.gradle\caches\6.7.1\executionHistory)" [_thread_blocked, id=2228, stack(0x0000007765700000,0x0000007765800000)]
  0x00000256b8eaab50 JavaThread "Cache worker for file content cache (C:\Users\HP\.gradle\caches\6.7.1\fileContent)" [_thread_blocked, id=5628, stack(0x0000007765600000,0x0000007765700000)]
  0x00000256b8ea9340 JavaThread "Cache worker for Build Output Cleanup Cache (D:\AKSHAY\Documents\AndroidStudioProjects\App\.gradle\buildOutputCleanup)" [_thread_blocked, id=8912, stack(0x0000007765a00000,0x0000007765b00000)]
  0x00000256b8ea9ce0 JavaThread "Build operations" [_thread_blocked, id=9252, stack(0x0000007761600000,0x0000007761700000)]
  0x00000256b8eaa1b0 JavaThread "Build operations Thread 2" [_thread_blocked, id=7488, stack(0x0000007765b00000,0x0000007765c00000)]
  0x00000256b4905fe0 JavaThread "Build operations Thread 3" [_thread_blocked, id=9400, stack(0x0000007765c00000,0x0000007765d00000)]
  0x00000256b4906980 JavaThread "Build operations Thread 4" [_thread_blocked, id=6132, stack(0x0000007765d00000,0x0000007765e00000)]
  0x00000256b4909000 JavaThread "jar transforms Thread 22" [_thread_blocked, id=10356, stack(0x0000007765e00000,0x0000007765f00000)]
  0x00000256b490b1b0 JavaThread "jar transforms Thread 23" [_thread_blocked, id=10992, stack(0x0000007765f00000,0x0000007766000000)]
  0x00000256b4904300 JavaThread "jar transforms Thread 24" [_thread_blocked, id=3648, stack(0x0000007766000000,0x0000007766100000)]
  0x00000256b4909e70 JavaThread "jar transforms Thread 25" [_thread_blocked, id=1824, stack(0x0000007766100000,0x0000007766200000)]
  0x00000256b4908660 JavaThread "jar transforms Thread 26" [_thread_blocked, id=3052, stack(0x0000007766200000,0x0000007766300000)]
  0x00000256b49094d0 JavaThread "jar transforms Thread 27" [_thread_blocked, id=2560, stack(0x0000007766300000,0x0000007766400000)]
  0x00000256b490b680 JavaThread "jar transforms Thread 28" [_thread_blocked, id=2932, stack(0x0000007766400000,0x0000007766500000)]
  0x00000256b49064b0 JavaThread "jar transforms Thread 29" [_thread_blocked, id=6200, stack(0x0000007766500000,0x0000007766600000)]
  0x00000256b4904ca0 JavaThread "jar transforms Thread 30" [_thread_blocked, id=5420, stack(0x0000007766600000,0x0000007766700000)]
  0x00000256b490bb50 JavaThread "jar transforms Thread 31" [_thread_blocked, id=10960, stack(0x0000007766700000,0x0000007766800000)]
  0x00000256b490a340 JavaThread "jar transforms Thread 32" [_thread_blocked, id=6976, stack(0x0000007766800000,0x0000007766900000)]
  0x00000256b49099a0 JavaThread "jar transforms Thread 33" [_thread_blocked, id=6800, stack(0x0000007766900000,0x0000007766a00000)]
  0x00000256b4908190 JavaThread "jar transforms Thread 34" [_thread_blocked, id=9372, stack(0x0000007766a00000,0x0000007766b00000)]
  0x00000256b490a810 JavaThread "jar transforms Thread 35" [_thread_blocked, id=10140, stack(0x0000007766b00000,0x0000007766c00000)]
  0x00000256b4908b30 JavaThread "jar transforms Thread 36" [_thread_blocked, id=4048, stack(0x0000007766c00000,0x0000007766d00000)]
  0x00000256b490ace0 JavaThread "jar transforms Thread 37" [_thread_blocked, id=3744, stack(0x0000007766d00000,0x0000007766e00000)]
  0x00000256b4907320 JavaThread "jar transforms Thread 38" [_thread_blocked, id=9468, stack(0x0000007766e00000,0x0000007766f00000)]
  0x00000256b49047d0 JavaThread "jar transforms Thread 39" [_thread_blocked, id=5616, stack(0x0000007766f00000,0x0000007767000000)]
  0x00000256b4905170 JavaThread "jar transforms Thread 40" [_thread_blocked, id=4884, stack(0x0000007767000000,0x0000007767100000)]
  0x00000256b4905640 JavaThread "jar transforms Thread 41" [_thread_blocked, id=10148, stack(0x0000007767100000,0x0000007767200000)]
  0x00000256b4905b10 JavaThread "jar transforms Thread 42" [_thread_blocked, id=2104, stack(0x0000007767200000,0x0000007767300000)]
  0x00000256b4906e50 JavaThread "jar transforms Thread 43" [_thread_blocked, id=1268, stack(0x0000007767300000,0x0000007767400000)]
  0x00000256b49077f0 JavaThread "jar transforms Thread 44" [_thread_blocked, id=5152, stack(0x0000007767400000,0x0000007767500000)]
  0x00000256b4907cc0 JavaThread "jar transforms Thread 45" [_thread_blocked, id=3656, stack(0x0000007767500000,0x0000007767600000)]
  0x00000256b9292f20 JavaThread "jar transforms Thread 46" [_thread_blocked, id=3924, stack(0x0000007767600000,0x0000007767700000)]
  0x00000256b92920b0 JavaThread "jar transforms Thread 47" [_thread_blocked, id=9904, stack(0x0000007767700000,0x0000007767800000)]
  0x00000256b9290d70 JavaThread "jar transforms Thread 48" [_thread_blocked, id=6260, stack(0x0000007767800000,0x0000007767900000)]
  0x00000256b92933f0 JavaThread "jar transforms Thread 49" [_thread_blocked, id=7124, stack(0x0000007767900000,0x0000007767a00000)]
  0x00000256b9292a50 JavaThread "jar transforms Thread 50" [_thread_blocked, id=4808, stack(0x0000007767a00000,0x0000007767b00000)]
  0x00000256b92938c0 JavaThread "jar transforms Thread 51" [_thread_blocked, id=9712, stack(0x0000007767b00000,0x0000007767c00000)]
  0x00000256b9292580 JavaThread "jar transforms Thread 52" [_thread_blocked, id=3816, stack(0x0000007767c00000,0x0000007767d00000)]
  0x00000256b9293d90 JavaThread "jar transforms Thread 53" [_thread_blocked, id=3136, stack(0x0000007767d00000,0x0000007767e00000)]
  0x00000256b9291240 JavaThread "jar transforms Thread 54" [_thread_blocked, id=4384, stack(0x0000007767e00000,0x0000007767f00000)]
  0x00000256b9294260 JavaThread "jar transforms Thread 55" [_thread_blocked, id=11148, stack(0x0000007767f00000,0x0000007768000000)]
  0x00000256b9294730 JavaThread "jar transforms Thread 56" [_thread_blocked, id=6464, stack(0x0000007768000000,0x0000007768100000)]
  0x00000256b92950d0 JavaThread "jar transforms Thread 57" [_thread_blocked, id=9800, stack(0x0000007768100000,0x0000007768200000)]
  0x00000256b9291710 JavaThread "jar transforms Thread 58" [_thread_blocked, id=10300, stack(0x0000007768200000,0x0000007768300000)]
  0x00000256b9294c00 JavaThread "jar transforms Thread 59" [_thread_blocked, id=5108, stack(0x0000007768300000,0x0000007768400000)]
  0x00000256b92955a0 JavaThread "jar transforms Thread 60" [_thread_blocked, id=8900, stack(0x0000007768400000,0x0000007768500000)]
  0x00000256b9295f40 JavaThread "jar transforms Thread 61" [_thread_blocked, id=10076, stack(0x0000007768500000,0x0000007768600000)]
  0x00000256b9295a70 JavaThread "jar transforms Thread 62" [_thread_blocked, id=10144, stack(0x0000007768600000,0x0000007768700000)]
  0x00000256b9296410 JavaThread "jar transforms Thread 63" [_thread_blocked, id=10492, stack(0x0000007768700000,0x0000007768800000)]
  0x00000256b9291be0 JavaThread "jar transforms Thread 64" [_thread_blocked, id=11060, stack(0x0000007768800000,0x0000007768900000)]
  0x00000256b92968e0 JavaThread "jar transforms Thread 65" [_thread_blocked, id=7328, stack(0x0000007768900000,0x0000007768a00000)]
  0x00000256b9296db0 JavaThread "jar transforms Thread 66" [_thread_blocked, id=9384, stack(0x0000007768a00000,0x0000007768b00000)]
  0x00000256b928f560 JavaThread "jar transforms Thread 67" [_thread_blocked, id=3148, stack(0x0000007768b00000,0x0000007768c00000)]
  0x00000256b928fa30 JavaThread "jar transforms Thread 68" [_thread_blocked, id=7908, stack(0x0000007768c00000,0x0000007768d00000)]
  0x00000256b928ff00 JavaThread "jar transforms Thread 69" [_thread_blocked, id=2176, stack(0x0000007768d00000,0x0000007768e00000)]
  0x00000256b92903d0 JavaThread "jar transforms Thread 70" [_thread_blocked, id=6244, stack(0x0000007768e00000,0x0000007768f00000)]
  0x00000256b92908a0 JavaThread "jar transforms Thread 71" [_thread_blocked, id=7128, stack(0x0000007768f00000,0x0000007769000000)]
  0x00000256b5bd1ba0 JavaThread "jar transforms Thread 72" [_thread_blocked, id=9740, stack(0x0000007769000000,0x0000007769100000)]
  0x00000256b5bd46f0 JavaThread "jar transforms Thread 73" [_thread_blocked, id=3552, stack(0x0000007769100000,0x0000007769200000)]
  0x00000256b5bd2a10 JavaThread "jar transforms Thread 74" [_thread_blocked, id=3516, stack(0x0000007769200000,0x0000007769300000)]
  0x00000256b5bd2ee0 JavaThread "jar transforms Thread 75" [_thread_blocked, id=1704, stack(0x0000007769300000,0x0000007769400000)]
  0x00000256b5bd0d30 JavaThread "jar transforms Thread 76" [_thread_blocked, id=7604, stack(0x0000007769400000,0x0000007769500000)]
  0x00000256b5bd3880 JavaThread "jar transforms Thread 77" [_thread_blocked, id=2224, stack(0x0000007769500000,0x0000007769600000)]
  0x00000256b5bd3d50 JavaThread "jar transforms Thread 78" [_thread_blocked, id=9336, stack(0x0000007769600000,0x0000007769700000)]
  0x00000256b5bd2070 JavaThread "jar transforms Thread 79" [_thread_blocked, id=5908, stack(0x0000007769700000,0x0000007769800000)]
  0x00000256b5bd5560 JavaThread "jar transforms Thread 80" [_thread_blocked, id=8876, stack(0x0000007769800000,0x0000007769900000)]
  0x00000256b5bd7710 JavaThread "jar transforms Thread 81" [_thread_blocked, id=10856, stack(0x0000007769900000,0x0000007769a00000)]
  0x00000256b5bd6d70 JavaThread "jar transforms Thread 82" [_thread_blocked, id=4736, stack(0x0000007769a00000,0x0000007769b00000)]
  0x00000256b5bd4bc0 JavaThread "jar transforms Thread 83" [_thread_blocked, id=4740, stack(0x0000007769b00000,0x0000007769c00000)]
  0x00000256b5bd7be0 JavaThread "jar transforms Thread 84" [_thread_blocked, id=7680, stack(0x0000007769c00000,0x0000007769d00000)]
  0x00000256b5bd7240 JavaThread "jar transforms Thread 85" [_thread_blocked, id=3096, stack(0x0000007769d00000,0x0000007769e00000)]
  0x00000256b5bd5090 JavaThread "jar transforms Thread 86" [_thread_blocked, id=1004, stack(0x0000007769e00000,0x0000007769f00000)]
  0x00000256b5bd4220 JavaThread "jar transforms Thread 87" [_thread_blocked, id=5352, stack(0x0000007769f00000,0x000000776a000000)]
  0x00000256b5bd5a30 JavaThread "jar transforms Thread 88" [_thread_blocked, id=2852, stack(0x000000776a000000,0x000000776a100000)]
  0x00000256b5bd2540 JavaThread "jar transforms Thread 89" [_thread_blocked, id=3284, stack(0x000000776a100000,0x000000776a200000)]
  0x00000256b5bd0860 JavaThread "jar transforms Thread 90" [_thread_blocked, id=10844, stack(0x000000776a200000,0x000000776a300000)]
  0x00000256b5bd16d0 JavaThread "jar transforms Thread 91" [_thread_blocked, id=6624, stack(0x000000776a300000,0x000000776a400000)]
  0x00000256b5bd5f00 JavaThread "jar transforms Thread 92" [_thread_blocked, id=7420, stack(0x000000776a400000,0x000000776a500000)]
  0x00000256b5bd63d0 JavaThread "jar transforms Thread 93" [_thread_blocked, id=2640, stack(0x000000776a500000,0x000000776a600000)]
  0x00000256b5bd80b0 JavaThread "jar transforms Thread 94" [_thread_blocked, id=2752, stack(0x000000776a600000,0x000000776a700000)]
  0x00000256b5bd68a0 JavaThread "jar transforms Thread 95" [_thread_blocked, id=2884, stack(0x000000776a700000,0x000000776a800000)]
  0x00000256b5bd33b0 JavaThread "jar transforms Thread 96" [_thread_blocked, id=9568, stack(0x000000776a800000,0x000000776a900000)]
  0x00000256b5bd1200 JavaThread "jar transforms Thread 97" [_thread_blocked, id=1288, stack(0x000000776a900000,0x000000776aa00000)]
  0x00000256b5c9f3b0 JavaThread "jar transforms Thread 98" [_thread_blocked, id=4908, stack(0x000000776aa00000,0x000000776ab00000)]
  0x00000256b5ca4f20 JavaThread "jar transforms Thread 99" [_thread_blocked, id=3944, stack(0x000000776ab00000,0x000000776ac00000)]
  0x00000256b5ca28a0 JavaThread "Memory manager" [_thread_blocked, id=3224, stack(0x000000776ad00000,0x000000776ae00000)]
=>0x00000256b43acc50 JavaThread "C2 CompilerThread1" daemon [_thread_in_native, id=5700, stack(0x000000776ac00000,0x000000776ad00000)]

Other Threads:
  0x00000256b38a03f0 VMThread "VM Thread" [stack: 0x0000007761f00000,0x0000007762000000] [id=9748]
  0x00000256b4370da0 WatcherThread [stack: 0x0000007762a00000,0x0000007762b00000] [id=11228]
  0x000002569365eab0 GCTaskThread "GC Thread#0" [stack: 0x0000007761a00000,0x0000007761b00000] [id=9152]
  0x00000256b45b7d70 GCTaskThread "GC Thread#1" [stack: 0x0000007762b00000,0x0000007762c00000] [id=10996]
  0x00000256b45b5400 GCTaskThread "GC Thread#2" [stack: 0x0000007762c00000,0x0000007762d00000] [id=8740]
  0x00000256b45b80a0 GCTaskThread "GC Thread#3" [stack: 0x0000007762d00000,0x0000007762e00000] [id=10876]
  0x0000025693671440 ConcurrentGCThread "G1 Main Marker" [stack: 0x0000007761b00000,0x0000007761c00000] [id=5760]
  0x0000025693671fc0 ConcurrentGCThread "G1 Conc#0" [stack: 0x0000007761c00000,0x0000007761d00000] [id=2124]
  0x00000256b37200a0 ConcurrentGCThread "G1 Refine#0" [stack: 0x0000007761d00000,0x0000007761e00000] [id=8976]
  0x00000256b61fc130 ConcurrentGCThread "G1 Refine#1" [stack: 0x0000007765800000,0x0000007765900000] [id=1244]
  0x00000256b61fb3b0 ConcurrentGCThread "G1 Refine#2" [stack: 0x0000007765900000,0x0000007765a00000] [id=9900]
  0x00000256b3720950 ConcurrentGCThread "G1 Young RemSet Sampling" [stack: 0x0000007761e00000,0x0000007761f00000] [id=624]

Threads with active compile tasks:
C2 CompilerThread0    51772 6293       4       org.objectweb.asm.MethodWriter::computeAllFrames (510 bytes)
C2 CompilerThread1    51773 6235       4       org.objectweb.asm.Frame::getAbstractTypeFromDescriptor (415 bytes)

VM state: not at safepoint (normal execution)

VM Mutex/Monitor currently owned by a thread: None

Heap address: 0x0000000080000000, size: 2048 MB, Compressed Oops mode: 32-bit
CDS archive(s) mapped at: [0x0000000800000000-0x0000000800b50000-0x0000000800b50000), size 11862016, SharedBaseAddress: 0x0000000800000000, ArchiveRelocationMode: 0.
Compressed class space mapped at: 0x0000000800b50000-0x0000000840b50000, size: 1073741824
Narrow klass base: 0x0000000800000000, Narrow klass shift: 3, Narrow klass range: 0x100000000

GC Precious Log:
 CPUs: 4 total, 4 available
 Memory: 12179M
 Large Page Support: Disabled
 NUMA Support: Disabled
 Compressed Oops: Enabled (32-bit)
 Heap Region Size: 1M
 Heap Min Capacity: 8M
 Heap Initial Capacity: 192M
 Heap Max Capacity: 2G
 Pre-touch: Disabled
 Parallel Workers: 4
 Concurrent Workers: 1
 Concurrent Refinement Workers: 4
 Periodic GC: Disabled

Heap:
 garbage-first heap   total 114688K, used 86026K [0x0000000080000000, 0x0000000100000000)
  region size 1024K, 25 young (25600K), 2 survivors (2048K)
 Metaspace       used 54332K, capacity 55567K, committed 55760K, reserved 1097728K
  class space    used 6918K, capacity 7217K, committed 7296K, reserved 1048576K

Heap Regions: E=young(eden), S=young(survivor), O=old, HS=humongous(starts), HC=humongous(continues), CS=collection set, F=free, OA=open archive, CA=closed archive, TAMS=top-at-mark-start (previous, next)
|   0|0x0000000080000000, 0x0000000080100000, 0x0000000080100000|100%| O|  |TAMS 0x0000000080100000, 0x0000000080000000| Untracked 
|   1|0x0000000080100000, 0x0000000080167800, 0x0000000080200000| 40%| O|  |TAMS 0x0000000080167800, 0x0000000080100000| Untracked 
|   2|0x0000000080200000, 0x0000000080300000, 0x0000000080300000|100%| O|  |TAMS 0x0000000080300000, 0x0000000080200000| Untracked 
|   3|0x0000000080300000, 0x0000000080400000, 0x0000000080400000|100%|HS|  |TAMS 0x0000000080400000, 0x0000000080300000| Complete 
|   4|0x0000000080400000, 0x0000000080500000, 0x0000000080500000|100%|HC|  |TAMS 0x0000000080500000, 0x0000000080400000| Complete 
|   5|0x0000000080500000, 0x0000000080600000, 0x0000000080600000|100%|HC|  |TAMS 0x0000000080600000, 0x0000000080500000| Complete 
|   6|0x0000000080600000, 0x0000000080700000, 0x0000000080700000|100%| O|  |TAMS 0x0000000080700000, 0x0000000080600000| Untracked 
|   7|0x0000000080700000, 0x0000000080800000, 0x0000000080800000|100%| O|  |TAMS 0x0000000080800000, 0x0000000080700000| Untracked 
|   8|0x0000000080800000, 0x0000000080900000, 0x0000000080900000|100%| O|  |TAMS 0x0000000080900000, 0x0000000080800000| Untracked 
|   9|0x0000000080900000, 0x0000000080a00000, 0x0000000080a00000|100%| O|  |TAMS 0x0000000080a00000, 0x0000000080900000| Untracked 
|  10|0x0000000080a00000, 0x0000000080b00000, 0x0000000080b00000|100%|HS|  |TAMS 0x0000000080b00000, 0x0000000080a00000| Complete 
|  11|0x0000000080b00000, 0x0000000080c00000, 0x0000000080c00000|100%|HC|  |TAMS 0x0000000080c00000, 0x0000000080b00000| Complete 
|  12|0x0000000080c00000, 0x0000000080d00000, 0x0000000080d00000|100%|HS|  |TAMS 0x0000000080d00000, 0x0000000080c00000| Complete 
|  13|0x0000000080d00000, 0x0000000080e00000, 0x0000000080e00000|100%|HC|  |TAMS 0x0000000080e00000, 0x0000000080d00000| Complete 
|  14|0x0000000080e00000, 0x0000000080f00000, 0x0000000080f00000|100%|HC|  |TAMS 0x0000000080f00000, 0x0000000080e00000| Complete 
|  15|0x0000000080f00000, 0x0000000081000000, 0x0000000081000000|100%|HS|  |TAMS 0x0000000081000000, 0x0000000080f00000| Complete 
|  16|0x0000000081000000, 0x0000000081100000, 0x0000000081100000|100%|HC|  |TAMS 0x0000000081100000, 0x0000000081000000| Complete 
|  17|0x0000000081100000, 0x0000000081200000, 0x0000000081200000|100%|HC|  |TAMS 0x0000000081200000, 0x0000000081100000| Complete 
|  18|0x0000000081200000, 0x0000000081300000, 0x0000000081300000|100%|HC|  |TAMS 0x0000000081300000, 0x0000000081200000| Complete 
|  19|0x0000000081300000, 0x0000000081400000, 0x0000000081400000|100%| O|  |TAMS 0x0000000081400000, 0x0000000081300000| Untracked 
|  20|0x0000000081400000, 0x0000000081500000, 0x0000000081500000|100%| O|  |TAMS 0x0000000081500000, 0x0000000081400000| Untracked 
|  21|0x0000000081500000, 0x0000000081600000, 0x0000000081600000|100%| O|  |TAMS 0x0000000081600000, 0x0000000081500000| Untracked 
|  22|0x0000000081600000, 0x0000000081700000, 0x0000000081700000|100%| O|  |TAMS 0x0000000081700000, 0x0000000081600000| Untracked 
|  23|0x0000000081700000, 0x0000000081800000, 0x0000000081800000|100%| O|  |TAMS 0x0000000081800000, 0x0000000081700000| Untracked 
|  24|0x0000000081800000, 0x0000000081900000, 0x0000000081900000|100%| O|  |TAMS 0x0000000081900000, 0x0000000081800000| Untracked 
|  25|0x0000000081900000, 0x0000000081a00000, 0x0000000081a00000|100%| O|  |TAMS 0x0000000081a00000, 0x0000000081900000| Untracked 
|  26|0x0000000081a00000, 0x0000000081b00000, 0x0000000081b00000|100%| O|  |TAMS 0x0000000081b00000, 0x0000000081a00000| Untracked 
|  27|0x0000000081b00000, 0x0000000081c00000, 0x0000000081c00000|100%| O|  |TAMS 0x0000000081c00000, 0x0000000081b00000| Untracked 
|  28|0x0000000081c00000, 0x0000000081d00000, 0x0000000081d00000|100%| O|  |TAMS 0x0000000081d00000, 0x0000000081c00000| Untracked 
|  29|0x0000000081d00000, 0x0000000081e00000, 0x0000000081e00000|100%| O|  |TAMS 0x0000000081e00000, 0x0000000081d00000| Untracked 
|  30|0x0000000081e00000, 0x0000000081f00000, 0x0000000081f00000|100%| O|  |TAMS 0x0000000081f00000, 0x0000000081e00000| Untracked 
|  31|0x0000000081f00000, 0x0000000082000000, 0x0000000082000000|100%| O|  |TAMS 0x0000000082000000, 0x0000000081f00000| Untracked 
|  32|0x0000000082000000, 0x0000000082100000, 0x0000000082100000|100%| O|  |TAMS 0x0000000082100000, 0x0000000082000000| Untracked 
|  33|0x0000000082100000, 0x0000000082200000, 0x0000000082200000|100%| O|  |TAMS 0x0000000082200000, 0x0000000082100000| Untracked 
|  34|0x0000000082200000, 0x0000000082300000, 0x0000000082300000|100%|HS|  |TAMS 0x0000000082300000, 0x0000000082200000| Complete 
|  35|0x0000000082300000, 0x0000000082400000, 0x0000000082400000|100%|HC|  |TAMS 0x0000000082400000, 0x0000000082300000| Complete 
|  36|0x0000000082400000, 0x0000000082500000, 0x0000000082500000|100%|HC|  |TAMS 0x0000000082500000, 0x0000000082400000| Complete 
|  37|0x0000000082500000, 0x0000000082600000, 0x0000000082600000|100%|HC|  |TAMS 0x0000000082600000, 0x0000000082500000| Complete 
|  38|0x0000000082600000, 0x0000000082700000, 0x0000000082700000|100%| O|  |TAMS 0x0000000082700000, 0x0000000082600000| Untracked 
|  39|0x0000000082700000, 0x0000000082800000, 0x0000000082800000|100%| O|  |TAMS 0x0000000082800000, 0x0000000082700000| Untracked 
|  40|0x0000000082800000, 0x0000000082900000, 0x0000000082900000|100%| O|  |TAMS 0x0000000082900000, 0x0000000082800000| Untracked 
|  41|0x0000000082900000, 0x0000000082a00000, 0x0000000082a00000|100%| O|  |TAMS 0x0000000082a00000, 0x0000000082900000| Untracked 
|  42|0x0000000082a00000, 0x0000000082b00000, 0x0000000082b00000|100%| O|  |TAMS 0x0000000082b00000, 0x0000000082a00000| Untracked 
|  43|0x0000000082b00000, 0x0000000082c00000, 0x0000000082c00000|100%| O|  |TAMS 0x0000000082c00000, 0x0000000082b00000| Untracked 
|  44|0x0000000082c00000, 0x0000000082d00000, 0x0000000082d00000|100%|HS|  |TAMS 0x0000000082d00000, 0x0000000082c00000| Complete 
|  45|0x0000000082d00000, 0x0000000082e00000, 0x0000000082e00000|100%|HC|  |TAMS 0x0000000082e00000, 0x0000000082d00000| Complete 
|  46|0x0000000082e00000, 0x0000000082f00000, 0x0000000082f00000|100%|HC|  |TAMS 0x0000000082f00000, 0x0000000082e00000| Complete 
|  47|0x0000000082f00000, 0x0000000083000000, 0x0000000083000000|100%| O|  |TAMS 0x0000000083000000, 0x0000000082f00000| Untracked 
|  48|0x0000000083000000, 0x0000000083100000, 0x0000000083100000|100%| O|  |TAMS 0x0000000083100000, 0x0000000083000000| Untracked 
|  49|0x0000000083100000, 0x0000000083200000, 0x0000000083200000|100%| O|  |TAMS 0x0000000083200000, 0x0000000083100000| Untracked 
|  50|0x0000000083200000, 0x0000000083300000, 0x0000000083300000|100%|HS|  |TAMS 0x0000000083300000, 0x0000000083200000| Complete 
|  51|0x0000000083300000, 0x0000000083400000, 0x0000000083400000|100%|HS|  |TAMS 0x0000000083400000, 0x0000000083300000| Complete 
|  52|0x0000000083400000, 0x0000000083500000, 0x0000000083500000|100%|HC|  |TAMS 0x0000000083500000, 0x0000000083400000| Complete 
|  53|0x0000000083500000, 0x0000000083600000, 0x0000000083600000|100%| O|  |TAMS 0x0000000083600000, 0x0000000083500000| Untracked 
|  54|0x0000000083600000, 0x0000000083700000, 0x0000000083700000|100%| O|  |TAMS 0x0000000083700000, 0x0000000083600000| Untracked 
|  55|0x0000000083700000, 0x0000000083800000, 0x0000000083800000|100%| O|  |TAMS 0x0000000083800000, 0x0000000083700000| Untracked 
|  56|0x0000000083800000, 0x0000000083900000, 0x0000000083900000|100%| O|  |TAMS 0x00000000838c9400, 0x0000000083800000| Untracked 
|  57|0x0000000083900000, 0x0000000083a00000, 0x0000000083a00000|100%| O|  |TAMS 0x0000000083900000, 0x0000000083900000| Untracked 
|  58|0x0000000083a00000, 0x0000000083b00000, 0x0000000083b00000|100%| O|  |TAMS 0x0000000083a00000, 0x0000000083a00000| Untracked 
|  59|0x0000000083b00000, 0x0000000083c00000, 0x0000000083c00000|100%| O|  |TAMS 0x0000000083b00000, 0x0000000083b00000| Untracked 
|  60|0x0000000083c00000, 0x0000000083d00000, 0x0000000083d00000|100%| O|  |TAMS 0x0000000083c00000, 0x0000000083c00000| Untracked 
|  61|0x0000000083d00000, 0x0000000083deb200, 0x0000000083e00000| 91%| O|  |TAMS 0x0000000083d00000, 0x0000000083d00000| Untracked 
|  62|0x0000000083e00000, 0x0000000083e00000, 0x0000000083f00000|  0%| F|  |TAMS 0x0000000083e00000, 0x0000000083e00000| Untracked 
|  63|0x0000000083f00000, 0x0000000083f00000, 0x0000000084000000|  0%| F|  |TAMS 0x0000000083f00000, 0x0000000083f00000| Untracked 
|  64|0x0000000084000000, 0x0000000084000000, 0x0000000084100000|  0%| F|  |TAMS 0x0000000084000000, 0x0000000084000000| Untracked 
|  65|0x0000000084100000, 0x0000000084100000, 0x0000000084200000|  0%| F|  |TAMS 0x0000000084100000, 0x0000000084100000| Untracked 
|  66|0x0000000084200000, 0x0000000084200000, 0x0000000084300000|  0%| F|  |TAMS 0x0000000084200000, 0x0000000084200000| Untracked 
|  67|0x0000000084300000, 0x0000000084300000, 0x0000000084400000|  0%| F|  |TAMS 0x0000000084300000, 0x0000000084300000| Untracked 
|  68|0x0000000084400000, 0x0000000084400000, 0x0000000084500000|  0%| F|  |TAMS 0x0000000084400000, 0x0000000084400000| Untracked 
|  69|0x0000000084500000, 0x0000000084500000, 0x0000000084600000|  0%| F|  |TAMS 0x0000000084500000, 0x0000000084500000| Untracked 
|  70|0x0000000084600000, 0x0000000084600000, 0x0000000084700000|  0%| F|  |TAMS 0x0000000084600000, 0x0000000084600000| Untracked 
|  71|0x0000000084700000, 0x0000000084700000, 0x0000000084800000|  0%| F|  |TAMS 0x0000000084700000, 0x0000000084700000| Untracked 
|  72|0x0000000084800000, 0x0000000084800000, 0x0000000084900000|  0%| F|  |TAMS 0x0000000084800000, 0x0000000084800000| Untracked 
|  73|0x0000000084900000, 0x0000000084900000, 0x0000000084a00000|  0%| F|  |TAMS 0x0000000084900000, 0x0000000084900000| Untracked 
|  74|0x0000000084a00000, 0x0000000084a00000, 0x0000000084b00000|  0%| F|  |TAMS 0x0000000084a00000, 0x0000000084a00000| Untracked 
|  75|0x0000000084b00000, 0x0000000084b00000, 0x0000000084c00000|  0%| F|  |TAMS 0x0000000084b00000, 0x0000000084b00000| Untracked 
|  76|0x0000000084c00000, 0x0000000084c00000, 0x0000000084d00000|  0%| F|  |TAMS 0x0000000084c00000, 0x0000000084c00000| Untracked 
|  77|0x0000000084d00000, 0x0000000084d00000, 0x0000000084e00000|  0%| F|  |TAMS 0x0000000084d00000, 0x0000000084d00000| Untracked 
|  78|0x0000000084e00000, 0x0000000084e00000, 0x0000000084f00000|  0%| F|  |TAMS 0x0000000084e00000, 0x0000000084e00000| Untracked 
|  79|0x0000000084f00000, 0x0000000084f00000, 0x0000000085000000|  0%| F|  |TAMS 0x0000000084f00000, 0x0000000084f00000| Untracked 
|  80|0x0000000085000000, 0x00000000850b0148, 0x0000000085100000| 68%| S|CS|TAMS 0x0000000085000000, 0x0000000085000000| Complete 
|  81|0x0000000085100000, 0x0000000085200000, 0x0000000085200000|100%| S|CS|TAMS 0x0000000085100000, 0x0000000085100000| Complete 
|  82|0x0000000085200000, 0x0000000085200000, 0x0000000085300000|  0%| F|  |TAMS 0x0000000085200000, 0x0000000085200000| Untracked 
|  83|0x0000000085300000, 0x0000000085300000, 0x0000000085400000|  0%| F|  |TAMS 0x0000000085300000, 0x0000000085300000| Untracked 
|  84|0x0000000085400000, 0x0000000085400000, 0x0000000085500000|  0%| F|  |TAMS 0x0000000085400000, 0x0000000085400000| Untracked 
|  85|0x0000000085500000, 0x0000000085500000, 0x0000000085600000|  0%| F|  |TAMS 0x0000000085500000, 0x0000000085500000| Untracked 
|  86|0x0000000085600000, 0x0000000085600000, 0x0000000085700000|  0%| F|  |TAMS 0x0000000085600000, 0x0000000085600000| Untracked 
|  87|0x0000000085700000, 0x0000000085700000, 0x0000000085800000|  0%| F|  |TAMS 0x0000000085700000, 0x0000000085700000| Untracked 
|  88|0x0000000085800000, 0x0000000085800000, 0x0000000085900000|  0%| F|  |TAMS 0x0000000085800000, 0x0000000085800000| Untracked 
|  89|0x0000000085900000, 0x0000000085a00000, 0x0000000085a00000|100%| E|  |TAMS 0x0000000085900000, 0x0000000085900000| Complete 
|  90|0x0000000085a00000, 0x0000000085b00000, 0x0000000085b00000|100%| E|CS|TAMS 0x0000000085a00000, 0x0000000085a00000| Complete 
|  91|0x0000000085b00000, 0x0000000085c00000, 0x0000000085c00000|100%| E|CS|TAMS 0x0000000085b00000, 0x0000000085b00000| Complete 
|  92|0x0000000085c00000, 0x0000000085d00000, 0x0000000085d00000|100%| E|CS|TAMS 0x0000000085c00000, 0x0000000085c00000| Complete 
|  93|0x0000000085d00000, 0x0000000085e00000, 0x0000000085e00000|100%| E|CS|TAMS 0x0000000085d00000, 0x0000000085d00000| Complete 
|  94|0x0000000085e00000, 0x0000000085f00000, 0x0000000085f00000|100%| E|CS|TAMS 0x0000000085e00000, 0x0000000085e00000| Complete 
|  95|0x0000000085f00000, 0x0000000086000000, 0x0000000086000000|100%| E|CS|TAMS 0x0000000085f00000, 0x0000000085f00000| Complete 
|  96|0x0000000086000000, 0x0000000086100000, 0x0000000086100000|100%| E|CS|TAMS 0x0000000086000000, 0x0000000086000000| Complete 
|  97|0x0000000086100000, 0x0000000086200000, 0x0000000086200000|100%| E|CS|TAMS 0x0000000086100000, 0x0000000086100000| Complete 
|  98|0x0000000086200000, 0x0000000086300000, 0x0000000086300000|100%| E|CS|TAMS 0x0000000086200000, 0x0000000086200000| Complete 
|  99|0x0000000086300000, 0x0000000086400000, 0x0000000086400000|100%| E|CS|TAMS 0x0000000086300000, 0x0000000086300000| Complete 
| 100|0x0000000086400000, 0x0000000086500000, 0x0000000086500000|100%| E|CS|TAMS 0x0000000086400000, 0x0000000086400000| Complete 
| 101|0x0000000086500000, 0x0000000086600000, 0x0000000086600000|100%| E|CS|TAMS 0x0000000086500000, 0x0000000086500000| Complete 
| 102|0x0000000086600000, 0x0000000086700000, 0x0000000086700000|100%| E|CS|TAMS 0x0000000086600000, 0x0000000086600000| Complete 
| 103|0x0000000086700000, 0x0000000086800000, 0x0000000086800000|100%| E|CS|TAMS 0x0000000086700000, 0x0000000086700000| Complete 
| 104|0x0000000086800000, 0x0000000086900000, 0x0000000086900000|100%| E|CS|TAMS 0x0000000086800000, 0x0000000086800000| Complete 
| 105|0x0000000086900000, 0x0000000086a00000, 0x0000000086a00000|100%| E|CS|TAMS 0x0000000086900000, 0x0000000086900000| Complete 
| 106|0x0000000086a00000, 0x0000000086b00000, 0x0000000086b00000|100%| E|CS|TAMS 0x0000000086a00000, 0x0000000086a00000| Complete 
| 107|0x0000000086b00000, 0x0000000086c00000, 0x0000000086c00000|100%| E|CS|TAMS 0x0000000086b00000, 0x0000000086b00000| Complete 
| 108|0x0000000086c00000, 0x0000000086d00000, 0x0000000086d00000|100%| E|CS|TAMS 0x0000000086c00000, 0x0000000086c00000| Complete 
| 109|0x0000000086d00000, 0x0000000086e00000, 0x0000000086e00000|100%| E|  |TAMS 0x0000000086d00000, 0x0000000086d00000| Complete 
| 110|0x0000000086e00000, 0x0000000086f00000, 0x0000000086f00000|100%| E|CS|TAMS 0x0000000086e00000, 0x0000000086e00000| Complete 
| 191|0x000000008bf00000, 0x000000008c000000, 0x000000008c000000|100%| E|CS|TAMS 0x000000008bf00000, 0x000000008bf00000| Complete 

Card table byte_map: [0x00000256aca70000,0x00000256ace70000] _byte_map_base: 0x00000256ac670000

Marking Bits (Prev, Next): (CMBitMap*) 0x0000025693660240, (CMBitMap*) 0x0000025693660280
 Prev Bits: [0x00000256ad270000, 0x00000256af270000)
 Next Bits: [0x00000256af270000, 0x00000256b1270000)

Polling page: 0x000002569d010000

Metaspace:

Usage:
  Non-class:     47.22 MB capacity,    46.32 MB ( 98%) used,   832.25 KB (  2%) free+waste,    81.50 KB ( <1%) overhead. 
      Class:      7.05 MB capacity,     6.76 MB ( 96%) used,   260.31 KB (  4%) free+waste,    33.31 KB ( <1%) overhead. 
       Both:     54.26 MB capacity,    53.09 MB ( 98%) used,     1.07 MB (  2%) free+waste,   114.81 KB ( <1%) overhead. 

Virtual space:
  Non-class space:       48.00 MB reserved,      47.33 MB ( 99%) committed 
      Class space:        1.00 GB reserved,       7.12 MB ( <1%) committed 
             Both:        1.05 GB reserved,      54.45 MB (  5%) committed 

Chunk freelists:
   Non-Class:  50.00 KB
       Class:  15.00 KB
        Both:  65.00 KB

MaxMetaspaceSize: 17179869184.00 GB
CompressedClassSpaceSize: 1.00 GB

CodeHeap 'non-profiled nmethods': size=120000Kb used=2678Kb max_used=3245Kb free=117321Kb
 bounds [0x00000256a4b00000, 0x00000256a4e30000, 0x00000256ac030000]
CodeHeap 'profiled nmethods': size=120000Kb used=11503Kb max_used=11835Kb free=108496Kb
 bounds [0x000002569d5d0000, 0x000002569e170000, 0x00000256a4b00000]
CodeHeap 'non-nmethods': size=5760Kb used=2358Kb max_used=2432Kb free=3402Kb
 bounds [0x000002569d030000, 0x000002569d2a0000, 0x000002569d5d0000]
 total_blobs=6371 nmethods=5527 adapters=755
 compilation: enabled
              stopped_count=0, restarted_count=0
 full_count=0

Compilation events (20 events):
Event: 51.603 Thread 0x00000256b38cfab0 6264       3       org.gradle.internal.logging.events.ProgressStartEvent::<init> (74 bytes)
Event: 51.604 Thread 0x00000256b38cfab0 nmethod 6264 0x000002569dcaab10 code [0x000002569dcaace0, 0x000002569dcab2d8]
Event: 51.604 Thread 0x00000256b38cfab0 6265       3       org.gradle.api.artifacts.Configuration$Namer::determineName (9 bytes)
Event: 51.605 Thread 0x00000256b38cfab0 nmethod 6265 0x000002569dcaa510 code [0x000002569dcaa6c0, 0x000002569dcaaa28]
Event: 51.605 Thread 0x00000256b38cfab0 6266       3       org.gradle.internal.instantiation.generator.DefaultInstantiatorFactory::decorateLenient (8 bytes)
Event: 51.605 Thread 0x00000256b38cfab0 nmethod 6266 0x000002569dcaa190 code [0x000002569dcaa320, 0x000002569dcaa458]
Event: 51.608 Thread 0x00000256b38cfab0 6267       3       java.net.URLClassLoader$1::run (5 bytes)
Event: 51.608 Thread 0x00000256b38cfab0 nmethod 6267 0x000002569dca9e10 code [0x000002569dca9fc0, 0x000002569dcaa0e8]
Event: 51.609 Thread 0x00000256b38cfab0 6268   !   3       java.net.URLClassLoader$1::run (63 bytes)
Event: 51.611 Thread 0x00000256b38cfab0 nmethod 6268 0x000002569dcdd890 code [0x000002569dcddbc0, 0x000002569dcdecb8]
Event: 51.618 Thread 0x00000256b38caba0 nmethod 6232 0x00000256a4be4710 code [0x00000256a4be48c0, 0x00000256a4be5618]
Event: 51.618 Thread 0x00000256b38caba0 6261       4       java.lang.ClassLoader::checkCerts (121 bytes)
Event: 51.621 Thread 0x00000256b38cfab0 6269       3       java.util.regex.Pattern::compile (500 bytes)
Event: 51.625 Thread 0x00000256b38cfab0 nmethod 6269 0x000002569d66ec10 code [0x000002569d66f0a0, 0x000002569d671dc8]
Event: 51.626 Thread 0x00000256b38cfab0 6272       3       java.lang.invoke.DirectMethodHandle$Holder::newInvokeSpecial (21 bytes)
Event: 51.626 Thread 0x00000256b38cfab0 nmethod 6272 0x000002569d6e0190 code [0x000002569d6e0380, 0x000002569d6e0aa8]
Event: 51.634 Thread 0x00000256b38cfab0 6273       3       org.gradle.internal.instantiation.generator.AbstractClassGenerator::assembleProperties (239 bytes)
Event: 51.638 Thread 0x00000256b38caba0 nmethod 6261 0x00000256a4be3890 code [0x00000256a4be3a40, 0x00000256a4be4208]
Event: 51.638 Thread 0x00000256b38caba0 6246       4       java.lang.ClassLoader::preDefineClass (119 bytes)
Event: 51.638 Thread 0x00000256b38cfab0 nmethod 6273 0x000002569d614490 code [0x000002569d6149e0, 0x000002569d617d78]

GC Heap History (20 events):
Event: 10.592 GC heap before
{Heap before GC invocations=1 (full 0):
 garbage-first heap   total 196608K, used 20525K [0x0000000080000000, 0x0000000100000000)
  region size 1024K, 14 young (14336K), 2 survivors (2048K)
 Metaspace       used 3975K, capacity 6485K, committed 6656K, reserved 1056768K
  class space    used 489K, capacity 731K, committed 768K, reserved 1048576K
}
Event: 10.597 GC heap after
{Heap after GC invocations=2 (full 0):
 garbage-first heap   total 196608K, used 9021K [0x0000000080000000, 0x0000000100000000)
  region size 1024K, 1 young (1024K), 1 survivors (1024K)
 Metaspace       used 3975K, capacity 6485K, committed 6656K, reserved 1056768K
  class space    used 489K, capacity 731K, committed 768K, reserved 1048576K
}
Event: 19.495 GC heap before
{Heap before GC invocations=2 (full 0):
 garbage-first heap   total 196608K, used 30525K [0x0000000080000000, 0x0000000100000000)
  region size 1024K, 23 young (23552K), 1 survivors (1024K)
 Metaspace       used 4122K, capacity 6549K, committed 6656K, reserved 1056768K
  class space    used 493K, capacity 731K, committed 768K, reserved 1048576K
}
Event: 19.500 GC heap after
{Heap after GC invocations=3 (full 0):
 garbage-first heap   total 196608K, used 11678K [0x0000000080000000, 0x0000000100000000)
  region size 1024K, 3 young (3072K), 3 survivors (3072K)
 Metaspace       used 4122K, capacity 6549K, committed 6656K, reserved 1056768K
  class space    used 493K, capacity 731K, committed 768K, reserved 1048576K
}
Event: 28.708 GC heap before
{Heap before GC invocations=3 (full 0):
 garbage-first heap   total 196608K, used 124318K [0x0000000080000000, 0x0000000100000000)
  region size 1024K, 105 young (107520K), 3 survivors (3072K)
 Metaspace       used 20570K, capacity 21147K, committed 21296K, reserved 1067008K
  class space    used 2951K, capacity 3154K, committed 3200K, reserved 1048576K
}
Event: 28.727 GC heap after
{Heap after GC invocations=4 (full 0):
 garbage-first heap   total 196608K, used 31678K [0x0000000080000000, 0x0000000100000000)
  region size 1024K, 14 young (14336K), 14 survivors (14336K)
 Metaspace       used 20570K, capacity 21147K, committed 21296K, reserved 1067008K
  class space    used 2951K, capacity 3154K, committed 3200K, reserved 1048576K
}
Event: 31.667 GC heap before
{Heap before GC invocations=5 (full 0):
 garbage-first heap   total 112640K, used 86974K [0x0000000080000000, 0x0000000100000000)
  region size 1024K, 66 young (67584K), 14 survivors (14336K)
 Metaspace       used 31654K, capacity 32322K, committed 32560K, reserved 1077248K
  class space    used 4245K, capacity 4465K, committed 4480K, reserved 1048576K
}
Event: 31.698 GC heap after
{Heap after GC invocations=6 (full 0):
 garbage-first heap   total 112640K, used 35237K [0x0000000080000000, 0x0000000100000000)
  region size 1024K, 5 young (5120K), 5 survivors (5120K)
 Metaspace       used 31654K, capacity 32322K, committed 32560K, reserved 1077248K
  class space    used 4245K, capacity 4465K, committed 4480K, reserved 1048576K
}
Event: 33.132 GC heap before
{Heap before GC invocations=6 (full 0):
 garbage-first heap   total 112640K, used 66981K [0x0000000080000000, 0x0000000100000000)
  region size 1024K, 30 young (30720K), 5 survivors (5120K)
 Metaspace       used 35170K, capacity 35758K, committed 35920K, reserved 1081344K
  class space    used 4579K, capacity 4770K, committed 4864K, reserved 1048576K
}
Event: 33.147 GC heap after
{Heap after GC invocations=7 (full 0):
 garbage-first heap   total 112640K, used 47236K [0x0000000080000000, 0x0000000100000000)
  region size 1024K, 5 young (5120K), 5 survivors (5120K)
 Metaspace       used 35170K, capacity 35758K, committed 35920K, reserved 1081344K
  class space    used 4579K, capacity 4770K, committed 4864K, reserved 1048576K
}
Event: 34.624 GC heap before
{Heap before GC invocations=8 (full 0):
 garbage-first heap   total 112640K, used 86148K [0x0000000080000000, 0x0000000100000000)
  region size 1024K, 43 young (44032K), 5 survivors (5120K)
 Metaspace       used 39182K, capacity 40070K, committed 40272K, reserved 1085440K
  class space    used 5031K, capacity 5278K, committed 5376K, reserved 1048576K
}
Event: 34.637 GC heap after
{Heap after GC invocations=9 (full 0):
 garbage-first heap   total 112640K, used 50790K [0x0000000080000000, 0x0000000100000000)
  region size 1024K, 4 young (4096K), 4 survivors (4096K)
 Metaspace       used 39182K, capacity 40070K, committed 40272K, reserved 1085440K
  class space    used 5031K, capacity 5278K, committed 5376K, reserved 1048576K
}
Event: 37.286 GC heap before
{Heap before GC invocations=9 (full 0):
 garbage-first heap   total 112640K, used 86630K [0x0000000080000000, 0x0000000100000000)
  region size 1024K, 40 young (40960K), 4 survivors (4096K)
 Metaspace       used 42190K, capacity 43232K, committed 43472K, reserved 1087488K
  class space    used 5446K, capacity 5687K, committed 5760K, reserved 1048576K
}
Event: 37.298 GC heap after
{Heap after GC invocations=10 (full 0):
 garbage-first heap   total 112640K, used 53143K [0x0000000080000000, 0x0000000100000000)
  region size 1024K, 3 young (3072K), 3 survivors (3072K)
 Metaspace       used 42190K, capacity 43232K, committed 43472K, reserved 1087488K
  class space    used 5446K, capacity 5687K, committed 5760K, reserved 1048576K
}
Event: 48.033 GC heap before
{Heap before GC invocations=10 (full 0):
 garbage-first heap   total 112640K, used 65431K [0x0000000080000000, 0x0000000100000000)
  region size 1024K, 17 young (17408K), 3 survivors (3072K)
 Metaspace       used 42512K, capacity 43613K, committed 43728K, reserved 1087488K
  class space    used 5475K, capacity 5726K, committed 5760K, reserved 1048576K
}
Event: 48.041 GC heap after
{Heap after GC invocations=11 (full 0):
 garbage-first heap   total 112640K, used 54813K [0x0000000080000000, 0x0000000100000000)
  region size 1024K, 5 young (5120K), 5 survivors (5120K)
 Metaspace       used 42512K, capacity 43613K, committed 43728K, reserved 1087488K
  class space    used 5475K, capacity 5726K, committed 5760K, reserved 1048576K
}
Event: 49.792 GC heap before
{Heap before GC invocations=12 (full 0):
 garbage-first heap   total 112640K, used 91677K [0x0000000080000000, 0x0000000100000000)
  region size 1024K, 38 young (38912K), 5 survivors (5120K)
 Metaspace       used 46719K, capacity 47787K, committed 48080K, reserved 1091584K
  class space    used 5959K, capacity 6219K, committed 6272K, reserved 1048576K
}
Event: 49.812 GC heap after
{Heap after GC invocations=13 (full 0):
 garbage-first heap   total 112640K, used 62659K [0x0000000080000000, 0x0000000100000000)
  region size 1024K, 5 young (5120K), 5 survivors (5120K)
 Metaspace       used 46719K, capacity 47787K, committed 48080K, reserved 1091584K
  class space    used 5959K, capacity 6219K, committed 6272K, reserved 1048576K
}
Event: 51.034 GC heap before
{Heap before GC invocations=13 (full 0):
 garbage-first heap   total 112640K, used 91331K [0x0000000080000000, 0x0000000100000000)
  region size 1024K, 33 young (33792K), 5 survivors (5120K)
 Metaspace       used 52040K, capacity 53207K, committed 53456K, reserved 1095680K
  class space    used 6634K, capacity 6925K, committed 7040K, reserved 1048576K
}
Event: 51.052 GC heap after
{Heap after GC invocations=14 (full 0):
 garbage-first heap   total 112640K, used 64522K [0x0000000080000000, 0x0000000100000000)
  region size 1024K, 2 young (2048K), 2 survivors (2048K)
 Metaspace       used 52040K, capacity 53207K, committed 53456K, reserved 1095680K
  class space    used 6634K, capacity 6925K, committed 7040K, reserved 1048576K
}

Deoptimization events (20 events):
Event: 51.570 Thread 0x00000256b5b47650 Uncommon trap: trap_request=0xffffffc6 fr.pc=0x00000256a4cd2bdc relative=0x0000000000000abc
Event: 51.570 Thread 0x00000256b5b47650 Uncommon trap: reason=bimorphic_or_optimized_type_check action=maybe_recompile pc=0x00000256a4cd2bdc method=java.util.regex.Pattern$Start.match(Ljava/util/regex/Matcher;ILjava/lang/CharSequence;)Z @ 44 c2
Event: 51.570 Thread 0x00000256b5b47650 DEOPT PACKING pc=0x00000256a4cd2bdc sp=0x00000077636f7750
Event: 51.570 Thread 0x00000256b5b47650 DEOPT UNPACKING pc=0x000002569d07e42f sp=0x00000077636f76b0 mode 2
Event: 51.570 Thread 0x00000256b5b47650 Uncommon trap: trap_request=0xffffffc6 fr.pc=0x00000256a4cd2bdc relative=0x0000000000000abc
Event: 51.570 Thread 0x00000256b5b47650 Uncommon trap: reason=bimorphic_or_optimized_type_check action=maybe_recompile pc=0x00000256a4cd2bdc method=java.util.regex.Pattern$Start.match(Ljava/util/regex/Matcher;ILjava/lang/CharSequence;)Z @ 44 c2
Event: 51.570 Thread 0x00000256b5b47650 DEOPT PACKING pc=0x00000256a4cd2bdc sp=0x00000077636f7750
Event: 51.570 Thread 0x00000256b5b47650 DEOPT UNPACKING pc=0x000002569d07e42f sp=0x00000077636f76b0 mode 2
Event: 51.588 Thread 0x00000256b5b47650 Uncommon trap: trap_request=0xffffff45 fr.pc=0x00000256a4d449f4 relative=0x0000000000002874
Event: 51.588 Thread 0x00000256b5b47650 Uncommon trap: reason=unstable_if action=reinterpret pc=0x00000256a4d449f4 method=java.util.regex.Pattern.has(I)Z @ 6 c2
Event: 51.588 Thread 0x00000256b5b47650 DEOPT PACKING pc=0x00000256a4d449f4 sp=0x00000077636f6c10
Event: 51.588 Thread 0x00000256b5b47650 DEOPT UNPACKING pc=0x000002569d07e42f sp=0x00000077636f6b90 mode 2
Event: 51.596 Thread 0x00000256b5b47650 Uncommon trap: trap_request=0xffffffc6 fr.pc=0x00000256a4cd2bdc relative=0x0000000000000abc
Event: 51.596 Thread 0x00000256b5b47650 Uncommon trap: reason=bimorphic_or_optimized_type_check action=maybe_recompile pc=0x00000256a4cd2bdc method=java.util.regex.Pattern$Start.match(Ljava/util/regex/Matcher;ILjava/lang/CharSequence;)Z @ 44 c2
Event: 51.596 Thread 0x00000256b5b47650 DEOPT PACKING pc=0x00000256a4cd2bdc sp=0x00000077636f7750
Event: 51.596 Thread 0x00000256b5b47650 DEOPT UNPACKING pc=0x000002569d07e42f sp=0x00000077636f76b0 mode 2
Event: 51.601 Thread 0x00000256b5b47650 Uncommon trap: trap_request=0xffffffc6 fr.pc=0x00000256a4cd2bdc relative=0x0000000000000abc
Event: 51.601 Thread 0x00000256b5b47650 Uncommon trap: reason=bimorphic_or_optimized_type_check action=maybe_recompile pc=0x00000256a4cd2bdc method=java.util.regex.Pattern$Start.match(Ljava/util/regex/Matcher;ILjava/lang/CharSequence;)Z @ 44 c2
Event: 51.601 Thread 0x00000256b5b47650 DEOPT PACKING pc=0x00000256a4cd2bdc sp=0x00000077636f7720
Event: 51.601 Thread 0x00000256b5b47650 DEOPT UNPACKING pc=0x000002569d07e42f sp=0x00000077636f7680 mode 2

Classes unloaded (10 events):
Event: 48.160 Thread 0x00000256b38a03f0 Unloading class 0x0000000800ffd840 '_BuildScript_'
Event: 48.160 Thread 0x00000256b38a03f0 Unloading class 0x0000000800ffeb08 'RegistryProcessor$_extraModelBuilderIsRegistered_closure1'
Event: 48.160 Thread 0x00000256b38a03f0 Unloading class 0x0000000800ffe840 'RegistryProcessor'
Event: 48.160 Thread 0x00000256b38a03f0 Unloading class 0x0000000800fff3f8 'JetGradlePlugin$_apply_closure1$_closure2$_closure3'
Event: 48.160 Thread 0x00000256b38a03f0 Unloading class 0x0000000800fff040 'JetGradlePlugin$_apply_closure1$_closure2'
Event: 48.160 Thread 0x00000256b38a03f0 Unloading class 0x0000000800fffad8 'JetGradlePlugin$_apply_closure1'
Event: 48.160 Thread 0x00000256b38a03f0 Unloading class 0x0000000800fff840 'JetGradlePlugin'
Event: 48.160 Thread 0x00000256b38a03f0 Unloading class 0x0000000800f51bf8 '_BuildScript_$_run_closure1$_closure2'
Event: 48.160 Thread 0x00000256b38a03f0 Unloading class 0x0000000800f51840 '_BuildScript_$_run_closure1'
Event: 48.160 Thread 0x00000256b38a03f0 Unloading class 0x0000000800f52040 '_BuildScript_'

Classes redefined (0 events):
No events

Internal exceptions (20 events):
Event: 48.255 Thread 0x00000256b5b47650 Exception <a 'java/lang/ClassNotFoundException'{0x000000008686d0f0}: org/gradle/api/internal/AbstractTaskBeanInfo> (0x000000008686d0f0) 
thrown [./open/src/hotspot/share/classfile/systemDictionary.cpp, line 295]
Event: 48.256 Thread 0x00000256b5b47650 Exception <a 'java/lang/ClassNotFoundException'{0x000000008687d100}: org/gradle/api/internal/AbstractTaskCustomizer> (0x000000008687d100) 
thrown [./open/src/hotspot/share/classfile/systemDictionary.cpp, line 295]
Event: 48.261 Thread 0x00000256b5b47650 Exception <a 'java/lang/ClassNotFoundException'{0x00000000868cefd0}: org/gradle/api/DefaultTaskCustomizer> (0x00000000868cefd0) 
thrown [./open/src/hotspot/share/classfile/systemDictionary.cpp, line 295]
Event: 48.268 Thread 0x00000256b5b47650 Exception <a 'java/lang/ClassNotFoundException'{0x0000000086733bf8}: org/gradle/api/internal/ConventionTaskCustomizer> (0x0000000086733bf8) 
thrown [./open/src/hotspot/share/classfile/systemDictionary.cpp, line 295]
Event: 48.271 Thread 0x00000256b5b47650 Exception <a 'java/lang/ClassNotFoundException'{0x0000000086751d28}: org/gradle/api/tasks/DeleteCustomizer> (0x0000000086751d28) 
thrown [./open/src/hotspot/share/classfile/systemDictionary.cpp, line 295]
Event: 48.273 Thread 0x00000256b5b47650 Exception <a 'java/lang/ClassNotFoundException'{0x0000000086774350}: org/gradle/api/tasks/Delete_DecoratedCustomizer> (0x0000000086774350) 
thrown [./open/src/hotspot/share/classfile/systemDictionary.cpp, line 295]
Event: 48.474 Thread 0x00000256b5b47650 Exception <a 'java/lang/ClassNotFoundException'{0x0000000086499ed8}: build_a336etfcswqycmuw57xtzywqpBeanInfo> (0x0000000086499ed8) 
thrown [./open/src/hotspot/share/classfile/systemDictionary.cpp, line 295]
Event: 48.475 Thread 0x00000256b5b47650 Exception <a 'java/lang/ClassNotFoundException'{0x000000008649f410}: build_a336etfcswqycmuw57xtzywqpCustomizer> (0x000000008649f410) 
thrown [./open/src/hotspot/share/classfile/systemDictionary.cpp, line 295]
Event: 48.485 Thread 0x00000256b5b47650 Exception <a 'java/lang/ClassNotFoundException'{0x00000000864ec4e0}: org/gradle/plugin/use/internal/PluginRequestCollector$PluginDependenciesSpecImplBeanInfo> (0x00000000864ec4e0) 
thrown [./open/src/hotspot/share/classfile/systemDictionary.cpp, line 295]
Event: 48.485 Thread 0x00000256b5b47650 Exception <a 'java/lang/ClassNotFoundException'{0x00000000864f9b58}: org/gradle/plugin/use/internal/PluginRequestCollector$PluginDependenciesSpecImplCustomizer> (0x00000000864f9b58) 
thrown [./open/src/hotspot/share/classfile/systemDictionary.cpp, line 295]
Event: 48.494 Thread 0x00000256b5b47650 Exception <a 'java/lang/NoSuchMethodError'{0x0000000086341ec8}: 'void java.lang.invoke.DirectMethodHandle$Holder.invokeInterface(java.lang.Object, java.lang.Object)'> (0x0000000086341ec8) 
thrown [./open/src/hotspot/share/interpreter/linkResolver.cpp, line 782]
Event: 48.725 Thread 0x00000256b5b47650 Exception <a 'java/lang/NoSuchMethodError'{0x000000008551b0c8}: 'java.lang.Object java.lang.invoke.DirectMethodHandle$Holder.newInvokeSpecial(java.lang.Object, java.lang.Object, java.lang.Object, java.lang.Object, int)'> (0x000000008551b0c8) 
thrown [./open/src/hotspot/share/interpreter/linkResolver.cpp, line 782]
Event: 48.725 Thread 0x00000256b5b47650 Exception <a 'java/lang/NoSuchMethodError'{0x00000000855204f8}: 'java.lang.Object java.lang.invoke.DirectMethodHandle$Holder.invokeSpecial(java.lang.Object, java.lang.Object, java.lang.Object, java.lang.Object, java.lang.Object, int)'> (0x00000000855204f8) 
thrown [./open/src/hotspot/share/interpreter/linkResolver.cpp, line 782]
Event: 48.726 Thread 0x00000256b5b47650 Exception <a 'java/lang/NoSuchMethodError'{0x00000000855253d0}: 'java.lang.Object java.lang.invoke.Invokers$Holder.linkToTargetMethod(java.lang.Object, java.lang.Object, java.lang.Object, int, java.lang.Object)'> (0x00000000855253d0) 
thrown [./open/src/hotspot/share/interpreter/linkResolver.cpp, line 782]
Event: 50.212 Thread 0x00000256b5b47650 Exception <a 'java/lang/NoSuchMethodError'{0x00000000863416f8}: 'int java.lang.invoke.DirectMethodHandle$Holder.invokeInterface(java.lang.Object, java.lang.Object, java.lang.Object, java.lang.Object)'> (0x00000000863416f8) 
thrown [./open/src/hotspot/share/interpreter/linkResolver.cpp, line 782]
Event: 50.460 Thread 0x00000256b5b47650 Exception <a 'java/lang/NoSuchMethodError'{0x0000000085ba4620}: 'void java.lang.invoke.DirectMethodHandle$Holder.invokeInterface(java.lang.Object, java.lang.Object, java.lang.Object, java.lang.Object)'> (0x0000000085ba4620) 
thrown [./open/src/hotspot/share/interpreter/linkResolver.cpp, line 782]
Event: 50.748 Thread 0x00000256b5b47650 Exception <a 'java/lang/IncompatibleClassChangeError'{0x000000008557ad48}: Found class java.lang.Object, but interface was expected> (0x000000008557ad48) 
thrown [./open/src/hotspot/share/interpreter/linkResolver.cpp, line 848]
Event: 50.915 Thread 0x00000256b5b47650 Implicit null exception at 0x00000256a4d9e9d4 to 0x00000256a4d9ebe4
Event: 50.915 Thread 0x00000256b5b47650 Implicit null exception at 0x00000256a4d9d6f1 to 0x00000256a4d9dfbc
Event: 51.130 Thread 0x00000256b5b47650 Implicit null exception at 0x00000256a4c7f16b to 0x00000256a4c7f25c

Events (20 events):
Event: 51.340 loading class sun/security/util/NamedCurve
Event: 51.340 loading class java/security/spec/ECParameterSpec
Event: 51.340 loading class java/security/spec/AlgorithmParameterSpec
Event: 51.340 loading class java/security/spec/AlgorithmParameterSpec done
Event: 51.340 loading class java/security/spec/ECParameterSpec done
Event: 51.340 loading class sun/security/util/NamedCurve done
Event: 51.341 Thread 0x00000256b43acc50 Thread exited: 0x00000256b43acc50
Event: 51.349 loading class java/security/spec/ECFieldF2m
Event: 51.349 loading class java/security/spec/ECFieldF2m done
Event: 51.361 loading class sun/security/util/DisabledAlgorithmConstraints$KeySizeConstraint
Event: 51.362 loading class sun/security/util/DisabledAlgorithmConstraints$KeySizeConstraint done
Event: 51.362 loading class sun/security/util/DisabledAlgorithmConstraints$Constraint$Operator
Event: 51.363 loading class sun/security/util/DisabledAlgorithmConstraints$Constraint$Operator done
Event: 51.363 loading class sun/security/util/DisabledAlgorithmConstraints$1
Event: 51.363 loading class sun/security/util/DisabledAlgorithmConstraints$1 done
Event: 51.366 loading class sun/security/pkcs/PKCS9Attributes
Event: 51.370 loading class sun/security/pkcs/PKCS9Attributes done
Event: 51.370 loading class sun/security/pkcs/PKCS9Attribute
Event: 51.371 loading class sun/security/pkcs/PKCS9Attribute done
Event: 51.398 Thread 0x00000256b43acc50 Thread added: 0x00000256b43acc50


Dynamic libraries:
0x00007ff6d1660000 - 0x00007ff6d166f000 	F:\Newfolder\Java\jdk-15.0.2\bin\java.exe
0x00007ffa60cf0000 - 0x00007ffa60ee5000 	C:\Windows\SYSTEM32\ntdll.dll
0x00007ffa5f160000 - 0x00007ffa5f21d000 	C:\Windows\System32\KERNEL32.DLL
0x00007ffa5e750000 - 0x00007ffa5ea18000 	C:\Windows\System32\KERNELBASE.dll
0x00007ffa5ec60000 - 0x00007ffa5ed60000 	C:\Windows\System32\ucrtbase.dll
0x00007ffa408f0000 - 0x00007ffa40908000 	F:\Newfolder\Java\jdk-15.0.2\bin\jli.dll
0x00007ffa35620000 - 0x00007ffa35639000 	F:\Newfolder\Java\jdk-15.0.2\bin\VCRUNTIME140.dll
0x00007ffa5f720000 - 0x00007ffa5f7cc000 	C:\Windows\System32\ADVAPI32.dll
0x00007ffa5edc0000 - 0x00007ffa5ee5e000 	C:\Windows\System32\msvcrt.dll
0x00007ffa5eee0000 - 0x00007ffa5ef7b000 	C:\Windows\System32\sechost.dll
0x00007ffa5f7d0000 - 0x00007ffa5f8fb000 	C:\Windows\System32\RPCRT4.dll
0x00007ffa602b0000 - 0x00007ffa60450000 	C:\Windows\System32\USER32.dll
0x00007ffa5d7f0000 - 0x00007ffa5da8a000 	C:\Windows\WinSxS\amd64_microsoft.windows.common-controls_6595b64144ccf1df_6.0.19041.1052_none_60b8f8fd71f5e8cb\COMCTL32.dll
0x00007ffa5e590000 - 0x00007ffa5e5b2000 	C:\Windows\System32\win32u.dll
0x00007ffa5efa0000 - 0x00007ffa5efca000 	C:\Windows\System32\GDI32.dll
0x00007ffa5e480000 - 0x00007ffa5e58b000 	C:\Windows\System32\gdi32full.dll
0x00007ffa5ea80000 - 0x00007ffa5eb1d000 	C:\Windows\System32\msvcp_win.dll
0x00007ffa56ef0000 - 0x00007ffa56efa000 	C:\Windows\SYSTEM32\VERSION.dll
0x00007ffa60c80000 - 0x00007ffa60cb0000 	C:\Windows\System32\IMM32.DLL
0x00007ffa564f0000 - 0x00007ffa564fc000 	F:\Newfolder\Java\jdk-15.0.2\bin\vcruntime140_1.dll
0x00007ffa25a90000 - 0x00007ffa25b21000 	F:\Newfolder\Java\jdk-15.0.2\bin\msvcp140.dll
0x00007ffa24c00000 - 0x00007ffa2575e000 	F:\Newfolder\Java\jdk-15.0.2\bin\server\jvm.dll
0x00007ffa5eed0000 - 0x00007ffa5eed8000 	C:\Windows\System32\PSAPI.DLL
0x00007ffa59c10000 - 0x00007ffa59c19000 	C:\Windows\SYSTEM32\WSOCK32.dll
0x00007ffa60980000 - 0x00007ffa609eb000 	C:\Windows\System32\WS2_32.dll
0x00007ffa49410000 - 0x00007ffa49437000 	C:\Windows\SYSTEM32\WINMM.dll
0x00007ffa5bd30000 - 0x00007ffa5bd42000 	C:\Windows\SYSTEM32\kernel.appcore.dll
0x00007ffa32db0000 - 0x00007ffa32dba000 	F:\Newfolder\Java\jdk-15.0.2\bin\jimage.dll
0x00007ffa5dd60000 - 0x00007ffa5df44000 	C:\Windows\SYSTEM32\DBGHELP.DLL
0x00007ffa5db90000 - 0x00007ffa5dbbc000 	C:\Windows\SYSTEM32\dbgcore.DLL
0x00007ffa5ebd0000 - 0x00007ffa5ec53000 	C:\Windows\System32\bcryptPrimitives.dll
0x00007ffa2e950000 - 0x00007ffa2e975000 	F:\Newfolder\Java\jdk-15.0.2\bin\java.dll
0x00007ffa5fb70000 - 0x00007ffa602af000 	C:\Windows\System32\SHELL32.dll
0x00007ffa5bf30000 - 0x00007ffa5c6c0000 	C:\Windows\SYSTEM32\windows.storage.dll
0x00007ffa60450000 - 0x00007ffa607a5000 	C:\Windows\System32\combase.dll
0x00007ffa5d750000 - 0x00007ffa5d77c000 	C:\Windows\SYSTEM32\Wldp.dll
0x00007ffa5f0a0000 - 0x00007ffa5f14e000 	C:\Windows\System32\SHCORE.dll
0x00007ffa5f960000 - 0x00007ffa5f9b5000 	C:\Windows\System32\shlwapi.dll
0x00007ffa5e370000 - 0x00007ffa5e38f000 	C:\Windows\SYSTEM32\profapi.dll
0x00007ffa2e3b0000 - 0x00007ffa2e3c9000 	F:\Newfolder\Java\jdk-15.0.2\bin\net.dll
0x00007ffa507c0000 - 0x00007ffa508cb000 	C:\Windows\SYSTEM32\WINHTTP.dll
0x00007ffa5d630000 - 0x00007ffa5d69a000 	C:\Windows\system32\mswsock.dll
0x00007ffa2c210000 - 0x00007ffa2c222000 	F:\Newfolder\Java\jdk-15.0.2\bin\nio.dll
0x00007ffa2c1f0000 - 0x00007ffa2c208000 	F:\Newfolder\Java\jdk-15.0.2\bin\zip.dll
0x00007ffa32da0000 - 0x00007ffa32db0000 	F:\Newfolder\Java\jdk-15.0.2\bin\verify.dll
0x00007ffa58730000 - 0x00007ffa58757000 	C:\Users\HP\.gradle\native\fdc75f09e3144964f2cf3f50f0aa648679c211496f362492102eb8c894070792\windows-amd64\native-platform.dll
0x00007ffa25760000 - 0x00007ffa258f6000 	C:\Users\HP\.gradle\native\12488b8bf47d2d4c9fbf2f6322a914ad602e24e48041cd04a747c6da556b65c4\windows-amd64\native-platform-file-events.dll
0x00007ffa321b0000 - 0x00007ffa321b9000 	F:\Newfolder\Java\jdk-15.0.2\bin\management.dll
0x00007ffa31620000 - 0x00007ffa3162b000 	F:\Newfolder\Java\jdk-15.0.2\bin\management_ext.dll
0x00007ffa5e0f0000 - 0x00007ffa5e108000 	C:\Windows\SYSTEM32\CRYPTSP.dll
0x00007ffa5ce80000 - 0x00007ffa5ceb4000 	C:\Windows\system32\rsaenh.dll
0x00007ffa5e720000 - 0x00007ffa5e747000 	C:\Windows\System32\bcrypt.dll
0x00007ffa5e330000 - 0x00007ffa5e35e000 	C:\Windows\SYSTEM32\USERENV.dll
0x00007ffa5d710000 - 0x00007ffa5d71c000 	C:\Windows\SYSTEM32\CRYPTBASE.dll
0x00007ffa5d1b0000 - 0x00007ffa5d1eb000 	C:\Windows\SYSTEM32\IPHLPAPI.DLL
0x00007ffa5f150000 - 0x00007ffa5f158000 	C:\Windows\System32\NSI.dll
0x00007ffa55e60000 - 0x00007ffa55e77000 	C:\Windows\SYSTEM32\dhcpcsvc6.DLL
0x00007ffa55e40000 - 0x00007ffa55e5d000 	C:\Windows\SYSTEM32\dhcpcsvc.DLL
0x00007ffa5d1f0000 - 0x00007ffa5d2bc000 	C:\Windows\SYSTEM32\DNSAPI.dll
0x00007ffa562d0000 - 0x00007ffa562db000 	C:\Windows\SYSTEM32\WINNSI.DLL

dbghelp: loaded successfully - version: 4.0.5 - missing functions: none
symbol engine: initialized successfully - sym options: 0x614 - pdb path: .;F:\Newfolder\Java\jdk-15.0.2\bin;C:\Windows\SYSTEM32;C:\Windows\WinSxS\amd64_microsoft.windows.common-controls_6595b64144ccf1df_6.0.19041.1052_none_60b8f8fd71f5e8cb;F:\Newfolder\Java\jdk-15.0.2\bin\server;C:\Users\HP\.gradle\native\fdc75f09e3144964f2cf3f50f0aa648679c211496f362492102eb8c894070792\windows-amd64;C:\Users\HP\.gradle\native\12488b8bf47d2d4c9fbf2f6322a914ad602e24e48041cd04a747c6da556b65c4\windows-amd64

VM Arguments:
jvm_args: --add-opens=java.base/java.util=ALL-UNNAMED --add-opens=java.base/java.lang=ALL-UNNAMED --add-opens=java.base/java.lang.invoke=ALL-UNNAMED --add-opens=java.prefs/java.util.prefs=ALL-UNNAMED -Xmx2048m -Dfile.encoding=UTF-8 -Duser.country=IN -Duser.language=en -Duser.variant 
java_command: org.gradle.launcher.daemon.bootstrap.GradleDaemon 6.7.1
java_class_path (initial): C:\Users\HP\.gradle\wrapper\dists\gradle-6.7.1-bin\bwlcbys1h7rz3272sye1xwiv6\gradle-6.7.1\lib\gradle-launcher-6.7.1.jar
Launcher Type: SUN_STANDARD

[Global flags]
     intx CICompilerCount                          = 3                                         {product} {ergonomic}
     uint ConcGCThreads                            = 1                                         {product} {ergonomic}
     uint G1ConcRefinementThreads                  = 4                                         {product} {ergonomic}
   size_t G1HeapRegionSize                         = 1048576                                   {product} {ergonomic}
    uintx GCDrainStackTargetSize                   = 64                                        {product} {ergonomic}
   size_t InitialHeapSize                          = 201326592                                 {product} {ergonomic}
   size_t MarkStackSize                            = 4194304                                   {product} {ergonomic}
   size_t MaxHeapSize                              = 2147483648                                {product} {command line}
   size_t MaxNewSize                               = 1287651328                                {product} {ergonomic}
   size_t MinHeapDeltaBytes                        = 1048576                                   {product} {ergonomic}
   size_t MinHeapSize                              = 8388608                                   {product} {ergonomic}
    uintx NonNMethodCodeHeapSize                   = 5832780                                {pd product} {ergonomic}
    uintx NonProfiledCodeHeapSize                  = 122912730                              {pd product} {ergonomic}
    uintx ProfiledCodeHeapSize                     = 122912730                              {pd product} {ergonomic}
    uintx ReservedCodeCacheSize                    = 251658240                              {pd product} {ergonomic}
     bool SegmentedCodeCache                       = true                                      {product} {ergonomic}
   size_t SoftMaxHeapSize                          = 2147483648                             {manageable} {ergonomic}
     bool UseCompressedClassPointers               = true                                 {lp64_product} {ergonomic}
     bool UseCompressedOops                        = true                                 {lp64_product} {ergonomic}
     bool UseG1GC                                  = true                                      {product} {ergonomic}
     bool UseLargePagesIndividualAllocation        = false                                  {pd product} {ergonomic}

Logging:
Log output configuration:
 #0: stdout all=warning uptime,level,tags
 #1: stderr all=off uptime,level,tags

Environment Variables:
JAVA_HOME=F:\Newfolder\Java\jdk-15.0.2
PATH=C:\Program Files (x86)\Common Files\Oracle\Java\javapath;C:\Program Files (x86)\mingw-w64\i686-8.1.0-posix-dwarf-rt_v6-rev0\mingw32\bin;F:\New folder\Java\jdk-16.0.1\bin;C:\Users\HP\AppData\Local\Microsoft\WindowsApps;;F:\Apps\IntelliJ IDEA Community Edition 2021.1\bin;;F:\Apps\Microsoft VS Code\bin;F:\Apps\PyCharm Community Edition 2020.1.1\bin;
USERNAME=HP
OS=Windows_NT
PROCESSOR_IDENTIFIER=Intel64 Family 6 Model 78 Stepping 3, GenuineIntel



---------------  S Y S T E M  ---------------

OS:
 Windows 10 , 64 bit Build 19041 (10.0.19041.1023)
OS uptime: 0 days 0:13 hours

CPU: total 4 (initial active 4) (2 cores per cpu, 2 threads per core) family 6 model 78 stepping 3 microcode 0xcc, cmov, cx8, fxsr, mmx, sse, sse2, sse3, ssse3, sse4.1, sse4.2, popcnt, vzeroupper, avx, avx2, aes, clmul, erms, 3dnowpref, lzcnt, ht, tsc, tscinvbit, bmi1, bmi2, adx, fma, clflush, clflushopt

Memory: 4k page, system-wide physical 12179M (6309M free)
TotalPageFile size 24467M (AvailPageFile size 18563M)
current process WorkingSet (physical memory assigned to process): 288M, peak: 288M
current process commit charge ("private bytes"): 330M, peak: 362M

vm_info: Java HotSpot(TM) 64-Bit Server VM (15.0.2+7-27) for windows-amd64 JRE (15.0.2+7-27), built on Dec  7 2020 20:07:01 by "mach5one" with unknown MS VC++:1925

END.
