#
# A fatal error has been detected by the Java Runtime Environment:
#
#  EXCEPTION_ACCESS_VIOLATION (0xc0000005) at pc=0x00007ffe18f8477c, pid=6284, tid=4136
#
# JRE version: Java(TM) SE Runtime Environment (15.0.2+7) (build 15.0.2+7-27)
# Java VM: Java HotSpot(TM) 64-Bit Server VM (15.0.2+7-27, mixed mode, sharing, tiered, compressed oops, g1 gc, windows-amd64)
# Problematic frame:
# V  [jvm.dll+0x1f477c]
#
# No core dump will be written. Minidumps are not enabled by default on client versions of Windows
#
# If you would like to submit a bug report, please visit:
#   https://bugreport.java.com/bugreport/crash.jsp
#

---------------  S U M M A R Y ------------

Command Line: --add-opens=java.base/java.util=ALL-UNNAMED --add-opens=java.base/java.lang=ALL-UNNAMED --add-opens=java.base/java.lang.invoke=ALL-UNNAMED --add-opens=java.prefs/java.util.prefs=ALL-UNNAMED -Xmx2048m -Dfile.encoding=UTF-8 -Duser.country=IN -Duser.language=en -Duser.variant org.gradle.launcher.daemon.bootstrap.GradleDaemon 6.7.1

Host: Intel(R) Core(TM) i3-6006U CPU @ 2.00GHz, 4 cores, 11G,  Windows 10 , 64 bit Build 19041 (10.0.19041.1023)
Time: Tue Jul 27 00:59:22 2021 India Standard Time elapsed time: 25.803596 seconds (0d 0h 0m 25s)

---------------  T H R E A D  ---------------

Current thread (0x000001d945ba9820):  JavaThread "C2 CompilerThread1" daemon [_thread_in_native, id=4136, stack(0x00000054b3400000,0x00000054b3500000)]


Current CompileTask:
C2:  25803 9977       4       com.android.utils.XmlUtils::append (647 bytes)

Stack: [0x00000054b3400000,0x00000054b3500000],  sp=0x00000054b34fddb0,  free space=1015k
Native frames: (J=compiled Java code, j=interpreted, Vv=VM code, C=native code)
V  [jvm.dll+0x1f477c]
V  [jvm.dll+0x64f21b]
V  [jvm.dll+0x1f2497]
V  [jvm.dll+0x1e96f4]
V  [jvm.dll+0x178567]
V  [jvm.dll+0x1f9225]
V  [jvm.dll+0x1f72cc]
V  [jvm.dll+0x74495d]
V  [jvm.dll+0x73d75a]
V  [jvm.dll+0x629c56]
C  [ucrtbase.dll+0x21bb2]
C  [KERNEL32.DLL+0x17034]
C  [ntdll.dll+0x52651]


siginfo: EXCEPTION_ACCESS_VIOLATION (0xc0000005), reading address 0x000001d94620a6f0


Register to memory mapping:

RIP=0x00007ffe18f8477c jvm.dll
RAX=0x0 is NULL
RBX=0x000001d944209ea8 points into unknown readable memory: 0x00007ffe195de410 | 10 e4 5d 19 fe 7f 00 00
RCX=0x000001d94620a6c8 is an unknown value
RDX=0x0000000000000040 is an unknown value
RSP=0x00000054b34fddb0 is pointing into the stack for thread: 0x000001d945ba9820
RBP=0x00000054b34feb90 is pointing into the stack for thread: 0x000001d945ba9820
RSI=0x0000000000001ad9 is an unknown value
RDI=0x00000054b34fde50 is pointing into the stack for thread: 0x000001d945ba9820
R8 =0x0 is NULL
R9 =0x0000000000000001 is an unknown value
R10=0x000001d94420a688 points into unknown readable memory: 0x000001d94620a6c8 | c8 a6 20 46 d9 01 00 00
R11=0x000001d94420a688 points into unknown readable memory: 0x000001d94620a6c8 | c8 a6 20 46 d9 01 00 00
R12=0x000001d9413ccfe8 points into unknown readable memory: 0x086bb4048a5dda3a | 3a da 5d 8a 04 b4 6b 08
R13=0x00000000000302e8 is an unknown value
R14=0x0000000000000001 is an unknown value
R15=0x00000054b34fdfd0 is pointing into the stack for thread: 0x000001d945ba9820


Registers:
RAX=0x0000000000000000, RBX=0x000001d944209ea8, RCX=0x000001d94620a6c8, RDX=0x0000000000000040
RSP=0x00000054b34fddb0, RBP=0x00000054b34feb90, RSI=0x0000000000001ad9, RDI=0x00000054b34fde50
R8 =0x0000000000000000, R9 =0x0000000000000001, R10=0x000001d94420a688, R11=0x000001d94420a688
R12=0x000001d9413ccfe8, R13=0x00000000000302e8, R14=0x0000000000000001, R15=0x00000054b34fdfd0
RIP=0x00007ffe18f8477c, EFLAGS=0x0000000000010202

Top of Stack: (sp=0x00000054b34fddb0)
0x00000054b34fddb0:   000001d94420a010 0000000000001ad8
0x00000054b34fddc0:   00000054b34fdfd0 0000000000010000
0x00000054b34fddd0:   0000000000010000 00007ffe193df21b
0x00000054b34fdde0:   00000054b34fde40 000001d9493b6a40
0x00000054b34fddf0:   00000054b34fde40 00000054b34fe150
0x00000054b34fde00:   000001d9413cafc0 0000000000000001
0x00000054b34fde10:   000001d9493b6a40 00007ffe18f82497
0x00000054b34fde20:   00000054b34feb90 000001d9413c5000
0x00000054b34fde30:   000001d944680950 00007ffe193cd410
0x00000054b34fde40:   000001d900000002 00000054b34feb90
0x00000054b34fde50:   000001d9493b6a40 000001d900004000
0x00000054b34fde60:   000001d943f78ba0 000001d900001cf0
0x00000054b34fde70:   000001d900000200 000001d9425a3d20
0x00000054b34fde80:   00007ffe00000200 000001d9493b6a40
0x00000054b34fde90:   0000005400000000 00000054b34ff600
0x00000054b34fdea0:   00000054b34fe150 000001d9465a0048 

Instructions: (pc=0x00007ffe18f8477c)
0x00007ffe18f8467c:   8b 03 ff 50 70 48 85 ff 7e 0e 48 8b 4e 18 48 8b
0x00007ffe18f8468c:   d5 48 2b d7 48 89 1c d1 8b 48 28 8b c1 c1 e8 05
0x00007ffe18f8469c:   41 3b 47 20 72 04 32 c9 eb 12 8b d0 83 e1 1f 49
0x00007ffe18f846ac:   8b 47 28 8b 04 90 0f a3 c8 0f 92 c1 8b 16 45 8d
0x00007ffe18f846bc:   46 01 84 c9 48 8d 47 01 45 0f 45 c6 41 ff c4 48
0x00007ffe18f846cc:   ff c5 45 8b f0 84 c9 48 0f 45 c7 48 8b f8 44 3b
0x00007ffe18f846dc:   e2 7c 91 48 8b 7c 24 50 48 8b 6c 24 48 48 8b 5c
0x00007ffe18f846ec:   24 40 41 2b d6 89 16 48 8b 74 24 58 48 83 c4 20
0x00007ffe18f846fc:   41 5f 41 5e 41 5c c3 cc cc cc cc cc cc cc cc cc
0x00007ffe18f8470c:   cc cc cc cc 48 89 5c 24 10 48 89 6c 24 18 48 89
0x00007ffe18f8471c:   74 24 20 57 48 83 ec 20 33 f6 48 8b fa 48 8b e9
0x00007ffe18f8472c:   39 72 18 0f 86 b2 00 00 00 66 66 66 0f 1f 84 00
0x00007ffe18f8473c:   00 00 00 00 48 8b 47 10 48 8b 1c f0 ff c6 8b 43
0x00007ffe18f8474c:   2c 83 e0 03 3c 03 75 09 48 8d 4b 50 e8 d3 b8 48
0x00007ffe18f8475c:   00 44 8b 4b 20 33 c0 45 85 c9 7e 51 0f 1f 84 00
0x00007ffe18f8476c:   00 00 00 00 4c 8b 53 10 49 8b 0c c2 4d 8d 1c c2
0x00007ffe18f8477c:   8b 51 28 8b ca c1 e9 05 3b 4f 20 73 13 44 8b c1
0x00007ffe18f8478c:   83 e2 1f 48 8b 4f 28 42 8b 0c 81 0f a3 d1 72 12
0x00007ffe18f8479c:   ff 4b 20 ff c8 8b 4b 20 41 ff c9 49 8b 0c ca 49
0x00007ffe18f847ac:   89 0b ff c0 41 3b c1 7c bb 44 8b 4b 20 41 83 f9
0x00007ffe18f847bc:   01 75 1f 48 8b cb e8 e9 56 41 00 84 c0 74 13 48
0x00007ffe18f847cc:   8b 53 10 48 8b 8d 08 07 00 00 48 8b 12 e8 f2 74
0x00007ffe18f847dc:   e9 ff 3b 77 18 0f 82 59 ff ff ff 48 8b 45 08 48
0x00007ffe18f847ec:   8b 88 80 01 00 00 8b 01 83 e8 01 48 63 f0 0f 88
0x00007ffe18f847fc:   b1 00 00 00 48 8b 45 08 48 8b 88 80 01 00 00 48
0x00007ffe18f8480c:   8b 41 18 48 8b 1c f0 8b 4b 28 8b c1 c1 e8 05 3b
0x00007ffe18f8481c:   47 20 73 11 8b d0 83 e1 1f 48 8b 47 28 8b 04 90
0x00007ffe18f8482c:   0f a3 c8 72 76 4c 8b 85 80 01 00 00 33 c9 48 89
0x00007ffe18f8483c:   5c 24 30 49 63 00 85 c0 7e 2a 48 8b d0 49 8b 40
0x00007ffe18f8484c:   18 0f 1f 00 48 39 18 74 0e 48 ff c1 48 83 c0 08
0x00007ffe18f8485c:   48 3b ca 7c ef eb 0d 48 8d 54 24 30 49 8b c8 e8
0x00007ffe18f8486c:   c0 81 f8 ff 4c 8b 85 88 01 00 00 49 63 00 85 c0 


Stack slot to memory mapping:
stack at sp + 0 slots: 0x000001d94420a010 points into unknown readable memory: 0x00007ffe195d6c28 | 28 6c 5d 19 fe 7f 00 00
stack at sp + 1 slots: 0x0000000000001ad8 is an unknown value
stack at sp + 2 slots: 0x00000054b34fdfd0 is pointing into the stack for thread: 0x000001d945ba9820
stack at sp + 3 slots: 0x0000000000010000 is an unknown value
stack at sp + 4 slots: 0x0000000000010000 is an unknown value
stack at sp + 5 slots: 0x00007ffe193df21b jvm.dll
stack at sp + 6 slots: 0x00000054b34fde40 is pointing into the stack for thread: 0x000001d945ba9820
stack at sp + 7 slots: 0x000001d9493b6a40 points into unknown readable memory: 0x00007ffe00000006 | 06 00 00 00 fe 7f 00 00


---------------  P R O C E S S  ---------------

Threads class SMR info:
_java_thread_list=0x000001d946f290c0, length=143, elements={
0x000001d92149ef00, 0x000001d93f7c6400, 0x000001d93f7c7680, 0x000001d93f7dd0c0,
0x000001d93f7dfe90, 0x000001d93f7e4010, 0x000001d93f7e4db0, 0x000001d93f7ea440,
0x000001d93f7fe9d0, 0x000001d94020d610, 0x000001d9402224a0, 0x000001d942168420,
0x000001d941f825d0, 0x000001d94143a380, 0x000001d9419b2740, 0x000001d94197c6e0,
0x000001d941c33370, 0x000001d941a73e90, 0x000001d941a74360, 0x000001d94188d210,
0x000001d941953080, 0x000001d941953ef0, 0x000001d941953550, 0x000001d941956a40,
0x000001d941953a20, 0x000001d9419560a0, 0x000001d941955230, 0x000001d9419543c0,
0x000001d941954890, 0x000001d941954d60, 0x000001d941955700, 0x000001d944208690,
0x000001d944204800, 0x000001d9442064e0, 0x000001d944203e60, 0x000001d944206010,
0x000001d944207820, 0x000001d944205b40, 0x000001d944207cf0, 0x000001d944203990,
0x000001d944204330, 0x000001d9442069b0, 0x000001d944201cb0, 0x000001d9442051a0,
0x000001d944207350, 0x000001d9442081c0, 0x000001d944200e40, 0x000001d944201310,
0x000001d944205670, 0x000001d944202650, 0x000001d944202b20, 0x000001d944202ff0,
0x000001d9442017e0, 0x000001d944204cd0, 0x000001d9442034c0, 0x000001d9403cc450,
0x000001d9403cd790, 0x000001d9403cdc60, 0x000001d9403cd2c0, 0x000001d9403cf470,
0x000001d9403ca770, 0x000001d9403d1af0, 0x000001d9403cbf80, 0x000001d9403cbab0,
0x000001d9403d1150, 0x000001d9403d02e0, 0x000001d9403cc920, 0x000001d9403cf940,
0x000001d9403d0c80, 0x000001d9403cfe10, 0x000001d9403d1fc0, 0x000001d9403ce130,
0x000001d9403ce600, 0x000001d9403ccdf0, 0x000001d9403cead0, 0x000001d9403cefa0,
0x000001d9403d07b0, 0x000001d9403d1620, 0x000001d9403cb110, 0x000001d9403cac40,
0x000001d9403cb5e0, 0x000001d941062e50, 0x000001d941066ce0, 0x000001d941067b50,
0x000001d941065e70, 0x000001d941066810, 0x000001d9410624b0, 0x000001d941064b30,
0x000001d941063cc0, 0x000001d941064190, 0x000001d941062980, 0x000001d9410671b0,
0x000001d941067680, 0x000001d941064660, 0x000001d941063320, 0x000001d941065000,
0x000001d9410637f0, 0x000001d9410684f0, 0x000001d941061b10, 0x000001d9410654d0,
0x000001d9410659a0, 0x000001d941068020, 0x000001d941066340, 0x000001d941061fe0,
0x000001d941068e90, 0x000001d9410689c0, 0x000001d941061640, 0x000001d94386dbb0,
0x000001d94386e080, 0x000001d943870bd0, 0x000001d943871570, 0x000001d94386e550,
0x000001d94386eef0, 0x000001d94386f3c0, 0x000001d943871a40, 0x000001d943870700,
0x000001d94386bed0, 0x000001d94386fd60, 0x000001d94386b530, 0x000001d94386d6e0,
0x000001d94386ab90, 0x000001d94386a1f0, 0x000001d9438710a0, 0x000001d94386c3a0,
0x000001d943870230, 0x000001d94386c870, 0x000001d94386a6c0, 0x000001d94386b060,
0x000001d94386f890, 0x000001d94386ea20, 0x000001d94386cd40, 0x000001d94386ba00,
0x000001d94386d210, 0x000001d943b90580, 0x000001d943b90a50, 0x000001d943b8fbe0,
0x000001d943b92c00, 0x000001d943b900b0, 0x000001d943b8d560, 0x000001d943b8b880,
0x000001d943b8bd50, 0x000001d945ba9820, 0x000001d943b8da30
}

Java Threads: ( => current thread )
  0x000001d92149ef00 JavaThread "main" [_thread_blocked, id=10732, stack(0x00000054b2100000,0x00000054b2200000)]
  0x000001d93f7c6400 JavaThread "Reference Handler" daemon [_thread_blocked, id=12532, stack(0x00000054b2800000,0x00000054b2900000)]
  0x000001d93f7c7680 JavaThread "Finalizer" daemon [_thread_blocked, id=10852, stack(0x00000054b2900000,0x00000054b2a00000)]
  0x000001d93f7dd0c0 JavaThread "Signal Dispatcher" daemon [_thread_blocked, id=9608, stack(0x00000054b2b00000,0x00000054b2c00000)]
  0x000001d93f7dfe90 JavaThread "Attach Listener" daemon [_thread_blocked, id=2812, stack(0x00000054b2c00000,0x00000054b2d00000)]
  0x000001d93f7e4010 JavaThread "Service Thread" daemon [_thread_blocked, id=7520, stack(0x00000054b2d00000,0x00000054b2e00000)]
  0x000001d93f7e4db0 JavaThread "C2 CompilerThread0" daemon [_thread_in_native, id=4296, stack(0x00000054b2e00000,0x00000054b2f00000)]
  0x000001d93f7ea440 JavaThread "C1 CompilerThread0" daemon [_thread_blocked, id=3768, stack(0x00000054b2f00000,0x00000054b3000000)]
  0x000001d93f7fe9d0 JavaThread "Sweeper thread" daemon [_thread_blocked, id=7704, stack(0x00000054b3000000,0x00000054b3100000)]
  0x000001d94020d610 JavaThread "Common-Cleaner" daemon [_thread_blocked, id=3616, stack(0x00000054b3100000,0x00000054b3200000)]
  0x000001d9402224a0 JavaThread "Notification Thread" daemon [_thread_blocked, id=13268, stack(0x00000054b3200000,0x00000054b3300000)]
  0x000001d942168420 JavaThread "Daemon health stats" [_thread_blocked, id=12760, stack(0x00000054b3800000,0x00000054b3900000)]
  0x000001d941f825d0 JavaThread "Incoming local TCP Connector on port 58065" [_thread_in_native, id=7352, stack(0x00000054b3b00000,0x00000054b3c00000)]
  0x000001d94143a380 JavaThread "Daemon periodic checks" [_thread_blocked, id=7316, stack(0x00000054b3c00000,0x00000054b3d00000)]
  0x000001d9419b2740 JavaThread "Daemon" [_thread_blocked, id=1880, stack(0x00000054b3d00000,0x00000054b3e00000)]
  0x000001d94197c6e0 JavaThread "Handler for socket connection from /127.0.0.1:58065 to /127.0.0.1:58066" [_thread_in_native, id=6680, stack(0x00000054b3e00000,0x00000054b3f00000)]
  0x000001d941c33370 JavaThread "Cancel handler" [_thread_blocked, id=2196, stack(0x00000054b3f00000,0x00000054b4000000)]
  0x000001d941a73e90 JavaThread "Daemon worker" [_thread_in_Java, id=8852, stack(0x00000054b4000000,0x00000054b4100000)]
  0x000001d941a74360 JavaThread "Asynchronous log dispatcher for DefaultDaemonConnection: socket connection from /127.0.0.1:58065 to /127.0.0.1:58066" [_thread_blocked, id=7724, stack(0x00000054b4100000,0x00000054b4200000)]
  0x000001d94188d210 JavaThread "Stdin handler" [_thread_blocked, id=980, stack(0x00000054b4200000,0x00000054b4300000)]
  0x000001d941953080 JavaThread "Thread-8" [_thread_blocked, id=8368, stack(0x00000054b4300000,0x00000054b4400000)]
  0x000001d941953ef0 JavaThread "Cache worker for file hash cache (C:\Users\HP\.gradle\caches\6.7.1\fileHashes)" [_thread_blocked, id=5292, stack(0x00000054b4400000,0x00000054b4500000)]
  0x000001d941953550 JavaThread "File lock request listener" [_thread_in_native, id=12380, stack(0x00000054b4500000,0x00000054b4600000)]
  0x000001d941956a40 JavaThread "Cache worker for journal cache (C:\Users\HP\.gradle\caches\journal-1)" [_thread_blocked, id=8540, stack(0x00000054b4600000,0x00000054b4700000)]
  0x000001d941953a20 JavaThread "Cache worker for file hash cache (D:\AKSHAY\Documents\AndroidStudioProjects\App\.gradle\6.7.1\fileHashes)" [_thread_blocked, id=12576, stack(0x00000054b4700000,0x00000054b4800000)]
  0x000001d9419560a0 JavaThread "Cache worker for checksums cache (D:\AKSHAY\Documents\AndroidStudioProjects\App\.gradle\checksums)" [_thread_blocked, id=7420, stack(0x00000054b4800000,0x00000054b4900000)]
  0x000001d941955230 JavaThread "Cache worker for cache directory md-supplier (C:\Users\HP\.gradle\caches\6.7.1\md-supplier)" [_thread_blocked, id=5964, stack(0x00000054b4900000,0x00000054b4a00000)]
  0x000001d9419543c0 JavaThread "Cache worker for cache directory md-rule (C:\Users\HP\.gradle\caches\6.7.1\md-rule)" [_thread_blocked, id=4008, stack(0x00000054b4a00000,0x00000054b4b00000)]
  0x000001d941954890 JavaThread "Cache worker for execution history cache (C:\Users\HP\.gradle\caches\6.7.1\executionHistory)" [_thread_blocked, id=1500, stack(0x00000054b4b00000,0x00000054b4c00000)]
  0x000001d941954d60 JavaThread "jar transforms" [_thread_blocked, id=11288, stack(0x00000054b4c00000,0x00000054b4d00000)]
  0x000001d941955700 JavaThread "Cache worker for file content cache (C:\Users\HP\.gradle\caches\6.7.1\fileContent)" [_thread_blocked, id=11244, stack(0x00000054b4d00000,0x00000054b4e00000)]
  0x000001d944208690 JavaThread "Cache worker for Build Output Cleanup Cache (D:\AKSHAY\Documents\AndroidStudioProjects\App\.gradle\buildOutputCleanup)" [_thread_blocked, id=12668, stack(0x00000054b4f00000,0x00000054b5000000)]
  0x000001d944204800 JavaThread "Build operations" [_thread_blocked, id=8216, stack(0x00000054b5000000,0x00000054b5100000)]
  0x000001d9442064e0 JavaThread "Build operations Thread 2" [_thread_blocked, id=12068, stack(0x00000054b5100000,0x00000054b5200000)]
  0x000001d944203e60 JavaThread "Build operations Thread 3" [_thread_blocked, id=8100, stack(0x00000054b5200000,0x00000054b5300000)]
  0x000001d944206010 JavaThread "Build operations Thread 4" [_thread_blocked, id=11920, stack(0x00000054b5300000,0x00000054b5400000)]
  0x000001d944207820 JavaThread "jar transforms Thread 2" [_thread_blocked, id=9156, stack(0x00000054b5400000,0x00000054b5500000)]
  0x000001d944205b40 JavaThread "jar transforms Thread 3" [_thread_blocked, id=9388, stack(0x00000054b5500000,0x00000054b5600000)]
  0x000001d944207cf0 JavaThread "jar transforms Thread 4" [_thread_blocked, id=5756, stack(0x00000054b5600000,0x00000054b5700000)]
  0x000001d944203990 JavaThread "jar transforms Thread 5" [_thread_blocked, id=10092, stack(0x00000054b5700000,0x00000054b5800000)]
  0x000001d944204330 JavaThread "jar transforms Thread 6" [_thread_blocked, id=10356, stack(0x00000054b5800000,0x00000054b5900000)]
  0x000001d9442069b0 JavaThread "jar transforms Thread 7" [_thread_blocked, id=1904, stack(0x00000054b5900000,0x00000054b5a00000)]
  0x000001d944201cb0 JavaThread "jar transforms Thread 8" [_thread_blocked, id=12564, stack(0x00000054b5a00000,0x00000054b5b00000)]
  0x000001d9442051a0 JavaThread "jar transforms Thread 9" [_thread_blocked, id=12020, stack(0x00000054b5b00000,0x00000054b5c00000)]
  0x000001d944207350 JavaThread "jar transforms Thread 10" [_thread_blocked, id=4240, stack(0x00000054b5c00000,0x00000054b5d00000)]
  0x000001d9442081c0 JavaThread "jar transforms Thread 11" [_thread_blocked, id=9180, stack(0x00000054b5d00000,0x00000054b5e00000)]
  0x000001d944200e40 JavaThread "jar transforms Thread 12" [_thread_blocked, id=9680, stack(0x00000054b5e00000,0x00000054b5f00000)]
  0x000001d944201310 JavaThread "jar transforms Thread 13" [_thread_blocked, id=11396, stack(0x00000054b5f00000,0x00000054b6000000)]
  0x000001d944205670 JavaThread "jar transforms Thread 14" [_thread_blocked, id=1920, stack(0x00000054b6000000,0x00000054b6100000)]
  0x000001d944202650 JavaThread "jar transforms Thread 15" [_thread_blocked, id=9332, stack(0x00000054b6100000,0x00000054b6200000)]
  0x000001d944202b20 JavaThread "jar transforms Thread 16" [_thread_blocked, id=5676, stack(0x00000054b6200000,0x00000054b6300000)]
  0x000001d944202ff0 JavaThread "jar transforms Thread 17" [_thread_blocked, id=3288, stack(0x00000054b6300000,0x00000054b6400000)]
  0x000001d9442017e0 JavaThread "jar transforms Thread 18" [_thread_blocked, id=10296, stack(0x00000054b6400000,0x00000054b6500000)]
  0x000001d944204cd0 JavaThread "jar transforms Thread 19" [_thread_blocked, id=7748, stack(0x00000054b6500000,0x00000054b6600000)]
  0x000001d9442034c0 JavaThread "jar transforms Thread 20" [_thread_blocked, id=6828, stack(0x00000054b6600000,0x00000054b6700000)]
  0x000001d9403cc450 JavaThread "jar transforms Thread 21" [_thread_blocked, id=10216, stack(0x00000054b6700000,0x00000054b6800000)]
  0x000001d9403cd790 JavaThread "jar transforms Thread 22" [_thread_blocked, id=4280, stack(0x00000054b6800000,0x00000054b6900000)]
  0x000001d9403cdc60 JavaThread "jar transforms Thread 23" [_thread_blocked, id=308, stack(0x00000054b6900000,0x00000054b6a00000)]
  0x000001d9403cd2c0 JavaThread "jar transforms Thread 24" [_thread_blocked, id=5568, stack(0x00000054b6a00000,0x00000054b6b00000)]
  0x000001d9403cf470 JavaThread "jar transforms Thread 25" [_thread_blocked, id=11340, stack(0x00000054b6b00000,0x00000054b6c00000)]
  0x000001d9403ca770 JavaThread "jar transforms Thread 26" [_thread_blocked, id=3536, stack(0x00000054b6c00000,0x00000054b6d00000)]
  0x000001d9403d1af0 JavaThread "jar transforms Thread 27" [_thread_blocked, id=11732, stack(0x00000054b6d00000,0x00000054b6e00000)]
  0x000001d9403cbf80 JavaThread "jar transforms Thread 28" [_thread_blocked, id=9612, stack(0x00000054b6e00000,0x00000054b6f00000)]
  0x000001d9403cbab0 JavaThread "jar transforms Thread 29" [_thread_blocked, id=13028, stack(0x00000054b6f00000,0x00000054b7000000)]
  0x000001d9403d1150 JavaThread "jar transforms Thread 30" [_thread_blocked, id=8732, stack(0x00000054b7000000,0x00000054b7100000)]
  0x000001d9403d02e0 JavaThread "jar transforms Thread 31" [_thread_blocked, id=13072, stack(0x00000054b7100000,0x00000054b7200000)]
  0x000001d9403cc920 JavaThread "jar transforms Thread 32" [_thread_blocked, id=2460, stack(0x00000054b7200000,0x00000054b7300000)]
  0x000001d9403cf940 JavaThread "jar transforms Thread 33" [_thread_blocked, id=4936, stack(0x00000054b7300000,0x00000054b7400000)]
  0x000001d9403d0c80 JavaThread "jar transforms Thread 34" [_thread_blocked, id=1120, stack(0x00000054b7400000,0x00000054b7500000)]
  0x000001d9403cfe10 JavaThread "jar transforms Thread 35" [_thread_blocked, id=9912, stack(0x00000054b7500000,0x00000054b7600000)]
  0x000001d9403d1fc0 JavaThread "jar transforms Thread 36" [_thread_blocked, id=12780, stack(0x00000054b7600000,0x00000054b7700000)]
  0x000001d9403ce130 JavaThread "jar transforms Thread 37" [_thread_blocked, id=8800, stack(0x00000054b7700000,0x00000054b7800000)]
  0x000001d9403ce600 JavaThread "jar transforms Thread 38" [_thread_blocked, id=7516, stack(0x00000054b7800000,0x00000054b7900000)]
  0x000001d9403ccdf0 JavaThread "jar transforms Thread 39" [_thread_blocked, id=3444, stack(0x00000054b7900000,0x00000054b7a00000)]
  0x000001d9403cead0 JavaThread "jar transforms Thread 40" [_thread_blocked, id=12996, stack(0x00000054b7a00000,0x00000054b7b00000)]
  0x000001d9403cefa0 JavaThread "jar transforms Thread 41" [_thread_blocked, id=9500, stack(0x00000054b7b00000,0x00000054b7c00000)]
  0x000001d9403d07b0 JavaThread "jar transforms Thread 42" [_thread_blocked, id=4116, stack(0x00000054b7c00000,0x00000054b7d00000)]
  0x000001d9403d1620 JavaThread "jar transforms Thread 43" [_thread_blocked, id=1660, stack(0x00000054b7d00000,0x00000054b7e00000)]
  0x000001d9403cb110 JavaThread "jar transforms Thread 44" [_thread_blocked, id=7380, stack(0x00000054b7e00000,0x00000054b7f00000)]
  0x000001d9403cac40 JavaThread "jar transforms Thread 45" [_thread_blocked, id=10224, stack(0x00000054b7f00000,0x00000054b8000000)]
  0x000001d9403cb5e0 JavaThread "jar transforms Thread 46" [_thread_blocked, id=9188, stack(0x00000054b8000000,0x00000054b8100000)]
  0x000001d941062e50 JavaThread "jar transforms Thread 47" [_thread_blocked, id=2608, stack(0x00000054b8100000,0x00000054b8200000)]
  0x000001d941066ce0 JavaThread "jar transforms Thread 48" [_thread_blocked, id=6516, stack(0x00000054b8200000,0x00000054b8300000)]
  0x000001d941067b50 JavaThread "jar transforms Thread 49" [_thread_blocked, id=2128, stack(0x00000054b8300000,0x00000054b8400000)]
  0x000001d941065e70 JavaThread "jar transforms Thread 50" [_thread_blocked, id=10460, stack(0x00000054b8400000,0x00000054b8500000)]
  0x000001d941066810 JavaThread "jar transforms Thread 51" [_thread_blocked, id=4504, stack(0x00000054b8500000,0x00000054b8600000)]
  0x000001d9410624b0 JavaThread "jar transforms Thread 52" [_thread_blocked, id=1484, stack(0x00000054b8600000,0x00000054b8700000)]
  0x000001d941064b30 JavaThread "jar transforms Thread 53" [_thread_blocked, id=4784, stack(0x00000054b8700000,0x00000054b8800000)]
  0x000001d941063cc0 JavaThread "jar transforms Thread 54" [_thread_blocked, id=11612, stack(0x00000054b8800000,0x00000054b8900000)]
  0x000001d941064190 JavaThread "jar transforms Thread 55" [_thread_blocked, id=5824, stack(0x00000054b8900000,0x00000054b8a00000)]
  0x000001d941062980 JavaThread "jar transforms Thread 56" [_thread_blocked, id=8424, stack(0x00000054b8a00000,0x00000054b8b00000)]
  0x000001d9410671b0 JavaThread "jar transforms Thread 57" [_thread_blocked, id=3292, stack(0x00000054b8b00000,0x00000054b8c00000)]
  0x000001d941067680 JavaThread "jar transforms Thread 58" [_thread_blocked, id=6156, stack(0x00000054b8c00000,0x00000054b8d00000)]
  0x000001d941064660 JavaThread "jar transforms Thread 59" [_thread_blocked, id=11324, stack(0x00000054b8d00000,0x00000054b8e00000)]
  0x000001d941063320 JavaThread "jar transforms Thread 60" [_thread_blocked, id=9568, stack(0x00000054b8e00000,0x00000054b8f00000)]
  0x000001d941065000 JavaThread "jar transforms Thread 61" [_thread_blocked, id=10572, stack(0x00000054b8f00000,0x00000054b9000000)]
  0x000001d9410637f0 JavaThread "jar transforms Thread 62" [_thread_blocked, id=8956, stack(0x00000054b9000000,0x00000054b9100000)]
  0x000001d9410684f0 JavaThread "jar transforms Thread 63" [_thread_blocked, id=10152, stack(0x00000054b9100000,0x00000054b9200000)]
  0x000001d941061b10 JavaThread "jar transforms Thread 64" [_thread_blocked, id=10748, stack(0x00000054b9200000,0x00000054b9300000)]
  0x000001d9410654d0 JavaThread "jar transforms Thread 65" [_thread_blocked, id=5976, stack(0x00000054b9300000,0x00000054b9400000)]
  0x000001d9410659a0 JavaThread "jar transforms Thread 66" [_thread_blocked, id=7556, stack(0x00000054b9400000,0x00000054b9500000)]
  0x000001d941068020 JavaThread "jar transforms Thread 67" [_thread_blocked, id=2880, stack(0x00000054b9500000,0x00000054b9600000)]
  0x000001d941066340 JavaThread "jar transforms Thread 68" [_thread_blocked, id=1860, stack(0x00000054b9600000,0x00000054b9700000)]
  0x000001d941061fe0 JavaThread "jar transforms Thread 69" [_thread_blocked, id=10756, stack(0x00000054b9700000,0x00000054b9800000)]
  0x000001d941068e90 JavaThread "jar transforms Thread 70" [_thread_blocked, id=4852, stack(0x00000054b9800000,0x00000054b9900000)]
  0x000001d9410689c0 JavaThread "jar transforms Thread 71" [_thread_blocked, id=7508, stack(0x00000054b9900000,0x00000054b9a00000)]
  0x000001d941061640 JavaThread "jar transforms Thread 72" [_thread_blocked, id=1576, stack(0x00000054b9a00000,0x00000054b9b00000)]
  0x000001d94386dbb0 JavaThread "jar transforms Thread 73" [_thread_blocked, id=10980, stack(0x00000054b9b00000,0x00000054b9c00000)]
  0x000001d94386e080 JavaThread "jar transforms Thread 74" [_thread_blocked, id=12644, stack(0x00000054b9c00000,0x00000054b9d00000)]
  0x000001d943870bd0 JavaThread "jar transforms Thread 75" [_thread_blocked, id=10368, stack(0x00000054b9d00000,0x00000054b9e00000)]
  0x000001d943871570 JavaThread "jar transforms Thread 76" [_thread_blocked, id=6228, stack(0x00000054b9e00000,0x00000054b9f00000)]
  0x000001d94386e550 JavaThread "jar transforms Thread 77" [_thread_blocked, id=9656, stack(0x00000054b9f00000,0x00000054ba000000)]
  0x000001d94386eef0 JavaThread "jar transforms Thread 78" [_thread_blocked, id=3824, stack(0x00000054ba000000,0x00000054ba100000)]
  0x000001d94386f3c0 JavaThread "jar transforms Thread 79" [_thread_blocked, id=9128, stack(0x00000054ba100000,0x00000054ba200000)]
  0x000001d943871a40 JavaThread "jar transforms Thread 80" [_thread_blocked, id=12584, stack(0x00000054ba200000,0x00000054ba300000)]
  0x000001d943870700 JavaThread "jar transforms Thread 81" [_thread_blocked, id=4068, stack(0x00000054ba300000,0x00000054ba400000)]
  0x000001d94386bed0 JavaThread "jar transforms Thread 82" [_thread_blocked, id=1720, stack(0x00000054ba400000,0x00000054ba500000)]
  0x000001d94386fd60 JavaThread "jar transforms Thread 83" [_thread_blocked, id=6776, stack(0x00000054ba500000,0x00000054ba600000)]
  0x000001d94386b530 JavaThread "jar transforms Thread 84" [_thread_blocked, id=220, stack(0x00000054ba600000,0x00000054ba700000)]
  0x000001d94386d6e0 JavaThread "jar transforms Thread 85" [_thread_blocked, id=9136, stack(0x00000054ba700000,0x00000054ba800000)]
  0x000001d94386ab90 JavaThread "jar transforms Thread 86" [_thread_blocked, id=9560, stack(0x00000054ba800000,0x00000054ba900000)]
  0x000001d94386a1f0 JavaThread "jar transforms Thread 87" [_thread_blocked, id=12616, stack(0x00000054ba900000,0x00000054baa00000)]
  0x000001d9438710a0 JavaThread "jar transforms Thread 88" [_thread_blocked, id=12224, stack(0x00000054baa00000,0x00000054bab00000)]
  0x000001d94386c3a0 JavaThread "jar transforms Thread 89" [_thread_blocked, id=8700, stack(0x00000054bab00000,0x00000054bac00000)]
  0x000001d943870230 JavaThread "jar transforms Thread 90" [_thread_blocked, id=10660, stack(0x00000054bac00000,0x00000054bad00000)]
  0x000001d94386c870 JavaThread "jar transforms Thread 91" [_thread_blocked, id=3436, stack(0x00000054bad00000,0x00000054bae00000)]
  0x000001d94386a6c0 JavaThread "jar transforms Thread 92" [_thread_blocked, id=12724, stack(0x00000054bae00000,0x00000054baf00000)]
  0x000001d94386b060 JavaThread "jar transforms Thread 93" [_thread_blocked, id=5936, stack(0x00000054baf00000,0x00000054bb000000)]
  0x000001d94386f890 JavaThread "jar transforms Thread 94" [_thread_blocked, id=12968, stack(0x00000054bb000000,0x00000054bb100000)]
  0x000001d94386ea20 JavaThread "jar transforms Thread 95" [_thread_blocked, id=11200, stack(0x00000054bb100000,0x00000054bb200000)]
  0x000001d94386cd40 JavaThread "jar transforms Thread 96" [_thread_blocked, id=11292, stack(0x00000054bb200000,0x00000054bb300000)]
  0x000001d94386ba00 JavaThread "jar transforms Thread 97" [_thread_blocked, id=10720, stack(0x00000054bb300000,0x00000054bb400000)]
  0x000001d94386d210 JavaThread "jar transforms Thread 98" [_thread_blocked, id=3676, stack(0x00000054bb400000,0x00000054bb500000)]
  0x000001d943b90580 JavaThread "jar transforms Thread 99" [_thread_blocked, id=4260, stack(0x00000054bb500000,0x00000054bb600000)]
  0x000001d943b90a50 JavaThread "Memory manager" [_thread_blocked, id=2108, stack(0x00000054bb600000,0x00000054bb700000)]
  0x000001d943b8fbe0 JavaThread "build event listener" [_thread_blocked, id=1172, stack(0x00000054bb700000,0x00000054bb800000)]
  0x000001d943b92c00 JavaThread "build event listener" [_thread_blocked, id=1536, stack(0x00000054bb800000,0x00000054bb900000)]
  0x000001d943b900b0 JavaThread "Execution worker for ':'" [_thread_blocked, id=13180, stack(0x00000054bb900000,0x00000054bba00000)]
  0x000001d943b8d560 JavaThread "Execution worker for ':' Thread 2" [_thread_blocked, id=12432, stack(0x00000054bba00000,0x00000054bbb00000)]
  0x000001d943b8b880 JavaThread "Execution worker for ':' Thread 3" [_thread_blocked, id=5920, stack(0x00000054bbb00000,0x00000054bbc00000)]
  0x000001d943b8bd50 JavaThread "Cache worker for execution history cache (D:\AKSHAY\Documents\AndroidStudioProjects\App\.gradle\6.7.1\executionHistory)" [_thread_blocked, id=11412, stack(0x00000054bbc00000,0x00000054bbd00000)]
=>0x000001d945ba9820 JavaThread "C2 CompilerThread1" daemon [_thread_in_native, id=4136, stack(0x00000054b3400000,0x00000054b3500000)]
  0x000001d943b8da30 JavaThread "WorkerExecutor Queue" [_thread_blocked, id=2628, stack(0x00000054bbf00000,0x00000054bc000000)]

Other Threads:
  0x000001d93f7bf4a0 VMThread "VM Thread" [stack: 0x00000054b2700000,0x00000054b2800000] [id=1080]
  0x000001d940240960 WatcherThread [stack: 0x00000054b3300000,0x00000054b3400000] [id=7868]
  0x000001d9214de4b0 GCTaskThread "GC Thread#0" [stack: 0x00000054b2200000,0x00000054b2300000] [id=13220]
  0x000001d940918440 GCTaskThread "GC Thread#1" [stack: 0x00000054b3500000,0x00000054b3600000] [id=9000]
  0x000001d940918aa0 GCTaskThread "GC Thread#2" [stack: 0x00000054b3600000,0x00000054b3700000] [id=9356]
  0x000001d940918770 GCTaskThread "GC Thread#3" [stack: 0x00000054b3700000,0x00000054b3800000] [id=5080]
  0x000001d9214f0e40 ConcurrentGCThread "G1 Main Marker" [stack: 0x00000054b2300000,0x00000054b2400000] [id=6688]
  0x000001d9214f19c0 ConcurrentGCThread "G1 Conc#0" [stack: 0x00000054b2400000,0x00000054b2500000] [id=11124]
  0x000001d93f6424b0 ConcurrentGCThread "G1 Refine#0" [stack: 0x00000054b2500000,0x00000054b2600000] [id=7104]
  0x000001d944f59820 ConcurrentGCThread "G1 Refine#1" [stack: 0x00000054b4e00000,0x00000054b4f00000] [id=12540]
  0x000001d944f58e00 ConcurrentGCThread "G1 Refine#2" [stack: 0x00000054bbd00000,0x00000054bbe00000] [id=7580]
  0x000001d9452a7300 ConcurrentGCThread "G1 Refine#3" [stack: 0x00000054bbe00000,0x00000054bbf00000] [id=12140]
  0x000001d921574e90 ConcurrentGCThread "G1 Young RemSet Sampling" [stack: 0x00000054b2600000,0x00000054b2700000] [id=13032]

Threads with active compile tasks:
C2 CompilerThread0    25999 9971       4       com.android.ide.common.resources.NodeUtils::duplicateNode (315 bytes)
C2 CompilerThread1    26000 9977       4       com.android.utils.XmlUtils::append (647 bytes)

VM state: not at safepoint (normal execution)

VM Mutex/Monitor currently owned by a thread: None

Heap address: 0x0000000080000000, size: 2048 MB, Compressed Oops mode: 32-bit
CDS archive(s) mapped at: [0x0000000800000000-0x0000000800b50000-0x0000000800b50000), size 11862016, SharedBaseAddress: 0x0000000800000000, ArchiveRelocationMode: 0.
Compressed class space mapped at: 0x0000000800b50000-0x0000000840b50000, size: 1073741824
Narrow klass base: 0x0000000800000000, Narrow klass shift: 3, Narrow klass range: 0x100000000

GC Precious Log:
 CPUs: 4 total, 4 available
 Memory: 12179M
 Large Page Support: Disabled
 NUMA Support: Disabled
 Compressed Oops: Enabled (32-bit)
 Heap Region Size: 1M
 Heap Min Capacity: 8M
 Heap Initial Capacity: 192M
 Heap Max Capacity: 2G
 Pre-touch: Disabled
 Parallel Workers: 4
 Concurrent Workers: 1
 Concurrent Refinement Workers: 4
 Periodic GC: Disabled

Heap:
 garbage-first heap   total 190464K, used 112312K [0x0000000080000000, 0x0000000100000000)
  region size 1024K, 13 young (13312K), 8 survivors (8192K)
 Metaspace       used 69959K, capacity 71201K, committed 71344K, reserved 1112064K
  class space    used 9105K, capacity 9460K, committed 9472K, reserved 1048576K

Heap Regions: E=young(eden), S=young(survivor), O=old, HS=humongous(starts), HC=humongous(continues), CS=collection set, F=free, OA=open archive, CA=closed archive, TAMS=top-at-mark-start (previous, next)
|   0|0x0000000080000000, 0x0000000080100000, 0x0000000080100000|100%| O|  |TAMS 0x0000000080100000, 0x0000000080000000| Updating 
|   1|0x0000000080100000, 0x00000000801fa600, 0x0000000080200000| 97%| O|  |TAMS 0x00000000801fa600, 0x0000000080100000| Updating 
|   2|0x0000000080200000, 0x0000000080300000, 0x0000000080300000|100%| O|  |TAMS 0x0000000080300000, 0x0000000080200000| Updating 
|   3|0x0000000080300000, 0x0000000080400000, 0x0000000080400000|100%|HS|  |TAMS 0x0000000080400000, 0x0000000080300000| Complete 
|   4|0x0000000080400000, 0x0000000080500000, 0x0000000080500000|100%|HC|  |TAMS 0x0000000080500000, 0x0000000080400000| Complete 
|   5|0x0000000080500000, 0x0000000080600000, 0x0000000080600000|100%|HC|  |TAMS 0x0000000080600000, 0x0000000080500000| Complete 
|   6|0x0000000080600000, 0x0000000080700000, 0x0000000080700000|100%| O|  |TAMS 0x0000000080700000, 0x0000000080600000| Updating 
|   7|0x0000000080700000, 0x0000000080800000, 0x0000000080800000|100%| O|  |TAMS 0x0000000080800000, 0x0000000080700000| Updating 
|   8|0x0000000080800000, 0x0000000080900000, 0x0000000080900000|100%| O|  |TAMS 0x0000000080900000, 0x0000000080800000| Updating 
|   9|0x0000000080900000, 0x0000000080a00000, 0x0000000080a00000|100%| O|  |TAMS 0x0000000080a00000, 0x0000000080900000| Updating 
|  10|0x0000000080a00000, 0x0000000080b00000, 0x0000000080b00000|100%| O|  |TAMS 0x0000000080b00000, 0x0000000080a00000| Updating 
|  11|0x0000000080b00000, 0x0000000080c00000, 0x0000000080c00000|100%| O|  |TAMS 0x0000000080c00000, 0x0000000080b00000| Updating 
|  12|0x0000000080c00000, 0x0000000080d00000, 0x0000000080d00000|100%| O|  |TAMS 0x0000000080d00000, 0x0000000080c00000| Updating 
|  13|0x0000000080d00000, 0x0000000080e00000, 0x0000000080e00000|100%| O|  |TAMS 0x0000000080e00000, 0x0000000080d00000| Updating 
|  14|0x0000000080e00000, 0x0000000080f00000, 0x0000000080f00000|100%| O|  |TAMS 0x0000000080f00000, 0x0000000080e00000| Updating 
|  15|0x0000000080f00000, 0x0000000081000000, 0x0000000081000000|100%| O|  |TAMS 0x0000000081000000, 0x0000000080f00000| Updating 
|  16|0x0000000081000000, 0x0000000081100000, 0x0000000081100000|100%| O|  |TAMS 0x0000000081100000, 0x0000000081000000| Updating 
|  17|0x0000000081100000, 0x0000000081200000, 0x0000000081200000|100%| O|  |TAMS 0x0000000081200000, 0x0000000081100000| Updating 
|  18|0x0000000081200000, 0x0000000081300000, 0x0000000081300000|100%| O|  |TAMS 0x0000000081300000, 0x0000000081200000| Updating 
|  19|0x0000000081300000, 0x0000000081400000, 0x0000000081400000|100%| O|  |TAMS 0x0000000081400000, 0x0000000081300000| Updating 
|  20|0x0000000081400000, 0x0000000081500000, 0x0000000081500000|100%| O|  |TAMS 0x0000000081500000, 0x0000000081400000| Updating 
|  21|0x0000000081500000, 0x0000000081600000, 0x0000000081600000|100%| O|  |TAMS 0x0000000081600000, 0x0000000081500000| Updating 
|  22|0x0000000081600000, 0x0000000081700000, 0x0000000081700000|100%| O|  |TAMS 0x0000000081700000, 0x0000000081600000| Updating 
|  23|0x0000000081700000, 0x0000000081800000, 0x0000000081800000|100%| O|  |TAMS 0x0000000081800000, 0x0000000081700000| Updating 
|  24|0x0000000081800000, 0x0000000081900000, 0x0000000081900000|100%| O|  |TAMS 0x0000000081900000, 0x0000000081800000| Updating 
|  25|0x0000000081900000, 0x0000000081a00000, 0x0000000081a00000|100%|HS|  |TAMS 0x0000000081a00000, 0x0000000081900000| Complete 
|  26|0x0000000081a00000, 0x0000000081b00000, 0x0000000081b00000|100%|HS|  |TAMS 0x0000000081b00000, 0x0000000081a00000| Complete 
|  27|0x0000000081b00000, 0x0000000081c00000, 0x0000000081c00000|100%|HC|  |TAMS 0x0000000081c00000, 0x0000000081b00000| Complete 
|  28|0x0000000081c00000, 0x0000000081d00000, 0x0000000081d00000|100%| O|  |TAMS 0x0000000081d00000, 0x0000000081c00000| Updating 
|  29|0x0000000081d00000, 0x0000000081e00000, 0x0000000081e00000|100%| O|  |TAMS 0x0000000081e00000, 0x0000000081d00000| Updating 
|  30|0x0000000081e00000, 0x0000000081f00000, 0x0000000081f00000|100%| O|  |TAMS 0x0000000081f00000, 0x0000000081e00000| Updating 
|  31|0x0000000081f00000, 0x0000000082000000, 0x0000000082000000|100%| O|  |TAMS 0x0000000082000000, 0x0000000081f00000| Updating 
|  32|0x0000000082000000, 0x0000000082100000, 0x0000000082100000|100%| O|  |TAMS 0x0000000082100000, 0x0000000082000000| Updating 
|  33|0x0000000082100000, 0x0000000082200000, 0x0000000082200000|100%| O|  |TAMS 0x0000000082200000, 0x0000000082100000| Updating 
|  34|0x0000000082200000, 0x0000000082300000, 0x0000000082300000|100%| O|  |TAMS 0x0000000082300000, 0x0000000082200000| Updating 
|  35|0x0000000082300000, 0x0000000082400000, 0x0000000082400000|100%| O|  |TAMS 0x0000000082400000, 0x0000000082300000| Updating 
|  36|0x0000000082400000, 0x0000000082500000, 0x0000000082500000|100%| O|  |TAMS 0x0000000082500000, 0x0000000082400000| Updating 
|  37|0x0000000082500000, 0x0000000082600000, 0x0000000082600000|100%| O|  |TAMS 0x0000000082600000, 0x0000000082500000| Updating 
|  38|0x0000000082600000, 0x0000000082700000, 0x0000000082700000|100%| O|  |TAMS 0x0000000082700000, 0x0000000082600000| Updating 
|  39|0x0000000082700000, 0x0000000082800000, 0x0000000082800000|100%| O|  |TAMS 0x0000000082800000, 0x0000000082700000| Updating 
|  40|0x0000000082800000, 0x0000000082900000, 0x0000000082900000|100%| O|  |TAMS 0x0000000082900000, 0x0000000082800000| Updating 
|  41|0x0000000082900000, 0x0000000082a00000, 0x0000000082a00000|100%| O|  |TAMS 0x0000000082a00000, 0x0000000082900000| Updating 
|  42|0x0000000082a00000, 0x0000000082b00000, 0x0000000082b00000|100%| O|  |TAMS 0x0000000082b00000, 0x0000000082a00000| Updating 
|  43|0x0000000082b00000, 0x0000000082c00000, 0x0000000082c00000|100%| O|  |TAMS 0x0000000082c00000, 0x0000000082b00000| Updating 
|  44|0x0000000082c00000, 0x0000000082d00000, 0x0000000082d00000|100%| O|  |TAMS 0x0000000082d00000, 0x0000000082c00000| Updating 
|  45|0x0000000082d00000, 0x0000000082e00000, 0x0000000082e00000|100%| O|  |TAMS 0x0000000082e00000, 0x0000000082d00000| Updating 
|  46|0x0000000082e00000, 0x0000000082f00000, 0x0000000082f00000|100%| O|  |TAMS 0x0000000082f00000, 0x0000000082e00000| Updating 
|  47|0x0000000082f00000, 0x0000000083000000, 0x0000000083000000|100%| O|  |TAMS 0x0000000083000000, 0x0000000082f00000| Updating 
|  48|0x0000000083000000, 0x0000000083100000, 0x0000000083100000|100%| O|  |TAMS 0x0000000083100000, 0x0000000083000000| Updating 
|  49|0x0000000083100000, 0x0000000083200000, 0x0000000083200000|100%| O|  |TAMS 0x0000000083200000, 0x0000000083100000| Updating 
|  50|0x0000000083200000, 0x0000000083300000, 0x0000000083300000|100%| O|  |TAMS 0x0000000083300000, 0x0000000083200000| Updating 
|  51|0x0000000083300000, 0x0000000083400000, 0x0000000083400000|100%| O|  |TAMS 0x0000000083400000, 0x0000000083300000| Updating 
|  52|0x0000000083400000, 0x0000000083500000, 0x0000000083500000|100%| O|  |TAMS 0x0000000083500000, 0x0000000083400000| Updating 
|  53|0x0000000083500000, 0x0000000083600000, 0x0000000083600000|100%| O|  |TAMS 0x0000000083600000, 0x0000000083500000| Updating 
|  54|0x0000000083600000, 0x0000000083700000, 0x0000000083700000|100%| O|  |TAMS 0x0000000083700000, 0x0000000083600000| Updating 
|  55|0x0000000083700000, 0x0000000083800000, 0x0000000083800000|100%| O|  |TAMS 0x0000000083800000, 0x0000000083700000| Updating 
|  56|0x0000000083800000, 0x0000000083900000, 0x0000000083900000|100%| O|  |TAMS 0x0000000083900000, 0x0000000083800000| Updating 
|  57|0x0000000083900000, 0x0000000083a00000, 0x0000000083a00000|100%| O|  |TAMS 0x0000000083a00000, 0x0000000083900000| Updating 
|  58|0x0000000083a00000, 0x0000000083b00000, 0x0000000083b00000|100%| O|  |TAMS 0x0000000083b00000, 0x0000000083a00000| Updating 
|  59|0x0000000083b00000, 0x0000000083c00000, 0x0000000083c00000|100%| O|  |TAMS 0x0000000083c00000, 0x0000000083b00000| Updating 
|  60|0x0000000083c00000, 0x0000000083d00000, 0x0000000083d00000|100%|HS|  |TAMS 0x0000000083d00000, 0x0000000083c00000| Complete 
|  61|0x0000000083d00000, 0x0000000083e00000, 0x0000000083e00000|100%| O|  |TAMS 0x0000000083e00000, 0x0000000083d00000| Updating 
|  62|0x0000000083e00000, 0x0000000083f00000, 0x0000000083f00000|100%| O|  |TAMS 0x0000000083f00000, 0x0000000083e00000| Updating 
|  63|0x0000000083f00000, 0x0000000084000000, 0x0000000084000000|100%| O|  |TAMS 0x0000000084000000, 0x0000000083f00000| Updating 
|  64|0x0000000084000000, 0x0000000084100000, 0x0000000084100000|100%| O|  |TAMS 0x0000000084100000, 0x0000000084000000| Updating 
|  65|0x0000000084100000, 0x0000000084200000, 0x0000000084200000|100%| O|  |TAMS 0x0000000084200000, 0x0000000084100000| Updating 
|  66|0x0000000084200000, 0x0000000084300000, 0x0000000084300000|100%| O|  |TAMS 0x0000000084300000, 0x0000000084200000| Updating 
|  67|0x0000000084300000, 0x0000000084400000, 0x0000000084400000|100%| O|  |TAMS 0x0000000084400000, 0x0000000084300000| Updating 
|  68|0x0000000084400000, 0x0000000084500000, 0x0000000084500000|100%| O|  |TAMS 0x0000000084500000, 0x0000000084400000| Updating 
|  69|0x0000000084500000, 0x0000000084600000, 0x0000000084600000|100%| O|  |TAMS 0x0000000084600000, 0x0000000084500000| Updating 
|  70|0x0000000084600000, 0x0000000084700000, 0x0000000084700000|100%| O|  |TAMS 0x0000000084700000, 0x0000000084600000| Updating 
|  71|0x0000000084700000, 0x0000000084800000, 0x0000000084800000|100%| O|  |TAMS 0x0000000084800000, 0x0000000084700000| Updating 
|  72|0x0000000084800000, 0x0000000084900000, 0x0000000084900000|100%| O|  |TAMS 0x0000000084900000, 0x0000000084800000| Updating 
|  73|0x0000000084900000, 0x0000000084a00000, 0x0000000084a00000|100%| O|  |TAMS 0x0000000084a00000, 0x0000000084900000| Updating 
|  74|0x0000000084a00000, 0x0000000084b00000, 0x0000000084b00000|100%| O|  |TAMS 0x0000000084b00000, 0x0000000084a00000| Updating 
|  75|0x0000000084b00000, 0x0000000084c00000, 0x0000000084c00000|100%| O|  |TAMS 0x0000000084c00000, 0x0000000084b00000| Updating 
|  76|0x0000000084c00000, 0x0000000084d00000, 0x0000000084d00000|100%|HS|  |TAMS 0x0000000084c00000, 0x0000000084c00000| Complete 
|  77|0x0000000084d00000, 0x0000000084e00000, 0x0000000084e00000|100%| O|  |TAMS 0x0000000084e00000, 0x0000000084d00000| Updating 
|  78|0x0000000084e00000, 0x0000000084f00000, 0x0000000084f00000|100%| O|  |TAMS 0x0000000084f00000, 0x0000000084e00000| Updating 
|  79|0x0000000084f00000, 0x0000000085000000, 0x0000000085000000|100%|HS|  |TAMS 0x0000000084f00000, 0x0000000084f00000| Complete 
|  80|0x0000000085000000, 0x0000000085100000, 0x0000000085100000|100%|HC|  |TAMS 0x0000000085000000, 0x0000000085000000| Complete 
|  81|0x0000000085100000, 0x0000000085200000, 0x0000000085200000|100%|HS|  |TAMS 0x0000000085100000, 0x0000000085100000| Complete 
|  82|0x0000000085200000, 0x0000000085300000, 0x0000000085300000|100%|HC|  |TAMS 0x0000000085200000, 0x0000000085200000| Complete 
|  83|0x0000000085300000, 0x0000000085400000, 0x0000000085400000|100%|HC|  |TAMS 0x0000000085300000, 0x0000000085300000| Complete 
|  84|0x0000000085400000, 0x0000000085500000, 0x0000000085500000|100%|HC|  |TAMS 0x0000000085400000, 0x0000000085400000| Complete 
|  85|0x0000000085500000, 0x0000000085500000, 0x0000000085600000|  0%| F|  |TAMS 0x0000000085500000, 0x0000000085500000| Untracked 
|  86|0x0000000085600000, 0x0000000085700000, 0x0000000085700000|100%| O|  |TAMS 0x0000000085700000, 0x0000000085600000| Updating 
|  87|0x0000000085700000, 0x0000000085800000, 0x0000000085800000|100%| O|  |TAMS 0x0000000085800000, 0x0000000085700000| Updating 
|  88|0x0000000085800000, 0x0000000085900000, 0x0000000085900000|100%| O|  |TAMS 0x0000000085900000, 0x0000000085800000| Updating 
|  89|0x0000000085900000, 0x0000000085a00000, 0x0000000085a00000|100%| O|  |TAMS 0x0000000085a00000, 0x0000000085900000| Updating 
|  90|0x0000000085a00000, 0x0000000085ab3a00, 0x0000000085b00000| 70%| O|  |TAMS 0x0000000085ab3a00, 0x0000000085a00000| Updating 
|  91|0x0000000085b00000, 0x0000000085c00000, 0x0000000085c00000|100%|HS|  |TAMS 0x0000000085b00000, 0x0000000085b00000| Complete 
|  92|0x0000000085c00000, 0x0000000085d00000, 0x0000000085d00000|100%|HC|  |TAMS 0x0000000085c00000, 0x0000000085c00000| Complete 
|  93|0x0000000085d00000, 0x0000000085e00000, 0x0000000085e00000|100%|HS|  |TAMS 0x0000000085d00000, 0x0000000085d00000| Complete 
|  94|0x0000000085e00000, 0x0000000085f00000, 0x0000000085f00000|100%|HC|  |TAMS 0x0000000085e00000, 0x0000000085e00000| Complete 
|  95|0x0000000085f00000, 0x0000000086000000, 0x0000000086000000|100%|HC|  |TAMS 0x0000000085f00000, 0x0000000085f00000| Complete 
|  96|0x0000000086000000, 0x0000000086100000, 0x0000000086100000|100%|HS|  |TAMS 0x0000000086000000, 0x0000000086000000| Complete 
|  97|0x0000000086100000, 0x0000000086200000, 0x0000000086200000|100%|HC|  |TAMS 0x0000000086100000, 0x0000000086100000| Complete 
|  98|0x0000000086200000, 0x0000000086300000, 0x0000000086300000|100%|HC|  |TAMS 0x0000000086200000, 0x0000000086200000| Complete 
|  99|0x0000000086300000, 0x0000000086300000, 0x0000000086400000|  0%| F|  |TAMS 0x0000000086300000, 0x0000000086300000| Untracked 
| 100|0x0000000086400000, 0x0000000086400000, 0x0000000086500000|  0%| F|  |TAMS 0x0000000086400000, 0x0000000086400000| Untracked 
| 101|0x0000000086500000, 0x0000000086500000, 0x0000000086600000|  0%| F|  |TAMS 0x0000000086500000, 0x0000000086500000| Untracked 
| 102|0x0000000086600000, 0x0000000086600000, 0x0000000086700000|  0%| F|  |TAMS 0x0000000086600000, 0x0000000086600000| Untracked 
| 103|0x0000000086700000, 0x0000000086700000, 0x0000000086800000|  0%| F|  |TAMS 0x0000000086700000, 0x0000000086700000| Untracked 
| 104|0x0000000086800000, 0x0000000086800000, 0x0000000086900000|  0%| F|  |TAMS 0x0000000086800000, 0x0000000086800000| Untracked 
| 105|0x0000000086900000, 0x0000000086900000, 0x0000000086a00000|  0%| F|  |TAMS 0x0000000086900000, 0x0000000086900000| Untracked 
| 106|0x0000000086a00000, 0x0000000086a00000, 0x0000000086b00000|  0%| F|  |TAMS 0x0000000086a00000, 0x0000000086a00000| Untracked 
| 107|0x0000000086b00000, 0x0000000086b00000, 0x0000000086c00000|  0%| F|  |TAMS 0x0000000086b00000, 0x0000000086b00000| Untracked 
| 108|0x0000000086c00000, 0x0000000086c00000, 0x0000000086d00000|  0%| F|  |TAMS 0x0000000086c00000, 0x0000000086c00000| Untracked 
| 109|0x0000000086d00000, 0x0000000086d00000, 0x0000000086e00000|  0%| F|  |TAMS 0x0000000086d00000, 0x0000000086d00000| Untracked 
| 110|0x0000000086e00000, 0x0000000086e00000, 0x0000000086f00000|  0%| F|  |TAMS 0x0000000086e00000, 0x0000000086e00000| Untracked 
| 111|0x0000000086f00000, 0x0000000086f00000, 0x0000000087000000|  0%| F|  |TAMS 0x0000000086f00000, 0x0000000086f00000| Untracked 
| 112|0x0000000087000000, 0x0000000087000000, 0x0000000087100000|  0%| F|  |TAMS 0x0000000087000000, 0x0000000087000000| Untracked 
| 113|0x0000000087100000, 0x0000000087100000, 0x0000000087200000|  0%| F|  |TAMS 0x0000000087100000, 0x0000000087100000| Untracked 
| 114|0x0000000087200000, 0x0000000087200000, 0x0000000087300000|  0%| F|  |TAMS 0x0000000087200000, 0x0000000087200000| Untracked 
| 115|0x0000000087300000, 0x0000000087300000, 0x0000000087400000|  0%| F|  |TAMS 0x0000000087300000, 0x0000000087300000| Untracked 
| 116|0x0000000087400000, 0x0000000087400000, 0x0000000087500000|  0%| F|  |TAMS 0x0000000087400000, 0x0000000087400000| Untracked 
| 117|0x0000000087500000, 0x0000000087500000, 0x0000000087600000|  0%| F|  |TAMS 0x0000000087500000, 0x0000000087500000| Untracked 
| 118|0x0000000087600000, 0x0000000087600000, 0x0000000087700000|  0%| F|  |TAMS 0x0000000087600000, 0x0000000087600000| Untracked 
| 119|0x0000000087700000, 0x0000000087700000, 0x0000000087800000|  0%| F|  |TAMS 0x0000000087700000, 0x0000000087700000| Untracked 
| 120|0x0000000087800000, 0x0000000087800000, 0x0000000087900000|  0%| F|  |TAMS 0x0000000087800000, 0x0000000087800000| Untracked 
| 121|0x0000000087900000, 0x0000000087900000, 0x0000000087a00000|  0%| F|  |TAMS 0x0000000087900000, 0x0000000087900000| Untracked 
| 122|0x0000000087a00000, 0x0000000087a00000, 0x0000000087b00000|  0%| F|  |TAMS 0x0000000087a00000, 0x0000000087a00000| Untracked 
| 123|0x0000000087b00000, 0x0000000087b00000, 0x0000000087c00000|  0%| F|  |TAMS 0x0000000087b00000, 0x0000000087b00000| Untracked 
| 124|0x0000000087c00000, 0x0000000087c00000, 0x0000000087d00000|  0%| F|  |TAMS 0x0000000087c00000, 0x0000000087c00000| Untracked 
| 125|0x0000000087d00000, 0x0000000087d00000, 0x0000000087e00000|  0%| F|  |TAMS 0x0000000087d00000, 0x0000000087d00000| Untracked 
| 126|0x0000000087e00000, 0x0000000087e00000, 0x0000000087f00000|  0%| F|  |TAMS 0x0000000087e00000, 0x0000000087e00000| Untracked 
| 127|0x0000000087f00000, 0x0000000087f00000, 0x0000000088000000|  0%| F|  |TAMS 0x0000000087f00000, 0x0000000087f00000| Untracked 
| 128|0x0000000088000000, 0x0000000088000000, 0x0000000088100000|  0%| F|  |TAMS 0x0000000088000000, 0x0000000088000000| Untracked 
| 129|0x0000000088100000, 0x0000000088100000, 0x0000000088200000|  0%| F|  |TAMS 0x0000000088100000, 0x0000000088100000| Untracked 
| 130|0x0000000088200000, 0x0000000088200000, 0x0000000088300000|  0%| F|  |TAMS 0x0000000088200000, 0x0000000088200000| Untracked 
| 131|0x0000000088300000, 0x0000000088300000, 0x0000000088400000|  0%| F|  |TAMS 0x0000000088300000, 0x0000000088300000| Untracked 
| 132|0x0000000088400000, 0x0000000088400000, 0x0000000088500000|  0%| F|  |TAMS 0x0000000088400000, 0x0000000088400000| Untracked 
| 133|0x0000000088500000, 0x0000000088500000, 0x0000000088600000|  0%| F|  |TAMS 0x0000000088500000, 0x0000000088500000| Untracked 
| 134|0x0000000088600000, 0x0000000088600000, 0x0000000088700000|  0%| F|  |TAMS 0x0000000088600000, 0x0000000088600000| Untracked 
| 135|0x0000000088700000, 0x0000000088700000, 0x0000000088800000|  0%| F|  |TAMS 0x0000000088700000, 0x0000000088700000| Untracked 
| 136|0x0000000088800000, 0x0000000088800000, 0x0000000088900000|  0%| F|  |TAMS 0x0000000088800000, 0x0000000088800000| Untracked 
| 137|0x0000000088900000, 0x0000000088900000, 0x0000000088a00000|  0%| F|  |TAMS 0x0000000088900000, 0x0000000088900000| Untracked 
| 138|0x0000000088a00000, 0x0000000088a00000, 0x0000000088b00000|  0%| F|  |TAMS 0x0000000088a00000, 0x0000000088a00000| Untracked 
| 139|0x0000000088b00000, 0x0000000088b00000, 0x0000000088c00000|  0%| F|  |TAMS 0x0000000088b00000, 0x0000000088b00000| Untracked 
| 140|0x0000000088c00000, 0x0000000088c00000, 0x0000000088d00000|  0%| F|  |TAMS 0x0000000088c00000, 0x0000000088c00000| Untracked 
| 141|0x0000000088d00000, 0x0000000088d00000, 0x0000000088e00000|  0%| F|  |TAMS 0x0000000088d00000, 0x0000000088d00000| Untracked 
| 142|0x0000000088e00000, 0x0000000088e00000, 0x0000000088f00000|  0%| F|  |TAMS 0x0000000088e00000, 0x0000000088e00000| Untracked 
| 143|0x0000000088f00000, 0x0000000088f00000, 0x0000000089000000|  0%| F|  |TAMS 0x0000000088f00000, 0x0000000088f00000| Untracked 
| 144|0x0000000089000000, 0x0000000089000000, 0x0000000089100000|  0%| F|  |TAMS 0x0000000089000000, 0x0000000089000000| Untracked 
| 145|0x0000000089100000, 0x0000000089100000, 0x0000000089200000|  0%| F|  |TAMS 0x0000000089100000, 0x0000000089100000| Untracked 
| 146|0x0000000089200000, 0x0000000089200000, 0x0000000089300000|  0%| F|  |TAMS 0x0000000089200000, 0x0000000089200000| Untracked 
| 147|0x0000000089300000, 0x0000000089300000, 0x0000000089400000|  0%| F|  |TAMS 0x0000000089300000, 0x0000000089300000| Untracked 
| 148|0x0000000089400000, 0x0000000089400000, 0x0000000089500000|  0%| F|  |TAMS 0x0000000089400000, 0x0000000089400000| Untracked 
| 149|0x0000000089500000, 0x0000000089500000, 0x0000000089600000|  0%| F|  |TAMS 0x0000000089500000, 0x0000000089500000| Untracked 
| 150|0x0000000089600000, 0x0000000089600000, 0x0000000089700000|  0%| F|  |TAMS 0x0000000089600000, 0x0000000089600000| Untracked 
| 151|0x0000000089700000, 0x0000000089700000, 0x0000000089800000|  0%| F|  |TAMS 0x0000000089700000, 0x0000000089700000| Untracked 
| 152|0x0000000089800000, 0x0000000089800000, 0x0000000089900000|  0%| F|  |TAMS 0x0000000089800000, 0x0000000089800000| Untracked 
| 153|0x0000000089900000, 0x0000000089900000, 0x0000000089a00000|  0%| F|  |TAMS 0x0000000089900000, 0x0000000089900000| Untracked 
| 154|0x0000000089a00000, 0x0000000089a00000, 0x0000000089b00000|  0%| F|  |TAMS 0x0000000089a00000, 0x0000000089a00000| Untracked 
| 155|0x0000000089b00000, 0x0000000089b00000, 0x0000000089c00000|  0%| F|  |TAMS 0x0000000089b00000, 0x0000000089b00000| Untracked 
| 156|0x0000000089c00000, 0x0000000089c00000, 0x0000000089d00000|  0%| F|  |TAMS 0x0000000089c00000, 0x0000000089c00000| Untracked 
| 157|0x0000000089d00000, 0x0000000089d00000, 0x0000000089e00000|  0%| F|  |TAMS 0x0000000089d00000, 0x0000000089d00000| Untracked 
| 158|0x0000000089e00000, 0x0000000089e00000, 0x0000000089f00000|  0%| F|  |TAMS 0x0000000089e00000, 0x0000000089e00000| Untracked 
| 159|0x0000000089f00000, 0x0000000089f00000, 0x000000008a000000|  0%| F|  |TAMS 0x0000000089f00000, 0x0000000089f00000| Untracked 
| 160|0x000000008a000000, 0x000000008a000000, 0x000000008a100000|  0%| F|  |TAMS 0x000000008a000000, 0x000000008a000000| Untracked 
| 161|0x000000008a100000, 0x000000008a100000, 0x000000008a200000|  0%| F|  |TAMS 0x000000008a100000, 0x000000008a100000| Untracked 
| 162|0x000000008a200000, 0x000000008a200000, 0x000000008a300000|  0%| F|  |TAMS 0x000000008a200000, 0x000000008a200000| Untracked 
| 163|0x000000008a300000, 0x000000008a300000, 0x000000008a400000|  0%| F|  |TAMS 0x000000008a300000, 0x000000008a300000| Untracked 
| 164|0x000000008a400000, 0x000000008a400000, 0x000000008a500000|  0%| F|  |TAMS 0x000000008a400000, 0x000000008a400000| Untracked 
| 165|0x000000008a500000, 0x000000008a500000, 0x000000008a600000|  0%| F|  |TAMS 0x000000008a500000, 0x000000008a500000| Untracked 
| 166|0x000000008a600000, 0x000000008a600000, 0x000000008a700000|  0%| F|  |TAMS 0x000000008a600000, 0x000000008a600000| Untracked 
| 167|0x000000008a700000, 0x000000008a700000, 0x000000008a800000|  0%| F|  |TAMS 0x000000008a700000, 0x000000008a700000| Untracked 
| 168|0x000000008a800000, 0x000000008a800000, 0x000000008a900000|  0%| F|  |TAMS 0x000000008a800000, 0x000000008a800000| Untracked 
| 169|0x000000008a900000, 0x000000008aa00000, 0x000000008aa00000|100%| S|CS|TAMS 0x000000008a900000, 0x000000008a900000| Complete 
| 170|0x000000008aa00000, 0x000000008ab00000, 0x000000008ab00000|100%| S|CS|TAMS 0x000000008aa00000, 0x000000008aa00000| Complete 
| 171|0x000000008ab00000, 0x000000008ac00000, 0x000000008ac00000|100%| S|CS|TAMS 0x000000008ab00000, 0x000000008ab00000| Complete 
| 172|0x000000008ac00000, 0x000000008ad00000, 0x000000008ad00000|100%| S|CS|TAMS 0x000000008ac00000, 0x000000008ac00000| Complete 
| 173|0x000000008ad00000, 0x000000008ae00000, 0x000000008ae00000|100%| S|CS|TAMS 0x000000008ad00000, 0x000000008ad00000| Complete 
| 174|0x000000008ae00000, 0x000000008af00000, 0x000000008af00000|100%| S|CS|TAMS 0x000000008ae00000, 0x000000008ae00000| Complete 
| 175|0x000000008af00000, 0x000000008b000000, 0x000000008b000000|100%| S|CS|TAMS 0x000000008af00000, 0x000000008af00000| Complete 
| 176|0x000000008b000000, 0x000000008b100000, 0x000000008b100000|100%| S|CS|TAMS 0x000000008b000000, 0x000000008b000000| Complete 
| 177|0x000000008b100000, 0x000000008b100000, 0x000000008b200000|  0%| F|  |TAMS 0x000000008b100000, 0x000000008b100000| Untracked 
| 178|0x000000008b200000, 0x000000008b200000, 0x000000008b300000|  0%| F|  |TAMS 0x000000008b200000, 0x000000008b200000| Untracked 
| 179|0x000000008b300000, 0x000000008b300000, 0x000000008b400000|  0%| F|  |TAMS 0x000000008b300000, 0x000000008b300000| Untracked 
| 180|0x000000008b400000, 0x000000008b400000, 0x000000008b500000|  0%| F|  |TAMS 0x000000008b400000, 0x000000008b400000| Untracked 
| 181|0x000000008b500000, 0x000000008b582e50, 0x000000008b600000| 51%| E|  |TAMS 0x000000008b500000, 0x000000008b500000| Complete 
| 182|0x000000008b600000, 0x000000008b700000, 0x000000008b700000|100%| E|CS|TAMS 0x000000008b600000, 0x000000008b600000| Complete 
| 183|0x000000008b700000, 0x000000008b800000, 0x000000008b800000|100%| E|CS|TAMS 0x000000008b700000, 0x000000008b700000| Complete 
| 190|0x000000008be00000, 0x000000008bf00000, 0x000000008bf00000|100%| E|CS|TAMS 0x000000008be00000, 0x000000008be00000| Complete 
| 191|0x000000008bf00000, 0x000000008c000000, 0x000000008c000000|100%| E|CS|TAMS 0x000000008bf00000, 0x000000008bf00000| Complete 

Card table byte_map: [0x000001d938ae0000,0x000001d938ee0000] _byte_map_base: 0x000001d9386e0000

Marking Bits (Prev, Next): (CMBitMap*) 0x000001d9214dfc80, (CMBitMap*) 0x000001d9214dfc40
 Prev Bits: [0x000001d93b2e0000, 0x000001d93d2e0000)
 Next Bits: [0x000001d9392e0000, 0x000001d93b2e0000)

Polling page: 0x000001d91f400000

Metaspace:

Usage:
  Non-class:     60.29 MB capacity,    59.43 MB ( 99%) used,   782.59 KB (  1%) free+waste,   104.12 KB ( <1%) overhead. 
      Class:      9.24 MB capacity,     8.89 MB ( 96%) used,   312.29 KB (  3%) free+waste,    42.31 KB ( <1%) overhead. 
       Both:     69.53 MB capacity,    68.32 MB ( 98%) used,     1.07 MB (  2%) free+waste,   146.44 KB ( <1%) overhead. 

Virtual space:
  Non-class space:       62.00 MB reserved,      60.42 MB ( 97%) committed 
      Class space:        1.00 GB reserved,       9.25 MB ( <1%) committed 
             Both:        1.06 GB reserved,      69.67 MB (  6%) committed 

Chunk freelists:
   Non-Class:  3.00 KB
       Class:  12.00 KB
        Both:  15.00 KB

MaxMetaspaceSize: 17179869184.00 GB
CompressedClassSpaceSize: 1.00 GB

CodeHeap 'non-profiled nmethods': size=120000Kb used=5585Kb max_used=5585Kb free=114414Kb
 bounds [0x000001d9311b0000, 0x000001d931730000, 0x000001d9386e0000]
CodeHeap 'profiled nmethods': size=120000Kb used=18597Kb max_used=18597Kb free=101402Kb
 bounds [0x000001d929c80000, 0x000001d92aeb0000, 0x000001d9311b0000]
CodeHeap 'non-nmethods': size=5760Kb used=2375Kb max_used=2502Kb free=3384Kb
 bounds [0x000001d9296e0000, 0x000001d929990000, 0x000001d929c80000]
 total_blobs=9982 nmethods=9120 adapters=773
 compilation: enabled
              stopped_count=0, restarted_count=0
 full_count=0

Compilation events (20 events):
Event: 25.569 Thread 0x000001d93f7ea440 9970       3       com.android.ide.common.resources.ResourceMergerItem::getDetailsXml (9 bytes)
Event: 25.569 Thread 0x000001d93f7ea440 nmethod 9970 0x000001d92ae93590 code [0x000001d92ae93740, 0x000001d92ae93918]
Event: 25.584 Thread 0x000001d93f7ea440 9972       3       java.util.HashMap$Values::iterator (12 bytes)
Event: 25.584 Thread 0x000001d93f7e4db0 nmethod 9969 0x000001d93171c310 code [0x000001d93171c4a0, 0x000001d93171c8f8]
Event: 25.584 Thread 0x000001d93f7e4db0 9971       4       com.android.ide.common.resources.NodeUtils::duplicateNode (315 bytes)
Event: 25.584 Thread 0x000001d93f7ea440 nmethod 9972 0x000001d92ae93a10 code [0x000001d92ae93bc0, 0x000001d92ae93e28]
Event: 25.584 Thread 0x000001d93f7ea440 9973       3       java.util.HashMap$ValueIterator::<init> (11 bytes)
Event: 25.584 Thread 0x000001d93f7ea440 nmethod 9973 0x000001d92ae93f10 code [0x000001d92ae940c0, 0x000001d92ae94248]
Event: 25.588 Thread 0x000001d945ba9820 nmethod 9957 0x000001d93171cc10 code [0x000001d93171ce20, 0x000001d93171db78]
Event: 25.588 Thread 0x000001d945ba9820 9933       4       org.apache.xerces.dom.NodeImpl::ownerDocument (23 bytes)
Event: 25.590 Thread 0x000001d945ba9820 nmethod 9933 0x000001d93171e510 code [0x000001d93171e6a0, 0x000001d93171e778]
Event: 25.590 Thread 0x000001d945ba9820 9932       4       com.android.ide.common.resources.NodeUtils::processSingleNodeNamespace (107 bytes)
Event: 25.590 Thread 0x000001d93f7ea440 9974       3       com.android.utils.XmlUtils::toXmlAttributeValue (89 bytes)
Event: 25.592 Thread 0x000001d93f7ea440 nmethod 9974 0x000001d92ae94310 code [0x000001d92ae945c0, 0x000001d92ae95478]
Event: 25.592 Thread 0x000001d93f7ea440 9975       3       com.android.utils.XmlUtils::append (647 bytes)
Event: 25.597 Thread 0x000001d93f7ea440 nmethod 9975 0x000001d92ae95a90 code [0x000001d92ae96220, 0x000001d92ae99f28]
Event: 25.728 Thread 0x000001d945ba9820 nmethod 9932 0x000001d93171e890 code [0x000001d93171eb80, 0x000001d931721130]
Event: 25.728 Thread 0x000001d945ba9820 9976       4       com.android.utils.XmlUtils::toXmlAttributeValue (89 bytes)
Event: 25.746 Thread 0x000001d945ba9820 nmethod 9976 0x000001d931722590 code [0x000001d931722740, 0x000001d931722e38]
Event: 25.746 Thread 0x000001d945ba9820 9977       4       com.android.utils.XmlUtils::append (647 bytes)

GC Heap History (20 events):
Event: 12.722 GC heap before
{Heap before GC invocations=21 (full 0):
 garbage-first heap   total 91136K, used 71597K [0x0000000080000000, 0x0000000100000000)
  region size 1024K, 23 young (23552K), 3 survivors (3072K)
 Metaspace       used 57877K, capacity 58885K, committed 59184K, reserved 1099776K
  class space    used 7693K, capacity 7962K, committed 8064K, reserved 1048576K
}
Event: 12.733 GC heap after
{Heap after GC invocations=22 (full 0):
 garbage-first heap   total 109568K, used 53221K [0x0000000080000000, 0x0000000100000000)
  region size 1024K, 2 young (2048K), 2 survivors (2048K)
 Metaspace       used 57877K, capacity 58885K, committed 59184K, reserved 1099776K
  class space    used 7693K, capacity 7962K, committed 8064K, reserved 1048576K
}
Event: 13.686 GC heap before
{Heap before GC invocations=22 (full 0):
 garbage-first heap   total 109568K, used 89061K [0x0000000080000000, 0x0000000100000000)
  region size 1024K, 37 young (37888K), 2 survivors (2048K)
 Metaspace       used 62871K, capacity 63926K, committed 64176K, reserved 1105920K
  class space    used 8378K, capacity 8665K, committed 8704K, reserved 1048576K
}
Event: 13.696 GC heap after
{Heap after GC invocations=23 (full 0):
 garbage-first heap   total 109568K, used 55675K [0x0000000080000000, 0x0000000100000000)
  region size 1024K, 5 young (5120K), 5 survivors (5120K)
 Metaspace       used 62871K, capacity 63926K, committed 64176K, reserved 1105920K
  class space    used 8378K, capacity 8665K, committed 8704K, reserved 1048576K
}
Event: 15.004 GC heap before
{Heap before GC invocations=24 (full 0):
 garbage-first heap   total 109568K, used 88443K [0x0000000080000000, 0x0000000100000000)
  region size 1024K, 38 young (38912K), 5 survivors (5120K)
 Metaspace       used 66496K, capacity 67573K, committed 67760K, reserved 1107968K
  class space    used 8828K, capacity 9137K, committed 9216K, reserved 1048576K
}
Event: 15.021 GC heap after
{Heap after GC invocations=25 (full 0):
 garbage-first heap   total 109568K, used 58785K [0x0000000080000000, 0x0000000100000000)
  region size 1024K, 5 young (5120K), 5 survivors (5120K)
 Metaspace       used 66496K, capacity 67573K, committed 67760K, reserved 1107968K
  class space    used 8828K, capacity 9137K, committed 9216K, reserved 1048576K
}
Event: 15.856 GC heap before
{Heap before GC invocations=25 (full 0):
 garbage-first heap   total 109568K, used 88481K [0x0000000080000000, 0x0000000100000000)
  region size 1024K, 35 young (35840K), 5 survivors (5120K)
 Metaspace       used 66930K, capacity 68024K, committed 68272K, reserved 1107968K
  class space    used 8841K, capacity 9138K, committed 9216K, reserved 1048576K
}
Event: 15.870 GC heap after
{Heap after GC invocations=26 (full 0):
 garbage-first heap   total 109568K, used 60724K [0x0000000080000000, 0x0000000100000000)
  region size 1024K, 3 young (3072K), 3 survivors (3072K)
 Metaspace       used 66930K, capacity 68024K, committed 68272K, reserved 1107968K
  class space    used 8841K, capacity 9138K, committed 9216K, reserved 1048576K
}
Event: 16.582 GC heap before
{Heap before GC invocations=27 (full 0):
 garbage-first heap   total 116736K, used 88372K [0x0000000080000000, 0x0000000100000000)
  region size 1024K, 31 young (31744K), 3 survivors (3072K)
 Metaspace       used 67188K, capacity 68314K, committed 68528K, reserved 1107968K
  class space    used 8861K, capacity 9170K, committed 9216K, reserved 1048576K
}
Event: 16.589 GC heap after
{Heap after GC invocations=28 (full 0):
 garbage-first heap   total 140288K, used 62142K [0x0000000080000000, 0x0000000100000000)
  region size 1024K, 4 young (4096K), 4 survivors (4096K)
 Metaspace       used 67188K, capacity 68314K, committed 68528K, reserved 1107968K
  class space    used 8861K, capacity 9170K, committed 9216K, reserved 1048576K
}
Event: 19.726 GC heap before
{Heap before GC invocations=28 (full 0):
 garbage-first heap   total 140288K, used 112318K [0x0000000080000000, 0x0000000100000000)
  region size 1024K, 53 young (54272K), 4 survivors (4096K)
 Metaspace       used 68641K, capacity 69765K, committed 69936K, reserved 1110016K
  class space    used 8999K, capacity 9306K, committed 9344K, reserved 1048576K
}
Event: 19.737 GC heap after
{Heap after GC invocations=29 (full 0):
 garbage-first heap   total 140288K, used 65066K [0x0000000080000000, 0x0000000100000000)
  region size 1024K, 7 young (7168K), 7 survivors (7168K)
 Metaspace       used 68641K, capacity 69765K, committed 69936K, reserved 1110016K
  class space    used 8999K, capacity 9306K, committed 9344K, reserved 1048576K
}
Event: 22.442 GC heap before
{Heap before GC invocations=29 (full 0):
 garbage-first heap   total 140288K, used 115242K [0x0000000080000000, 0x0000000100000000)
  region size 1024K, 54 young (55296K), 7 survivors (7168K)
 Metaspace       used 68779K, capacity 69893K, committed 69936K, reserved 1110016K
  class space    used 8999K, capacity 9306K, committed 9344K, reserved 1048576K
}
Event: 22.468 GC heap after
{Heap after GC invocations=30 (full 0):
 garbage-first heap   total 140288K, used 78511K [0x0000000080000000, 0x0000000100000000)
  region size 1024K, 7 young (7168K), 7 survivors (7168K)
 Metaspace       used 68779K, capacity 69893K, committed 69936K, reserved 1110016K
  class space    used 8999K, capacity 9306K, committed 9344K, reserved 1048576K
}
Event: 23.931 GC heap before
{Heap before GC invocations=30 (full 0):
 garbage-first heap   total 140288K, used 112303K [0x0000000080000000, 0x0000000100000000)
  region size 1024K, 40 young (40960K), 7 survivors (7168K)
 Metaspace       used 69588K, capacity 70813K, committed 71088K, reserved 1112064K
  class space    used 9085K, capacity 9422K, committed 9472K, reserved 1048576K
}
Event: 23.955 GC heap after
{Heap after GC invocations=31 (full 0):
 garbage-first heap   total 140288K, used 84371K [0x0000000080000000, 0x0000000100000000)
  region size 1024K, 5 young (5120K), 5 survivors (5120K)
 Metaspace       used 69588K, capacity 70813K, committed 71088K, reserved 1112064K
  class space    used 9085K, capacity 9422K, committed 9472K, reserved 1048576K
}
Event: 25.301 GC heap before
{Heap before GC invocations=32 (full 0):
 garbage-first heap   total 158720K, used 118163K [0x0000000080000000, 0x0000000100000000)
  region size 1024K, 31 young (31744K), 5 survivors (5120K)
 Metaspace       used 69735K, capacity 71005K, committed 71088K, reserved 1112064K
  class space    used 9089K, capacity 9422K, committed 9472K, reserved 1048576K
}
Event: 25.319 GC heap after
{Heap after GC invocations=33 (full 0):
 garbage-first heap   total 190464K, used 88529K [0x0000000080000000, 0x0000000100000000)
  region size 1024K, 4 young (4096K), 4 survivors (4096K)
 Metaspace       used 69735K, capacity 71005K, committed 71088K, reserved 1112064K
  class space    used 9089K, capacity 9422K, committed 9472K, reserved 1048576K
}
Event: 25.610 GC heap before
{Heap before GC invocations=33 (full 0):
 garbage-first heap   total 190464K, used 96721K [0x0000000080000000, 0x0000000100000000)
  region size 1024K, 13 young (13312K), 4 survivors (4096K)
 Metaspace       used 69758K, capacity 71037K, committed 71088K, reserved 1112064K
  class space    used 9092K, capacity 9454K, committed 9472K, reserved 1048576K
}
Event: 25.631 GC heap after
{Heap after GC invocations=34 (full 0):
 garbage-first heap   total 190464K, used 92856K [0x0000000080000000, 0x0000000100000000)
  region size 1024K, 8 young (8192K), 8 survivors (8192K)
 Metaspace       used 69758K, capacity 71037K, committed 71088K, reserved 1112064K
  class space    used 9092K, capacity 9454K, committed 9472K, reserved 1048576K
}

Deoptimization events (20 events):
Event: 25.740 Thread 0x000001d941a73e90 DEOPT PACKING pc=0x000001d92ae95248 sp=0x00000054b40f7500
Event: 25.740 Thread 0x000001d941a73e90 DEOPT UNPACKING pc=0x000001d92972e23f sp=0x00000054b40f6a10 mode 0
Event: 25.741 Thread 0x000001d941a73e90 DEOPT PACKING pc=0x000001d92ae95248 sp=0x00000054b40f7500
Event: 25.741 Thread 0x000001d941a73e90 DEOPT UNPACKING pc=0x000001d92972e23f sp=0x00000054b40f6a10 mode 0
Event: 25.742 Thread 0x000001d941a73e90 DEOPT PACKING pc=0x000001d92ae95248 sp=0x00000054b40f7500
Event: 25.742 Thread 0x000001d941a73e90 DEOPT UNPACKING pc=0x000001d92972e23f sp=0x00000054b40f6a10 mode 0
Event: 25.742 Thread 0x000001d941a73e90 DEOPT PACKING pc=0x000001d92ae9995e sp=0x00000054b40f75d0
Event: 25.742 Thread 0x000001d941a73e90 DEOPT UNPACKING pc=0x000001d92972e23f sp=0x00000054b40f6b00 mode 0
Event: 25.742 Thread 0x000001d941a73e90 DEOPT PACKING pc=0x000001d92ae95248 sp=0x00000054b40f7500
Event: 25.742 Thread 0x000001d941a73e90 DEOPT UNPACKING pc=0x000001d92972e23f sp=0x00000054b40f6a10 mode 0
Event: 25.743 Thread 0x000001d941a73e90 DEOPT PACKING pc=0x000001d92ae95248 sp=0x00000054b40f7500
Event: 25.743 Thread 0x000001d941a73e90 DEOPT UNPACKING pc=0x000001d92972e23f sp=0x00000054b40f6a10 mode 0
Event: 25.744 Thread 0x000001d941a73e90 DEOPT PACKING pc=0x000001d92ae95248 sp=0x00000054b40f7640
Event: 25.744 Thread 0x000001d941a73e90 DEOPT UNPACKING pc=0x000001d92972e23f sp=0x00000054b40f6b50 mode 0
Event: 25.745 Thread 0x000001d941a73e90 DEOPT PACKING pc=0x000001d92ae95248 sp=0x00000054b40f7500
Event: 25.745 Thread 0x000001d941a73e90 DEOPT UNPACKING pc=0x000001d92972e23f sp=0x00000054b40f6a10 mode 0
Event: 25.751 Thread 0x000001d941a73e90 Uncommon trap: trap_request=0xffffff45 fr.pc=0x000001d931705fdc relative=0x000000000000747c
Event: 25.751 Thread 0x000001d941a73e90 Uncommon trap: reason=unstable_if action=reinterpret pc=0x000001d931705fdc method=com.android.utils.XmlUtils.append(Lcom/android/utils/XmlUtils$PositionAwareStringBuilder;Lorg/w3c/dom/Node;Ljava/util/Map;Ljava/util/Set;)V @ 546 c2
Event: 25.751 Thread 0x000001d941a73e90 DEOPT PACKING pc=0x000001d931705fdc sp=0x00000054b40f7a90
Event: 25.751 Thread 0x000001d941a73e90 DEOPT UNPACKING pc=0x000001d92972e42f sp=0x00000054b40f7a68 mode 2

Classes unloaded (0 events):
No events

Classes redefined (0 events):
No events

Internal exceptions (20 events):
Event: 23.738 Thread 0x000001d941a73e90 Exception <a 'java/lang/NoSuchMethodError'{0x0000000086e8f168}: static Lcom/android/ide/common/resources/GeneratedResourceMergerItem;.<clinit>()V> (0x0000000086e8f168) 
thrown [./open/src/hotspot/share/prims/jni.cpp, line 1204]
Event: 23.738 Thread 0x000001d941a73e90 Exception <a 'java/lang/NoSuchMethodError'{0x0000000086e922d8}: static Lcom/android/ide/common/resources/SourcelessResourceMergerItem;.<clinit>()V> (0x0000000086e922d8) 
thrown [./open/src/hotspot/share/prims/jni.cpp, line 1204]
Event: 23.738 Thread 0x000001d941a73e90 Exception <a 'java/lang/NoSuchMethodError'{0x0000000086e97198}: static Lcom/android/ide/common/resources/DataItem;.<clinit>()V> (0x0000000086e97198) 
thrown [./open/src/hotspot/share/prims/jni.cpp, line 1204]
Event: 23.739 Thread 0x000001d941a73e90 Exception <a 'java/lang/NoSuchMethodError'{0x0000000086ea2a80}: static Lcom/android/ide/common/resources/DataItem;.<clinit>()V> (0x0000000086ea2a80) 
thrown [./open/src/hotspot/share/prims/jni.cpp, line 1204]
Event: 23.743 Thread 0x000001d941a73e90 Exception <a 'java/lang/NoSuchMethodError'{0x0000000086ed1140}: static Ljava/lang/Object;.<clinit>()V> (0x0000000086ed1140) 
thrown [./open/src/hotspot/share/prims/jni.cpp, line 1204]
Event: 23.746 Thread 0x000001d941a73e90 Exception <a 'java/lang/NoSuchMethodError'{0x0000000086ef04e0}: static Ljava/lang/Object;.<clinit>()V> (0x0000000086ef04e0) 
thrown [./open/src/hotspot/share/prims/jni.cpp, line 1204]
Event: 23.748 Thread 0x000001d941a73e90 Exception <a 'java/lang/NoSuchMethodError'{0x0000000086d07590}: static [Lcom/android/ide/common/resources/configuration/ResourceQualifier;.<clinit>()V> (0x0000000086d07590) 
thrown [./open/src/hotspot/share/prims/jni.cpp, line 1204]
Event: 23.752 Thread 0x000001d941a73e90 Exception <a 'java/lang/NoSuchMethodError'{0x0000000086d48988}: static Lcom/android/ide/common/resources/configuration/EnumBasedResourceQualifier;.<clinit>()V> (0x0000000086d48988) 
thrown [./open/src/hotspot/share/prims/jni.cpp, line 1204]
Event: 23.753 Thread 0x000001d941a73e90 Exception <a 'java/lang/NoSuchMethodError'{0x0000000086d4c638}: static Lcom/android/ide/common/resources/configuration/EnumBasedResourceQualifier;.<clinit>()V> (0x0000000086d4c638) 
thrown [./open/src/hotspot/share/prims/jni.cpp, line 1204]
Event: 23.753 Thread 0x000001d941a73e90 Exception <a 'java/lang/NoSuchMethodError'{0x0000000086d4fb00}: static Lcom/android/ide/common/resources/configuration/ResourceQualifier;.<clinit>()V> (0x0000000086d4fb00) 
thrown [./open/src/hotspot/share/prims/jni.cpp, line 1204]
Event: 23.755 Thread 0x000001d941a73e90 Exception <a 'java/lang/NoSuchMethodError'{0x0000000086d6e0c0}: static Lcom/android/ide/common/resources/configuration/EnumBasedResourceQualifier;.<clinit>()V> (0x0000000086d6e0c0) 
thrown [./open/src/hotspot/share/prims/jni.cpp, line 1204]
Event: 23.757 Thread 0x000001d941a73e90 Exception <a 'java/lang/NoSuchMethodError'{0x0000000086d8bf58}: static Lcom/android/ide/common/resources/configuration/EnumBasedResourceQualifier;.<clinit>()V> (0x0000000086d8bf58) 
thrown [./open/src/hotspot/share/prims/jni.cpp, line 1204]
Event: 23.759 Thread 0x000001d941a73e90 Exception <a 'java/lang/NoSuchMethodError'{0x0000000086da6258}: static Lcom/android/ide/common/resources/configuration/ResourceQualifier;.<clinit>()V> (0x0000000086da6258) 
thrown [./open/src/hotspot/share/prims/jni.cpp, line 1204]
Event: 23.763 Thread 0x000001d941a73e90 Exception <a 'java/lang/NoSuchMethodError'{0x0000000086dcec30}: static Lcom/android/ide/common/rendering/api/ResourceNamespace$ResAutoNamespace;.<clinit>()V> (0x0000000086dcec30) 
thrown [./open/src/hotspot/share/prims/jni.cpp, line 1204]
Event: 23.763 Thread 0x000001d941a73e90 Exception <a 'java/lang/NoSuchMethodError'{0x0000000086dd2d78}: static Ljava/lang/Object;.<clinit>()V> (0x0000000086dd2d78) 
thrown [./open/src/hotspot/share/prims/jni.cpp, line 1204]
Event: 23.766 Thread 0x000001d941a73e90 Exception <a 'java/lang/NoSuchMethodError'{0x0000000086dfbc00}: static Lcom/android/build/gradle/tasks/MergeResources$MergeResourcesVectorDrawableRenderer;.<clinit>()V> (0x0000000086dfbc00) 
thrown [./open/src/hotspot/share/prims/jni.cpp, line 1204]
Event: 23.766 Thread 0x000001d941a73e90 Exception <a 'java/lang/NoSuchMethodError'{0x0000000086dfec48}: static Ljava/lang/Object;.<clinit>()V> (0x0000000086dfec48) 
thrown [./open/src/hotspot/share/prims/jni.cpp, line 1204]
Event: 23.767 Thread 0x000001d941a73e90 Exception <a 'java/lang/NoSuchMethodError'{0x0000000086c14d98}: static Lcom/android/build/gradle/internal/LoggerWrapper$LoggerSupplier;.<clinit>()V> (0x0000000086c14d98) 
thrown [./open/src/hotspot/share/prims/jni.cpp, line 1204]
Event: 23.905 Thread 0x000001d941a73e90 Implicit null exception at 0x000001d9312e3a6c to 0x000001d9312e4114
Event: 25.750 Thread 0x000001d941a73e90 Implicit null exception at 0x000001d9316ffd00 to 0x000001d931705fb0

Events (20 events):
Event: 23.861 loading class org/w3c/dom/ls/LSParser
Event: 23.861 loading class org/w3c/dom/ls/LSParser done
Event: 23.862 loading class org/w3c/dom/ls/LSSerializer
Event: 23.862 loading class org/w3c/dom/ls/LSSerializer done
Event: 23.931 Executing VM operation: G1CollectForAllocation
Event: 23.962 Executing VM operation: G1CollectForAllocation done
Event: 23.962 Executing VM operation: HandshakeAllThreads
Event: 23.963 Executing VM operation: HandshakeAllThreads done
Event: 24.232 Executing VM operation: G1Concurrent
Event: 24.239 Executing VM operation: G1Concurrent done
Event: 24.397 Executing VM operation: G1Concurrent
Event: 24.397 Executing VM operation: G1Concurrent done
Event: 24.805 Executing VM operation: ICBufferFull
Event: 24.805 Executing VM operation: ICBufferFull done
Event: 25.301 Executing VM operation: G1CollectForAllocation
Event: 25.319 Executing VM operation: G1CollectForAllocation done
Event: 25.322 Executing VM operation: HandshakeAllThreads
Event: 25.323 Executing VM operation: HandshakeAllThreads done
Event: 25.610 Executing VM operation: G1TryInitiateConcMark
Event: 25.634 Executing VM operation: G1TryInitiateConcMark done


Dynamic libraries:
0x00007ff7084e0000 - 0x00007ff7084ef000 	F:\Newfolder\Java\jdk-15.0.2\bin\java.exe
0x00007ffe78030000 - 0x00007ffe78225000 	C:\Windows\SYSTEM32\ntdll.dll
0x00007ffe77730000 - 0x00007ffe777ed000 	C:\Windows\System32\KERNEL32.DLL
0x00007ffe75b50000 - 0x00007ffe75e18000 	C:\Windows\System32\KERNELBASE.dll
0x00007ffe75830000 - 0x00007ffe75930000 	C:\Windows\System32\ucrtbase.dll
0x00007ffe52a00000 - 0x00007ffe52a18000 	F:\Newfolder\Java\jdk-15.0.2\bin\jli.dll
0x00007ffe760d0000 - 0x00007ffe7617c000 	C:\Windows\System32\ADVAPI32.dll
0x00007ffe770e0000 - 0x00007ffe7717e000 	C:\Windows\System32\msvcrt.dll
0x00007ffe76ea0000 - 0x00007ffe76f3b000 	C:\Windows\System32\sechost.dll
0x00007ffe76180000 - 0x00007ffe762ab000 	C:\Windows\System32\RPCRT4.dll
0x00007ffe76380000 - 0x00007ffe76520000 	C:\Windows\System32\USER32.dll
0x00007ffe75ec0000 - 0x00007ffe75ee2000 	C:\Windows\System32\win32u.dll
0x00007ffe76ce0000 - 0x00007ffe76d0a000 	C:\Windows\System32\GDI32.dll
0x00007ffe75930000 - 0x00007ffe75a3b000 	C:\Windows\System32\gdi32full.dll
0x00007ffe75e20000 - 0x00007ffe75ebd000 	C:\Windows\System32\msvcp_win.dll
0x00007ffe50660000 - 0x00007ffe50679000 	F:\Newfolder\Java\jdk-15.0.2\bin\VCRUNTIME140.dll
0x00007ffe5c790000 - 0x00007ffe5ca2a000 	C:\Windows\WinSxS\amd64_microsoft.windows.common-controls_6595b64144ccf1df_6.0.19041.1052_none_60b8f8fd71f5e8cb\COMCTL32.dll
0x00007ffe6f320000 - 0x00007ffe6f32a000 	C:\Windows\SYSTEM32\VERSION.dll
0x00007ffe77a70000 - 0x00007ffe77aa0000 	C:\Windows\System32\IMM32.DLL
0x00007ffe704e0000 - 0x00007ffe704ec000 	F:\Newfolder\Java\jdk-15.0.2\bin\vcruntime140_1.dll
0x00007ffe39c70000 - 0x00007ffe39d01000 	F:\Newfolder\Java\jdk-15.0.2\bin\msvcp140.dll
0x00007ffe18d90000 - 0x00007ffe198ee000 	F:\Newfolder\Java\jdk-15.0.2\bin\server\jvm.dll
0x00007ffe770d0000 - 0x00007ffe770d8000 	C:\Windows\System32\PSAPI.DLL
0x00007ffe72ff0000 - 0x00007ffe72ff9000 	C:\Windows\SYSTEM32\WSOCK32.dll
0x00007ffe77060000 - 0x00007ffe770cb000 	C:\Windows\System32\WS2_32.dll
0x00007ffe5d7a0000 - 0x00007ffe5d7c7000 	C:\Windows\SYSTEM32\WINMM.dll
0x00007ffe736c0000 - 0x00007ffe736d2000 	C:\Windows\SYSTEM32\kernel.appcore.dll
0x00007ffe6eeb0000 - 0x00007ffe6eeba000 	F:\Newfolder\Java\jdk-15.0.2\bin\jimage.dll
0x00007ffe65090000 - 0x00007ffe65274000 	C:\Windows\SYSTEM32\DBGHELP.DLL
0x00007ffe66040000 - 0x00007ffe6606c000 	C:\Windows\SYSTEM32\dbgcore.DLL
0x00007ffe757a0000 - 0x00007ffe75823000 	C:\Windows\System32\bcryptPrimitives.dll
0x00007ffe4e240000 - 0x00007ffe4e265000 	F:\Newfolder\Java\jdk-15.0.2\bin\java.dll
0x00007ffe76520000 - 0x00007ffe76c5f000 	C:\Windows\System32\SHELL32.dll
0x00007ffe738c0000 - 0x00007ffe74050000 	C:\Windows\SYSTEM32\windows.storage.dll
0x00007ffe77320000 - 0x00007ffe77675000 	C:\Windows\System32\combase.dll
0x00007ffe75110000 - 0x00007ffe7513c000 	C:\Windows\SYSTEM32\Wldp.dll
0x00007ffe77680000 - 0x00007ffe7772e000 	C:\Windows\System32\SHCORE.dll
0x00007ffe76d10000 - 0x00007ffe76d65000 	C:\Windows\System32\shlwapi.dll
0x00007ffe756b0000 - 0x00007ffe756cf000 	C:\Windows\SYSTEM32\profapi.dll
0x00007ffe48680000 - 0x00007ffe48699000 	F:\Newfolder\Java\jdk-15.0.2\bin\net.dll
0x00007ffe67ab0000 - 0x00007ffe67bbb000 	C:\Windows\SYSTEM32\WINHTTP.dll
0x00007ffe74e80000 - 0x00007ffe74eea000 	C:\Windows\system32\mswsock.dll
0x00007ffe48350000 - 0x00007ffe48362000 	F:\Newfolder\Java\jdk-15.0.2\bin\nio.dll
0x00007ffe48330000 - 0x00007ffe48348000 	F:\Newfolder\Java\jdk-15.0.2\bin\zip.dll
0x00007ffe63e70000 - 0x00007ffe63e80000 	F:\Newfolder\Java\jdk-15.0.2\bin\verify.dll
0x00007ffe61400000 - 0x00007ffe61427000 	C:\Users\HP\.gradle\native\fdc75f09e3144964f2cf3f50f0aa648679c211496f362492102eb8c894070792\windows-amd64\native-platform.dll
0x00007ffe30130000 - 0x00007ffe302c6000 	C:\Users\HP\.gradle\native\12488b8bf47d2d4c9fbf2f6322a914ad602e24e48041cd04a747c6da556b65c4\windows-amd64\native-platform-file-events.dll
0x00007ffe63130000 - 0x00007ffe63139000 	F:\Newfolder\Java\jdk-15.0.2\bin\management.dll
0x00007ffe63070000 - 0x00007ffe6307b000 	F:\Newfolder\Java\jdk-15.0.2\bin\management_ext.dll
0x00007ffe75050000 - 0x00007ffe75068000 	C:\Windows\SYSTEM32\CRYPTSP.dll
0x00007ffe74820000 - 0x00007ffe74854000 	C:\Windows\system32\rsaenh.dll
0x00007ffe75770000 - 0x00007ffe75797000 	C:\Windows\System32\bcrypt.dll
0x00007ffe75670000 - 0x00007ffe7569e000 	C:\Windows\SYSTEM32\USERENV.dll
0x00007ffe75070000 - 0x00007ffe7507c000 	C:\Windows\SYSTEM32\CRYPTBASE.dll
0x00007ffe74b70000 - 0x00007ffe74bab000 	C:\Windows\SYSTEM32\IPHLPAPI.DLL
0x00007ffe760a0000 - 0x00007ffe760a8000 	C:\Windows\System32\NSI.dll
0x00007ffe6f070000 - 0x00007ffe6f087000 	C:\Windows\SYSTEM32\dhcpcsvc6.DLL
0x00007ffe6f050000 - 0x00007ffe6f06d000 	C:\Windows\SYSTEM32\dhcpcsvc.DLL
0x00007ffe74bb0000 - 0x00007ffe74c7c000 	C:\Windows\SYSTEM32\DNSAPI.dll
0x00007ffe6f310000 - 0x00007ffe6f31b000 	C:\Windows\SYSTEM32\WINNSI.DLL

dbghelp: loaded successfully - version: 4.0.5 - missing functions: none
symbol engine: initialized successfully - sym options: 0x614 - pdb path: .;F:\Newfolder\Java\jdk-15.0.2\bin;C:\Windows\SYSTEM32;C:\Windows\WinSxS\amd64_microsoft.windows.common-controls_6595b64144ccf1df_6.0.19041.1052_none_60b8f8fd71f5e8cb;F:\Newfolder\Java\jdk-15.0.2\bin\server;C:\Users\HP\.gradle\native\fdc75f09e3144964f2cf3f50f0aa648679c211496f362492102eb8c894070792\windows-amd64;C:\Users\HP\.gradle\native\12488b8bf47d2d4c9fbf2f6322a914ad602e24e48041cd04a747c6da556b65c4\windows-amd64

VM Arguments:
jvm_args: --add-opens=java.base/java.util=ALL-UNNAMED --add-opens=java.base/java.lang=ALL-UNNAMED --add-opens=java.base/java.lang.invoke=ALL-UNNAMED --add-opens=java.prefs/java.util.prefs=ALL-UNNAMED -Xmx2048m -Dfile.encoding=UTF-8 -Duser.country=IN -Duser.language=en -Duser.variant 
java_command: org.gradle.launcher.daemon.bootstrap.GradleDaemon 6.7.1
java_class_path (initial): C:\Users\HP\.gradle\wrapper\dists\gradle-6.7.1-bin\bwlcbys1h7rz3272sye1xwiv6\gradle-6.7.1\lib\gradle-launcher-6.7.1.jar
Launcher Type: SUN_STANDARD

[Global flags]
     intx CICompilerCount                          = 3                                         {product} {ergonomic}
     uint ConcGCThreads                            = 1                                         {product} {ergonomic}
     uint G1ConcRefinementThreads                  = 4                                         {product} {ergonomic}
   size_t G1HeapRegionSize                         = 1048576                                   {product} {ergonomic}
    uintx GCDrainStackTargetSize                   = 64                                        {product} {ergonomic}
   size_t InitialHeapSize                          = 201326592                                 {product} {ergonomic}
   size_t MarkStackSize                            = 4194304                                   {product} {ergonomic}
   size_t MaxHeapSize                              = 2147483648                                {product} {command line}
   size_t MaxNewSize                               = 1287651328                                {product} {ergonomic}
   size_t MinHeapDeltaBytes                        = 1048576                                   {product} {ergonomic}
   size_t MinHeapSize                              = 8388608                                   {product} {ergonomic}
    uintx NonNMethodCodeHeapSize                   = 5832780                                {pd product} {ergonomic}
    uintx NonProfiledCodeHeapSize                  = 122912730                              {pd product} {ergonomic}
    uintx ProfiledCodeHeapSize                     = 122912730                              {pd product} {ergonomic}
    uintx ReservedCodeCacheSize                    = 251658240                              {pd product} {ergonomic}
     bool SegmentedCodeCache                       = true                                      {product} {ergonomic}
   size_t SoftMaxHeapSize                          = 2147483648                             {manageable} {ergonomic}
     bool UseCompressedClassPointers               = true                                 {lp64_product} {ergonomic}
     bool UseCompressedOops                        = true                                 {lp64_product} {ergonomic}
     bool UseG1GC                                  = true                                      {product} {ergonomic}
     bool UseLargePagesIndividualAllocation        = false                                  {pd product} {ergonomic}

Logging:
Log output configuration:
 #0: stdout all=warning uptime,level,tags
 #1: stderr all=off uptime,level,tags

Environment Variables:
JAVA_HOME=F:\Newfolder\Java\jdk-15.0.2
PATH=C:\Program Files (x86)\Common Files\Oracle\Java\javapath;C:\Program Files (x86)\mingw-w64\i686-8.1.0-posix-dwarf-rt_v6-rev0\mingw32\bin;F:\New folder\Java\jdk-16.0.1\bin;C:\Users\HP\AppData\Local\Microsoft\WindowsApps;;F:\Apps\IntelliJ IDEA Community Edition 2021.1\bin;;F:\Apps\Microsoft VS Code\bin;F:\Apps\PyCharm Community Edition 2020.1.1\bin;
USERNAME=HP
OS=Windows_NT
PROCESSOR_IDENTIFIER=Intel64 Family 6 Model 78 Stepping 3, GenuineIntel



---------------  S Y S T E M  ---------------

OS:
 Windows 10 , 64 bit Build 19041 (10.0.19041.1023)
OS uptime: 0 days 11:29 hours

CPU: total 4 (initial active 4) (2 cores per cpu, 2 threads per core) family 6 model 78 stepping 3 microcode 0xcc, cmov, cx8, fxsr, mmx, sse, sse2, sse3, ssse3, sse4.1, sse4.2, popcnt, vzeroupper, avx, avx2, aes, clmul, erms, 3dnowpref, lzcnt, ht, tsc, tscinvbit, bmi1, bmi2, adx, fma, clflush, clflushopt

Memory: 4k page, system-wide physical 12179M (4407M free)
TotalPageFile size 16147M (AvailPageFile size 4024M)
current process WorkingSet (physical memory assigned to process): 389M, peak: 389M
current process commit charge ("private bytes"): 447M, peak: 457M

vm_info: Java HotSpot(TM) 64-Bit Server VM (15.0.2+7-27) for windows-amd64 JRE (15.0.2+7-27), built on Dec  7 2020 20:07:01 by "mach5one" with unknown MS VC++:1925

END.
