#
# A fatal error has been detected by the Java Runtime Environment:
#
#  EXCEPTION_ACCESS_VIOLATION (0xc0000005) at pc=0x00007ff8f5d6d140, pid=8652, tid=4152
#
# JRE version: Java(TM) SE Runtime Environment (15.0.2+7) (build 15.0.2+7-27)
# Java VM: Java HotSpot(TM) 64-Bit Server VM (15.0.2+7-27, mixed mode, sharing, tiered, compressed oops, g1 gc, windows-amd64)
# Problematic frame:
# V  [jvm.dll+0x29d140]
#
# No core dump will be written. Minidumps are not enabled by default on client versions of Windows
#
# If you would like to submit a bug report, please visit:
#   https://bugreport.java.com/bugreport/crash.jsp
#

---------------  S U M M A R Y ------------

Command Line: --add-opens=java.base/java.util=ALL-UNNAMED --add-opens=java.base/java.lang=ALL-UNNAMED --add-opens=java.base/java.lang.invoke=ALL-UNNAMED --add-opens=java.prefs/java.util.prefs=ALL-UNNAMED -Xmx2048m -Dfile.encoding=UTF-8 -Duser.country=IN -Duser.language=en -Duser.variant org.gradle.launcher.daemon.bootstrap.GradleDaemon 6.7.1

Host: Intel(R) Core(TM) i3-6006U CPU @ 2.00GHz, 4 cores, 11G,  Windows 10 , 64 bit Build 19041 (10.0.19041.1023)
Time: Tue Jul 27 15:26:37 2021 India Standard Time elapsed time: 7.336723 seconds (0d 0h 0m 7s)

---------------  T H R E A D  ---------------

Current thread (0x00000278e6878050):  GCTaskThread "GC Thread#2" [stack: 0x000000b3f6400000,0x000000b3f6500000] [id=4152]

Stack: [0x000000b3f6400000,0x000000b3f6500000],  sp=0x000000b3f64ff070,  free space=1020k
Native frames: (J=compiled Java code, j=interpreted, Vv=VM code, C=native code)
V  [jvm.dll+0x29d140]
V  [jvm.dll+0x29d54a]
V  [jvm.dll+0x2a3a16]
V  [jvm.dll+0x2dc1f8]
V  [jvm.dll+0x2dce0b]
V  [jvm.dll+0x2deb37]
V  [jvm.dll+0x2dd32d]
V  [jvm.dll+0x2de6d1]
V  [jvm.dll+0x2aab68]
V  [jvm.dll+0x2acadd]
V  [jvm.dll+0x7adfc0]
V  [jvm.dll+0x73d75a]
V  [jvm.dll+0x629c56]
C  [ucrtbase.dll+0x21bb2]
C  [KERNEL32.DLL+0x17034]
C  [ntdll.dll+0x52651]


siginfo: EXCEPTION_ACCESS_VIOLATION (0xc0000005), reading address 0x00000008100107e8


Register to memory mapping:

RIP=0x00007ff8f5d6d140 jvm.dll
RAX=0x0000000000000001 is an unknown value
RBX=
[error occurred during error reporting (printing register info), id 0xc0000005, EXCEPTION_ACCESS_VIOLATION (0xc0000005) at pc=0x00007ff8f5d6d140]

Registers:
RAX=0x0000000000000001, RBX=0x0000000080b10370, RCX=0x0000000000000003, RDX=0x0000000080b10370
RSP=0x000000b3f64ff070, RBP=0x0000000080b20200, RSI=0x00000278c72ea790, RDI=0x00000278c72ea770
R8 =0x00000008100107e0, R9 =0x0000000000000003, R10=0x0000000000000001, R11=0x00000278de8c5901
R12=0x0000000080b20800, R13=0x00000278c7298be0, R14=0x0000000000000003, R15=0x000000b3f64ff1e0
RIP=0x00007ff8f5d6d140, EFLAGS=0x0000000000010202

Top of Stack: (sp=0x000000b3f64ff070)
0x000000b3f64ff070:   0000000000000001 000000b3f64ff1e0
0x000000b3f64ff080:   00000278c7298be0 0000000080b20800
0x000000b3f64ff090:   0000000080b10370 00007ff8f5d6d54a
0x000000b3f64ff0a0:   00000000811d4218 000000b3f64ff0f0
0x000000b3f64ff0b0:   0000000080b10370 00007ff8f5d6d084
0x000000b3f64ff0c0:   0000000080b10210 00007ff8f5d9f69e
0x000000b3f64ff0d0:   00000278c72ea790 0000000080b20200
0x000000b3f64ff0e0:   00000278c72ea770 00007ff8f5d73a16
0x000000b3f64ff0f0:   0000000080b10400 0000000080b00000
0x000000b3f64ff100:   0000000000005882 0000000000000000
0x000000b3f64ff110:   00000278c728e620 00007ff8f5dac1f8
0x000000b3f64ff120:   00000278c72ea770 000000b3f64ff390
0x000000b3f64ff130:   00000278c72ed200 000000008139b650
0x000000b3f64ff140:   0000000000000000 0000000081392a00
0x000000b3f64ff150:   000000008139b600 0000000000000040
0x000000b3f64ff160:   0000000000000000 00000278de8c5900 

Instructions: (pc=0x00007ff8f5d6d140)
0x00007ff8f5d6d040:   5f c3 cc cc cc cc cc cc cc cc cc cc cc cc cc cc
0x00007ff8f5d6d050:   48 89 5c 24 18 57 48 83 ec 20 48 8b 41 10 48 8b
0x00007ff8f5d6d060:   da 48 8b f9 48 3b d0 75 16 48 8b 41 08 48 2b c2
0x00007ff8f5d6d070:   48 c1 e8 03 48 8b 5c 24 40 48 83 c4 20 5f c3 e8
0x00007ff8f5d6d080:   7c 3f df ff 48 39 1f 77 7d 48 3b 5f 08 73 77 80
0x00007ff8f5d6d090:   3d 0a fc 75 00 00 74 62 48 3b 9f f0 00 00 00 73
0x00007ff8f5d6d0a0:   55 48 8b 80 90 03 00 00 48 8b 90 90 00 00 00 48
0x00007ff8f5d6d0b0:   8b c3 48 2b 42 08 8b 4a 18 48 8b 52 20 48 c1 e8
0x00007ff8f5d6d0c0:   03 48 d3 e8 4c 8b c0 24 3f 49 c1 e8 06 0f b6 c8
0x00007ff8f5d6d0d0:   4a 8b 04 c2 48 0f a3 c8 72 1c 8b 87 cc 00 00 00
0x00007ff8f5d6d0e0:   83 f8 28 74 11 8b 87 cc 00 00 00 c1 e8 05 a8 01
0x00007ff8f5d6d0f0:   75 04 32 c0 eb 1d b0 01 eb 19 48 8b 47 10 48 3b
0x00007ff8f5d6d100:   d8 0f 92 c0 eb 0d 48 8b 87 d0 00 00 00 48 3b 18
0x00007ff8f5d6d110:   0f 94 c0 84 c0 0f 84 be 00 00 00 0f b6 05 bf 5e
0x00007ff8f5d6d120:   7e 00 84 c0 74 16 44 8b 43 08 8b 0d f0 e8 75 00
0x00007ff8f5d6d130:   49 d3 e0 4c 03 05 de e8 75 00 eb 04 4c 8b 43 08
0x00007ff8f5d6d140:   45 8b 48 08 45 85 c9 7e 18 41 f6 c1 01 75 6b 41
0x00007ff8f5d6d150:   c1 f9 03 49 63 c1 48 8b 5c 24 40 48 83 c4 20 5f
0x00007ff8f5d6d160:   c3 79 57 84 c0 ba 0c 00 00 00 8b 05 84 f8 75 00
0x00007ff8f5d6d170:   b9 10 00 00 00 0f 45 ca ff c8 4c 63 c0 41 8b c1
0x00007ff8f5d6d180:   48 c1 f8 10 48 63 14 19 41 8b c9 83 e1 3f 48 d3
0x00007ff8f5d6d190:   e2 0f b6 c8 49 8d 04 10 49 f7 d0 48 03 c8 4d 8b
0x00007ff8f5d6d1a0:   c8 49 c1 e9 03 48 c1 e9 03 44 23 c9 49 63 c1 48
0x00007ff8f5d6d1b0:   8b 5c 24 40 48 83 c4 20 5f c3 49 8b 00 48 8b d3
0x00007ff8f5d6d1c0:   49 8b c8 ff 90 f0 00 00 00 44 8b c8 48 98 48 8b
0x00007ff8f5d6d1d0:   5c 24 40 48 83 c4 20 5f c3 48 89 6c 24 30 48 89
0x00007ff8f5d6d1e0:   74 24 38 e8 18 3e df ff 4c 8b 8f f0 00 00 00 48
0x00007ff8f5d6d1f0:   8b 88 90 03 00 00 b8 08 00 00 00 4c 8b 99 90 00
0x00007ff8f5d6d200:   00 00 41 8b 73 18 8b ce 49 8b 6b 08 d3 e0 4c 2b
0x00007ff8f5d6d210:   cd ff c8 49 c1 e9 03 48 63 c8 48 8d 14 19 48 f7
0x00007ff8f5d6d220:   d1 48 23 d1 8b ce 48 2b d5 49 d3 e9 48 c1 ea 03
0x00007ff8f5d6d230:   48 d3 ea 49 3b d1 73 71 4d 8b 5b 20 4c 8b c2 49 


Stack slot to memory mapping:
stack at sp + 0 slots: 0x0000000000000001 is an unknown value
stack at sp + 1 slots: 0x000000b3f64ff1e0 points into unknown readable memory: 0x00007ff8f635b670 | 70 b6 35 f6 f8 7f 00 00
stack at sp + 2 slots: 0x00000278c7298be0 points into unknown readable memory: 0x0000000000000800 | 00 08 00 00 00 00 00 00
stack at sp + 3 slots: 0x0000000080b20800 is an oop: org.gradle.caching.local.DirectoryBuildCache_Decorated 
{0x0000000080b20800} - klass: 'org/gradle/caching/local/DirectoryBuildCache_Decorated'
stack at sp + 4 slots: 
[error occurred during error reporting (inspecting top of stack), id 0xc0000005, EXCEPTION_ACCESS_VIOLATION (0xc0000005) at pc=0x00007ff8f5d6d140]


---------------  P R O C E S S  ---------------

Threads class SMR info:
_java_thread_list=0x00000278eb405b80, length=33, elements={
0x00000278c727ff30, 0x00000278e5594f70, 0x00000278e5595a50, 0x00000278e55ab820,
0x00000278e55b0200, 0x00000278e55b1fd0, 0x00000278e55b2cc0, 0x00000278e55b36c0,
0x00000278e55ed900, 0x00000278e5fe3d20, 0x00000278e5ff1c40, 0x00000278e7aa3fe0,
0x00000278e76093c0, 0x00000278e69bc5d0, 0x00000278e7e6fcc0, 0x00000278e7695010,
0x00000278e8305770, 0x00000278e83064a0, 0x00000278e7732040, 0x00000278e8067f10,
0x00000278e732b4c0, 0x00000278e732b990, 0x00000278e732be60, 0x00000278e732ab20,
0x00000278e81972f0, 0x00000278e732a650, 0x00000278e732c330, 0x00000278e732c800,
0x00000278e732a180, 0x00000278e732ccd0, 0x00000278e732d1a0, 0x00000278e732d670,
0x00000278e9a6a300
}

Java Threads: ( => current thread )
  0x00000278c727ff30 JavaThread "main" [_thread_blocked, id=8580, stack(0x000000b3f5000000,0x000000b3f5100000)]
  0x00000278e5594f70 JavaThread "Reference Handler" daemon [_thread_blocked, id=6008, stack(0x000000b3f5700000,0x000000b3f5800000)]
  0x00000278e5595a50 JavaThread "Finalizer" daemon [_thread_blocked, id=3968, stack(0x000000b3f5800000,0x000000b3f5900000)]
  0x00000278e55ab820 JavaThread "Signal Dispatcher" daemon [_thread_blocked, id=5236, stack(0x000000b3f5900000,0x000000b3f5a00000)]
  0x00000278e55b0200 JavaThread "Attach Listener" daemon [_thread_blocked, id=3204, stack(0x000000b3f5a00000,0x000000b3f5b00000)]
  0x00000278e55b1fd0 JavaThread "Service Thread" daemon [_thread_blocked, id=2060, stack(0x000000b3f5b00000,0x000000b3f5c00000)]
  0x00000278e55b2cc0 JavaThread "C2 CompilerThread0" daemon [_thread_blocked, id=9696, stack(0x000000b3f5c00000,0x000000b3f5d00000)]
  0x00000278e55b36c0 JavaThread "C1 CompilerThread0" daemon [_thread_blocked, id=10560, stack(0x000000b3f5d00000,0x000000b3f5e00000)]
  0x00000278e55ed900 JavaThread "Sweeper thread" daemon [_thread_blocked, id=10244, stack(0x000000b3f5e00000,0x000000b3f5f00000)]
  0x00000278e5fe3d20 JavaThread "Common-Cleaner" daemon [_thread_blocked, id=9236, stack(0x000000b3f5f00000,0x000000b3f6000000)]
  0x00000278e5ff1c40 JavaThread "Notification Thread" daemon [_thread_blocked, id=10096, stack(0x000000b3f6000000,0x000000b3f6100000)]
  0x00000278e7aa3fe0 JavaThread "Daemon health stats" [_thread_blocked, id=8408, stack(0x000000b3f6600000,0x000000b3f6700000)]
  0x00000278e76093c0 JavaThread "Incoming local TCP Connector on port 58518" [_thread_in_native, id=10200, stack(0x000000b3f6900000,0x000000b3f6a00000)]
  0x00000278e69bc5d0 JavaThread "Daemon" [_thread_blocked, id=6440, stack(0x000000b3f6a00000,0x000000b3f6b00000)]
  0x00000278e7e6fcc0 JavaThread "Daemon periodic checks" [_thread_blocked, id=10636, stack(0x000000b3f6b00000,0x000000b3f6c00000)]
  0x00000278e7695010 JavaThread "Handler for socket connection from /127.0.0.1:58518 to /127.0.0.1:58519" [_thread_in_native, id=10952, stack(0x000000b3f6c00000,0x000000b3f6d00000)]
  0x00000278e8305770 JavaThread "Cancel handler" [_thread_blocked, id=1640, stack(0x000000b3f6d00000,0x000000b3f6e00000)]
  0x00000278e83064a0 JavaThread "Daemon worker" [_thread_blocked, id=5456, stack(0x000000b3f6e00000,0x000000b3f6f00000)]
  0x00000278e7732040 JavaThread "Asynchronous log dispatcher for DefaultDaemonConnection: socket connection from /127.0.0.1:58518 to /127.0.0.1:58519" [_thread_blocked, id=11172, stack(0x000000b3f6f00000,0x000000b3f7000000)]
  0x00000278e8067f10 JavaThread "Stdin handler" [_thread_blocked, id=11212, stack(0x000000b3f7000000,0x000000b3f7100000)]
  0x00000278e732b4c0 JavaThread "Thread-8" [_thread_blocked, id=10256, stack(0x000000b3f7100000,0x000000b3f7200000)]
  0x00000278e732b990 JavaThread "Cache worker for file hash cache (C:\Users\HP\.gradle\caches\6.7.1\fileHashes)" [_thread_blocked, id=2628, stack(0x000000b3f7200000,0x000000b3f7300000)]
  0x00000278e732be60 JavaThread "File lock request listener" [_thread_in_native, id=8860, stack(0x000000b3f7300000,0x000000b3f7400000)]
  0x00000278e732ab20 JavaThread "Cache worker for journal cache (C:\Users\HP\.gradle\caches\journal-1)" [_thread_blocked, id=6624, stack(0x000000b3f6200000,0x000000b3f6300000)]
  0x00000278e81972f0 JavaThread "C2 CompilerThread1" daemon [_thread_blocked, id=9484, stack(0x000000b3f7400000,0x000000b3f7500000)]
  0x00000278e732a650 JavaThread "Cache worker for file hash cache (D:\AKSHAY\Documents\AndroidStudioProjects\App\.gradle\6.7.1\fileHashes)" [_thread_blocked, id=8476, stack(0x000000b3f7500000,0x000000b3f7600000)]
  0x00000278e732c330 JavaThread "Cache worker for checksums cache (D:\AKSHAY\Documents\AndroidStudioProjects\App\.gradle\checksums)" [_thread_blocked, id=620, stack(0x000000b3f7600000,0x000000b3f7700000)]
  0x00000278e732c800 JavaThread "Cache worker for cache directory md-supplier (C:\Users\HP\.gradle\caches\6.7.1\md-supplier)" [_thread_blocked, id=2300, stack(0x000000b3f7700000,0x000000b3f7800000)]
  0x00000278e732a180 JavaThread "Cache worker for cache directory md-rule (C:\Users\HP\.gradle\caches\6.7.1\md-rule)" [_thread_blocked, id=8792, stack(0x000000b3f7800000,0x000000b3f7900000)]
  0x00000278e732ccd0 JavaThread "Cache worker for execution history cache (C:\Users\HP\.gradle\caches\6.7.1\executionHistory)" [_thread_blocked, id=3256, stack(0x000000b3f7900000,0x000000b3f7a00000)]
  0x00000278e732d1a0 JavaThread "jar transforms" [_thread_blocked, id=4812, stack(0x000000b3f7a00000,0x000000b3f7b00000)]
  0x00000278e732d670 JavaThread "Cache worker for file content cache (C:\Users\HP\.gradle\caches\6.7.1\fileContent)" [_thread_blocked, id=10184, stack(0x000000b3f7b00000,0x000000b3f7c00000)]
  0x00000278e9a6a300 JavaThread "Cache worker for Build Output Cleanup Cache (D:\AKSHAY\Documents\AndroidStudioProjects\App\.gradle\buildOutputCleanup)" [_thread_blocked, id=4656, stack(0x000000b3f7c00000,0x000000b3f7d00000)]

Other Threads:
  0x00000278e558e010 VMThread "VM Thread" [stack: 0x000000b3f5600000,0x000000b3f5700000] [id=4128]
  0x00000278e5ff6940 WatcherThread [stack: 0x000000b3f6100000,0x000000b3f6200000] [id=10084]
  0x00000278c72bf770 GCTaskThread "GC Thread#0" [stack: 0x000000b3f5100000,0x000000b3f5200000] [id=9936]
  0x00000278e68789e0 GCTaskThread "GC Thread#1" [stack: 0x000000b3f6300000,0x000000b3f6400000] [id=4580]
=>0x00000278e6878050 GCTaskThread "GC Thread#2" [stack: 0x000000b3f6400000,0x000000b3f6500000] [id=4152]
  0x00000278e68779f0 GCTaskThread "GC Thread#3" [stack: 0x000000b3f6500000,0x000000b3f6600000] [id=6488]
  0x00000278c72d0950 ConcurrentGCThread "G1 Main Marker" [stack: 0x000000b3f5200000,0x000000b3f5300000] [id=10732]
  0x00000278c72d14d0 ConcurrentGCThread "G1 Conc#0" [stack: 0x000000b3f5300000,0x000000b3f5400000] [id=2592]
  0x00000278c735e1e0 ConcurrentGCThread "G1 Refine#0" [stack: 0x000000b3f5400000,0x000000b3f5500000] [id=7820]
  0x00000278e54050c0 ConcurrentGCThread "G1 Young RemSet Sampling" [stack: 0x000000b3f5500000,0x000000b3f5600000] [id=4616]

Threads with active compile tasks:

VM state: at safepoint (normal execution)

VM Mutex/Monitor currently owned by a thread:  ([mutex/lock_event])
[0x00000278c727b460] Threads_lock - owner thread: 0x00000278e558e010
[0x00000278c727b580] Heap_lock - owner thread: 0x00000278e83064a0

Heap address: 0x0000000080000000, size: 2048 MB, Compressed Oops mode: 32-bit
CDS archive(s) mapped at: [0x0000000800000000-0x0000000800b50000-0x0000000800b50000), size 11862016, SharedBaseAddress: 0x0000000800000000, ArchiveRelocationMode: 0.
Compressed class space mapped at: 0x0000000800b50000-0x0000000840b50000, size: 1073741824
Narrow klass base: 0x0000000800000000, Narrow klass shift: 3, Narrow klass range: 0x100000000

GC Precious Log:
 CPUs: 4 total, 4 available
 Memory: 12179M
 Large Page Support: Disabled
 NUMA Support: Disabled
 Compressed Oops: Enabled (32-bit)
 Heap Region Size: 1M
 Heap Min Capacity: 8M
 Heap Initial Capacity: 192M
 Heap Max Capacity: 2G
 Pre-touch: Disabled
 Parallel Workers: 4
 Concurrent Workers: 1
 Concurrent Refinement Workers: 4
 Periodic GC: Disabled

Heap:
 garbage-first heap   total 71680K, used 46403K [0x0000000080000000, 0x0000000100000000)
  region size 1024K, 25 young (25600K), 4 survivors (4096K)
 Metaspace       used 35108K, capacity 35745K, committed 35888K, reserved 1081344K
  class space    used 4693K, capacity 4906K, committed 4992K, reserved 1048576K

Heap Regions: E=young(eden), S=young(survivor), O=old, HS=humongous(starts), HC=humongous(continues), CS=collection set, F=free, OA=open archive, CA=closed archive, TAMS=top-at-mark-start (previous, next)
|   0|0x0000000080000000, 0x0000000080100000, 0x0000000080100000|100%| O|  |TAMS 0x0000000080100000, 0x0000000080100000| Untracked 
|   1|0x0000000080100000, 0x0000000080200000, 0x0000000080200000|100%| O|  |TAMS 0x0000000080200000, 0x0000000080200000| Untracked 
|   2|0x0000000080200000, 0x00000000802dc600, 0x0000000080300000| 86%| O|  |TAMS 0x00000000802dc600, 0x00000000802dc600| Untracked 
|   3|0x0000000080300000, 0x0000000080400000, 0x0000000080400000|100%|HS|  |TAMS 0x0000000080400000, 0x0000000080400000| Complete 
|   4|0x0000000080400000, 0x0000000080500000, 0x0000000080500000|100%|HC|  |TAMS 0x0000000080500000, 0x0000000080500000| Complete 
|   5|0x0000000080500000, 0x0000000080600000, 0x0000000080600000|100%|HC|  |TAMS 0x0000000080600000, 0x0000000080600000| Complete 
|   6|0x0000000080600000, 0x0000000080700000, 0x0000000080700000|100%| O|  |TAMS 0x0000000080700000, 0x0000000080700000| Untracked 
|   7|0x0000000080700000, 0x0000000080800000, 0x0000000080800000|100%| O|  |TAMS 0x0000000080800000, 0x0000000080800000| Untracked 
|   8|0x0000000080800000, 0x0000000080900000, 0x0000000080900000|100%| O|  |TAMS 0x0000000080900000, 0x0000000080900000| Untracked 
|   9|0x0000000080900000, 0x0000000080900000, 0x0000000080a00000|  0%| F|  |TAMS 0x0000000080900000, 0x0000000080900000| Untracked 
|  10|0x0000000080a00000, 0x0000000080b00000, 0x0000000080b00000|100%| O|  |TAMS 0x0000000080a00000, 0x0000000080b00000| Untracked 
|  11|0x0000000080b00000, 0x0000000080c00000, 0x0000000080c00000|100%| O|  |TAMS 0x0000000080b00000, 0x0000000080c00000| Untracked 
|  12|0x0000000080c00000, 0x0000000080d00000, 0x0000000080d00000|100%| O|  |TAMS 0x0000000080c00000, 0x0000000080d00000| Untracked 
|  13|0x0000000080d00000, 0x0000000080e00000, 0x0000000080e00000|100%| O|  |TAMS 0x0000000080d00000, 0x0000000080e00000| Untracked 
|  14|0x0000000080e00000, 0x0000000080f00000, 0x0000000080f00000|100%| O|  |TAMS 0x0000000080e00000, 0x0000000080f00000| Untracked 
|  15|0x0000000080f00000, 0x0000000081000000, 0x0000000081000000|100%| O|  |TAMS 0x0000000080f00000, 0x0000000081000000| Untracked 
|  16|0x0000000081000000, 0x0000000081100000, 0x0000000081100000|100%| O|  |TAMS 0x0000000081000000, 0x0000000081100000| Untracked 
|  17|0x0000000081100000, 0x0000000081200000, 0x0000000081200000|100%| O|  |TAMS 0x0000000081100000, 0x0000000081200000| Untracked 
|  18|0x0000000081200000, 0x0000000081300000, 0x0000000081300000|100%| O|  |TAMS 0x0000000081200000, 0x0000000081300000| Untracked 
|  19|0x0000000081300000, 0x0000000081400000, 0x0000000081400000|100%| O|  |TAMS 0x0000000081300000, 0x0000000081400000| Untracked 
|  20|0x0000000081400000, 0x0000000081500000, 0x0000000081500000|100%| O|  |TAMS 0x0000000081400000, 0x0000000081500000| Untracked 
|  21|0x0000000081500000, 0x0000000081600000, 0x0000000081600000|100%| O|  |TAMS 0x0000000081500000, 0x0000000081600000| Untracked 
|  22|0x0000000081600000, 0x0000000081700000, 0x0000000081700000|100%| O|  |TAMS 0x0000000081600000, 0x0000000081700000| Untracked 
|  23|0x0000000081700000, 0x000000008173b200, 0x0000000081800000| 23%| O|  |TAMS 0x0000000081700000, 0x000000008173b200| Untracked 
|  24|0x0000000081800000, 0x0000000081800000, 0x0000000081900000|  0%| F|  |TAMS 0x0000000081800000, 0x0000000081800000| Untracked 
|  25|0x0000000081900000, 0x0000000081900000, 0x0000000081a00000|  0%| F|  |TAMS 0x0000000081900000, 0x0000000081900000| Untracked 
|  26|0x0000000081a00000, 0x0000000081a00000, 0x0000000081b00000|  0%| F|  |TAMS 0x0000000081a00000, 0x0000000081a00000| Untracked 
|  27|0x0000000081b00000, 0x0000000081b00000, 0x0000000081c00000|  0%| F|  |TAMS 0x0000000081b00000, 0x0000000081b00000| Untracked 
|  28|0x0000000081c00000, 0x0000000081c00000, 0x0000000081d00000|  0%| F|  |TAMS 0x0000000081c00000, 0x0000000081c00000| Untracked 
|  29|0x0000000081d00000, 0x0000000081d00000, 0x0000000081e00000|  0%| F|  |TAMS 0x0000000081d00000, 0x0000000081d00000| Untracked 
|  30|0x0000000081e00000, 0x0000000081e00000, 0x0000000081f00000|  0%| F|  |TAMS 0x0000000081e00000, 0x0000000081e00000| Untracked 
|  31|0x0000000081f00000, 0x0000000081f00000, 0x0000000082000000|  0%| F|  |TAMS 0x0000000081f00000, 0x0000000081f00000| Untracked 
|  32|0x0000000082000000, 0x0000000082000000, 0x0000000082100000|  0%| F|  |TAMS 0x0000000082000000, 0x0000000082000000| Untracked 
|  33|0x0000000082100000, 0x0000000082100000, 0x0000000082200000|  0%| F|  |TAMS 0x0000000082100000, 0x0000000082100000| Untracked 
|  34|0x0000000082200000, 0x0000000082200000, 0x0000000082300000|  0%| F|  |TAMS 0x0000000082200000, 0x0000000082200000| Untracked 
|  35|0x0000000082300000, 0x0000000082300000, 0x0000000082400000|  0%| F|  |TAMS 0x0000000082300000, 0x0000000082300000| Untracked 
|  36|0x0000000082400000, 0x0000000082400000, 0x0000000082500000|  0%| F|  |TAMS 0x0000000082400000, 0x0000000082400000| Untracked 
|  37|0x0000000082500000, 0x0000000082500000, 0x0000000082600000|  0%| F|  |TAMS 0x0000000082500000, 0x0000000082500000| Untracked 
|  38|0x0000000082600000, 0x00000000826623c0, 0x0000000082700000| 38%| E|CS|TAMS 0x0000000082600000, 0x00000000826623c0| Complete 
|  39|0x0000000082700000, 0x0000000082800000, 0x0000000082800000|100%| E|CS|TAMS 0x0000000082700000, 0x0000000082800000| Complete 
|  40|0x0000000082800000, 0x0000000082900000, 0x0000000082900000|100%| E|CS|TAMS 0x0000000082800000, 0x0000000082900000| Complete 
|  41|0x0000000082900000, 0x0000000082900000, 0x0000000082a00000|  0%| F|  |TAMS 0x0000000082900000, 0x0000000082900000| Untracked 
|  42|0x0000000082a00000, 0x0000000082a00000, 0x0000000082b00000|  0%| F|  |TAMS 0x0000000082a00000, 0x0000000082a00000| Untracked 
|  43|0x0000000082b00000, 0x0000000082b00000, 0x0000000082c00000|  0%| F|  |TAMS 0x0000000082b00000, 0x0000000082b00000| Untracked 
|  44|0x0000000082c00000, 0x0000000082c00000, 0x0000000082d00000|  0%| F|  |TAMS 0x0000000082c00000, 0x0000000082c00000| Untracked 
|  45|0x0000000082d00000, 0x0000000082d5cd60, 0x0000000082e00000| 36%| S|  |TAMS 0x0000000082d00000, 0x0000000082d00000| Complete 
|  46|0x0000000082e00000, 0x0000000082f00000, 0x0000000082f00000|100%| S|  |TAMS 0x0000000082e00000, 0x0000000082e00000| Complete 
|  47|0x0000000082f00000, 0x0000000083000000, 0x0000000083000000|100%| S|  |TAMS 0x0000000082f00000, 0x0000000082f00000| Complete 
|  48|0x0000000083000000, 0x0000000083100000, 0x0000000083100000|100%| S|  |TAMS 0x0000000083000000, 0x0000000083000000| Complete 
|  49|0x0000000083100000, 0x00000000831d70c0, 0x0000000083200000| 84%| E|CS|TAMS 0x0000000083100000, 0x00000000831d70c0| Complete 
|  50|0x0000000083200000, 0x0000000083300000, 0x0000000083300000|100%| E|CS|TAMS 0x0000000083200000, 0x0000000083300000| Complete 
|  51|0x0000000083300000, 0x0000000083400000, 0x0000000083400000|100%| E|CS|TAMS 0x0000000083300000, 0x0000000083400000| Complete 
|  52|0x0000000083400000, 0x0000000083500000, 0x0000000083500000|100%| E|CS|TAMS 0x0000000083400000, 0x0000000083500000| Complete 
|  53|0x0000000083500000, 0x0000000083600000, 0x0000000083600000|100%| E|CS|TAMS 0x0000000083500000, 0x0000000083600000| Complete 
|  54|0x0000000083600000, 0x0000000083700000, 0x0000000083700000|100%| E|CS|TAMS 0x0000000083600000, 0x0000000083700000| Complete 
|  55|0x0000000083700000, 0x0000000083800000, 0x0000000083800000|100%| E|CS|TAMS 0x0000000083700000, 0x0000000083800000| Complete 
|  56|0x0000000083800000, 0x0000000083900000, 0x0000000083900000|100%| E|CS|TAMS 0x0000000083800000, 0x0000000083900000| Complete 
|  57|0x0000000083900000, 0x0000000083a00000, 0x0000000083a00000|100%| E|CS|TAMS 0x0000000083900000, 0x0000000083a00000| Complete 
|  88|0x0000000085800000, 0x0000000085900000, 0x0000000085900000|100%| E|CS|TAMS 0x0000000085800000, 0x0000000085900000| Complete 
|  89|0x0000000085900000, 0x0000000085a00000, 0x0000000085a00000|100%| E|CS|TAMS 0x0000000085900000, 0x0000000085a00000| Complete 
|  90|0x0000000085a00000, 0x0000000085b00000, 0x0000000085b00000|100%| E|CS|TAMS 0x0000000085a00000, 0x0000000085b00000| Complete 
|  91|0x0000000085b00000, 0x0000000085c00000, 0x0000000085c00000|100%| E|CS|TAMS 0x0000000085b00000, 0x0000000085c00000| Complete 
|  92|0x0000000085c00000, 0x0000000085d00000, 0x0000000085d00000|100%| E|CS|TAMS 0x0000000085c00000, 0x0000000085d00000| Complete 
|  93|0x0000000085d00000, 0x0000000085e00000, 0x0000000085e00000|100%| E|CS|TAMS 0x0000000085d00000, 0x0000000085e00000| Complete 
|  94|0x0000000085e00000, 0x0000000085f00000, 0x0000000085f00000|100%| E|CS|TAMS 0x0000000085e00000, 0x0000000085f00000| Complete 
|  95|0x0000000085f00000, 0x0000000086000000, 0x0000000086000000|100%| E|CS|TAMS 0x0000000085f00000, 0x0000000086000000| Complete 
|  96|0x0000000086000000, 0x0000000086100000, 0x0000000086100000|100%| E|CS|TAMS 0x0000000086000000, 0x0000000086100000| Complete 
|  97|0x0000000086100000, 0x0000000086200000, 0x0000000086200000|100%| E|CS|TAMS 0x0000000086100000, 0x0000000086200000| Complete 
| 190|0x000000008be00000, 0x000000008bf00000, 0x000000008bf00000|100%| E|CS|TAMS 0x000000008be00000, 0x000000008bf00000| Complete 
| 191|0x000000008bf00000, 0x000000008c000000, 0x000000008c000000|100%| E|CS|TAMS 0x000000008bf00000, 0x000000008c000000| Complete 

Card table byte_map: [0x00000278de8c0000,0x00000278decc0000] _byte_map_base: 0x00000278de4c0000

Marking Bits (Prev, Next): (CMBitMap*) 0x00000278c72bff30, (CMBitMap*) 0x00000278c72bfef0
 Prev Bits: [0x00000278e10c0000, 0x00000278e30c0000)
 Next Bits: [0x00000278df0c0000, 0x00000278e10c0000)

Polling page: 0x00000278c51c0000

Metaspace:

Usage:
  Non-class:     30.12 MB capacity,    29.70 MB ( 99%) used,   372.84 KB (  1%) free+waste,    50.38 KB ( <1%) overhead. 
      Class:      4.79 MB capacity,     4.58 MB ( 96%) used,   191.73 KB (  4%) free+waste,    21.25 KB ( <1%) overhead. 
       Both:     34.91 MB capacity,    34.29 MB ( 98%) used,   564.57 KB (  2%) free+waste,    71.62 KB ( <1%) overhead. 

Virtual space:
  Non-class space:       32.00 MB reserved,      30.17 MB ( 94%) committed 
      Class space:        1.00 GB reserved,       4.88 MB ( <1%) committed 
             Both:        1.03 GB reserved,      35.05 MB (  3%) committed 

Chunk freelists:
   Non-Class:  57.00 KB
       Class:  22.00 KB
        Both:  79.00 KB

MaxMetaspaceSize: 17179869184.00 GB
CompressedClassSpaceSize: 1.00 GB

CodeHeap 'non-profiled nmethods': size=120000Kb used=1910Kb max_used=1910Kb free=118089Kb
 bounds [0x00000278d6f90000, 0x00000278d7200000, 0x00000278de4c0000]
CodeHeap 'profiled nmethods': size=120000Kb used=6861Kb max_used=6861Kb free=113138Kb
 bounds [0x00000278cfa60000, 0x00000278d0120000, 0x00000278d6f90000]
CodeHeap 'non-nmethods': size=5760Kb used=2309Kb max_used=2392Kb free=3450Kb
 bounds [0x00000278cf4c0000, 0x00000278cf730000, 0x00000278cfa60000]
 total_blobs=4187 nmethods=3405 adapters=694
 compilation: enabled
              stopped_count=0, restarted_count=0
 full_count=0

Compilation events (20 events):
Event: 6.993 Thread 0x00000278e55b36c0 3403   !   3       org.gradle.internal.serialize.kryo.KryoBackedDecoder::readSmallInt (16 bytes)
Event: 6.994 Thread 0x00000278e55b36c0 nmethod 3403 0x00000278d0111a90 code [0x00000278d0111ca0, 0x00000278d0112308]
Event: 6.994 Thread 0x00000278e55b36c0 3404       3       com.esotericsoftware.kryo.io.Input::readInt (6 bytes)
Event: 6.994 Thread 0x00000278e55b36c0 nmethod 3404 0x00000278d0112590 code [0x00000278d0112740, 0x00000278d0112888]
Event: 6.996 Thread 0x00000278e55b2cc0 nmethod 3377 0x00000278d7166090 code [0x00000278d7166300, 0x00000278d7168850]
Event: 6.996 Thread 0x00000278e55b2cc0 3396       4       java.util.HashMap::putVal (300 bytes)
Event: 7.000 Thread 0x00000278e55b36c0 3405       3       java.util.concurrent.locks.ReentrantLock$NonfairSync::tryAcquire (27 bytes)
Event: 7.000 Thread 0x00000278e55b36c0 nmethod 3405 0x00000278d0112910 code [0x00000278d0112ac0, 0x00000278d0112d28]
Event: 7.010 Thread 0x00000278e55b36c0 3406       1       org.gradle.api.internal.attributes.DefaultImmutableAttributes::hashCode (5 bytes)
Event: 7.010 Thread 0x00000278e55b36c0 nmethod 3406 0x00000278d7169910 code [0x00000278d7169aa0, 0x00000278d7169b58]
Event: 7.011 Thread 0x00000278e55b36c0 3407       3       com.google.common.collect.ImmutableList::of (4 bytes)
Event: 7.011 Thread 0x00000278e55b36c0 nmethod 3407 0x00000278d0112e10 code [0x00000278d0112fa0, 0x00000278d0113098]
Event: 7.011 Thread 0x00000278e55b36c0 3408       1       org.gradle.api.internal.artifacts.DefaultModuleIdentifier::hashCode (5 bytes)
Event: 7.011 Thread 0x00000278e55b36c0 nmethod 3408 0x00000278d7169c10 code [0x00000278d7169da0, 0x00000278d7169e58]
Event: 7.012 Thread 0x00000278e55b2cc0 nmethod 3396 0x00000278d7169f10 code [0x00000278d716a0e0, 0x00000278d716a8e8]
Event: 7.012 Thread 0x00000278e55b2cc0 3386       4       com.google.common.base.Preconditions::checkPositionIndex (8 bytes)
Event: 7.013 Thread 0x00000278e55b2cc0 nmethod 3386 0x00000278d716ad90 code [0x00000278d716af00, 0x00000278d716af78]
Event: 7.016 Thread 0x00000278e55b36c0 3410       3       jdk.internal.org.objectweb.asm.SymbolTable::putBootstrapMethods (56 bytes)
Event: 7.016 Thread 0x00000278e55b36c0 nmethod 3410 0x00000278d0113110 code [0x00000278d0113300, 0x00000278d01135e8]
Event: 7.024 Thread 0x00000278e81972f0 nmethod 3397 0x00000278d716b390 code [0x00000278d716b5a0, 0x00000278d716cd68]

GC Heap History (13 events):
Event: 0.772 GC heap before
{Heap before GC invocations=0 (full 0):
 garbage-first heap   total 196608K, used 18432K [0x0000000080000000, 0x0000000100000000)
  region size 1024K, 13 young (13312K), 0 survivors (0K)
 Metaspace       used 1686K, capacity 5209K, committed 5376K, reserved 1056768K
  class space    used 166K, capacity 499K, committed 512K, reserved 1048576K
}
Event: 0.776 GC heap after
{Heap after GC invocations=1 (full 0):
 garbage-first heap   total 196608K, used 7887K [0x0000000080000000, 0x0000000100000000)
  region size 1024K, 2 young (2048K), 2 survivors (2048K)
 Metaspace       used 1686K, capacity 5209K, committed 5376K, reserved 1056768K
  class space    used 166K, capacity 499K, committed 512K, reserved 1048576K
}
Event: 1.250 GC heap before
{Heap before GC invocations=1 (full 0):
 garbage-first heap   total 196608K, used 20175K [0x0000000080000000, 0x0000000100000000)
  region size 1024K, 14 young (14336K), 2 survivors (2048K)
 Metaspace       used 3951K, capacity 6485K, committed 6656K, reserved 1056768K
  class space    used 489K, capacity 731K, committed 768K, reserved 1048576K
}
Event: 1.254 GC heap after
{Heap after GC invocations=2 (full 0):
 garbage-first heap   total 196608K, used 8729K [0x0000000080000000, 0x0000000100000000)
  region size 1024K, 1 young (1024K), 1 survivors (1024K)
 Metaspace       used 3951K, capacity 6485K, committed 6656K, reserved 1056768K
  class space    used 489K, capacity 731K, committed 768K, reserved 1048576K
}
Event: 1.654 GC heap before
{Heap before GC invocations=2 (full 0):
 garbage-first heap   total 196608K, used 31257K [0x0000000080000000, 0x0000000100000000)
  region size 1024K, 24 young (24576K), 1 survivors (1024K)
 Metaspace       used 4091K, capacity 6549K, committed 6656K, reserved 1056768K
  class space    used 493K, capacity 731K, committed 768K, reserved 1048576K
}
Event: 1.658 GC heap after
{Heap after GC invocations=3 (full 0):
 garbage-first heap   total 196608K, used 12145K [0x0000000080000000, 0x0000000100000000)
  region size 1024K, 3 young (3072K), 3 survivors (3072K)
 Metaspace       used 4091K, capacity 6549K, committed 6656K, reserved 1056768K
  class space    used 493K, capacity 731K, committed 768K, reserved 1048576K
}
Event: 4.804 GC heap before
{Heap before GC invocations=3 (full 0):
 garbage-first heap   total 196608K, used 104305K [0x0000000080000000, 0x0000000100000000)
  region size 1024K, 94 young (96256K), 3 survivors (3072K)
 Metaspace       used 20728K, capacity 21131K, committed 21296K, reserved 1067008K
  class space    used 2990K, capacity 3141K, committed 3200K, reserved 1048576K
}
Event: 4.819 GC heap after
{Heap after GC invocations=4 (full 0):
 garbage-first heap   total 196608K, used 19171K [0x0000000080000000, 0x0000000100000000)
  region size 1024K, 10 young (10240K), 10 survivors (10240K)
 Metaspace       used 20728K, capacity 21131K, committed 21296K, reserved 1067008K
  class space    used 2990K, capacity 3141K, committed 3200K, reserved 1048576K
}
Event: 5.804 GC heap before
{Heap before GC invocations=5 (full 0):
 garbage-first heap   total 71680K, used 53987K [0x0000000080000000, 0x0000000100000000)
  region size 1024K, 42 young (43008K), 10 survivors (10240K)
 Metaspace       used 28527K, capacity 29073K, committed 29360K, reserved 1075200K
  class space    used 3815K, capacity 4017K, committed 4096K, reserved 1048576K
}
Event: 5.823 GC heap after
{Heap after GC invocations=6 (full 0):
 garbage-first heap   total 71680K, used 22862K [0x0000000080000000, 0x0000000100000000)
  region size 1024K, 4 young (4096K), 4 survivors (4096K)
 Metaspace       used 28527K, capacity 29073K, committed 29360K, reserved 1075200K
  class space    used 3815K, capacity 4017K, committed 4096K, reserved 1048576K
}
Event: 6.471 GC heap before
{Heap before GC invocations=6 (full 0):
 garbage-first heap   total 71680K, used 52558K [0x0000000080000000, 0x0000000100000000)
  region size 1024K, 33 young (33792K), 4 survivors (4096K)
 Metaspace       used 32235K, capacity 32845K, committed 33072K, reserved 1077248K
  class space    used 4281K, capacity 4455K, committed 4480K, reserved 1048576K
}
Event: 6.482 GC heap after
{Heap after GC invocations=7 (full 0):
 garbage-first heap   total 71680K, used 25062K [0x0000000080000000, 0x0000000100000000)
  region size 1024K, 3 young (3072K), 3 survivors (3072K)
 Metaspace       used 32235K, capacity 32845K, committed 33072K, reserved 1077248K
  class space    used 4281K, capacity 4455K, committed 4480K, reserved 1048576K
}
Event: 7.025 GC heap before
{Heap before GC invocations=7 (full 0):
 garbage-first heap   total 71680K, used 45542K [0x0000000080000000, 0x0000000100000000)
  region size 1024K, 24 young (24576K), 3 survivors (3072K)
 Metaspace       used 35108K, capacity 35745K, committed 35888K, reserved 1081344K
  class space    used 4693K, capacity 4906K, committed 4992K, reserved 1048576K
}

Deoptimization events (20 events):
Event: 6.100 Thread 0x00000278e83064a0 DEOPT PACKING pc=0x00000278d70c3988 sp=0x000000b3f6ef94b0
Event: 6.100 Thread 0x00000278e83064a0 DEOPT UNPACKING pc=0x00000278cf50e42f sp=0x000000b3f6ef9448 mode 2
Event: 6.578 Thread 0x00000278e83064a0 Uncommon trap: trap_request=0xffffff45 fr.pc=0x00000278d7002554 relative=0x0000000000000214
Event: 6.578 Thread 0x00000278e83064a0 Uncommon trap: reason=unstable_if action=reinterpret pc=0x00000278d7002554 method=java.net.URI$Parser.scan(IILjava/lang/String;)I @ 26 c2
Event: 6.578 Thread 0x00000278e83064a0 DEOPT PACKING pc=0x00000278d7002554 sp=0x000000b3f6ef9170
Event: 6.578 Thread 0x00000278e83064a0 DEOPT UNPACKING pc=0x00000278cf50e42f sp=0x000000b3f6ef9100 mode 2
Event: 6.578 Thread 0x00000278e83064a0 Uncommon trap: trap_request=0xffffff45 fr.pc=0x00000278d6fddd78 relative=0x0000000000000138
Event: 6.578 Thread 0x00000278e83064a0 Uncommon trap: reason=unstable_if action=reinterpret pc=0x00000278d6fddd78 method=java.net.URI.match(CJJ)Z @ 45 c2
Event: 6.578 Thread 0x00000278e83064a0 DEOPT PACKING pc=0x00000278d6fddd78 sp=0x000000b3f6ef8ee0
Event: 6.578 Thread 0x00000278e83064a0 DEOPT UNPACKING pc=0x00000278cf50e42f sp=0x000000b3f6ef8e18 mode 2
Event: 6.578 Thread 0x00000278e83064a0 Uncommon trap: trap_request=0xffffff45 fr.pc=0x00000278d6fae14c relative=0x000000000000004c
Event: 6.578 Thread 0x00000278e83064a0 Uncommon trap: reason=unstable_if action=reinterpret pc=0x00000278d6fae14c method=java.net.URI.match(CJJ)Z @ 19 c2
Event: 6.578 Thread 0x00000278e83064a0 DEOPT PACKING pc=0x00000278d6fae14c sp=0x000000b3f6ef8ef0
Event: 6.578 Thread 0x00000278e83064a0 DEOPT UNPACKING pc=0x00000278cf50e42f sp=0x000000b3f6ef8ea0 mode 2
Event: 6.783 Thread 0x00000278e83064a0 DEOPT PACKING pc=0x00000278cfc6c1c2 sp=0x000000b3f6ef3050
Event: 6.783 Thread 0x00000278e83064a0 DEOPT UNPACKING pc=0x00000278cf50e23f sp=0x000000b3f6ef24e0 mode 0
Event: 6.810 Thread 0x00000278e83064a0 Uncommon trap: trap_request=0xffffff45 fr.pc=0x00000278d70c5aac relative=0x000000000000138c
Event: 6.810 Thread 0x00000278e83064a0 Uncommon trap: reason=unstable_if action=reinterpret pc=0x00000278d70c5aac method=jdk.internal.org.objectweb.asm.Frame.execute(IILjdk/internal/org/objectweb/asm/Symbol;Ljdk/internal/org/objectweb/asm/SymbolTable;)V @ 1 c2
Event: 6.810 Thread 0x00000278e83064a0 DEOPT PACKING pc=0x00000278d70c5aac sp=0x000000b3f6ef7b60
Event: 6.810 Thread 0x00000278e83064a0 DEOPT UNPACKING pc=0x00000278cf50e42f sp=0x000000b3f6ef7b30 mode 2

Classes unloaded (0 events):
No events

Classes redefined (0 events):
No events

Internal exceptions (20 events):
Event: 6.545 Thread 0x00000278e83064a0 Exception <a 'java/lang/ClassNotFoundException'{0x000000008619ca38}: org/gradle/api/internal/artifacts/dsl/dependencies/DefaultDependencyHandlerBeanInfo> (0x000000008619ca38) 
thrown [./open/src/hotspot/share/classfile/systemDictionary.cpp, line 295]
Event: 6.546 Thread 0x00000278e83064a0 Exception <a 'java/lang/ClassNotFoundException'{0x00000000861af120}: org/gradle/api/internal/artifacts/dsl/dependencies/DefaultDependencyHandlerCustomizer> (0x00000000861af120) 
thrown [./open/src/hotspot/share/classfile/systemDictionary.cpp, line 295]
Event: 6.549 Thread 0x00000278e83064a0 Exception <a 'java/lang/ClassNotFoundException'{0x00000000861de698}: org/gradle/api/internal/artifacts/dsl/dependencies/DefaultDependencyHandler_DecoratedCustomizer> (0x00000000861de698) 
thrown [./open/src/hotspot/share/classfile/systemDictionary.cpp, line 295]
Event: 6.632 Thread 0x00000278e83064a0 Exception <a 'java/lang/NoSuchMethodError'{0x0000000085d2e410}: 'java.lang.Object java.lang.invoke.DirectMethodHandle$Holder.newInvokeSpecial(java.lang.Object, int, java.lang.Object)'> (0x0000000085d2e410) 
thrown [./open/src/hotspot/share/interpreter/linkResolver.cpp, line 782]
Event: 6.808 Thread 0x00000278e83064a0 Exception <a 'java/lang/NoSuchMethodError'{0x000000008399ccb8}: 'java.lang.Object java.lang.invoke.DelegatingMethodHandle$Holder.reinvoke_L(java.lang.Object, java.lang.Object, java.lang.Object, java.lang.Object, java.lang.Object, java.lang.Object, java.lang.Object, java.lang.Object, java.lang.Object, java.lang.Object, java.lang.Object, java.lang.Object, java.lang.Object, java.lang.Object, java.lang.Object, java.lang.Object, java.lang.Object)'> (0x000000008399ccb8) 
thrown [./open/src/hotspot/share/interpre
Event: 6.809 Thread 0x00000278e83064a0 Exception <a 'java/lang/NoSuchMethodError'{0x00000000839a7d00}: 'java.lang.Object java.lang.invoke.Invokers$Holder.invoker(java.lang.Object, java.lang.Object, java.lang.Object, java.lang.Object, java.lang.Object, java.lang.Object, java.lang.Object, java.lang.Object, java.lang.Object, java.lang.Object, java.lang.Object, java.lang.Object, java.lang.Object, java.lang.Object, java.lang.Object, java.lang.Object, java.lang.Object)'> (0x00000000839a7d00) 
thrown [./open/src/hotspot/share/interpreter/linkResolver.
Event: 6.810 Thread 0x00000278e83064a0 Exception <a 'java/lang/NoSuchMethodError'{0x00000000839ae648}: 'java.lang.Object java.lang.invoke.DelegatingMethodHandle$Holder.delegate(java.lang.Object, java.lang.Object, java.lang.Object, java.lang.Object, java.lang.Object, java.lang.Object, java.lang.Object, java.lang.Object, java.lang.Object, java.lang.Object, java.lang.Object, java.lang.Object, java.lang.Object, java.lang.Object, java.lang.Object, java.lang.Object, java.lang.Object)'> (0x00000000839ae648) 
thrown [./open/src/hotspot/share/interprete
Event: 6.826 Thread 0x00000278e83064a0 Exception <a 'java/lang/NoSuchMethodError'{0x0000000083832fa8}: 'java.lang.Object java.lang.invoke.DirectMethodHandle$Holder.invokeStatic(java.lang.Object, java.lang.Object, java.lang.Object, java.lang.Object, java.lang.Object, java.lang.Object, java.lang.Object, java.lang.Object, java.lang.Object, java.lang.Object, java.lang.Object, java.lang.Object, java.lang.Object, java.lang.Object, java.lang.Object, java.lang.Object, java.lang.Object)'> (0x0000000083832fa8) 
thrown [./open/src/hotspot/share/interprete
Event: 6.830 Thread 0x00000278e83064a0 Exception <a 'java/lang/NoSuchMethodError'{0x0000000083859c20}: 'java.lang.Object java.lang.invoke.DirectMethodHandle$Holder.invokeStatic(java.lang.Object, java.lang.Object, java.lang.Object, java.lang.Object, java.lang.Object, java.lang.Object, java.lang.Object, java.lang.Object, java.lang.Object, java.lang.Object, java.lang.Object, java.lang.Object, java.lang.Object, java.lang.Object, java.lang.Object, java.lang.Object, java.lang.Object, java.lang.Object)'> (0x0000000083859c20) 
thrown [./open/src/hotspo
Event: 6.834 Thread 0x00000278e83064a0 Exception <a 'java/lang/NoSuchMethodError'{0x0000000083882650}: 'java.lang.Object java.lang.invoke.DirectMethodHandle$Holder.invokeStatic(java.lang.Object, java.lang.Object, java.lang.Object, java.lang.Object, java.lang.Object, java.lang.Object, java.lang.Object, java.lang.Object, java.lang.Object, java.lang.Object, java.lang.Object, java.lang.Object, java.lang.Object, java.lang.Object, java.lang.Object, java.lang.Object, java.lang.Object, java.lang.Object, java.lang.Object)'> (0x0000000083882650) 
thrown 
Event: 6.839 Thread 0x00000278e83064a0 Exception <a 'java/lang/NoSuchMethodError'{0x00000000838ac8d0}: 'java.lang.Object java.lang.invoke.DirectMethodHandle$Holder.invokeStatic(java.lang.Object, java.lang.Object, java.lang.Object, java.lang.Object, java.lang.Object, java.lang.Object, java.lang.Object, java.lang.Object, java.lang.Object, java.lang.Object, java.lang.Object, java.lang.Object, java.lang.Object, java.lang.Object, java.lang.Object, java.lang.Object, java.lang.Object, java.lang.Object, java.lang.Object, java.lang.Object)'> (0x00000000
Event: 6.881 Thread 0x00000278e83064a0 Exception <a 'java/lang/NoSuchMethodError'{0x0000000083691820}: 'java.lang.Object java.lang.invoke.DirectMethodHandle$Holder.invokeSpecial(java.lang.Object, java.lang.Object, java.lang.Object, int, java.lang.Object)'> (0x0000000083691820) 
thrown [./open/src/hotspot/share/interpreter/linkResolver.cpp, line 782]
Event: 6.882 Thread 0x00000278e83064a0 Exception <a 'java/lang/NoSuchMethodError'{0x000000008369b7c8}: 'java.lang.Object java.lang.invoke.DirectMethodHandle$Holder.newInvokeSpecial(java.lang.Object, java.lang.Object, java.lang.Object, int)'> (0x000000008369b7c8) 
thrown [./open/src/hotspot/share/interpreter/linkResolver.cpp, line 782]
Event: 6.883 Thread 0x00000278e83064a0 Exception <a 'java/lang/NoSuchMethodError'{0x00000000836a09f8}: 'java.lang.Object java.lang.invoke.DirectMethodHandle$Holder.invokeSpecial(java.lang.Object, java.lang.Object, java.lang.Object, java.lang.Object, int)'> (0x00000000836a09f8) 
thrown [./open/src/hotspot/share/interpreter/linkResolver.cpp, line 782]
Event: 6.884 Thread 0x00000278e83064a0 Exception <a 'java/lang/NoSuchMethodError'{0x00000000836a5500}: 'java.lang.Object java.lang.invoke.Invokers$Holder.linkToTargetMethod(java.lang.Object, java.lang.Object, int, java.lang.Object)'> (0x00000000836a5500) 
thrown [./open/src/hotspot/share/interpreter/linkResolver.cpp, line 782]
Event: 6.891 Thread 0x00000278e83064a0 Exception <a 'java/lang/NoSuchMethodError'{0x00000000836cef50}: 'int java.lang.invoke.DirectMethodHandle$Holder.invokeInterface(java.lang.Object, java.lang.Object)'> (0x00000000836cef50) 
thrown [./open/src/hotspot/share/interpreter/linkResolver.cpp, line 782]
Event: 6.891 Thread 0x00000278e83064a0 Exception <a 'java/lang/IncompatibleClassChangeError'{0x00000000836d33f8}: Found class java.lang.Object, but interface was expected> (0x00000000836d33f8) 
thrown [./open/src/hotspot/share/interpreter/linkResolver.cpp, line 848]
Event: 6.893 Thread 0x00000278e83064a0 Exception <a 'java/lang/NoSuchMethodError'{0x00000000836db728}: 'int java.lang.invoke.DirectMethodHandle$Holder.invokeSpecialIFC(java.lang.Object, java.lang.Object, java.lang.Object, java.lang.Object, java.lang.Object)'> (0x00000000836db728) 
thrown [./open/src/hotspot/share/interpreter/linkResolver.cpp, line 782]
Event: 7.015 Thread 0x00000278e83064a0 Exception <a 'java/lang/NoSuchMethodError'{0x0000000083144360}: 'int java.lang.invoke.DirectMethodHandle$Holder.invokeStatic(java.lang.Object)'> (0x0000000083144360) 
thrown [./open/src/hotspot/share/interpreter/linkResolver.cpp, line 782]
Event: 7.015 Thread 0x00000278e83064a0 Exception <a 'java/lang/NoSuchMethodError'{0x0000000083148950}: 'int java.lang.invoke.DirectMethodHandle$Holder.invokeStaticInit(java.lang.Object)'> (0x0000000083148950) 
thrown [./open/src/hotspot/share/interpreter/linkResolver.cpp, line 782]

Events (20 events):
Event: 6.818 loading class java/lang/invoke/BoundMethodHandle$Species_LLLLLLLLLLL done
Event: 6.820 loading class java/lang/invoke/BoundMethodHandle$Species_LLLLLLLLLLLL
Event: 6.820 loading class java/lang/invoke/BoundMethodHandle$Species_LLLLLLLLLLLL done
Event: 6.822 loading class java/lang/invoke/BoundMethodHandle$Species_LLLLLLLLLLLLL
Event: 6.822 loading class java/lang/invoke/BoundMethodHandle$Species_LLLLLLLLLLLLL done
Event: 6.823 loading class java/lang/invoke/BoundMethodHandle$Species_LLLLLLLLLLLLLL
Event: 6.823 loading class java/lang/invoke/BoundMethodHandle$Species_LLLLLLLLLLLLLL done
Event: 6.828 loading class java/lang/invoke/BoundMethodHandle$Species_LLLLLLLLLLLLLLL
Event: 6.828 loading class java/lang/invoke/BoundMethodHandle$Species_LLLLLLLLLLLLLLL done
Event: 6.832 loading class java/lang/invoke/BoundMethodHandle$Species_LLLLLLLLLLLLLLLL
Event: 6.832 loading class java/lang/invoke/BoundMethodHandle$Species_LLLLLLLLLLLLLLLL done
Event: 6.835 loading class java/lang/invoke/BoundMethodHandle$Species_LLLLLLLLLLLLLLLLL
Event: 6.835 loading class java/lang/invoke/BoundMethodHandle$Species_LLLLLLLLLLLLLLLLL done
Event: 6.890 loading class java/util/Collections$ReverseComparator
Event: 6.890 loading class java/util/Collections$ReverseComparator done
Event: 6.890 loading class java/util/Comparators$NaturalOrderComparator
Event: 6.890 loading class java/util/Comparators$NaturalOrderComparator done
Event: 6.890 loading class java/util/Collections$ReverseComparator2
Event: 6.890 loading class java/util/Collections$ReverseComparator2 done
Event: 7.025 Executing VM operation: CollectForMetadataAllocation


Dynamic libraries:
0x00007ff742040000 - 0x00007ff74204f000 	F:\Newfolder\Java\jdk-15.0.2\bin\java.exe
0x00007ff945810000 - 0x00007ff945a05000 	C:\Windows\SYSTEM32\ntdll.dll
0x00007ff945350000 - 0x00007ff94540d000 	C:\Windows\System32\KERNEL32.DLL
0x00007ff943550000 - 0x00007ff943818000 	C:\Windows\System32\KERNELBASE.dll
0x00007ff943000000 - 0x00007ff943100000 	C:\Windows\System32\ucrtbase.dll
0x00007ff90b5f0000 - 0x00007ff90b608000 	F:\Newfolder\Java\jdk-15.0.2\bin\jli.dll
0x00007ff90b5d0000 - 0x00007ff90b5e9000 	F:\Newfolder\Java\jdk-15.0.2\bin\VCRUNTIME140.dll
0x00007ff9451a0000 - 0x00007ff94524c000 	C:\Windows\System32\ADVAPI32.dll
0x00007ff945250000 - 0x00007ff9452ee000 	C:\Windows\System32\msvcrt.dll
0x00007ff944700000 - 0x00007ff94479b000 	C:\Windows\System32\sechost.dll
0x00007ff944b60000 - 0x00007ff944c8b000 	C:\Windows\System32\RPCRT4.dll
0x00007ff943c10000 - 0x00007ff943db0000 	C:\Windows\System32\USER32.dll
0x00007ff9433c0000 - 0x00007ff9433e2000 	C:\Windows\System32\win32u.dll
0x00007ff943880000 - 0x00007ff9438aa000 	C:\Windows\System32\GDI32.dll
0x00007ff943100000 - 0x00007ff94320b000 	C:\Windows\System32\gdi32full.dll
0x00007ff9298b0000 - 0x00007ff929b4a000 	C:\Windows\WinSxS\amd64_microsoft.windows.common-controls_6595b64144ccf1df_6.0.19041.1052_none_60b8f8fd71f5e8cb\COMCTL32.dll
0x00007ff943210000 - 0x00007ff9432ad000 	C:\Windows\System32\msvcp_win.dll
0x00007ff93ce30000 - 0x00007ff93ce3a000 	C:\Windows\SYSTEM32\VERSION.dll
0x00007ff9446d0000 - 0x00007ff944700000 	C:\Windows\System32\IMM32.DLL
0x00007ff934700000 - 0x00007ff93470c000 	F:\Newfolder\Java\jdk-15.0.2\bin\vcruntime140_1.dll
0x00007ff8f6630000 - 0x00007ff8f66c1000 	F:\Newfolder\Java\jdk-15.0.2\bin\msvcp140.dll
0x00007ff8f5ad0000 - 0x00007ff8f662e000 	F:\Newfolder\Java\jdk-15.0.2\bin\server\jvm.dll
0x00007ff9438b0000 - 0x00007ff9438b8000 	C:\Windows\System32\PSAPI.DLL
0x00007ff93d830000 - 0x00007ff93d839000 	C:\Windows\SYSTEM32\WSOCK32.dll
0x00007ff944580000 - 0x00007ff9445eb000 	C:\Windows\System32\WS2_32.dll
0x00007ff929660000 - 0x00007ff929687000 	C:\Windows\SYSTEM32\WINMM.dll
0x00007ff940ea0000 - 0x00007ff940eb2000 	C:\Windows\SYSTEM32\kernel.appcore.dll
0x00007ff92f210000 - 0x00007ff92f21a000 	F:\Newfolder\Java\jdk-15.0.2\bin\jimage.dll
0x00007ff9332c0000 - 0x00007ff9334a4000 	C:\Windows\SYSTEM32\DBGHELP.DLL
0x00007ff933af0000 - 0x00007ff933b1c000 	C:\Windows\SYSTEM32\dbgcore.DLL
0x00007ff9432b0000 - 0x00007ff943333000 	C:\Windows\System32\bcryptPrimitives.dll
0x00007ff906900000 - 0x00007ff906925000 	F:\Newfolder\Java\jdk-15.0.2\bin\java.dll
0x00007ff943db0000 - 0x00007ff9444ef000 	C:\Windows\System32\SHELL32.dll
0x00007ff9410a0000 - 0x00007ff941830000 	C:\Windows\SYSTEM32\windows.storage.dll
0x00007ff945410000 - 0x00007ff945765000 	C:\Windows\System32\combase.dll
0x00007ff9428f0000 - 0x00007ff94291c000 	C:\Windows\SYSTEM32\Wldp.dll
0x00007ff944a50000 - 0x00007ff944afe000 	C:\Windows\System32\SHCORE.dll
0x00007ff945770000 - 0x00007ff9457c5000 	C:\Windows\System32\shlwapi.dll
0x00007ff942e90000 - 0x00007ff942eaf000 	C:\Windows\SYSTEM32\profapi.dll
0x00007ff8fdfc0000 - 0x00007ff8fdfd9000 	F:\Newfolder\Java\jdk-15.0.2\bin\net.dll
0x00007ff93bf80000 - 0x00007ff93c08b000 	C:\Windows\SYSTEM32\WINHTTP.dll
0x00007ff942660000 - 0x00007ff9426ca000 	C:\Windows\system32\mswsock.dll
0x00007ff8fd5d0000 - 0x00007ff8fd5e2000 	F:\Newfolder\Java\jdk-15.0.2\bin\nio.dll
0x00007ff8fd1e0000 - 0x00007ff8fd1f8000 	F:\Newfolder\Java\jdk-15.0.2\bin\zip.dll
0x00007ff917860000 - 0x00007ff917870000 	F:\Newfolder\Java\jdk-15.0.2\bin\verify.dll
0x00007ff91d020000 - 0x00007ff91d047000 	C:\Users\HP\.gradle\native\fdc75f09e3144964f2cf3f50f0aa648679c211496f362492102eb8c894070792\windows-amd64\native-platform.dll
0x00007ff8f66d0000 - 0x00007ff8f6866000 	C:\Users\HP\.gradle\native\12488b8bf47d2d4c9fbf2f6322a914ad602e24e48041cd04a747c6da556b65c4\windows-amd64\native-platform-file-events.dll
0x00007ff917790000 - 0x00007ff917799000 	F:\Newfolder\Java\jdk-15.0.2\bin\management.dll
0x00007ff9171b0000 - 0x00007ff9171bb000 	F:\Newfolder\Java\jdk-15.0.2\bin\management_ext.dll
0x00007ff942830000 - 0x00007ff942848000 	C:\Windows\SYSTEM32\CRYPTSP.dll
0x00007ff942000000 - 0x00007ff942034000 	C:\Windows\system32\rsaenh.dll
0x00007ff943390000 - 0x00007ff9433b7000 	C:\Windows\System32\bcrypt.dll
0x00007ff942e50000 - 0x00007ff942e7e000 	C:\Windows\SYSTEM32\USERENV.dll
0x00007ff942850000 - 0x00007ff94285c000 	C:\Windows\SYSTEM32\CRYPTBASE.dll
0x00007ff942350000 - 0x00007ff94238b000 	C:\Windows\SYSTEM32\IPHLPAPI.DLL
0x00007ff943c00000 - 0x00007ff943c08000 	C:\Windows\System32\NSI.dll
0x00007ff93bb20000 - 0x00007ff93bb37000 	C:\Windows\SYSTEM32\dhcpcsvc6.DLL
0x00007ff93bb00000 - 0x00007ff93bb1d000 	C:\Windows\SYSTEM32\dhcpcsvc.DLL
0x00007ff942390000 - 0x00007ff94245c000 	C:\Windows\SYSTEM32\DNSAPI.dll
0x00007ff93ce20000 - 0x00007ff93ce2b000 	C:\Windows\SYSTEM32\WINNSI.DLL

dbghelp: loaded successfully - version: 4.0.5 - missing functions: none
symbol engine: initialized successfully - sym options: 0x614 - pdb path: .;F:\Newfolder\Java\jdk-15.0.2\bin;C:\Windows\SYSTEM32;C:\Windows\WinSxS\amd64_microsoft.windows.common-controls_6595b64144ccf1df_6.0.19041.1052_none_60b8f8fd71f5e8cb;F:\Newfolder\Java\jdk-15.0.2\bin\server;C:\Users\HP\.gradle\native\fdc75f09e3144964f2cf3f50f0aa648679c211496f362492102eb8c894070792\windows-amd64;C:\Users\HP\.gradle\native\12488b8bf47d2d4c9fbf2f6322a914ad602e24e48041cd04a747c6da556b65c4\windows-amd64

VM Arguments:
jvm_args: --add-opens=java.base/java.util=ALL-UNNAMED --add-opens=java.base/java.lang=ALL-UNNAMED --add-opens=java.base/java.lang.invoke=ALL-UNNAMED --add-opens=java.prefs/java.util.prefs=ALL-UNNAMED -Xmx2048m -Dfile.encoding=UTF-8 -Duser.country=IN -Duser.language=en -Duser.variant 
java_command: org.gradle.launcher.daemon.bootstrap.GradleDaemon 6.7.1
java_class_path (initial): C:\Users\HP\.gradle\wrapper\dists\gradle-6.7.1-bin\bwlcbys1h7rz3272sye1xwiv6\gradle-6.7.1\lib\gradle-launcher-6.7.1.jar
Launcher Type: SUN_STANDARD

[Global flags]
     intx CICompilerCount                          = 3                                         {product} {ergonomic}
     uint ConcGCThreads                            = 1                                         {product} {ergonomic}
     uint G1ConcRefinementThreads                  = 4                                         {product} {ergonomic}
   size_t G1HeapRegionSize                         = 1048576                                   {product} {ergonomic}
    uintx GCDrainStackTargetSize                   = 64                                        {product} {ergonomic}
   size_t InitialHeapSize                          = 201326592                                 {product} {ergonomic}
   size_t MarkStackSize                            = 4194304                                   {product} {ergonomic}
   size_t MaxHeapSize                              = 2147483648                                {product} {command line}
   size_t MaxNewSize                               = 1287651328                                {product} {ergonomic}
   size_t MinHeapDeltaBytes                        = 1048576                                   {product} {ergonomic}
   size_t MinHeapSize                              = 8388608                                   {product} {ergonomic}
    uintx NonNMethodCodeHeapSize                   = 5832780                                {pd product} {ergonomic}
    uintx NonProfiledCodeHeapSize                  = 122912730                              {pd product} {ergonomic}
    uintx ProfiledCodeHeapSize                     = 122912730                              {pd product} {ergonomic}
    uintx ReservedCodeCacheSize                    = 251658240                              {pd product} {ergonomic}
     bool SegmentedCodeCache                       = true                                      {product} {ergonomic}
   size_t SoftMaxHeapSize                          = 2147483648                             {manageable} {ergonomic}
     bool UseCompressedClassPointers               = true                                 {lp64_product} {ergonomic}
     bool UseCompressedOops                        = true                                 {lp64_product} {ergonomic}
     bool UseG1GC                                  = true                                      {product} {ergonomic}
     bool UseLargePagesIndividualAllocation        = false                                  {pd product} {ergonomic}

Logging:
Log output configuration:
 #0: stdout all=warning uptime,level,tags
 #1: stderr all=off uptime,level,tags

Environment Variables:
JAVA_HOME=F:\Newfolder\Java\jdk-15.0.2
PATH=C:\Program Files (x86)\Common Files\Oracle\Java\javapath;C:\Program Files (x86)\mingw-w64\i686-8.1.0-posix-dwarf-rt_v6-rev0\mingw32\bin;F:\New folder\Java\jdk-16.0.1\bin;C:\Users\HP\AppData\Local\Microsoft\WindowsApps;;F:\Apps\IntelliJ IDEA Community Edition 2021.1\bin;;F:\Apps\Microsoft VS Code\bin;F:\Apps\PyCharm Community Edition 2020.1.1\bin;
USERNAME=HP
OS=Windows_NT
PROCESSOR_IDENTIFIER=Intel64 Family 6 Model 78 Stepping 3, GenuineIntel



---------------  S Y S T E M  ---------------

OS:
 Windows 10 , 64 bit Build 19041 (10.0.19041.1023)
OS uptime: 0 days 0:20 hours

CPU: total 4 (initial active 4) (2 cores per cpu, 2 threads per core) family 6 model 78 stepping 3 microcode 0xcc, cmov, cx8, fxsr, mmx, sse, sse2, sse3, ssse3, sse4.1, sse4.2, popcnt, vzeroupper, avx, avx2, aes, clmul, erms, 3dnowpref, lzcnt, ht, tsc, tscinvbit, bmi1, bmi2, adx, fma, clflush, clflushopt

Memory: 4k page, system-wide physical 12179M (6767M free)
TotalPageFile size 16147M (AvailPageFile size 10870M)
current process WorkingSet (physical memory assigned to process): 212M, peak: 236M
current process commit charge ("private bytes"): 249M, peak: 364M

vm_info: Java HotSpot(TM) 64-Bit Server VM (15.0.2+7-27) for windows-amd64 JRE (15.0.2+7-27), built on Dec  7 2020 20:07:01 by "mach5one" with unknown MS VC++:1925

END.
